[0.436s] DEBUG:colcon:Command line arguments: ['/usr/bin/colcon', 'build', '--symlink-install']
[0.436s] DEBUG:colcon:Parsed command line arguments: Namespace(log_base=None, log_level=None, verb_name='build', build_base='build', install_base='install', merge_install=False, symlink_install=True, test_result_base=None, continue_on_error=False, executor='parallel', parallel_workers=8, event_handlers=None, ignore_user_meta=False, metas=['./colcon.meta'], base_paths=['.'], packages_ignore=None, packages_ignore_regex=None, paths=None, packages_up_to=None, packages_up_to_regex=None, packages_above=None, packages_above_and_dependencies=None, packages_above_depth=None, packages_select_by_dep=None, packages_skip_by_dep=None, packages_skip_up_to=None, packages_select_build_failed=False, packages_skip_build_finished=False, packages_select_test_failures=False, packages_skip_test_passed=False, packages_select=None, packages_skip=None, packages_select_regex=None, packages_skip_regex=None, packages_start=None, packages_end=None, allow_overriding=[], cmake_args=None, cmake_target=None, cmake_target_skip_unavailable=False, cmake_clean_cache=False, cmake_clean_first=False, cmake_force_configure=False, ament_cmake_args=None, catkin_cmake_args=None, catkin_skip_building_tests=False, verb_parser=<colcon_defaults.argument_parser.defaults.DefaultArgumentsDecorator object at 0x7f7d239769e0>, verb_extension=<colcon_core.verb.build.BuildVerb object at 0x7f7d23976500>, main=<bound method BuildVerb.main of <colcon_core.verb.build.BuildVerb object at 0x7f7d23976500>>)
[0.817s] Level 1:colcon.colcon_core.package_discovery:discover_packages(colcon_meta) check parameters
[0.817s] Level 1:colcon.colcon_core.package_discovery:discover_packages(recursive) check parameters
[0.817s] Level 1:colcon.colcon_core.package_discovery:discover_packages(ignore) check parameters
[0.817s] Level 1:colcon.colcon_core.package_discovery:discover_packages(path) check parameters
[0.818s] Level 1:colcon.colcon_core.package_discovery:discover_packages(colcon_meta) discover
[0.818s] Level 1:colcon.colcon_core.package_discovery:discover_packages(recursive) discover
[0.818s] INFO:colcon.colcon_core.package_discovery:Crawling recursively for packages in '/mnt/f/NITS/ANAV/main/ros2_Ws'
[0.819s] Level 1:colcon.colcon_core.package_identification:_identify(.) by extensions ['ignore', 'ignore_ament_install']
[0.819s] Level 1:colcon.colcon_core.package_identification:_identify(.) by extension 'ignore'
[0.819s] Level 1:colcon.colcon_core.package_identification:_identify(.) by extension 'ignore_ament_install'
[0.819s] Level 1:colcon.colcon_core.package_identification:_identify(.) by extensions ['colcon_pkg']
[0.819s] Level 1:colcon.colcon_core.package_identification:_identify(.) by extension 'colcon_pkg'
[0.820s] Level 1:colcon.colcon_core.package_identification:_identify(.) by extensions ['colcon_meta']
[0.820s] Level 1:colcon.colcon_core.package_identification:_identify(.) by extension 'colcon_meta'
[0.820s] Level 1:colcon.colcon_core.package_identification:_identify(.) by extensions ['ros']
[0.820s] Level 1:colcon.colcon_core.package_identification:_identify(.) by extension 'ros'
[0.837s] Level 1:colcon.colcon_core.package_identification:_identify(.) by extensions ['cmake', 'python']
[0.838s] Level 1:colcon.colcon_core.package_identification:_identify(.) by extension 'cmake'
[0.838s] Level 1:colcon.colcon_core.package_identification:_identify(.) by extension 'python'
[0.839s] Level 1:colcon.colcon_core.package_identification:_identify(.) by extensions ['python_setup_py']
[0.839s] Level 1:colcon.colcon_core.package_identification:_identify(.) by extension 'python_setup_py'
[0.842s] Level 1:colcon.colcon_core.package_identification:_identify(build) by extensions ['ignore', 'ignore_ament_install']
[0.842s] Level 1:colcon.colcon_core.package_identification:_identify(build) by extension 'ignore'
[0.843s] Level 1:colcon.colcon_core.package_identification:_identify(build) ignored
[0.844s] Level 1:colcon.colcon_core.package_identification:_identify(install) by extensions ['ignore', 'ignore_ament_install']
[0.844s] Level 1:colcon.colcon_core.package_identification:_identify(install) by extension 'ignore'
[0.845s] Level 1:colcon.colcon_core.package_identification:_identify(install) ignored
[0.847s] Level 1:colcon.colcon_core.package_identification:_identify(log) by extensions ['ignore', 'ignore_ament_install']
[0.847s] Level 1:colcon.colcon_core.package_identification:_identify(log) by extension 'ignore'
[0.848s] Level 1:colcon.colcon_core.package_identification:_identify(log) ignored
[0.849s] Level 1:colcon.colcon_core.package_identification:_identify(src) by extensions ['ignore', 'ignore_ament_install']
[0.849s] Level 1:colcon.colcon_core.package_identification:_identify(src) by extension 'ignore'
[0.850s] Level 1:colcon.colcon_core.package_identification:_identify(src) by extension 'ignore_ament_install'
[0.851s] Level 1:colcon.colcon_core.package_identification:_identify(src) by extensions ['colcon_pkg']
[0.851s] Level 1:colcon.colcon_core.package_identification:_identify(src) by extension 'colcon_pkg'
[0.851s] Level 1:colcon.colcon_core.package_identification:_identify(src) by extensions ['colcon_meta']
[0.851s] Level 1:colcon.colcon_core.package_identification:_identify(src) by extension 'colcon_meta'
[0.852s] Level 1:colcon.colcon_core.package_identification:_identify(src) by extensions ['ros']
[0.852s] Level 1:colcon.colcon_core.package_identification:_identify(src) by extension 'ros'
[0.854s] Level 1:colcon.colcon_core.package_identification:_identify(src) by extensions ['cmake', 'python']
[0.854s] Level 1:colcon.colcon_core.package_identification:_identify(src) by extension 'cmake'
[0.854s] Level 1:colcon.colcon_core.package_identification:_identify(src) by extension 'python'
[0.855s] Level 1:colcon.colcon_core.package_identification:_identify(src) by extensions ['python_setup_py']
[0.855s] Level 1:colcon.colcon_core.package_identification:_identify(src) by extension 'python_setup_py'
[0.857s] Level 1:colcon.colcon_core.package_identification:_identify(src/my_robot_controller) by extensions ['ignore', 'ignore_ament_install']
[0.857s] Level 1:colcon.colcon_core.package_identification:_identify(src/my_robot_controller) by extension 'ignore'
[0.858s] Level 1:colcon.colcon_core.package_identification:_identify(src/my_robot_controller) by extension 'ignore_ament_install'
[0.859s] Level 1:colcon.colcon_core.package_identification:_identify(src/my_robot_controller) by extensions ['colcon_pkg']
[0.860s] Level 1:colcon.colcon_core.package_identification:_identify(src/my_robot_controller) by extension 'colcon_pkg'
[0.860s] Level 1:colcon.colcon_core.package_identification:_identify(src/my_robot_controller) by extensions ['colcon_meta']
[0.860s] Level 1:colcon.colcon_core.package_identification:_identify(src/my_robot_controller) by extension 'colcon_meta'
[0.861s] Level 1:colcon.colcon_core.package_identification:_identify(src/my_robot_controller) by extensions ['ros']
[0.861s] Level 1:colcon.colcon_core.package_identification:_identify(src/my_robot_controller) by extension 'ros'
[0.872s] DEBUG:colcon.colcon_core.package_identification:Package 'src/my_robot_controller' with type 'ros.ament_python' and name 'my_robot_controller'
[0.873s] Level 1:colcon.colcon_core.package_discovery:discover_packages(recursive) using defaults
[0.873s] Level 1:colcon.colcon_core.package_discovery:discover_packages(ignore) discover
[0.873s] Level 1:colcon.colcon_core.package_discovery:discover_packages(ignore) using defaults
[0.874s] Level 1:colcon.colcon_core.package_discovery:discover_packages(path) discover
[0.874s] Level 1:colcon.colcon_core.package_discovery:discover_packages(path) using defaults
[0.941s] Level 1:colcon.colcon_core.package_discovery:discover_packages(prefix_path) check parameters
[0.942s] Level 1:colcon.colcon_core.package_discovery:discover_packages(prefix_path) discover
[0.963s] DEBUG:colcon.colcon_installed_package_information.package_discovery:Found 1 installed packages in /mnt/f/NITS/ANAV/main/ros2_Ws/install
[0.965s] DEBUG:colcon.colcon_installed_package_information.package_discovery:Found 226 installed packages in /opt/ros/humble
[0.981s] Level 1:colcon.colcon_core.package_discovery:discover_packages(prefix_path) using defaults
[1.071s] Level 5:colcon.colcon_core.verb:set package 'my_robot_controller' build argument 'cmake_args' from command line to 'None'
[1.072s] Level 5:colcon.colcon_core.verb:set package 'my_robot_controller' build argument 'cmake_target' from command line to 'None'
[1.072s] Level 5:colcon.colcon_core.verb:set package 'my_robot_controller' build argument 'cmake_target_skip_unavailable' from command line to 'False'
[1.072s] Level 5:colcon.colcon_core.verb:set package 'my_robot_controller' build argument 'cmake_clean_cache' from command line to 'False'
[1.072s] Level 5:colcon.colcon_core.verb:set package 'my_robot_controller' build argument 'cmake_clean_first' from command line to 'False'
[1.073s] Level 5:colcon.colcon_core.verb:set package 'my_robot_controller' build argument 'cmake_force_configure' from command line to 'False'
[1.073s] Level 5:colcon.colcon_core.verb:set package 'my_robot_controller' build argument 'ament_cmake_args' from command line to 'None'
[1.073s] Level 5:colcon.colcon_core.verb:set package 'my_robot_controller' build argument 'catkin_cmake_args' from command line to 'None'
[1.073s] Level 5:colcon.colcon_core.verb:set package 'my_robot_controller' build argument 'catkin_skip_building_tests' from command line to 'False'
[1.074s] DEBUG:colcon.colcon_core.verb:Building package 'my_robot_controller' with the following arguments: {'ament_cmake_args': None, 'build_base': '/mnt/f/NITS/ANAV/main/ros2_Ws/build/my_robot_controller', 'catkin_cmake_args': None, 'catkin_skip_building_tests': False, 'cmake_args': None, 'cmake_clean_cache': False, 'cmake_clean_first': False, 'cmake_force_configure': False, 'cmake_target': None, 'cmake_target_skip_unavailable': False, 'install_base': '/mnt/f/NITS/ANAV/main/ros2_Ws/install/my_robot_controller', 'merge_install': False, 'path': '/mnt/f/NITS/ANAV/main/ros2_Ws/src/my_robot_controller', 'symlink_install': True, 'test_result_base': None}
[1.074s] INFO:colcon.colcon_core.executor:Executing jobs using 'parallel' executor
[1.075s] DEBUG:colcon.colcon_parallel_executor.executor.parallel:run_until_complete
[1.076s] INFO:colcon.colcon_ros.task.ament_python.build:Building ROS package in '/mnt/f/NITS/ANAV/main/ros2_Ws/src/my_robot_controller' with build type 'ament_python'
[1.076s] Level 1:colcon.colcon_core.shell:create_environment_hook('my_robot_controller', 'ament_prefix_path')
[1.087s] INFO:colcon.colcon_core.plugin_system:Skipping extension 'colcon_core.shell.bat': Not used on non-Windows systems
[1.087s] INFO:colcon.colcon_core.shell:Creating environment hook '/mnt/f/NITS/ANAV/main/ros2_Ws/install/my_robot_controller/share/my_robot_controller/hook/ament_prefix_path.ps1'
[1.099s] INFO:colcon.colcon_core.shell:Creating environment descriptor '/mnt/f/NITS/ANAV/main/ros2_Ws/install/my_robot_controller/share/my_robot_controller/hook/ament_prefix_path.dsv'
[1.109s] INFO:colcon.colcon_core.shell:Creating environment hook '/mnt/f/NITS/ANAV/main/ros2_Ws/install/my_robot_controller/share/my_robot_controller/hook/ament_prefix_path.sh'
[1.121s] INFO:colcon.colcon_core.shell:Skip shell extension 'powershell' for command environment: Not usable outside of PowerShell
[1.121s] DEBUG:colcon.colcon_core.shell:Skip shell extension 'dsv' for command environment
[1.759s] INFO:colcon.colcon_core.task.python.build:Building Python package in '/mnt/f/NITS/ANAV/main/ros2_Ws/src/my_robot_controller'
[1.759s] INFO:colcon.colcon_core.shell:Skip shell extension 'powershell' for command environment: Not usable outside of PowerShell
[1.760s] DEBUG:colcon.colcon_core.shell:Skip shell extension 'dsv' for command environment
[2.963s] DEBUG:colcon.colcon_core.event_handler.log_command:Invoking command in '/mnt/f/NITS/ANAV/main/ros2_Ws/build/my_robot_controller': PYTHONPATH=/mnt/f/NITS/ANAV/main/ros2_Ws/build/my_robot_controller/prefix_override:/usr/lib/python3/dist-packages/colcon_core/task/python/colcon_distutils_commands:/mnt/f/NITS/ANAV/main/ros2_Ws/install/my_robot_controller/lib/python3.10/site-packages:${PYTHONPATH} /usr/bin/python3 -W ignore:setup.py install is deprecated -W ignore:easy_install command is deprecated setup.py develop --editable --build-directory /mnt/f/NITS/ANAV/main/ros2_Ws/build/my_robot_controller/build --no-deps symlink_data
[4.249s] Level 1:colcon.colcon_core.shell:create_environment_hook('my_robot_controller', 'pythonpath_develop')
[4.250s] INFO:colcon.colcon_core.shell:Creating environment hook '/mnt/f/NITS/ANAV/main/ros2_Ws/build/my_robot_controller/share/my_robot_controller/hook/pythonpath_develop.ps1'
[4.251s] DEBUG:colcon.colcon_core.event_handler.log_command:Invoked command in '/mnt/f/NITS/ANAV/main/ros2_Ws/build/my_robot_controller' returned '0': PYTHONPATH=/mnt/f/NITS/ANAV/main/ros2_Ws/build/my_robot_controller/prefix_override:/usr/lib/python3/dist-packages/colcon_core/task/python/colcon_distutils_commands:/mnt/f/NITS/ANAV/main/ros2_Ws/install/my_robot_controller/lib/python3.10/site-packages:${PYTHONPATH} /usr/bin/python3 -W ignore:setup.py install is deprecated -W ignore:easy_install command is deprecated setup.py develop --editable --build-directory /mnt/f/NITS/ANAV/main/ros2_Ws/build/my_robot_controller/build --no-deps symlink_data
[4.263s] INFO:colcon.colcon_core.shell:Creating environment descriptor '/mnt/f/NITS/ANAV/main/ros2_Ws/build/my_robot_controller/share/my_robot_controller/hook/pythonpath_develop.dsv'
[4.273s] INFO:colcon.colcon_core.shell:Creating environment hook '/mnt/f/NITS/ANAV/main/ros2_Ws/build/my_robot_controller/share/my_robot_controller/hook/pythonpath_develop.sh'
[4.312s] Level 1:colcon.colcon_core.environment:checking '/mnt/f/NITS/ANAV/main/ros2_Ws/install/my_robot_controller' for CMake module files
[4.367s] Level 1:colcon.colcon_core.environment:checking '/mnt/f/NITS/ANAV/main/ros2_Ws/install/my_robot_controller' for CMake config files
[4.430s] Level 1:colcon.colcon_core.environment:checking '/mnt/f/NITS/ANAV/main/ros2_Ws/install/my_robot_controller/lib'
[4.434s] Level 1:colcon.colcon_core.environment:checking '/mnt/f/NITS/ANAV/main/ros2_Ws/install/my_robot_controller/bin'
[4.435s] Level 1:colcon.colcon_core.environment:checking '/mnt/f/NITS/ANAV/main/ros2_Ws/install/my_robot_controller/lib/pkgconfig/my_robot_controller.pc'
[4.436s] Level 1:colcon.colcon_core.environment:checking '/mnt/f/NITS/ANAV/main/ros2_Ws/install/my_robot_controller/lib/python3.10/site-packages'
[4.439s] Level 1:colcon.colcon_core.shell:create_environment_hook('my_robot_controller', 'pythonpath')
[4.439s] INFO:colcon.colcon_core.shell:Creating environment hook '/mnt/f/NITS/ANAV/main/ros2_Ws/install/my_robot_controller/share/my_robot_controller/hook/pythonpath.ps1'
[4.449s] INFO:colcon.colcon_core.shell:Creating environment descriptor '/mnt/f/NITS/ANAV/main/ros2_Ws/install/my_robot_controller/share/my_robot_controller/hook/pythonpath.dsv'
[4.459s] INFO:colcon.colcon_core.shell:Creating environment hook '/mnt/f/NITS/ANAV/main/ros2_Ws/install/my_robot_controller/share/my_robot_controller/hook/pythonpath.sh'
[4.469s] Level 1:colcon.colcon_core.environment:checking '/mnt/f/NITS/ANAV/main/ros2_Ws/install/my_robot_controller/bin'
[4.470s] Level 1:colcon.colcon_core.environment:create_environment_scripts_only(my_robot_controller)
[4.470s] INFO:colcon.colcon_core.shell:Creating package script '/mnt/f/NITS/ANAV/main/ros2_Ws/install/my_robot_controller/share/my_robot_controller/package.ps1'
[4.479s] INFO:colcon.colcon_core.shell:Creating package descriptor '/mnt/f/NITS/ANAV/main/ros2_Ws/install/my_robot_controller/share/my_robot_controller/package.dsv'
[4.487s] INFO:colcon.colcon_core.shell:Creating package script '/mnt/f/NITS/ANAV/main/ros2_Ws/install/my_robot_controller/share/my_robot_controller/package.sh'
[4.497s] INFO:colcon.colcon_core.shell:Creating package script '/mnt/f/NITS/ANAV/main/ros2_Ws/install/my_robot_controller/share/my_robot_controller/package.bash'
[4.506s] INFO:colcon.colcon_core.shell:Creating package script '/mnt/f/NITS/ANAV/main/ros2_Ws/install/my_robot_controller/share/my_robot_controller/package.zsh'
[4.521s] Level 1:colcon.colcon_core.environment:create_file_with_runtime_dependencies(/mnt/f/NITS/ANAV/main/ros2_Ws/install/my_robot_controller/share/colcon-core/packages/my_robot_controller)
[4.528s] DEBUG:colcon.colcon_parallel_executor.executor.parallel:closing loop
[4.529s] DEBUG:colcon.colcon_parallel_executor.executor.parallel:loop closed
[4.529s] DEBUG:colcon.colcon_parallel_executor.executor.parallel:run_until_complete finished with '0'
[4.530s] DEBUG:colcon.colcon_core.event_reactor:joining thread
[4.599s] INFO:colcon.colcon_core.plugin_system:Skipping extension 'colcon_notification.desktop_notification.notify_send': Could not find 'notify-send'
[4.599s] INFO:colcon.colcon_core.plugin_system:Skipping extension 'colcon_notification.desktop_notification.terminal_notifier': Not used on non-Darwin systems
[4.600s] INFO:colcon.colcon_core.plugin_system:Skipping extension 'colcon_notification.desktop_notification.win32': Not used on non-Windows systems
[4.600s] INFO:colcon.colcon_notification.desktop_notification:Sending desktop notification using 'notify2'
[4.600s] DEBUG:colcon.colcon_notification.desktop_notification.notify2:Failed to initialize notify2: org.freedesktop.DBus.Error.FileNotFound: Failed to connect to socket /run/user/1000/bus: No such file or directory
[4.600s] DEBUG:colcon.colcon_core.event_reactor:joined thread
[4.601s] INFO:colcon.colcon_core.shell:Creating prefix script '/mnt/f/NITS/ANAV/main/ros2_Ws/install/local_setup.ps1'
[4.605s] INFO:colcon.colcon_core.shell:Creating prefix util module '/mnt/f/NITS/ANAV/main/ros2_Ws/install/_local_setup_util_ps1.py'
[4.610s] INFO:colcon.colcon_core.shell:Creating prefix chain script '/mnt/f/NITS/ANAV/main/ros2_Ws/install/setup.ps1'
[4.621s] INFO:colcon.colcon_core.shell:Creating prefix script '/mnt/f/NITS/ANAV/main/ros2_Ws/install/local_setup.sh'
[4.627s] INFO:colcon.colcon_core.shell:Creating prefix util module '/mnt/f/NITS/ANAV/main/ros2_Ws/install/_local_setup_util_sh.py'
[4.631s] INFO:colcon.colcon_core.shell:Creating prefix chain script '/mnt/f/NITS/ANAV/main/ros2_Ws/install/setup.sh'
[4.642s] INFO:colcon.colcon_core.shell:Creating prefix script '/mnt/f/NITS/ANAV/main/ros2_Ws/install/local_setup.bash'
[4.647s] INFO:colcon.colcon_core.shell:Creating prefix chain script '/mnt/f/NITS/ANAV/main/ros2_Ws/install/setup.bash'
[4.655s] INFO:colcon.colcon_core.shell:Creating prefix script '/mnt/f/NITS/ANAV/main/ros2_Ws/install/local_setup.zsh'
[4.659s] INFO:colcon.colcon_core.shell:Creating prefix chain script '/mnt/f/NITS/ANAV/main/ros2_Ws/install/setup.zsh'
