[1.769s] Invoking command in '/mnt/f/NITS/ANAV/main/ros2_Ws/build/my_robot_controller': PYTHONPATH=/mnt/f/NITS/ANAV/main/ros2_Ws/build/my_robot_controller/prefix_override:/usr/lib/python3/dist-packages/colcon_core/task/python/colcon_distutils_commands:/mnt/f/NITS/ANAV/main/ros2_Ws/install/my_robot_controller/lib/python3.10/site-packages:${PYTHONPATH} /usr/bin/python3 -W ignore:setup.py install is deprecated -W ignore:easy_install command is deprecated setup.py develop --editable --build-directory /mnt/f/NITS/ANAV/main/ros2_Ws/build/my_robot_controller/build --no-deps symlink_data
[2.530s] running develop
[2.848s] running egg_info
[2.849s] writing my_robot_controller.egg-info/PKG-INFO
[2.853s] writing dependency_links to my_robot_controller.egg-info/dependency_links.txt
[2.858s] writing entry points to my_robot_controller.egg-info/entry_points.txt
[2.861s] writing requirements to my_robot_controller.egg-info/requires.txt
[2.863s] writing top-level names to my_robot_controller.egg-info/top_level.txt
[2.905s] reading manifest file 'my_robot_controller.egg-info/SOURCES.txt'
[2.963s] writing manifest file 'my_robot_controller.egg-info/SOURCES.txt'
[2.973s] running build_ext
[2.974s] Creating /mnt/f/NITS/ANAV/main/ros2_Ws/install/my_robot_controller/lib/python3.10/site-packages/my-robot-controller.egg-link (link to .)
[2.990s] Installing controller_node script to /mnt/f/NITS/ANAV/main/ros2_Ws/install/my_robot_controller/lib/my_robot_controller
[3.004s] Installing path_planner_node script to /mnt/f/NITS/ANAV/main/ros2_Ws/install/my_robot_controller/lib/my_robot_controller
[3.017s] Installing postion_node script to /mnt/f/NITS/ANAV/main/ros2_Ws/install/my_robot_controller/lib/my_robot_controller
[3.029s] Installing publish_node script to /mnt/f/NITS/ANAV/main/ros2_Ws/install/my_robot_controller/lib/my_robot_controller
[3.042s] Installing subscribe_node script to /mnt/f/NITS/ANAV/main/ros2_Ws/install/my_robot_controller/lib/my_robot_controller
[3.055s] Installing test_node script to /mnt/f/NITS/ANAV/main/ros2_Ws/install/my_robot_controller/lib/my_robot_controller
[3.071s] 
[3.072s] Installed /mnt/f/NITS/ANAV/main/ros2_Ws/build/my_robot_controller
[3.074s] running symlink_data
[3.131s] Invoked command in '/mnt/f/NITS/ANAV/main/ros2_Ws/build/my_robot_controller' returned '0': PYTHONPATH=/mnt/f/NITS/ANAV/main/ros2_Ws/build/my_robot_controller/prefix_override:/usr/lib/python3/dist-packages/colcon_core/task/python/colcon_distutils_commands:/mnt/f/NITS/ANAV/main/ros2_Ws/install/my_robot_controller/lib/python3.10/site-packages:${PYTHONPATH} /usr/bin/python3 -W ignore:setup.py install is deprecated -W ignore:easy_install command is deprecated setup.py develop --editable --build-directory /mnt/f/NITS/ANAV/main/ros2_Ws/build/my_robot_controller/build --no-deps symlink_data
