[0.367s] DEBUG:colcon:Command line arguments: ['/usr/bin/colcon', 'build', '--symlink-install']
[0.367s] DEBUG:colcon:Parsed command line arguments: Namespace(log_base=None, log_level=None, verb_name='build', build_base='build', install_base='install', merge_install=False, symlink_install=True, test_result_base=None, continue_on_error=False, executor='parallel', parallel_workers=8, event_handlers=None, ignore_user_meta=False, metas=['./colcon.meta'], base_paths=['.'], packages_ignore=None, packages_ignore_regex=None, paths=None, packages_up_to=None, packages_up_to_regex=None, packages_above=None, packages_above_and_dependencies=None, packages_above_depth=None, packages_select_by_dep=None, packages_skip_by_dep=None, packages_skip_up_to=None, packages_select_build_failed=False, packages_skip_build_finished=False, packages_select_test_failures=False, packages_skip_test_passed=False, packages_select=None, packages_skip=None, packages_select_regex=None, packages_skip_regex=None, packages_start=None, packages_end=None, allow_overriding=[], cmake_args=None, cmake_target=None, cmake_target_skip_unavailable=False, cmake_clean_cache=False, cmake_clean_first=False, cmake_force_configure=False, ament_cmake_args=None, catkin_cmake_args=None, catkin_skip_building_tests=False, verb_parser=<colcon_defaults.argument_parser.defaults.DefaultArgumentsDecorator object at 0x7ff68f6eaa10>, verb_extension=<colcon_core.verb.build.BuildVerb object at 0x7ff68f6ea530>, main=<bound method BuildVerb.main of <colcon_core.verb.build.BuildVerb object at 0x7ff68f6ea530>>)
[3.031s] Level 1:colcon.colcon_core.package_discovery:discover_packages(colcon_meta) check parameters
[3.031s] Level 1:colcon.colcon_core.package_discovery:discover_packages(recursive) check parameters
[3.032s] Level 1:colcon.colcon_core.package_discovery:discover_packages(ignore) check parameters
[3.032s] Level 1:colcon.colcon_core.package_discovery:discover_packages(path) check parameters
[3.032s] Level 1:colcon.colcon_core.package_discovery:discover_packages(colcon_meta) discover
[3.032s] Level 1:colcon.colcon_core.package_discovery:discover_packages(recursive) discover
[3.032s] INFO:colcon.colcon_core.package_discovery:Crawling recursively for packages in '/mnt/f/NITS/ANAV/main/ros2_Ws'
[3.033s] Level 1:colcon.colcon_core.package_identification:_identify(.) by extensions ['ignore', 'ignore_ament_install']
[3.033s] Level 1:colcon.colcon_core.package_identification:_identify(.) by extension 'ignore'
[3.034s] Level 1:colcon.colcon_core.package_identification:_identify(.) by extension 'ignore_ament_install'
[3.034s] Level 1:colcon.colcon_core.package_identification:_identify(.) by extensions ['colcon_pkg']
[3.034s] Level 1:colcon.colcon_core.package_identification:_identify(.) by extension 'colcon_pkg'
[3.034s] Level 1:colcon.colcon_core.package_identification:_identify(.) by extensions ['colcon_meta']
[3.035s] Level 1:colcon.colcon_core.package_identification:_identify(.) by extension 'colcon_meta'
[3.035s] Level 1:colcon.colcon_core.package_identification:_identify(.) by extensions ['ros']
[3.035s] Level 1:colcon.colcon_core.package_identification:_identify(.) by extension 'ros'
[3.048s] Level 1:colcon.colcon_core.package_identification:_identify(.) by extensions ['cmake', 'python']
[3.049s] Level 1:colcon.colcon_core.package_identification:_identify(.) by extension 'cmake'
[3.049s] Level 1:colcon.colcon_core.package_identification:_identify(.) by extension 'python'
[3.050s] Level 1:colcon.colcon_core.package_identification:_identify(.) by extensions ['python_setup_py']
[3.050s] Level 1:colcon.colcon_core.package_identification:_identify(.) by extension 'python_setup_py'
[3.053s] Level 1:colcon.colcon_core.package_identification:_identify(build) by extensions ['ignore', 'ignore_ament_install']
[3.053s] Level 1:colcon.colcon_core.package_identification:_identify(build) by extension 'ignore'
[3.054s] Level 1:colcon.colcon_core.package_identification:_identify(build) ignored
[3.057s] Level 1:colcon.colcon_core.package_identification:_identify(install) by extensions ['ignore', 'ignore_ament_install']
[3.057s] Level 1:colcon.colcon_core.package_identification:_identify(install) by extension 'ignore'
[3.058s] Level 1:colcon.colcon_core.package_identification:_identify(install) ignored
[3.060s] Level 1:colcon.colcon_core.package_identification:_identify(log) by extensions ['ignore', 'ignore_ament_install']
[3.061s] Level 1:colcon.colcon_core.package_identification:_identify(log) by extension 'ignore'
[3.061s] Level 1:colcon.colcon_core.package_identification:_identify(log) ignored
[3.063s] Level 1:colcon.colcon_core.package_identification:_identify(src) by extensions ['ignore', 'ignore_ament_install']
[3.063s] Level 1:colcon.colcon_core.package_identification:_identify(src) by extension 'ignore'
[3.064s] Level 1:colcon.colcon_core.package_identification:_identify(src) by extension 'ignore_ament_install'
[3.064s] Level 1:colcon.colcon_core.package_identification:_identify(src) by extensions ['colcon_pkg']
[3.065s] Level 1:colcon.colcon_core.package_identification:_identify(src) by extension 'colcon_pkg'
[3.065s] Level 1:colcon.colcon_core.package_identification:_identify(src) by extensions ['colcon_meta']
[3.065s] Level 1:colcon.colcon_core.package_identification:_identify(src) by extension 'colcon_meta'
[3.066s] Level 1:colcon.colcon_core.package_identification:_identify(src) by extensions ['ros']
[3.066s] Level 1:colcon.colcon_core.package_identification:_identify(src) by extension 'ros'
[3.068s] Level 1:colcon.colcon_core.package_identification:_identify(src) by extensions ['cmake', 'python']
[3.068s] Level 1:colcon.colcon_core.package_identification:_identify(src) by extension 'cmake'
[3.069s] Level 1:colcon.colcon_core.package_identification:_identify(src) by extension 'python'
[3.070s] Level 1:colcon.colcon_core.package_identification:_identify(src) by extensions ['python_setup_py']
[3.070s] Level 1:colcon.colcon_core.package_identification:_identify(src) by extension 'python_setup_py'
[3.073s] Level 1:colcon.colcon_core.package_identification:_identify(src/my_robot_controller) by extensions ['ignore', 'ignore_ament_install']
[3.073s] Level 1:colcon.colcon_core.package_identification:_identify(src/my_robot_controller) by extension 'ignore'
[3.074s] Level 1:colcon.colcon_core.package_identification:_identify(src/my_robot_controller) by extension 'ignore_ament_install'
[3.075s] Level 1:colcon.colcon_core.package_identification:_identify(src/my_robot_controller) by extensions ['colcon_pkg']
[3.075s] Level 1:colcon.colcon_core.package_identification:_identify(src/my_robot_controller) by extension 'colcon_pkg'
[3.076s] Level 1:colcon.colcon_core.package_identification:_identify(src/my_robot_controller) by extensions ['colcon_meta']
[3.076s] Level 1:colcon.colcon_core.package_identification:_identify(src/my_robot_controller) by extension 'colcon_meta'
[3.078s] Level 1:colcon.colcon_core.package_identification:_identify(src/my_robot_controller) by extensions ['ros']
[3.078s] Level 1:colcon.colcon_core.package_identification:_identify(src/my_robot_controller) by extension 'ros'
[3.088s] DEBUG:colcon.colcon_core.package_identification:Package 'src/my_robot_controller' with type 'ros.ament_python' and name 'my_robot_controller'
[3.091s] Level 1:colcon.colcon_core.package_identification:_identify(src/my_robot_launcher) by extensions ['ignore', 'ignore_ament_install']
[3.091s] Level 1:colcon.colcon_core.package_identification:_identify(src/my_robot_launcher) by extension 'ignore'
[3.092s] Level 1:colcon.colcon_core.package_identification:_identify(src/my_robot_launcher) by extension 'ignore_ament_install'
[3.094s] Level 1:colcon.colcon_core.package_identification:_identify(src/my_robot_launcher) by extensions ['colcon_pkg']
[3.094s] Level 1:colcon.colcon_core.package_identification:_identify(src/my_robot_launcher) by extension 'colcon_pkg'
[3.095s] Level 1:colcon.colcon_core.package_identification:_identify(src/my_robot_launcher) by extensions ['colcon_meta']
[3.095s] Level 1:colcon.colcon_core.package_identification:_identify(src/my_robot_launcher) by extension 'colcon_meta'
[3.096s] Level 1:colcon.colcon_core.package_identification:_identify(src/my_robot_launcher) by extensions ['ros']
[3.097s] Level 1:colcon.colcon_core.package_identification:_identify(src/my_robot_launcher) by extension 'ros'
[3.107s] DEBUG:colcon.colcon_core.package_identification:Package 'src/my_robot_launcher' with type 'ros.ament_cmake' and name 'my_robot_launcher'
[3.107s] Level 1:colcon.colcon_core.package_discovery:discover_packages(recursive) using defaults
[3.107s] Level 1:colcon.colcon_core.package_discovery:discover_packages(ignore) discover
[3.107s] Level 1:colcon.colcon_core.package_discovery:discover_packages(ignore) using defaults
[3.108s] Level 1:colcon.colcon_core.package_discovery:discover_packages(path) discover
[3.108s] Level 1:colcon.colcon_core.package_discovery:discover_packages(path) using defaults
[3.171s] Level 1:colcon.colcon_core.package_discovery:discover_packages(prefix_path) check parameters
[3.171s] Level 1:colcon.colcon_core.package_discovery:discover_packages(prefix_path) discover
[3.204s] DEBUG:colcon.colcon_installed_package_information.package_discovery:Found 2 installed packages in /mnt/f/NITS/ANAV/main/ros2_Ws/install
[3.205s] DEBUG:colcon.colcon_installed_package_information.package_discovery:Found 226 installed packages in /opt/ros/humble
[3.215s] Level 1:colcon.colcon_core.package_discovery:discover_packages(prefix_path) using defaults
[3.263s] Level 5:colcon.colcon_core.verb:set package 'my_robot_controller' build argument 'cmake_args' from command line to 'None'
[3.263s] Level 5:colcon.colcon_core.verb:set package 'my_robot_controller' build argument 'cmake_target' from command line to 'None'
[3.263s] Level 5:colcon.colcon_core.verb:set package 'my_robot_controller' build argument 'cmake_target_skip_unavailable' from command line to 'False'
[3.264s] Level 5:colcon.colcon_core.verb:set package 'my_robot_controller' build argument 'cmake_clean_cache' from command line to 'False'
[3.264s] Level 5:colcon.colcon_core.verb:set package 'my_robot_controller' build argument 'cmake_clean_first' from command line to 'False'
[3.264s] Level 5:colcon.colcon_core.verb:set package 'my_robot_controller' build argument 'cmake_force_configure' from command line to 'False'
[3.264s] Level 5:colcon.colcon_core.verb:set package 'my_robot_controller' build argument 'ament_cmake_args' from command line to 'None'
[3.265s] Level 5:colcon.colcon_core.verb:set package 'my_robot_controller' build argument 'catkin_cmake_args' from command line to 'None'
[3.265s] Level 5:colcon.colcon_core.verb:set package 'my_robot_controller' build argument 'catkin_skip_building_tests' from command line to 'False'
[3.265s] DEBUG:colcon.colcon_core.verb:Building package 'my_robot_controller' with the following arguments: {'ament_cmake_args': None, 'build_base': '/mnt/f/NITS/ANAV/main/ros2_Ws/build/my_robot_controller', 'catkin_cmake_args': None, 'catkin_skip_building_tests': False, 'cmake_args': None, 'cmake_clean_cache': False, 'cmake_clean_first': False, 'cmake_force_configure': False, 'cmake_target': None, 'cmake_target_skip_unavailable': False, 'install_base': '/mnt/f/NITS/ANAV/main/ros2_Ws/install/my_robot_controller', 'merge_install': False, 'path': '/mnt/f/NITS/ANAV/main/ros2_Ws/src/my_robot_controller', 'symlink_install': True, 'test_result_base': None}
[3.266s] Level 5:colcon.colcon_core.verb:set package 'my_robot_launcher' build argument 'cmake_args' from command line to 'None'
[3.266s] Level 5:colcon.colcon_core.verb:set package 'my_robot_launcher' build argument 'cmake_target' from command line to 'None'
[3.266s] Level 5:colcon.colcon_core.verb:set package 'my_robot_launcher' build argument 'cmake_target_skip_unavailable' from command line to 'False'
[3.267s] Level 5:colcon.colcon_core.verb:set package 'my_robot_launcher' build argument 'cmake_clean_cache' from command line to 'False'
[3.267s] Level 5:colcon.colcon_core.verb:set package 'my_robot_launcher' build argument 'cmake_clean_first' from command line to 'False'
[3.267s] Level 5:colcon.colcon_core.verb:set package 'my_robot_launcher' build argument 'cmake_force_configure' from command line to 'False'
[3.267s] Level 5:colcon.colcon_core.verb:set package 'my_robot_launcher' build argument 'ament_cmake_args' from command line to 'None'
[3.268s] Level 5:colcon.colcon_core.verb:set package 'my_robot_launcher' build argument 'catkin_cmake_args' from command line to 'None'
[3.268s] Level 5:colcon.colcon_core.verb:set package 'my_robot_launcher' build argument 'catkin_skip_building_tests' from command line to 'False'
[3.268s] DEBUG:colcon.colcon_core.verb:Building package 'my_robot_launcher' with the following arguments: {'ament_cmake_args': None, 'build_base': '/mnt/f/NITS/ANAV/main/ros2_Ws/build/my_robot_launcher', 'catkin_cmake_args': None, 'catkin_skip_building_tests': False, 'cmake_args': None, 'cmake_clean_cache': False, 'cmake_clean_first': False, 'cmake_force_configure': False, 'cmake_target': None, 'cmake_target_skip_unavailable': False, 'install_base': '/mnt/f/NITS/ANAV/main/ros2_Ws/install/my_robot_launcher', 'merge_install': False, 'path': '/mnt/f/NITS/ANAV/main/ros2_Ws/src/my_robot_launcher', 'symlink_install': True, 'test_result_base': None}
[3.269s] INFO:colcon.colcon_core.executor:Executing jobs using 'parallel' executor
[3.270s] DEBUG:colcon.colcon_parallel_executor.executor.parallel:run_until_complete
[3.270s] INFO:colcon.colcon_ros.task.ament_python.build:Building ROS package in '/mnt/f/NITS/ANAV/main/ros2_Ws/src/my_robot_controller' with build type 'ament_python'
[3.270s] Level 1:colcon.colcon_core.shell:create_environment_hook('my_robot_controller', 'ament_prefix_path')
[3.278s] INFO:colcon.colcon_core.plugin_system:Skipping extension 'colcon_core.shell.bat': Not used on non-Windows systems
[3.278s] INFO:colcon.colcon_core.shell:Creating environment hook '/mnt/f/NITS/ANAV/main/ros2_Ws/install/my_robot_controller/share/my_robot_controller/hook/ament_prefix_path.ps1'
[3.289s] INFO:colcon.colcon_core.shell:Creating environment descriptor '/mnt/f/NITS/ANAV/main/ros2_Ws/install/my_robot_controller/share/my_robot_controller/hook/ament_prefix_path.dsv'
[3.302s] INFO:colcon.colcon_core.shell:Creating environment hook '/mnt/f/NITS/ANAV/main/ros2_Ws/install/my_robot_controller/share/my_robot_controller/hook/ament_prefix_path.sh'
[3.315s] INFO:colcon.colcon_core.shell:Skip shell extension 'powershell' for command environment: Not usable outside of PowerShell
[3.316s] DEBUG:colcon.colcon_core.shell:Skip shell extension 'dsv' for command environment
[3.876s] INFO:colcon.colcon_core.task.python.build:Building Python package in '/mnt/f/NITS/ANAV/main/ros2_Ws/src/my_robot_controller'
[3.877s] INFO:colcon.colcon_core.shell:Skip shell extension 'powershell' for command environment: Not usable outside of PowerShell
[3.877s] DEBUG:colcon.colcon_core.shell:Skip shell extension 'dsv' for command environment
[5.025s] DEBUG:colcon.colcon_core.event_handler.log_command:Invoking command in '/mnt/f/NITS/ANAV/main/ros2_Ws/build/my_robot_controller': PYTHONPATH=/mnt/f/NITS/ANAV/main/ros2_Ws/build/my_robot_controller/prefix_override:/usr/lib/python3/dist-packages/colcon_core/task/python/colcon_distutils_commands:/mnt/f/NITS/ANAV/main/ros2_Ws/install/my_robot_controller/lib/python3.10/site-packages:${PYTHONPATH} /usr/bin/python3 -W ignore:setup.py install is deprecated -W ignore:easy_install command is deprecated setup.py develop --editable --build-directory /mnt/f/NITS/ANAV/main/ros2_Ws/build/my_robot_controller/build --no-deps symlink_data
[6.378s] Level 1:colcon.colcon_core.shell:create_environment_hook('my_robot_controller', 'pythonpath_develop')
[6.379s] INFO:colcon.colcon_core.shell:Creating environment hook '/mnt/f/NITS/ANAV/main/ros2_Ws/build/my_robot_controller/share/my_robot_controller/hook/pythonpath_develop.ps1'
[6.380s] DEBUG:colcon.colcon_core.event_handler.log_command:Invoked command in '/mnt/f/NITS/ANAV/main/ros2_Ws/build/my_robot_controller' returned '0': PYTHONPATH=/mnt/f/NITS/ANAV/main/ros2_Ws/build/my_robot_controller/prefix_override:/usr/lib/python3/dist-packages/colcon_core/task/python/colcon_distutils_commands:/mnt/f/NITS/ANAV/main/ros2_Ws/install/my_robot_controller/lib/python3.10/site-packages:${PYTHONPATH} /usr/bin/python3 -W ignore:setup.py install is deprecated -W ignore:easy_install command is deprecated setup.py develop --editable --build-directory /mnt/f/NITS/ANAV/main/ros2_Ws/build/my_robot_controller/build --no-deps symlink_data
[6.391s] INFO:colcon.colcon_core.shell:Creating environment descriptor '/mnt/f/NITS/ANAV/main/ros2_Ws/build/my_robot_controller/share/my_robot_controller/hook/pythonpath_develop.dsv'
[6.403s] INFO:colcon.colcon_core.shell:Creating environment hook '/mnt/f/NITS/ANAV/main/ros2_Ws/build/my_robot_controller/share/my_robot_controller/hook/pythonpath_develop.sh'
[6.421s] Level 1:colcon.colcon_core.environment:checking '/mnt/f/NITS/ANAV/main/ros2_Ws/install/my_robot_controller' for CMake module files
[6.492s] Level 1:colcon.colcon_core.environment:checking '/mnt/f/NITS/ANAV/main/ros2_Ws/install/my_robot_controller' for CMake config files
[6.559s] Level 1:colcon.colcon_core.environment:checking '/mnt/f/NITS/ANAV/main/ros2_Ws/install/my_robot_controller/lib'
[6.563s] Level 1:colcon.colcon_core.environment:checking '/mnt/f/NITS/ANAV/main/ros2_Ws/install/my_robot_controller/bin'
[6.564s] Level 1:colcon.colcon_core.environment:checking '/mnt/f/NITS/ANAV/main/ros2_Ws/install/my_robot_controller/lib/pkgconfig/my_robot_controller.pc'
[6.566s] Level 1:colcon.colcon_core.environment:checking '/mnt/f/NITS/ANAV/main/ros2_Ws/install/my_robot_controller/lib/python3.10/site-packages'
[6.568s] Level 1:colcon.colcon_core.shell:create_environment_hook('my_robot_controller', 'pythonpath')
[6.568s] INFO:colcon.colcon_core.shell:Creating environment hook '/mnt/f/NITS/ANAV/main/ros2_Ws/install/my_robot_controller/share/my_robot_controller/hook/pythonpath.ps1'
[6.582s] INFO:colcon.colcon_core.shell:Creating environment descriptor '/mnt/f/NITS/ANAV/main/ros2_Ws/install/my_robot_controller/share/my_robot_controller/hook/pythonpath.dsv'
[6.592s] INFO:colcon.colcon_core.shell:Creating environment hook '/mnt/f/NITS/ANAV/main/ros2_Ws/install/my_robot_controller/share/my_robot_controller/hook/pythonpath.sh'
[6.655s] Level 1:colcon.colcon_core.environment:checking '/mnt/f/NITS/ANAV/main/ros2_Ws/install/my_robot_controller/bin'
[6.657s] Level 1:colcon.colcon_core.environment:create_environment_scripts_only(my_robot_controller)
[6.657s] INFO:colcon.colcon_core.shell:Creating package script '/mnt/f/NITS/ANAV/main/ros2_Ws/install/my_robot_controller/share/my_robot_controller/package.ps1'
[6.669s] INFO:colcon.colcon_core.shell:Creating package descriptor '/mnt/f/NITS/ANAV/main/ros2_Ws/install/my_robot_controller/share/my_robot_controller/package.dsv'
[6.679s] INFO:colcon.colcon_core.shell:Creating package script '/mnt/f/NITS/ANAV/main/ros2_Ws/install/my_robot_controller/share/my_robot_controller/package.sh'
[6.690s] INFO:colcon.colcon_core.shell:Creating package script '/mnt/f/NITS/ANAV/main/ros2_Ws/install/my_robot_controller/share/my_robot_controller/package.bash'
[6.699s] INFO:colcon.colcon_core.shell:Creating package script '/mnt/f/NITS/ANAV/main/ros2_Ws/install/my_robot_controller/share/my_robot_controller/package.zsh'
[6.711s] Level 1:colcon.colcon_core.environment:create_file_with_runtime_dependencies(/mnt/f/NITS/ANAV/main/ros2_Ws/install/my_robot_controller/share/colcon-core/packages/my_robot_controller)
[6.719s] INFO:colcon.colcon_ros.task.ament_cmake.build:Building ROS package in '/mnt/f/NITS/ANAV/main/ros2_Ws/src/my_robot_launcher' with build type 'ament_cmake'
[6.719s] INFO:colcon.colcon_cmake.task.cmake.build:Building CMake package in '/mnt/f/NITS/ANAV/main/ros2_Ws/src/my_robot_launcher'
[6.720s] INFO:colcon.colcon_core.shell:Skip shell extension 'powershell' for command environment: Not usable outside of PowerShell
[6.720s] DEBUG:colcon.colcon_core.shell:Skip shell extension 'dsv' for command environment
[7.024s] DEBUG:colcon.colcon_core.event_handler.log_command:Invoking command in '/mnt/f/NITS/ANAV/main/ros2_Ws/build/my_robot_launcher': AMENT_PREFIX_PATH=/mnt/f/NITS/ANAV/main/ros2_Ws/install/my_robot_controller:/mnt/f/NITS/ANAV/main/ros2_Ws/install/my_robot_launcher:/opt/ros/humble CMAKE_PREFIX_PATH=${CMAKE_PREFIX_PATH}:/mnt/f/NITS/ANAV/main/ros2_Ws/install/my_robot_controller:/opt/ros/humble /usr/bin/cmake --build /mnt/f/NITS/ANAV/main/ros2_Ws/build/my_robot_launcher -- -j8 -l8
[7.098s] DEBUG:colcon.colcon_core.event_handler.log_command:Invoked command in '/mnt/f/NITS/ANAV/main/ros2_Ws/build/my_robot_launcher' returned '0': AMENT_PREFIX_PATH=/mnt/f/NITS/ANAV/main/ros2_Ws/install/my_robot_controller:/mnt/f/NITS/ANAV/main/ros2_Ws/install/my_robot_launcher:/opt/ros/humble CMAKE_PREFIX_PATH=${CMAKE_PREFIX_PATH}:/mnt/f/NITS/ANAV/main/ros2_Ws/install/my_robot_controller:/opt/ros/humble /usr/bin/cmake --build /mnt/f/NITS/ANAV/main/ros2_Ws/build/my_robot_launcher -- -j8 -l8
[7.125s] DEBUG:colcon.colcon_core.event_handler.log_command:Invoking command in '/mnt/f/NITS/ANAV/main/ros2_Ws/build/my_robot_launcher': AMENT_PREFIX_PATH=/mnt/f/NITS/ANAV/main/ros2_Ws/install/my_robot_controller:/mnt/f/NITS/ANAV/main/ros2_Ws/install/my_robot_launcher:/opt/ros/humble CMAKE_PREFIX_PATH=${CMAKE_PREFIX_PATH}:/mnt/f/NITS/ANAV/main/ros2_Ws/install/my_robot_controller:/opt/ros/humble /usr/bin/cmake --install /mnt/f/NITS/ANAV/main/ros2_Ws/build/my_robot_launcher
[7.507s] Level 1:colcon.colcon_core.environment:create_environment_scripts_only(my_robot_launcher)
[7.508s] Level 1:colcon.colcon_core.environment:checking '/mnt/f/NITS/ANAV/main/ros2_Ws/install/my_robot_launcher' for CMake module files
[7.508s] DEBUG:colcon.colcon_core.event_handler.log_command:Invoked command in '/mnt/f/NITS/ANAV/main/ros2_Ws/build/my_robot_launcher' returned '0': AMENT_PREFIX_PATH=/mnt/f/NITS/ANAV/main/ros2_Ws/install/my_robot_controller:/mnt/f/NITS/ANAV/main/ros2_Ws/install/my_robot_launcher:/opt/ros/humble CMAKE_PREFIX_PATH=${CMAKE_PREFIX_PATH}:/mnt/f/NITS/ANAV/main/ros2_Ws/install/my_robot_controller:/opt/ros/humble /usr/bin/cmake --install /mnt/f/NITS/ANAV/main/ros2_Ws/build/my_robot_launcher
[7.578s] Level 1:colcon.colcon_core.environment:checking '/mnt/f/NITS/ANAV/main/ros2_Ws/install/my_robot_launcher' for CMake config files
[7.644s] Level 1:colcon.colcon_core.shell:create_environment_hook('my_robot_launcher', 'cmake_prefix_path')
[7.644s] INFO:colcon.colcon_core.shell:Creating environment hook '/mnt/f/NITS/ANAV/main/ros2_Ws/install/my_robot_launcher/share/my_robot_launcher/hook/cmake_prefix_path.ps1'
[7.655s] INFO:colcon.colcon_core.shell:Creating environment descriptor '/mnt/f/NITS/ANAV/main/ros2_Ws/install/my_robot_launcher/share/my_robot_launcher/hook/cmake_prefix_path.dsv'
[7.664s] INFO:colcon.colcon_core.shell:Creating environment hook '/mnt/f/NITS/ANAV/main/ros2_Ws/install/my_robot_launcher/share/my_robot_launcher/hook/cmake_prefix_path.sh'
[7.677s] Level 1:colcon.colcon_core.environment:checking '/mnt/f/NITS/ANAV/main/ros2_Ws/install/my_robot_launcher/bin'
[7.678s] Level 1:colcon.colcon_core.environment:checking '/mnt/f/NITS/ANAV/main/ros2_Ws/install/my_robot_launcher/lib/pkgconfig/my_robot_launcher.pc'
[7.679s] Level 1:colcon.colcon_core.environment:checking '/mnt/f/NITS/ANAV/main/ros2_Ws/install/my_robot_launcher/lib/python3.10/site-packages'
[7.680s] Level 1:colcon.colcon_core.environment:checking '/mnt/f/NITS/ANAV/main/ros2_Ws/install/my_robot_launcher/bin'
[7.681s] INFO:colcon.colcon_core.shell:Creating package script '/mnt/f/NITS/ANAV/main/ros2_Ws/install/my_robot_launcher/share/my_robot_launcher/package.ps1'
[7.689s] INFO:colcon.colcon_core.shell:Creating package descriptor '/mnt/f/NITS/ANAV/main/ros2_Ws/install/my_robot_launcher/share/my_robot_launcher/package.dsv'
[7.702s] INFO:colcon.colcon_core.shell:Creating package script '/mnt/f/NITS/ANAV/main/ros2_Ws/install/my_robot_launcher/share/my_robot_launcher/package.sh'
[7.714s] INFO:colcon.colcon_core.shell:Creating package script '/mnt/f/NITS/ANAV/main/ros2_Ws/install/my_robot_launcher/share/my_robot_launcher/package.bash'
[7.725s] INFO:colcon.colcon_core.shell:Creating package script '/mnt/f/NITS/ANAV/main/ros2_Ws/install/my_robot_launcher/share/my_robot_launcher/package.zsh'
[7.735s] Level 1:colcon.colcon_core.environment:create_file_with_runtime_dependencies(/mnt/f/NITS/ANAV/main/ros2_Ws/install/my_robot_launcher/share/colcon-core/packages/my_robot_launcher)
[7.754s] Level 1:colcon.colcon_core.environment:create_environment_scripts_only(my_robot_launcher)
[7.754s] Level 1:colcon.colcon_core.environment:checking '/mnt/f/NITS/ANAV/main/ros2_Ws/install/my_robot_launcher' for CMake module files
[7.827s] Level 1:colcon.colcon_core.environment:checking '/mnt/f/NITS/ANAV/main/ros2_Ws/install/my_robot_launcher' for CMake config files
[7.901s] Level 1:colcon.colcon_core.shell:create_environment_hook('my_robot_launcher', 'cmake_prefix_path')
[7.901s] INFO:colcon.colcon_core.shell:Creating environment hook '/mnt/f/NITS/ANAV/main/ros2_Ws/install/my_robot_launcher/share/my_robot_launcher/hook/cmake_prefix_path.ps1'
[7.915s] INFO:colcon.colcon_core.shell:Creating environment descriptor '/mnt/f/NITS/ANAV/main/ros2_Ws/install/my_robot_launcher/share/my_robot_launcher/hook/cmake_prefix_path.dsv'
[7.927s] INFO:colcon.colcon_core.shell:Creating environment hook '/mnt/f/NITS/ANAV/main/ros2_Ws/install/my_robot_launcher/share/my_robot_launcher/hook/cmake_prefix_path.sh'
[7.945s] Level 1:colcon.colcon_core.environment:checking '/mnt/f/NITS/ANAV/main/ros2_Ws/install/my_robot_launcher/bin'
[7.946s] Level 1:colcon.colcon_core.environment:checking '/mnt/f/NITS/ANAV/main/ros2_Ws/install/my_robot_launcher/lib/pkgconfig/my_robot_launcher.pc'
[7.947s] Level 1:colcon.colcon_core.environment:checking '/mnt/f/NITS/ANAV/main/ros2_Ws/install/my_robot_launcher/lib/python3.10/site-packages'
[7.948s] Level 1:colcon.colcon_core.environment:checking '/mnt/f/NITS/ANAV/main/ros2_Ws/install/my_robot_launcher/bin'
[7.950s] INFO:colcon.colcon_core.shell:Creating package script '/mnt/f/NITS/ANAV/main/ros2_Ws/install/my_robot_launcher/share/my_robot_launcher/package.ps1'
[7.960s] INFO:colcon.colcon_core.shell:Creating package descriptor '/mnt/f/NITS/ANAV/main/ros2_Ws/install/my_robot_launcher/share/my_robot_launcher/package.dsv'
[7.970s] INFO:colcon.colcon_core.shell:Creating package script '/mnt/f/NITS/ANAV/main/ros2_Ws/install/my_robot_launcher/share/my_robot_launcher/package.sh'
[7.979s] INFO:colcon.colcon_core.shell:Creating package script '/mnt/f/NITS/ANAV/main/ros2_Ws/install/my_robot_launcher/share/my_robot_launcher/package.bash'
[7.989s] INFO:colcon.colcon_core.shell:Creating package script '/mnt/f/NITS/ANAV/main/ros2_Ws/install/my_robot_launcher/share/my_robot_launcher/package.zsh'
[7.998s] Level 1:colcon.colcon_core.environment:create_file_with_runtime_dependencies(/mnt/f/NITS/ANAV/main/ros2_Ws/install/my_robot_launcher/share/colcon-core/packages/my_robot_launcher)
[8.005s] DEBUG:colcon.colcon_parallel_executor.executor.parallel:closing loop
[8.006s] DEBUG:colcon.colcon_parallel_executor.executor.parallel:loop closed
[8.006s] DEBUG:colcon.colcon_parallel_executor.executor.parallel:run_until_complete finished with '0'
[8.006s] DEBUG:colcon.colcon_core.event_reactor:joining thread
[8.092s] INFO:colcon.colcon_core.plugin_system:Skipping extension 'colcon_notification.desktop_notification.notify_send': Could not find 'notify-send'
[8.092s] INFO:colcon.colcon_core.plugin_system:Skipping extension 'colcon_notification.desktop_notification.terminal_notifier': Not used on non-Darwin systems
[8.092s] INFO:colcon.colcon_core.plugin_system:Skipping extension 'colcon_notification.desktop_notification.win32': Not used on non-Windows systems
[8.092s] INFO:colcon.colcon_notification.desktop_notification:Sending desktop notification using 'notify2'
[8.093s] DEBUG:colcon.colcon_notification.desktop_notification.notify2:Failed to initialize notify2: org.freedesktop.DBus.Error.FileNotFound: Failed to connect to socket /run/user/1000/bus: No such file or directory
[8.093s] DEBUG:colcon.colcon_core.event_reactor:joined thread
[8.093s] INFO:colcon.colcon_core.shell:Creating prefix script '/mnt/f/NITS/ANAV/main/ros2_Ws/install/local_setup.ps1'
[8.097s] INFO:colcon.colcon_core.shell:Creating prefix util module '/mnt/f/NITS/ANAV/main/ros2_Ws/install/_local_setup_util_ps1.py'
[8.102s] INFO:colcon.colcon_core.shell:Creating prefix chain script '/mnt/f/NITS/ANAV/main/ros2_Ws/install/setup.ps1'
[8.121s] INFO:colcon.colcon_core.shell:Creating prefix script '/mnt/f/NITS/ANAV/main/ros2_Ws/install/local_setup.sh'
[8.125s] INFO:colcon.colcon_core.shell:Creating prefix util module '/mnt/f/NITS/ANAV/main/ros2_Ws/install/_local_setup_util_sh.py'
[8.129s] INFO:colcon.colcon_core.shell:Creating prefix chain script '/mnt/f/NITS/ANAV/main/ros2_Ws/install/setup.sh'
[8.146s] INFO:colcon.colcon_core.shell:Creating prefix script '/mnt/f/NITS/ANAV/main/ros2_Ws/install/local_setup.bash'
[8.150s] INFO:colcon.colcon_core.shell:Creating prefix chain script '/mnt/f/NITS/ANAV/main/ros2_Ws/install/setup.bash'
[8.166s] INFO:colcon.colcon_core.shell:Creating prefix script '/mnt/f/NITS/ANAV/main/ros2_Ws/install/local_setup.zsh'
[8.170s] INFO:colcon.colcon_core.shell:Creating prefix chain script '/mnt/f/NITS/ANAV/main/ros2_Ws/install/setup.zsh'
