[2.218s] Invoking command in '/mnt/f/NITS/ANAV/main/ros2_Ws/src/my_robot_controller': PYTHONPATH=/mnt/f/NITS/ANAV/main/ros2_Ws/build/my_robot_controller/prefix_override:/usr/lib/python3/dist-packages/colcon_core/task/python/colcon_distutils_commands:/mnt/f/NITS/ANAV/main/ros2_Ws/install/my_robot_controller/lib/python3.10/site-packages:${PYTHONPATH} /usr/bin/python3 -W ignore:setup.py install is deprecated -W ignore:easy_install command is deprecated setup.py egg_info --egg-base ../../build/my_robot_controller build --build-base /mnt/f/NITS/ANAV/main/ros2_Ws/build/my_robot_controller/build install --record /mnt/f/NITS/ANAV/main/ros2_Ws/build/my_robot_controller/install.log --single-version-externally-managed install_data
[3.031s] running egg_info
[3.035s] creating ../../build/my_robot_controller/my_robot_controller.egg-info
[3.038s] writing ../../build/my_robot_controller/my_robot_controller.egg-info/PKG-INFO
[3.047s] writing dependency_links to ../../build/my_robot_controller/my_robot_controller.egg-info/dependency_links.txt
[3.052s] writing entry points to ../../build/my_robot_controller/my_robot_controller.egg-info/entry_points.txt
[3.056s] writing requirements to ../../build/my_robot_controller/my_robot_controller.egg-info/requires.txt
[3.058s] writing top-level names to ../../build/my_robot_controller/my_robot_controller.egg-info/top_level.txt
[3.064s] writing manifest file '../../build/my_robot_controller/my_robot_controller.egg-info/SOURCES.txt'
[3.092s] reading manifest file '../../build/my_robot_controller/my_robot_controller.egg-info/SOURCES.txt'
[3.134s] writing manifest file '../../build/my_robot_controller/my_robot_controller.egg-info/SOURCES.txt'
[3.136s] running build
[3.137s] running build_py
[3.141s] creating /mnt/f/NITS/ANAV/main/ros2_Ws/build/my_robot_controller/build
[3.143s] creating /mnt/f/NITS/ANAV/main/ros2_Ws/build/my_robot_controller/build/lib
[3.145s] creating /mnt/f/NITS/ANAV/main/ros2_Ws/build/my_robot_controller/build/lib/my_robot_controller
[3.152s] copying my_robot_controller/boundary_mapper.py -> /mnt/f/NITS/ANAV/main/ros2_Ws/build/my_robot_controller/build/lib/my_robot_controller
[3.169s] copying my_robot_controller/bridge_server.py -> /mnt/f/NITS/ANAV/main/ros2_Ws/build/my_robot_controller/build/lib/my_robot_controller
[3.186s] copying my_robot_controller/coordinate.py -> /mnt/f/NITS/ANAV/main/ros2_Ws/build/my_robot_controller/build/lib/my_robot_controller
[3.205s] copying my_robot_controller/flat_area.py -> /mnt/f/NITS/ANAV/main/ros2_Ws/build/my_robot_controller/build/lib/my_robot_controller
[3.221s] copying my_robot_controller/hover.py -> /mnt/f/NITS/ANAV/main/ros2_Ws/build/my_robot_controller/build/lib/my_robot_controller
[3.240s] copying my_robot_controller/launch_checker_topic.py -> /mnt/f/NITS/ANAV/main/ros2_Ws/build/my_robot_controller/build/lib/my_robot_controller
[3.264s] copying my_robot_controller/mode_controller.py -> /mnt/f/NITS/ANAV/main/ros2_Ws/build/my_robot_controller/build/lib/my_robot_controller
[3.285s] copying my_robot_controller/path_mover.py -> /mnt/f/NITS/ANAV/main/ros2_Ws/build/my_robot_controller/build/lib/my_robot_controller
[3.304s] copying my_robot_controller/path_planner.py -> /mnt/f/NITS/ANAV/main/ros2_Ws/build/my_robot_controller/build/lib/my_robot_controller
[3.324s] copying my_robot_controller/__init__.py -> /mnt/f/NITS/ANAV/main/ros2_Ws/build/my_robot_controller/build/lib/my_robot_controller
[3.336s] running install
[3.336s] running install_lib
[3.353s] creating /mnt/f/NITS/ANAV/main/ros2_Ws/install/my_robot_controller/lib/python3.10/site-packages/my_robot_controller
[3.365s] copying /mnt/f/NITS/ANAV/main/ros2_Ws/build/my_robot_controller/build/lib/my_robot_controller/boundary_mapper.py -> /mnt/f/NITS/ANAV/main/ros2_Ws/install/my_robot_controller/lib/python3.10/site-packages/my_robot_controller
[3.387s] copying /mnt/f/NITS/ANAV/main/ros2_Ws/build/my_robot_controller/build/lib/my_robot_controller/bridge_server.py -> /mnt/f/NITS/ANAV/main/ros2_Ws/install/my_robot_controller/lib/python3.10/site-packages/my_robot_controller
[3.413s] copying /mnt/f/NITS/ANAV/main/ros2_Ws/build/my_robot_controller/build/lib/my_robot_controller/coordinate.py -> /mnt/f/NITS/ANAV/main/ros2_Ws/install/my_robot_controller/lib/python3.10/site-packages/my_robot_controller
[3.439s] copying /mnt/f/NITS/ANAV/main/ros2_Ws/build/my_robot_controller/build/lib/my_robot_controller/flat_area.py -> /mnt/f/NITS/ANAV/main/ros2_Ws/install/my_robot_controller/lib/python3.10/site-packages/my_robot_controller
[3.469s] copying /mnt/f/NITS/ANAV/main/ros2_Ws/build/my_robot_controller/build/lib/my_robot_controller/hover.py -> /mnt/f/NITS/ANAV/main/ros2_Ws/install/my_robot_controller/lib/python3.10/site-packages/my_robot_controller
[3.496s] copying /mnt/f/NITS/ANAV/main/ros2_Ws/build/my_robot_controller/build/lib/my_robot_controller/launch_checker_topic.py -> /mnt/f/NITS/ANAV/main/ros2_Ws/install/my_robot_controller/lib/python3.10/site-packages/my_robot_controller
[3.525s] copying /mnt/f/NITS/ANAV/main/ros2_Ws/build/my_robot_controller/build/lib/my_robot_controller/mode_controller.py -> /mnt/f/NITS/ANAV/main/ros2_Ws/install/my_robot_controller/lib/python3.10/site-packages/my_robot_controller
[3.559s] copying /mnt/f/NITS/ANAV/main/ros2_Ws/build/my_robot_controller/build/lib/my_robot_controller/path_mover.py -> /mnt/f/NITS/ANAV/main/ros2_Ws/install/my_robot_controller/lib/python3.10/site-packages/my_robot_controller
[3.586s] copying /mnt/f/NITS/ANAV/main/ros2_Ws/build/my_robot_controller/build/lib/my_robot_controller/path_planner.py -> /mnt/f/NITS/ANAV/main/ros2_Ws/install/my_robot_controller/lib/python3.10/site-packages/my_robot_controller
[3.615s] copying /mnt/f/NITS/ANAV/main/ros2_Ws/build/my_robot_controller/build/lib/my_robot_controller/__init__.py -> /mnt/f/NITS/ANAV/main/ros2_Ws/install/my_robot_controller/lib/python3.10/site-packages/my_robot_controller
[3.652s] byte-compiling /mnt/f/NITS/ANAV/main/ros2_Ws/install/my_robot_controller/lib/python3.10/site-packages/my_robot_controller/boundary_mapper.py to boundary_mapper.cpython-310.pyc
[3.686s] byte-compiling /mnt/f/NITS/ANAV/main/ros2_Ws/install/my_robot_controller/lib/python3.10/site-packages/my_robot_controller/bridge_server.py to bridge_server.cpython-310.pyc
[3.725s] byte-compiling /mnt/f/NITS/ANAV/main/ros2_Ws/install/my_robot_controller/lib/python3.10/site-packages/my_robot_controller/coordinate.py to coordinate.cpython-310.pyc
[3.766s] byte-compiling /mnt/f/NITS/ANAV/main/ros2_Ws/install/my_robot_controller/lib/python3.10/site-packages/my_robot_controller/flat_area.py to flat_area.cpython-310.pyc
[3.801s] byte-compiling /mnt/f/NITS/ANAV/main/ros2_Ws/install/my_robot_controller/lib/python3.10/site-packages/my_robot_controller/hover.py to hover.cpython-310.pyc
[3.841s] byte-compiling /mnt/f/NITS/ANAV/main/ros2_Ws/install/my_robot_controller/lib/python3.10/site-packages/my_robot_controller/launch_checker_topic.py to launch_checker_topic.cpython-310.pyc
[3.883s] byte-compiling /mnt/f/NITS/ANAV/main/ros2_Ws/install/my_robot_controller/lib/python3.10/site-packages/my_robot_controller/mode_controller.py to mode_controller.cpython-310.pyc
[3.918s] byte-compiling /mnt/f/NITS/ANAV/main/ros2_Ws/install/my_robot_controller/lib/python3.10/site-packages/my_robot_controller/path_mover.py to path_mover.cpython-310.pyc
[3.957s] byte-compiling /mnt/f/NITS/ANAV/main/ros2_Ws/install/my_robot_controller/lib/python3.10/site-packages/my_robot_controller/path_planner.py to path_planner.cpython-310.pyc
[4.006s] byte-compiling /mnt/f/NITS/ANAV/main/ros2_Ws/install/my_robot_controller/lib/python3.10/site-packages/my_robot_controller/__init__.py to __init__.cpython-310.pyc
[4.041s] running install_data
[4.048s] creating /mnt/f/NITS/ANAV/main/ros2_Ws/install/my_robot_controller/share/ament_index
[4.051s] creating /mnt/f/NITS/ANAV/main/ros2_Ws/install/my_robot_controller/share/ament_index/resource_index
[4.053s] creating /mnt/f/NITS/ANAV/main/ros2_Ws/install/my_robot_controller/share/ament_index/resource_index/packages
[4.066s] copying resource/my_robot_controller -> /mnt/f/NITS/ANAV/main/ros2_Ws/install/my_robot_controller/share/ament_index/resource_index/packages
[4.092s] copying package.xml -> /mnt/f/NITS/ANAV/main/ros2_Ws/install/my_robot_controller/share/my_robot_controller
[4.112s] running install_egg_info
[4.129s] Copying ../../build/my_robot_controller/my_robot_controller.egg-info to /mnt/f/NITS/ANAV/main/ros2_Ws/install/my_robot_controller/lib/python3.10/site-packages/my_robot_controller-0.0.0-py3.10.egg-info
[4.466s] running install_scripts
[4.557s] Installing boundary_mapper script to /mnt/f/NITS/ANAV/main/ros2_Ws/install/my_robot_controller/lib/my_robot_controller
[4.568s] Installing bridge_server script to /mnt/f/NITS/ANAV/main/ros2_Ws/install/my_robot_controller/lib/my_robot_controller
[4.584s] Installing coordinate script to /mnt/f/NITS/ANAV/main/ros2_Ws/install/my_robot_controller/lib/my_robot_controller
[4.598s] Installing flat_area script to /mnt/f/NITS/ANAV/main/ros2_Ws/install/my_robot_controller/lib/my_robot_controller
[4.614s] Installing hover script to /mnt/f/NITS/ANAV/main/ros2_Ws/install/my_robot_controller/lib/my_robot_controller
[4.627s] Installing launch_checker script to /mnt/f/NITS/ANAV/main/ros2_Ws/install/my_robot_controller/lib/my_robot_controller
[4.641s] Installing mode_controller script to /mnt/f/NITS/ANAV/main/ros2_Ws/install/my_robot_controller/lib/my_robot_controller
[4.711s] Installing path_manual script to /mnt/f/NITS/ANAV/main/ros2_Ws/install/my_robot_controller/lib/my_robot_controller
[4.726s] Installing path_mover script to /mnt/f/NITS/ANAV/main/ros2_Ws/install/my_robot_controller/lib/my_robot_controller
[4.737s] Installing path_planner script to /mnt/f/NITS/ANAV/main/ros2_Ws/install/my_robot_controller/lib/my_robot_controller
[4.750s] writing list of installed files to '/mnt/f/NITS/ANAV/main/ros2_Ws/build/my_robot_controller/install.log'
[4.801s] Invoked command in '/mnt/f/NITS/ANAV/main/ros2_Ws/src/my_robot_controller' returned '0': PYTHONPATH=/mnt/f/NITS/ANAV/main/ros2_Ws/build/my_robot_controller/prefix_override:/usr/lib/python3/dist-packages/colcon_core/task/python/colcon_distutils_commands:/mnt/f/NITS/ANAV/main/ros2_Ws/install/my_robot_controller/lib/python3.10/site-packages:${PYTHONPATH} /usr/bin/python3 -W ignore:setup.py install is deprecated -W ignore:easy_install command is deprecated setup.py egg_info --egg-base ../../build/my_robot_controller build --build-base /mnt/f/NITS/ANAV/main/ros2_Ws/build/my_robot_controller/build install --record /mnt/f/NITS/ANAV/main/ros2_Ws/build/my_robot_controller/install.log --single-version-externally-managed install_data
