[4.612s] Invoking command in '/mnt/f/NITS/ANAV/main/ros2_Ws/build/my_robot_controller': PYTHONPATH=/mnt/f/NITS/ANAV/main/ros2_Ws/build/my_robot_controller/prefix_override:/usr/lib/python3/dist-packages/colcon_core/task/python/colcon_distutils_commands:/mnt/f/NITS/ANAV/main/ros2_Ws/install/my_robot_controller/lib/python3.10/site-packages:${PYTHONPATH} /usr/bin/python3 -W ignore:setup.py install is deprecated -W ignore:easy_install command is deprecated setup.py develop --editable --build-directory /mnt/f/NITS/ANAV/main/ros2_Ws/build/my_robot_controller/build --no-deps symlink_data --force
[5.781s] running develop
[6.090s] running egg_info
[6.092s] writing my_robot_controller.egg-info/PKG-INFO
[6.098s] writing dependency_links to my_robot_controller.egg-info/dependency_links.txt
[6.106s] writing entry points to my_robot_controller.egg-info/entry_points.txt
[6.114s] writing requirements to my_robot_controller.egg-info/requires.txt
[6.119s] writing top-level names to my_robot_controller.egg-info/top_level.txt
[6.197s] reading manifest file 'my_robot_controller.egg-info/SOURCES.txt'
[6.362s] writing manifest file 'my_robot_controller.egg-info/SOURCES.txt'
[6.382s] running build_ext
[6.386s] Creating /mnt/f/NITS/ANAV/main/ros2_Ws/install/my_robot_controller/lib/python3.10/site-packages/my-robot-controller.egg-link (link to .)
[6.422s] Installing bridge_server script to /mnt/f/NITS/ANAV/main/ros2_Ws/install/my_robot_controller/lib/my_robot_controller
[6.447s] Installing flat_area script to /mnt/f/NITS/ANAV/main/ros2_Ws/install/my_robot_controller/lib/my_robot_controller
[6.484s] Installing path_mover script to /mnt/f/NITS/ANAV/main/ros2_Ws/install/my_robot_controller/lib/my_robot_controller
[6.507s] Installing path_planner script to /mnt/f/NITS/ANAV/main/ros2_Ws/install/my_robot_controller/lib/my_robot_controller
[6.536s] 
[6.538s] Installed /mnt/f/NITS/ANAV/main/ros2_Ws/build/my_robot_controller
[6.541s] running symlink_data
[6.566s] symbolically linking /mnt/f/NITS/ANAV/main/ros2_Ws/build/my_robot_controller/resource/my_robot_controller -> /mnt/f/NITS/ANAV/main/ros2_Ws/install/my_robot_controller/share/ament_index/resource_index/packages
[6.594s] symbolically linking /mnt/f/NITS/ANAV/main/ros2_Ws/build/my_robot_controller/package.xml -> /mnt/f/NITS/ANAV/main/ros2_Ws/install/my_robot_controller/share/my_robot_controller
[6.669s] Invoked command in '/mnt/f/NITS/ANAV/main/ros2_Ws/build/my_robot_controller' returned '0': PYTHONPATH=/mnt/f/NITS/ANAV/main/ros2_Ws/build/my_robot_controller/prefix_override:/usr/lib/python3/dist-packages/colcon_core/task/python/colcon_distutils_commands:/mnt/f/NITS/ANAV/main/ros2_Ws/install/my_robot_controller/lib/python3.10/site-packages:${PYTHONPATH} /usr/bin/python3 -W ignore:setup.py install is deprecated -W ignore:easy_install command is deprecated setup.py develop --editable --build-directory /mnt/f/NITS/ANAV/main/ros2_Ws/build/my_robot_controller/build --no-deps symlink_data --force
