[0.245s] DEBUG:colcon:Command line arguments: ['/usr/bin/colcon', 'build', '--symlink-install', '--packages-select', 'my_robot_controller', 'my_robot_launcher']
[0.246s] DEBUG:colcon:Parsed command line arguments: Namespace(log_base=None, log_level=None, verb_name='build', build_base='build', install_base='install', merge_install=False, symlink_install=True, test_result_base=None, continue_on_error=False, executor='parallel', parallel_workers=6, event_handlers=None, ignore_user_meta=False, metas=['./colcon.meta'], base_paths=['.'], packages_ignore=None, packages_ignore_regex=None, paths=None, packages_up_to=None, packages_up_to_regex=None, packages_above=None, packages_above_and_dependencies=None, packages_above_depth=None, packages_select_by_dep=None, packages_skip_by_dep=None, packages_skip_up_to=None, packages_select_build_failed=False, packages_skip_build_finished=False, packages_select_test_failures=False, packages_skip_test_passed=False, packages_select=['my_robot_controller', 'my_robot_launcher'], packages_skip=None, packages_select_regex=None, packages_skip_regex=None, packages_start=None, packages_end=None, allow_overriding=[], cmake_args=None, cmake_target=None, cmake_target_skip_unavailable=False, cmake_clean_cache=False, cmake_clean_first=False, cmake_force_configure=False, ament_cmake_args=None, catkin_cmake_args=None, catkin_skip_building_tests=False, mixin_files=None, mixin=None, verb_parser=<colcon_mixin.mixin.mixin_argument.MixinArgumentDecorator object at 0xffff94360df0>, verb_extension=<colcon_core.verb.build.BuildVerb object at 0xffff9453a3e0>, main=<bound method BuildVerb.main of <colcon_core.verb.build.BuildVerb object at 0xffff9453a3e0>>, mixin_verb=('build',))
[0.331s] Level 1:colcon.colcon_core.package_discovery:discover_packages(colcon_meta) check parameters
[0.331s] Level 1:colcon.colcon_core.package_discovery:discover_packages(recursive) check parameters
[0.332s] Level 1:colcon.colcon_core.package_discovery:discover_packages(ignore) check parameters
[0.332s] Level 1:colcon.colcon_core.package_discovery:discover_packages(path) check parameters
[0.332s] Level 1:colcon.colcon_core.package_discovery:discover_packages(colcon_meta) discover
[0.332s] Level 1:colcon.colcon_core.package_discovery:discover_packages(recursive) discover
[0.332s] INFO:colcon.colcon_core.package_discovery:Crawling recursively for packages in '/home/nits/master_controller/nits-yantrarnav/ros2_Ws'
[0.332s] Level 1:colcon.colcon_core.package_identification:_identify(.) by extensions ['ignore', 'ignore_ament_install']
[0.333s] Level 1:colcon.colcon_core.package_identification:_identify(.) by extension 'ignore'
[0.333s] Level 1:colcon.colcon_core.package_identification:_identify(.) by extension 'ignore_ament_install'
[0.333s] Level 1:colcon.colcon_core.package_identification:_identify(.) by extensions ['colcon_pkg']
[0.333s] Level 1:colcon.colcon_core.package_identification:_identify(.) by extension 'colcon_pkg'
[0.333s] Level 1:colcon.colcon_core.package_identification:_identify(.) by extensions ['colcon_meta']
[0.333s] Level 1:colcon.colcon_core.package_identification:_identify(.) by extension 'colcon_meta'
[0.333s] Level 1:colcon.colcon_core.package_identification:_identify(.) by extensions ['ros']
[0.333s] Level 1:colcon.colcon_core.package_identification:_identify(.) by extension 'ros'
[0.365s] Level 1:colcon.colcon_core.package_identification:_identify(.) by extensions ['cmake', 'python']
[0.365s] Level 1:colcon.colcon_core.package_identification:_identify(.) by extension 'cmake'
[0.365s] Level 1:colcon.colcon_core.package_identification:_identify(.) by extension 'python'
[0.365s] Level 1:colcon.colcon_core.package_identification:_identify(.) by extensions ['python_setup_py']
[0.365s] Level 1:colcon.colcon_core.package_identification:_identify(.) by extension 'python_setup_py'
[0.366s] Level 1:colcon.colcon_core.package_identification:_identify(build) by extensions ['ignore', 'ignore_ament_install']
[0.366s] Level 1:colcon.colcon_core.package_identification:_identify(build) by extension 'ignore'
[0.366s] Level 1:colcon.colcon_core.package_identification:_identify(build) ignored
[0.366s] Level 1:colcon.colcon_core.package_identification:_identify(install) by extensions ['ignore', 'ignore_ament_install']
[0.366s] Level 1:colcon.colcon_core.package_identification:_identify(install) by extension 'ignore'
[0.367s] Level 1:colcon.colcon_core.package_identification:_identify(install) ignored
[0.367s] Level 1:colcon.colcon_core.package_identification:_identify(log) by extensions ['ignore', 'ignore_ament_install']
[0.367s] Level 1:colcon.colcon_core.package_identification:_identify(log) by extension 'ignore'
[0.367s] Level 1:colcon.colcon_core.package_identification:_identify(log) ignored
[0.367s] Level 1:colcon.colcon_core.package_identification:_identify(src) by extensions ['ignore', 'ignore_ament_install']
[0.367s] Level 1:colcon.colcon_core.package_identification:_identify(src) by extension 'ignore'
[0.368s] Level 1:colcon.colcon_core.package_identification:_identify(src) by extension 'ignore_ament_install'
[0.368s] Level 1:colcon.colcon_core.package_identification:_identify(src) by extensions ['colcon_pkg']
[0.368s] Level 1:colcon.colcon_core.package_identification:_identify(src) by extension 'colcon_pkg'
[0.368s] Level 1:colcon.colcon_core.package_identification:_identify(src) by extensions ['colcon_meta']
[0.368s] Level 1:colcon.colcon_core.package_identification:_identify(src) by extension 'colcon_meta'
[0.368s] Level 1:colcon.colcon_core.package_identification:_identify(src) by extensions ['ros']
[0.368s] Level 1:colcon.colcon_core.package_identification:_identify(src) by extension 'ros'
[0.368s] Level 1:colcon.colcon_core.package_identification:_identify(src) by extensions ['cmake', 'python']
[0.368s] Level 1:colcon.colcon_core.package_identification:_identify(src) by extension 'cmake'
[0.368s] Level 1:colcon.colcon_core.package_identification:_identify(src) by extension 'python'
[0.369s] Level 1:colcon.colcon_core.package_identification:_identify(src) by extensions ['python_setup_py']
[0.369s] Level 1:colcon.colcon_core.package_identification:_identify(src) by extension 'python_setup_py'
[0.369s] Level 1:colcon.colcon_core.package_identification:_identify(src/my_robot_controller) by extensions ['ignore', 'ignore_ament_install']
[0.369s] Level 1:colcon.colcon_core.package_identification:_identify(src/my_robot_controller) by extension 'ignore'
[0.369s] Level 1:colcon.colcon_core.package_identification:_identify(src/my_robot_controller) by extension 'ignore_ament_install'
[0.369s] Level 1:colcon.colcon_core.package_identification:_identify(src/my_robot_controller) by extensions ['colcon_pkg']
[0.369s] Level 1:colcon.colcon_core.package_identification:_identify(src/my_robot_controller) by extension 'colcon_pkg'
[0.369s] Level 1:colcon.colcon_core.package_identification:_identify(src/my_robot_controller) by extensions ['colcon_meta']
[0.369s] Level 1:colcon.colcon_core.package_identification:_identify(src/my_robot_controller) by extension 'colcon_meta'
[0.370s] Level 1:colcon.colcon_core.package_identification:_identify(src/my_robot_controller) by extensions ['ros']
[0.370s] Level 1:colcon.colcon_core.package_identification:_identify(src/my_robot_controller) by extension 'ros'
[0.375s] DEBUG:colcon.colcon_core.package_identification:Package 'src/my_robot_controller' with type 'ros.ament_python' and name 'my_robot_controller'
[0.376s] Level 1:colcon.colcon_core.package_identification:_identify(src/my_robot_launcher) by extensions ['ignore', 'ignore_ament_install']
[0.376s] Level 1:colcon.colcon_core.package_identification:_identify(src/my_robot_launcher) by extension 'ignore'
[0.376s] Level 1:colcon.colcon_core.package_identification:_identify(src/my_robot_launcher) by extension 'ignore_ament_install'
[0.376s] Level 1:colcon.colcon_core.package_identification:_identify(src/my_robot_launcher) by extensions ['colcon_pkg']
[0.376s] Level 1:colcon.colcon_core.package_identification:_identify(src/my_robot_launcher) by extension 'colcon_pkg'
[0.377s] Level 1:colcon.colcon_core.package_identification:_identify(src/my_robot_launcher) by extensions ['colcon_meta']
[0.377s] Level 1:colcon.colcon_core.package_identification:_identify(src/my_robot_launcher) by extension 'colcon_meta'
[0.377s] Level 1:colcon.colcon_core.package_identification:_identify(src/my_robot_launcher) by extensions ['ros']
[0.377s] Level 1:colcon.colcon_core.package_identification:_identify(src/my_robot_launcher) by extension 'ros'
[0.378s] DEBUG:colcon.colcon_core.package_identification:Package 'src/my_robot_launcher' with type 'ros.ament_cmake' and name 'my_robot_launcher'
[0.378s] Level 1:colcon.colcon_core.package_discovery:discover_packages(recursive) using defaults
[0.378s] Level 1:colcon.colcon_core.package_discovery:discover_packages(ignore) discover
[0.378s] Level 1:colcon.colcon_core.package_discovery:discover_packages(ignore) using defaults
[0.378s] Level 1:colcon.colcon_core.package_discovery:discover_packages(path) discover
[0.378s] Level 1:colcon.colcon_core.package_discovery:discover_packages(path) using defaults
[0.421s] Level 1:colcon.colcon_core.package_discovery:discover_packages(prefix_path) check parameters
[0.421s] Level 1:colcon.colcon_core.package_discovery:discover_packages(prefix_path) discover
[0.426s] DEBUG:colcon.colcon_installed_package_information.package_discovery:Found 2 installed packages in /home/nits/master_controller/nits-yantrarnav/ros2_Ws/install
[0.428s] DEBUG:colcon.colcon_installed_package_information.package_discovery:Found 14 installed packages in /home/nits/ros2_ws/install
[0.431s] DEBUG:colcon.colcon_installed_package_information.package_discovery:Found 357 installed packages in /opt/ros/humble
[0.434s] Level 1:colcon.colcon_core.package_discovery:discover_packages(prefix_path) using defaults
[0.529s] Level 5:colcon.colcon_core.verb:set package 'my_robot_controller' build argument 'cmake_args' from command line to 'None'
[0.529s] Level 5:colcon.colcon_core.verb:set package 'my_robot_controller' build argument 'cmake_target' from command line to 'None'
[0.529s] Level 5:colcon.colcon_core.verb:set package 'my_robot_controller' build argument 'cmake_target_skip_unavailable' from command line to 'False'
[0.529s] Level 5:colcon.colcon_core.verb:set package 'my_robot_controller' build argument 'cmake_clean_cache' from command line to 'False'
[0.529s] Level 5:colcon.colcon_core.verb:set package 'my_robot_controller' build argument 'cmake_clean_first' from command line to 'False'
[0.529s] Level 5:colcon.colcon_core.verb:set package 'my_robot_controller' build argument 'cmake_force_configure' from command line to 'False'
[0.529s] Level 5:colcon.colcon_core.verb:set package 'my_robot_controller' build argument 'ament_cmake_args' from command line to 'None'
[0.529s] Level 5:colcon.colcon_core.verb:set package 'my_robot_controller' build argument 'catkin_cmake_args' from command line to 'None'
[0.529s] Level 5:colcon.colcon_core.verb:set package 'my_robot_controller' build argument 'catkin_skip_building_tests' from command line to 'False'
[0.529s] DEBUG:colcon.colcon_core.verb:Building package 'my_robot_controller' with the following arguments: {'ament_cmake_args': None, 'build_base': '/home/nits/master_controller/nits-yantrarnav/ros2_Ws/build/my_robot_controller', 'catkin_cmake_args': None, 'catkin_skip_building_tests': False, 'cmake_args': None, 'cmake_clean_cache': False, 'cmake_clean_first': False, 'cmake_force_configure': False, 'cmake_target': None, 'cmake_target_skip_unavailable': False, 'install_base': '/home/nits/master_controller/nits-yantrarnav/ros2_Ws/install/my_robot_controller', 'merge_install': False, 'path': '/home/nits/master_controller/nits-yantrarnav/ros2_Ws/src/my_robot_controller', 'symlink_install': True, 'test_result_base': None}
[0.530s] Level 5:colcon.colcon_core.verb:set package 'my_robot_launcher' build argument 'cmake_args' from command line to 'None'
[0.530s] Level 5:colcon.colcon_core.verb:set package 'my_robot_launcher' build argument 'cmake_target' from command line to 'None'
[0.530s] Level 5:colcon.colcon_core.verb:set package 'my_robot_launcher' build argument 'cmake_target_skip_unavailable' from command line to 'False'
[0.530s] Level 5:colcon.colcon_core.verb:set package 'my_robot_launcher' build argument 'cmake_clean_cache' from command line to 'False'
[0.530s] Level 5:colcon.colcon_core.verb:set package 'my_robot_launcher' build argument 'cmake_clean_first' from command line to 'False'
[0.530s] Level 5:colcon.colcon_core.verb:set package 'my_robot_launcher' build argument 'cmake_force_configure' from command line to 'False'
[0.530s] Level 5:colcon.colcon_core.verb:set package 'my_robot_launcher' build argument 'ament_cmake_args' from command line to 'None'
[0.530s] Level 5:colcon.colcon_core.verb:set package 'my_robot_launcher' build argument 'catkin_cmake_args' from command line to 'None'
[0.531s] Level 5:colcon.colcon_core.verb:set package 'my_robot_launcher' build argument 'catkin_skip_building_tests' from command line to 'False'
[0.531s] DEBUG:colcon.colcon_core.verb:Building package 'my_robot_launcher' with the following arguments: {'ament_cmake_args': None, 'build_base': '/home/nits/master_controller/nits-yantrarnav/ros2_Ws/build/my_robot_launcher', 'catkin_cmake_args': None, 'catkin_skip_building_tests': False, 'cmake_args': None, 'cmake_clean_cache': False, 'cmake_clean_first': False, 'cmake_force_configure': False, 'cmake_target': None, 'cmake_target_skip_unavailable': False, 'install_base': '/home/nits/master_controller/nits-yantrarnav/ros2_Ws/install/my_robot_launcher', 'merge_install': False, 'path': '/home/nits/master_controller/nits-yantrarnav/ros2_Ws/src/my_robot_launcher', 'symlink_install': True, 'test_result_base': None}
[0.531s] INFO:colcon.colcon_core.executor:Executing jobs using 'parallel' executor
[0.533s] DEBUG:colcon.colcon_parallel_executor.executor.parallel:run_until_complete
[0.534s] INFO:colcon.colcon_ros.task.ament_python.build:Building ROS package in '/home/nits/master_controller/nits-yantrarnav/ros2_Ws/src/my_robot_controller' with build type 'ament_python'
[0.534s] Level 1:colcon.colcon_core.shell:create_environment_hook('my_robot_controller', 'ament_prefix_path')
[0.539s] INFO:colcon.colcon_core.plugin_system:Skipping extension 'colcon_core.shell.bat': Not used on non-Windows systems
[0.539s] INFO:colcon.colcon_core.shell:Creating environment hook '/home/nits/master_controller/nits-yantrarnav/ros2_Ws/install/my_robot_controller/share/my_robot_controller/hook/ament_prefix_path.ps1'
[0.541s] INFO:colcon.colcon_core.shell:Creating environment descriptor '/home/nits/master_controller/nits-yantrarnav/ros2_Ws/install/my_robot_controller/share/my_robot_controller/hook/ament_prefix_path.dsv'
[0.542s] INFO:colcon.colcon_core.shell:Creating environment hook '/home/nits/master_controller/nits-yantrarnav/ros2_Ws/install/my_robot_controller/share/my_robot_controller/hook/ament_prefix_path.sh'
[0.543s] INFO:colcon.colcon_core.shell:Skip shell extension 'powershell' for command environment: Not usable outside of PowerShell
[0.543s] DEBUG:colcon.colcon_core.shell:Skip shell extension 'dsv' for command environment
[1.075s] INFO:colcon.colcon_core.task.python.build:Building Python package in '/home/nits/master_controller/nits-yantrarnav/ros2_Ws/src/my_robot_controller'
[1.076s] INFO:colcon.colcon_core.shell:Skip shell extension 'powershell' for command environment: Not usable outside of PowerShell
[1.076s] DEBUG:colcon.colcon_core.shell:Skip shell extension 'dsv' for command environment
[2.433s] DEBUG:colcon.colcon_core.event_handler.log_command:Invoking command in '/home/nits/master_controller/nits-yantrarnav/ros2_Ws/build/my_robot_controller': PYTHONPATH=/home/nits/master_controller/nits-yantrarnav/ros2_Ws/build/my_robot_controller/prefix_override:/usr/lib/python3/dist-packages/colcon_core/task/python/colcon_distutils_commands:/home/nits/master_controller/nits-yantrarnav/ros2_Ws/install/my_robot_controller/lib/python3.10/site-packages:${PYTHONPATH} /usr/bin/python3 -W ignore:setup.py install is deprecated -W ignore:easy_install command is deprecated setup.py develop --editable --build-directory /home/nits/master_controller/nits-yantrarnav/ros2_Ws/build/my_robot_controller/build --no-deps symlink_data
[4.142s] Level 1:colcon.colcon_core.shell:create_environment_hook('my_robot_controller', 'pythonpath_develop')
[4.144s] INFO:colcon.colcon_core.shell:Creating environment hook '/home/nits/master_controller/nits-yantrarnav/ros2_Ws/build/my_robot_controller/share/my_robot_controller/hook/pythonpath_develop.ps1'
[4.145s] DEBUG:colcon.colcon_core.event_handler.log_command:Invoked command in '/home/nits/master_controller/nits-yantrarnav/ros2_Ws/build/my_robot_controller' returned '0': PYTHONPATH=/home/nits/master_controller/nits-yantrarnav/ros2_Ws/build/my_robot_controller/prefix_override:/usr/lib/python3/dist-packages/colcon_core/task/python/colcon_distutils_commands:/home/nits/master_controller/nits-yantrarnav/ros2_Ws/install/my_robot_controller/lib/python3.10/site-packages:${PYTHONPATH} /usr/bin/python3 -W ignore:setup.py install is deprecated -W ignore:easy_install command is deprecated setup.py develop --editable --build-directory /home/nits/master_controller/nits-yantrarnav/ros2_Ws/build/my_robot_controller/build --no-deps symlink_data
[4.147s] INFO:colcon.colcon_core.shell:Creating environment descriptor '/home/nits/master_controller/nits-yantrarnav/ros2_Ws/build/my_robot_controller/share/my_robot_controller/hook/pythonpath_develop.dsv'
[4.148s] INFO:colcon.colcon_core.shell:Creating environment hook '/home/nits/master_controller/nits-yantrarnav/ros2_Ws/build/my_robot_controller/share/my_robot_controller/hook/pythonpath_develop.sh'
[4.159s] Level 1:colcon.colcon_core.environment:checking '/home/nits/master_controller/nits-yantrarnav/ros2_Ws/install/my_robot_controller' for CMake module files
[4.161s] Level 1:colcon.colcon_core.environment:checking '/home/nits/master_controller/nits-yantrarnav/ros2_Ws/install/my_robot_controller' for CMake config files
[4.164s] Level 1:colcon.colcon_core.environment:checking '/home/nits/master_controller/nits-yantrarnav/ros2_Ws/install/my_robot_controller/lib'
[4.165s] Level 1:colcon.colcon_core.environment:checking '/home/nits/master_controller/nits-yantrarnav/ros2_Ws/install/my_robot_controller/bin'
[4.165s] Level 1:colcon.colcon_core.environment:checking '/home/nits/master_controller/nits-yantrarnav/ros2_Ws/install/my_robot_controller/lib/pkgconfig/my_robot_controller.pc'
[4.166s] Level 1:colcon.colcon_core.environment:checking '/home/nits/master_controller/nits-yantrarnav/ros2_Ws/install/my_robot_controller/lib/python3.10/site-packages'
[4.166s] Level 1:colcon.colcon_core.shell:create_environment_hook('my_robot_controller', 'pythonpath')
[4.167s] INFO:colcon.colcon_core.shell:Creating environment hook '/home/nits/master_controller/nits-yantrarnav/ros2_Ws/install/my_robot_controller/share/my_robot_controller/hook/pythonpath.ps1'
[4.169s] INFO:colcon.colcon_core.shell:Creating environment descriptor '/home/nits/master_controller/nits-yantrarnav/ros2_Ws/install/my_robot_controller/share/my_robot_controller/hook/pythonpath.dsv'
[4.170s] INFO:colcon.colcon_core.shell:Creating environment hook '/home/nits/master_controller/nits-yantrarnav/ros2_Ws/install/my_robot_controller/share/my_robot_controller/hook/pythonpath.sh'
[4.173s] Level 1:colcon.colcon_core.environment:checking '/home/nits/master_controller/nits-yantrarnav/ros2_Ws/install/my_robot_controller/bin'
[4.173s] Level 1:colcon.colcon_core.environment:create_environment_scripts_only(my_robot_controller)
[4.174s] INFO:colcon.colcon_core.shell:Creating package script '/home/nits/master_controller/nits-yantrarnav/ros2_Ws/install/my_robot_controller/share/my_robot_controller/package.ps1'
[4.177s] INFO:colcon.colcon_core.shell:Creating package descriptor '/home/nits/master_controller/nits-yantrarnav/ros2_Ws/install/my_robot_controller/share/my_robot_controller/package.dsv'
[4.178s] INFO:colcon.colcon_core.shell:Creating package script '/home/nits/master_controller/nits-yantrarnav/ros2_Ws/install/my_robot_controller/share/my_robot_controller/package.sh'
[4.180s] INFO:colcon.colcon_core.shell:Creating package script '/home/nits/master_controller/nits-yantrarnav/ros2_Ws/install/my_robot_controller/share/my_robot_controller/package.bash'
[4.183s] INFO:colcon.colcon_core.shell:Creating package script '/home/nits/master_controller/nits-yantrarnav/ros2_Ws/install/my_robot_controller/share/my_robot_controller/package.zsh'
[4.185s] Level 1:colcon.colcon_core.environment:create_file_with_runtime_dependencies(/home/nits/master_controller/nits-yantrarnav/ros2_Ws/install/my_robot_controller/share/colcon-core/packages/my_robot_controller)
[4.187s] INFO:colcon.colcon_ros.task.ament_cmake.build:Building ROS package in '/home/nits/master_controller/nits-yantrarnav/ros2_Ws/src/my_robot_launcher' with build type 'ament_cmake'
[4.188s] INFO:colcon.colcon_cmake.task.cmake.build:Building CMake package in '/home/nits/master_controller/nits-yantrarnav/ros2_Ws/src/my_robot_launcher'
[4.188s] INFO:colcon.colcon_core.shell:Skip shell extension 'powershell' for command environment: Not usable outside of PowerShell
[4.188s] DEBUG:colcon.colcon_core.shell:Skip shell extension 'dsv' for command environment
[4.221s] DEBUG:colcon.colcon_core.event_handler.log_command:Invoking command in '/home/nits/master_controller/nits-yantrarnav/ros2_Ws/build/my_robot_launcher': AMENT_PREFIX_PATH=/home/nits/master_controller/nits-yantrarnav/ros2_Ws/install/my_robot_controller:/home/nits/master_controller/nits-yantrarnav/ros2_Ws/install/my_robot_launcher:/home/nits/ros2_ws/install/vision_to_local_pose:/home/nits/ros2_ws/install/realsense2_description:/home/nits/ros2_ws/install/realsense2_camera:/home/nits/ros2_ws/install/realsense2_camera_msgs:/home/nits/ros2_ws/install/new_takeoff_node:/home/nits/ros2_ws/install/my_package:/home/nits/ros2_ws/install/mavros_takeoff:/home/nits/ros2_ws/install/local_zeroing_pkg:/home/nits/ros2_ws/install/landing_area_detector:/home/nits/ros2_ws/install/drone_vio_py:/home/nits/ros2_ws/install/drone_vio_cpp:/home/nits/ros2_ws/install/drone_takeoff:/home/nits/ros2_ws/install/boundary_mapper:/opt/ros/humble CMAKE_PREFIX_PATH=/home/nits/master_controller/nits-yantrarnav/ros2_Ws/install/my_robot_launcher:/home/nits/ros2_ws/install/realsense2_description:/home/nits/ros2_ws/install/realsense2_camera:/home/nits/ros2_ws/install/realsense2_camera_msgs:/home/nits/master_controller/nits-yantrarnav/ros2_Ws/install/my_robot_controller:/home/nits/ros2_ws/install/vision_to_local_pose:/home/nits/ros2_ws/install/new_takeoff_node:/home/nits/ros2_ws/install/my_package:/home/nits/ros2_ws/install/mavros_takeoff:/home/nits/ros2_ws/install/drone_vio_py:/home/nits/ros2_ws/install/drone_takeoff:/opt/ros/humble:/home/nits/ros2_ws/install/local_zeroing_pkg:/home/nits/ros2_ws/install/landing_area_detector:/home/nits/ros2_ws/install/flat_area_detector:/home/nits/ros2_ws/install/drone_vio_cpp:/home/nits/ros2_ws/install/boundary_mapper /usr/bin/cmake --build /home/nits/master_controller/nits-yantrarnav/ros2_Ws/build/my_robot_launcher -- -j6 -l6
[4.309s] DEBUG:colcon.colcon_core.event_handler.log_command:Invoked command in '/home/nits/master_controller/nits-yantrarnav/ros2_Ws/build/my_robot_launcher' returned '0': AMENT_PREFIX_PATH=/home/nits/master_controller/nits-yantrarnav/ros2_Ws/install/my_robot_controller:/home/nits/master_controller/nits-yantrarnav/ros2_Ws/install/my_robot_launcher:/home/nits/ros2_ws/install/vision_to_local_pose:/home/nits/ros2_ws/install/realsense2_description:/home/nits/ros2_ws/install/realsense2_camera:/home/nits/ros2_ws/install/realsense2_camera_msgs:/home/nits/ros2_ws/install/new_takeoff_node:/home/nits/ros2_ws/install/my_package:/home/nits/ros2_ws/install/mavros_takeoff:/home/nits/ros2_ws/install/local_zeroing_pkg:/home/nits/ros2_ws/install/landing_area_detector:/home/nits/ros2_ws/install/drone_vio_py:/home/nits/ros2_ws/install/drone_vio_cpp:/home/nits/ros2_ws/install/drone_takeoff:/home/nits/ros2_ws/install/boundary_mapper:/opt/ros/humble CMAKE_PREFIX_PATH=/home/nits/master_controller/nits-yantrarnav/ros2_Ws/install/my_robot_launcher:/home/nits/ros2_ws/install/realsense2_description:/home/nits/ros2_ws/install/realsense2_camera:/home/nits/ros2_ws/install/realsense2_camera_msgs:/home/nits/master_controller/nits-yantrarnav/ros2_Ws/install/my_robot_controller:/home/nits/ros2_ws/install/vision_to_local_pose:/home/nits/ros2_ws/install/new_takeoff_node:/home/nits/ros2_ws/install/my_package:/home/nits/ros2_ws/install/mavros_takeoff:/home/nits/ros2_ws/install/drone_vio_py:/home/nits/ros2_ws/install/drone_takeoff:/opt/ros/humble:/home/nits/ros2_ws/install/local_zeroing_pkg:/home/nits/ros2_ws/install/landing_area_detector:/home/nits/ros2_ws/install/flat_area_detector:/home/nits/ros2_ws/install/drone_vio_cpp:/home/nits/ros2_ws/install/boundary_mapper /usr/bin/cmake --build /home/nits/master_controller/nits-yantrarnav/ros2_Ws/build/my_robot_launcher -- -j6 -l6
[4.333s] DEBUG:colcon.colcon_core.event_handler.log_command:Invoking command in '/home/nits/master_controller/nits-yantrarnav/ros2_Ws/build/my_robot_launcher': AMENT_PREFIX_PATH=/home/nits/master_controller/nits-yantrarnav/ros2_Ws/install/my_robot_controller:/home/nits/master_controller/nits-yantrarnav/ros2_Ws/install/my_robot_launcher:/home/nits/ros2_ws/install/vision_to_local_pose:/home/nits/ros2_ws/install/realsense2_description:/home/nits/ros2_ws/install/realsense2_camera:/home/nits/ros2_ws/install/realsense2_camera_msgs:/home/nits/ros2_ws/install/new_takeoff_node:/home/nits/ros2_ws/install/my_package:/home/nits/ros2_ws/install/mavros_takeoff:/home/nits/ros2_ws/install/local_zeroing_pkg:/home/nits/ros2_ws/install/landing_area_detector:/home/nits/ros2_ws/install/drone_vio_py:/home/nits/ros2_ws/install/drone_vio_cpp:/home/nits/ros2_ws/install/drone_takeoff:/home/nits/ros2_ws/install/boundary_mapper:/opt/ros/humble CMAKE_PREFIX_PATH=/home/nits/master_controller/nits-yantrarnav/ros2_Ws/install/my_robot_launcher:/home/nits/ros2_ws/install/realsense2_description:/home/nits/ros2_ws/install/realsense2_camera:/home/nits/ros2_ws/install/realsense2_camera_msgs:/home/nits/master_controller/nits-yantrarnav/ros2_Ws/install/my_robot_controller:/home/nits/ros2_ws/install/vision_to_local_pose:/home/nits/ros2_ws/install/new_takeoff_node:/home/nits/ros2_ws/install/my_package:/home/nits/ros2_ws/install/mavros_takeoff:/home/nits/ros2_ws/install/drone_vio_py:/home/nits/ros2_ws/install/drone_takeoff:/opt/ros/humble:/home/nits/ros2_ws/install/local_zeroing_pkg:/home/nits/ros2_ws/install/landing_area_detector:/home/nits/ros2_ws/install/flat_area_detector:/home/nits/ros2_ws/install/drone_vio_cpp:/home/nits/ros2_ws/install/boundary_mapper /usr/bin/cmake --install /home/nits/master_controller/nits-yantrarnav/ros2_Ws/build/my_robot_launcher
[4.381s] Level 1:colcon.colcon_core.environment:create_environment_scripts_only(my_robot_launcher)
[4.382s] Level 1:colcon.colcon_core.environment:checking '/home/nits/master_controller/nits-yantrarnav/ros2_Ws/install/my_robot_launcher' for CMake module files
[4.385s] Level 1:colcon.colcon_core.environment:checking '/home/nits/master_controller/nits-yantrarnav/ros2_Ws/install/my_robot_launcher' for CMake config files
[4.384s] DEBUG:colcon.colcon_core.event_handler.log_command:Invoked command in '/home/nits/master_controller/nits-yantrarnav/ros2_Ws/build/my_robot_launcher' returned '0': AMENT_PREFIX_PATH=/home/nits/master_controller/nits-yantrarnav/ros2_Ws/install/my_robot_controller:/home/nits/master_controller/nits-yantrarnav/ros2_Ws/install/my_robot_launcher:/home/nits/ros2_ws/install/vision_to_local_pose:/home/nits/ros2_ws/install/realsense2_description:/home/nits/ros2_ws/install/realsense2_camera:/home/nits/ros2_ws/install/realsense2_camera_msgs:/home/nits/ros2_ws/install/new_takeoff_node:/home/nits/ros2_ws/install/my_package:/home/nits/ros2_ws/install/mavros_takeoff:/home/nits/ros2_ws/install/local_zeroing_pkg:/home/nits/ros2_ws/install/landing_area_detector:/home/nits/ros2_ws/install/drone_vio_py:/home/nits/ros2_ws/install/drone_vio_cpp:/home/nits/ros2_ws/install/drone_takeoff:/home/nits/ros2_ws/install/boundary_mapper:/opt/ros/humble CMAKE_PREFIX_PATH=/home/nits/master_controller/nits-yantrarnav/ros2_Ws/install/my_robot_launcher:/home/nits/ros2_ws/install/realsense2_description:/home/nits/ros2_ws/install/realsense2_camera:/home/nits/ros2_ws/install/realsense2_camera_msgs:/home/nits/master_controller/nits-yantrarnav/ros2_Ws/install/my_robot_controller:/home/nits/ros2_ws/install/vision_to_local_pose:/home/nits/ros2_ws/install/new_takeoff_node:/home/nits/ros2_ws/install/my_package:/home/nits/ros2_ws/install/mavros_takeoff:/home/nits/ros2_ws/install/drone_vio_py:/home/nits/ros2_ws/install/drone_takeoff:/opt/ros/humble:/home/nits/ros2_ws/install/local_zeroing_pkg:/home/nits/ros2_ws/install/landing_area_detector:/home/nits/ros2_ws/install/flat_area_detector:/home/nits/ros2_ws/install/drone_vio_cpp:/home/nits/ros2_ws/install/boundary_mapper /usr/bin/cmake --install /home/nits/master_controller/nits-yantrarnav/ros2_Ws/build/my_robot_launcher
[4.388s] Level 1:colcon.colcon_core.shell:create_environment_hook('my_robot_launcher', 'cmake_prefix_path')
[4.388s] INFO:colcon.colcon_core.shell:Creating environment hook '/home/nits/master_controller/nits-yantrarnav/ros2_Ws/install/my_robot_launcher/share/my_robot_launcher/hook/cmake_prefix_path.ps1'
[4.391s] INFO:colcon.colcon_core.shell:Creating environment descriptor '/home/nits/master_controller/nits-yantrarnav/ros2_Ws/install/my_robot_launcher/share/my_robot_launcher/hook/cmake_prefix_path.dsv'
[4.393s] INFO:colcon.colcon_core.shell:Creating environment hook '/home/nits/master_controller/nits-yantrarnav/ros2_Ws/install/my_robot_launcher/share/my_robot_launcher/hook/cmake_prefix_path.sh'
[4.395s] Level 1:colcon.colcon_core.environment:checking '/home/nits/master_controller/nits-yantrarnav/ros2_Ws/install/my_robot_launcher/bin'
[4.395s] Level 1:colcon.colcon_core.environment:checking '/home/nits/master_controller/nits-yantrarnav/ros2_Ws/install/my_robot_launcher/lib/pkgconfig/my_robot_launcher.pc'
[4.396s] Level 1:colcon.colcon_core.environment:checking '/home/nits/master_controller/nits-yantrarnav/ros2_Ws/install/my_robot_launcher/lib/python3.10/site-packages'
[4.397s] Level 1:colcon.colcon_core.environment:checking '/home/nits/master_controller/nits-yantrarnav/ros2_Ws/install/my_robot_launcher/bin'
[4.398s] INFO:colcon.colcon_core.shell:Creating package script '/home/nits/master_controller/nits-yantrarnav/ros2_Ws/install/my_robot_launcher/share/my_robot_launcher/package.ps1'
[4.400s] INFO:colcon.colcon_core.shell:Creating package descriptor '/home/nits/master_controller/nits-yantrarnav/ros2_Ws/install/my_robot_launcher/share/my_robot_launcher/package.dsv'
[4.402s] INFO:colcon.colcon_core.shell:Creating package script '/home/nits/master_controller/nits-yantrarnav/ros2_Ws/install/my_robot_launcher/share/my_robot_launcher/package.sh'
[4.403s] INFO:colcon.colcon_core.shell:Creating package script '/home/nits/master_controller/nits-yantrarnav/ros2_Ws/install/my_robot_launcher/share/my_robot_launcher/package.bash'
[4.404s] INFO:colcon.colcon_core.shell:Creating package script '/home/nits/master_controller/nits-yantrarnav/ros2_Ws/install/my_robot_launcher/share/my_robot_launcher/package.zsh'
[4.405s] Level 1:colcon.colcon_core.environment:create_file_with_runtime_dependencies(/home/nits/master_controller/nits-yantrarnav/ros2_Ws/install/my_robot_launcher/share/colcon-core/packages/my_robot_launcher)
[4.407s] Level 1:colcon.colcon_core.environment:create_environment_scripts_only(my_robot_launcher)
[4.408s] Level 1:colcon.colcon_core.environment:checking '/home/nits/master_controller/nits-yantrarnav/ros2_Ws/install/my_robot_launcher' for CMake module files
[4.409s] Level 1:colcon.colcon_core.environment:checking '/home/nits/master_controller/nits-yantrarnav/ros2_Ws/install/my_robot_launcher' for CMake config files
[4.411s] Level 1:colcon.colcon_core.shell:create_environment_hook('my_robot_launcher', 'cmake_prefix_path')
[4.411s] INFO:colcon.colcon_core.shell:Creating environment hook '/home/nits/master_controller/nits-yantrarnav/ros2_Ws/install/my_robot_launcher/share/my_robot_launcher/hook/cmake_prefix_path.ps1'
[4.413s] INFO:colcon.colcon_core.shell:Creating environment descriptor '/home/nits/master_controller/nits-yantrarnav/ros2_Ws/install/my_robot_launcher/share/my_robot_launcher/hook/cmake_prefix_path.dsv'
[4.414s] INFO:colcon.colcon_core.shell:Creating environment hook '/home/nits/master_controller/nits-yantrarnav/ros2_Ws/install/my_robot_launcher/share/my_robot_launcher/hook/cmake_prefix_path.sh'
[4.416s] Level 1:colcon.colcon_core.environment:checking '/home/nits/master_controller/nits-yantrarnav/ros2_Ws/install/my_robot_launcher/bin'
[4.416s] Level 1:colcon.colcon_core.environment:checking '/home/nits/master_controller/nits-yantrarnav/ros2_Ws/install/my_robot_launcher/lib/pkgconfig/my_robot_launcher.pc'
[4.417s] Level 1:colcon.colcon_core.environment:checking '/home/nits/master_controller/nits-yantrarnav/ros2_Ws/install/my_robot_launcher/lib/python3.10/site-packages'
[4.418s] Level 1:colcon.colcon_core.environment:checking '/home/nits/master_controller/nits-yantrarnav/ros2_Ws/install/my_robot_launcher/bin'
[4.419s] INFO:colcon.colcon_core.shell:Creating package script '/home/nits/master_controller/nits-yantrarnav/ros2_Ws/install/my_robot_launcher/share/my_robot_launcher/package.ps1'
[4.420s] INFO:colcon.colcon_core.shell:Creating package descriptor '/home/nits/master_controller/nits-yantrarnav/ros2_Ws/install/my_robot_launcher/share/my_robot_launcher/package.dsv'
[4.422s] INFO:colcon.colcon_core.shell:Creating package script '/home/nits/master_controller/nits-yantrarnav/ros2_Ws/install/my_robot_launcher/share/my_robot_launcher/package.sh'
[4.423s] INFO:colcon.colcon_core.shell:Creating package script '/home/nits/master_controller/nits-yantrarnav/ros2_Ws/install/my_robot_launcher/share/my_robot_launcher/package.bash'
[4.425s] INFO:colcon.colcon_core.shell:Creating package script '/home/nits/master_controller/nits-yantrarnav/ros2_Ws/install/my_robot_launcher/share/my_robot_launcher/package.zsh'
[4.426s] Level 1:colcon.colcon_core.environment:create_file_with_runtime_dependencies(/home/nits/master_controller/nits-yantrarnav/ros2_Ws/install/my_robot_launcher/share/colcon-core/packages/my_robot_launcher)
[4.427s] DEBUG:colcon.colcon_parallel_executor.executor.parallel:closing loop
[4.428s] DEBUG:colcon.colcon_parallel_executor.executor.parallel:loop closed
[4.428s] DEBUG:colcon.colcon_parallel_executor.executor.parallel:run_until_complete finished with '0'
[4.429s] DEBUG:colcon.colcon_core.event_reactor:joining thread
[4.453s] INFO:colcon.colcon_core.plugin_system:Skipping extension 'colcon_notification.desktop_notification.terminal_notifier': Not used on non-Darwin systems
[4.453s] INFO:colcon.colcon_core.plugin_system:Skipping extension 'colcon_notification.desktop_notification.win32': Not used on non-Windows systems
[4.453s] INFO:colcon.colcon_notification.desktop_notification:Sending desktop notification using 'notify2'
[4.532s] DEBUG:colcon.colcon_core.event_reactor:joined thread
[4.534s] INFO:colcon.colcon_core.shell:Creating prefix script '/home/nits/master_controller/nits-yantrarnav/ros2_Ws/install/local_setup.ps1'
[4.537s] INFO:colcon.colcon_core.shell:Creating prefix util module '/home/nits/master_controller/nits-yantrarnav/ros2_Ws/install/_local_setup_util_ps1.py'
[4.541s] INFO:colcon.colcon_core.shell:Creating prefix chain script '/home/nits/master_controller/nits-yantrarnav/ros2_Ws/install/setup.ps1'
[4.548s] INFO:colcon.colcon_core.shell:Creating prefix script '/home/nits/master_controller/nits-yantrarnav/ros2_Ws/install/local_setup.sh'
[4.550s] INFO:colcon.colcon_core.shell:Creating prefix util module '/home/nits/master_controller/nits-yantrarnav/ros2_Ws/install/_local_setup_util_sh.py'
[4.552s] INFO:colcon.colcon_core.shell:Creating prefix chain script '/home/nits/master_controller/nits-yantrarnav/ros2_Ws/install/setup.sh'
[4.556s] INFO:colcon.colcon_core.shell:Creating prefix script '/home/nits/master_controller/nits-yantrarnav/ros2_Ws/install/local_setup.bash'
[4.558s] INFO:colcon.colcon_core.shell:Creating prefix chain script '/home/nits/master_controller/nits-yantrarnav/ros2_Ws/install/setup.bash'
[4.564s] INFO:colcon.colcon_core.shell:Creating prefix script '/home/nits/master_controller/nits-yantrarnav/ros2_Ws/install/local_setup.zsh'
[4.566s] INFO:colcon.colcon_core.shell:Creating prefix chain script '/home/nits/master_controller/nits-yantrarnav/ros2_Ws/install/setup.zsh'
