[1.918s] Invoking command in '/home/nits/master_controller/nits-yantrarnav/ros2_Ws/build/my_robot_controller': PYTHONPATH=/home/nits/master_controller/nits-yantrarnav/ros2_Ws/build/my_robot_controller/prefix_override:/usr/lib/python3/dist-packages/colcon_core/task/python/colcon_distutils_commands:/home/nits/master_controller/nits-yantrarnav/ros2_Ws/install/my_robot_controller/lib/python3.10/site-packages:${PYTHONPATH} /usr/bin/python3 -W ignore:setup.py install is deprecated -W ignore:easy_install command is deprecated setup.py develop --editable --build-directory /home/nits/master_controller/nits-yantrarnav/ros2_Ws/build/my_robot_controller/build --no-deps symlink_data
[2.298s] /home/nits/.local/lib/python3.10/site-packages/setuptools/_distutils/dist.py:289: UserWarning: Unknown distribution option: 'tests_require'
[2.299s]   warnings.warn(msg)
[2.713s] running develop
[3.247s] running egg_info
[3.285s] writing my_robot_controller.egg-info/PKG-INFO
[3.286s] writing dependency_links to my_robot_controller.egg-info/dependency_links.txt
[3.287s] writing entry points to my_robot_controller.egg-info/entry_points.txt
[3.287s] writing requirements to my_robot_controller.egg-info/requires.txt
[3.288s] writing top-level names to my_robot_controller.egg-info/top_level.txt
[3.368s] reading manifest file 'my_robot_controller.egg-info/SOURCES.txt'
[3.370s] writing manifest file 'my_robot_controller.egg-info/SOURCES.txt'
[3.518s] running build_ext
[3.518s] Creating /home/nits/master_controller/nits-yantrarnav/ros2_Ws/install/my_robot_controller/lib/python3.10/site-packages/my-robot-controller.egg-link (link to .)
[3.520s] Installing boundary_mapper script to /home/nits/master_controller/nits-yantrarnav/ros2_Ws/install/my_robot_controller/lib/my_robot_controller
[3.520s] Installing bridge_server script to /home/nits/master_controller/nits-yantrarnav/ros2_Ws/install/my_robot_controller/lib/my_robot_controller
[3.521s] Installing coordinate script to /home/nits/master_controller/nits-yantrarnav/ros2_Ws/install/my_robot_controller/lib/my_robot_controller
[3.521s] Installing flat_area script to /home/nits/master_controller/nits-yantrarnav/ros2_Ws/install/my_robot_controller/lib/my_robot_controller
[3.522s] Installing hover script to /home/nits/master_controller/nits-yantrarnav/ros2_Ws/install/my_robot_controller/lib/my_robot_controller
[3.522s] Installing launch_checker script to /home/nits/master_controller/nits-yantrarnav/ros2_Ws/install/my_robot_controller/lib/my_robot_controller
[3.523s] Installing mode_controller script to /home/nits/master_controller/nits-yantrarnav/ros2_Ws/install/my_robot_controller/lib/my_robot_controller
[3.523s] Installing odom script to /home/nits/master_controller/nits-yantrarnav/ros2_Ws/install/my_robot_controller/lib/my_robot_controller
[3.523s] Installing path_manual script to /home/nits/master_controller/nits-yantrarnav/ros2_Ws/install/my_robot_controller/lib/my_robot_controller
[3.524s] Installing path_mover script to /home/nits/master_controller/nits-yantrarnav/ros2_Ws/install/my_robot_controller/lib/my_robot_controller
[3.524s] Installing path_planner script to /home/nits/master_controller/nits-yantrarnav/ros2_Ws/install/my_robot_controller/lib/my_robot_controller
[3.525s] Installing perpendicular_webcam script to /home/nits/master_controller/nits-yantrarnav/ros2_Ws/install/my_robot_controller/lib/my_robot_controller
[3.526s] 
[3.526s] Installed /home/nits/master_controller/nits-yantrarnav/ros2_Ws/build/my_robot_controller
[3.527s] running symlink_data
[3.634s] Invoked command in '/home/nits/master_controller/nits-yantrarnav/ros2_Ws/build/my_robot_controller' returned '0': PYTHONPATH=/home/nits/master_controller/nits-yantrarnav/ros2_Ws/build/my_robot_controller/prefix_override:/usr/lib/python3/dist-packages/colcon_core/task/python/colcon_distutils_commands:/home/nits/master_controller/nits-yantrarnav/ros2_Ws/install/my_robot_controller/lib/python3.10/site-packages:${PYTHONPATH} /usr/bin/python3 -W ignore:setup.py install is deprecated -W ignore:easy_install command is deprecated setup.py develop --editable --build-directory /home/nits/master_controller/nits-yantrarnav/ros2_Ws/build/my_robot_controller/build --no-deps symlink_data
