-- The C compiler identification is GNU 11.4.0
-- The CXX compiler identification is GNU 11.4.0
-- Detecting C compiler ABI info
-- Detecting C compiler ABI info - done
-- Check for working C compiler: /usr/bin/cc - skipped
-- Detecting C compile features
-- Detecting C compile features - done
-- Detecting CXX compiler ABI info
-- Detecting CXX compiler ABI info - done
-- Check for working CXX compiler: /usr/bin/c++ - skipped
-- Detecting CXX compile features
-- Detecting CXX compile features - done
-- Found ament_cmake: 1.3.11 (/opt/ros/humble/share/ament_cmake/cmake)
-- Found Python3: /usr/bin/python3 (found version "3.10.12") found components: Interpreter 
-- Override CMake install command with custom implementation using symlinks instead of copying resources
-- Configuring done
-- Generating done
-- Build files have been written to: /mnt/f/NITS/ANAV/main/build/my_robot_launcher
gmake: Warning: File 'Makefile' has modification time 1 s in the future
gmake[1]: Warning: File 'CMakeFiles/Makefile2' has modification time 1 s in the future
gmake[1]: warning:  Clock skew detected.  Your build may be incomplete.
gmake: warning:  Clock skew detected.  Your build may be incomplete.
-- Install configuration: ""
-- Execute custom install script
-- Symlinking: /mnt/f/NITS/ANAV/main/install/my_robot_launcher/share/my_robot_launcher/launch/robot.launch.py
-- Symlinking: /mnt/f/NITS/ANAV/main/install/my_robot_launcher/share/ament_index/resource_index/package_run_dependencies/my_robot_launcher
-- Symlinking: /mnt/f/NITS/ANAV/main/install/my_robot_launcher/share/ament_index/resource_index/parent_prefix_path/my_robot_launcher
-- Symlinking: /mnt/f/NITS/ANAV/main/install/my_robot_launcher/share/my_robot_launcher/environment/ament_prefix_path.sh
-- Symlinking: /mnt/f/NITS/ANAV/main/install/my_robot_launcher/share/my_robot_launcher/environment/ament_prefix_path.dsv
-- Symlinking: /mnt/f/NITS/ANAV/main/install/my_robot_launcher/share/my_robot_launcher/environment/path.sh
-- Symlinking: /mnt/f/NITS/ANAV/main/install/my_robot_launcher/share/my_robot_launcher/environment/path.dsv
-- Symlinking: /mnt/f/NITS/ANAV/main/install/my_robot_launcher/share/my_robot_launcher/local_setup.bash
-- Symlinking: /mnt/f/NITS/ANAV/main/install/my_robot_launcher/share/my_robot_launcher/local_setup.sh
-- Symlinking: /mnt/f/NITS/ANAV/main/install/my_robot_launcher/share/my_robot_launcher/local_setup.zsh
-- Symlinking: /mnt/f/NITS/ANAV/main/install/my_robot_launcher/share/my_robot_launcher/local_setup.dsv
-- Symlinking: /mnt/f/NITS/ANAV/main/install/my_robot_launcher/share/my_robot_launcher/package.dsv
-- Symlinking: /mnt/f/NITS/ANAV/main/install/my_robot_launcher/share/ament_index/resource_index/packages/my_robot_launcher
-- Symlinking: /mnt/f/NITS/ANAV/main/install/my_robot_launcher/share/my_robot_launcher/cmake/my_robot_launcherConfig.cmake
-- Symlinking: /mnt/f/NITS/ANAV/main/install/my_robot_launcher/share/my_robot_launcher/cmake/my_robot_launcherConfig-version.cmake
-- Symlinking: /mnt/f/NITS/ANAV/main/install/my_robot_launcher/share/my_robot_launcher/package.xml
