[0.281s] Invoking command in '/mnt/f/NITS/ANAV/main/build/my_robot_launcher': AMENT_PREFIX_PATH=/mnt/f/NITS/ANAV/main/install/my_robot_controller:${AMENT_PREFIX_PATH} CMAKE_PREFIX_PATH=${CMAKE_PREFIX_PATH}:/mnt/f/NITS/ANAV/main/ros2_Ws/install/my_robot_controller:/opt/ros/humble PYTHONPATH=/mnt/f/NITS/ANAV/main/build/my_robot_controller:/mnt/f/NITS/ANAV/main/install/my_robot_controller/lib/python3.10/site-packages:${PYTHONPATH} /usr/bin/cmake /mnt/f/NITS/ANAV/main/ros2_Ws/src/my_robot_launcher -DAMENT_CMAKE_SYMLINK_INSTALL=1 -DCMAKE_INSTALL_PREFIX=/mnt/f/NITS/ANAV/main/install/my_robot_launcher
[2.863s] -- The C compiler identification is GNU 11.4.0
[3.837s] -- The CXX compiler identification is GNU 11.4.0
[4.403s] -- Detecting C compiler ABI info
[5.123s] -- Detecting C compiler ABI info - done
[5.149s] -- Check for working C compiler: /usr/bin/cc - skipped
[5.164s] -- Detecting C compile features
[5.167s] -- Detecting C compile features - done
[5.216s] -- Detecting CXX compiler ABI info
[5.815s] -- Detecting CXX compiler ABI info - done
[5.843s] -- Check for working CXX compiler: /usr/bin/c++ - skipped
[5.844s] -- Detecting CXX compile features
[5.845s] -- Detecting CXX compile features - done
[5.992s] -- Found ament_cmake: 1.3.11 (/opt/ros/humble/share/ament_cmake/cmake)
[7.843s] -- Found Python3: /usr/bin/python3 (found version "3.10.12") found components: Interpreter 
[8.430s] -- Override CMake install command with custom implementation using symlinks instead of copying resources
[11.833s] -- Configuring done
[12.056s] -- Generating done
[12.269s] -- Build files have been written to: /mnt/f/NITS/ANAV/main/build/my_robot_launcher
[12.276s] Invoked command in '/mnt/f/NITS/ANAV/main/build/my_robot_launcher' returned '0': AMENT_PREFIX_PATH=/mnt/f/NITS/ANAV/main/install/my_robot_controller:${AMENT_PREFIX_PATH} CMAKE_PREFIX_PATH=${CMAKE_PREFIX_PATH}:/mnt/f/NITS/ANAV/main/ros2_Ws/install/my_robot_controller:/opt/ros/humble PYTHONPATH=/mnt/f/NITS/ANAV/main/build/my_robot_controller:/mnt/f/NITS/ANAV/main/install/my_robot_controller/lib/python3.10/site-packages:${PYTHONPATH} /usr/bin/cmake /mnt/f/NITS/ANAV/main/ros2_Ws/src/my_robot_launcher -DAMENT_CMAKE_SYMLINK_INSTALL=1 -DCMAKE_INSTALL_PREFIX=/mnt/f/NITS/ANAV/main/install/my_robot_launcher
[12.303s] Invoking command in '/mnt/f/NITS/ANAV/main/build/my_robot_launcher': AMENT_PREFIX_PATH=/mnt/f/NITS/ANAV/main/install/my_robot_controller:${AMENT_PREFIX_PATH} CMAKE_PREFIX_PATH=${CMAKE_PREFIX_PATH}:/mnt/f/NITS/ANAV/main/ros2_Ws/install/my_robot_controller:/opt/ros/humble PYTHONPATH=/mnt/f/NITS/ANAV/main/build/my_robot_controller:/mnt/f/NITS/ANAV/main/install/my_robot_controller/lib/python3.10/site-packages:${PYTHONPATH} /usr/bin/cmake --build /mnt/f/NITS/ANAV/main/build/my_robot_launcher -- -j8 -l8
[12.320s] gmake: Warning: File 'Makefile' has modification time 1 s in the future
[12.379s] gmake[1]: Warning: File 'CMakeFiles/Makefile2' has modification time 1 s in the future
[12.380s] gmake[1]: warning:  Clock skew detected.  Your build may be incomplete.
[12.387s] gmake: warning:  Clock skew detected.  Your build may be incomplete.
[12.389s] Invoked command in '/mnt/f/NITS/ANAV/main/build/my_robot_launcher' returned '0': AMENT_PREFIX_PATH=/mnt/f/NITS/ANAV/main/install/my_robot_controller:${AMENT_PREFIX_PATH} CMAKE_PREFIX_PATH=${CMAKE_PREFIX_PATH}:/mnt/f/NITS/ANAV/main/ros2_Ws/install/my_robot_controller:/opt/ros/humble PYTHONPATH=/mnt/f/NITS/ANAV/main/build/my_robot_controller:/mnt/f/NITS/ANAV/main/install/my_robot_controller/lib/python3.10/site-packages:${PYTHONPATH} /usr/bin/cmake --build /mnt/f/NITS/ANAV/main/build/my_robot_launcher -- -j8 -l8
[12.416s] Invoking command in '/mnt/f/NITS/ANAV/main/build/my_robot_launcher': AMENT_PREFIX_PATH=/mnt/f/NITS/ANAV/main/install/my_robot_controller:${AMENT_PREFIX_PATH} CMAKE_PREFIX_PATH=${CMAKE_PREFIX_PATH}:/mnt/f/NITS/ANAV/main/ros2_Ws/install/my_robot_controller:/opt/ros/humble PYTHONPATH=/mnt/f/NITS/ANAV/main/build/my_robot_controller:/mnt/f/NITS/ANAV/main/install/my_robot_controller/lib/python3.10/site-packages:${PYTHONPATH} /usr/bin/cmake --install /mnt/f/NITS/ANAV/main/build/my_robot_launcher
[12.426s] -- Install configuration: ""
[12.432s] -- Execute custom install script
[12.456s] -- Symlinking: /mnt/f/NITS/ANAV/main/install/my_robot_launcher/share/my_robot_launcher/launch/robot.launch.py
[12.500s] -- Symlinking: /mnt/f/NITS/ANAV/main/install/my_robot_launcher/share/ament_index/resource_index/package_run_dependencies/my_robot_launcher
[12.628s] -- Symlinking: /mnt/f/NITS/ANAV/main/install/my_robot_launcher/share/ament_index/resource_index/parent_prefix_path/my_robot_launcher
[12.666s] -- Symlinking: /mnt/f/NITS/ANAV/main/install/my_robot_launcher/share/my_robot_launcher/environment/ament_prefix_path.sh
[12.696s] -- Symlinking: /mnt/f/NITS/ANAV/main/install/my_robot_launcher/share/my_robot_launcher/environment/ament_prefix_path.dsv
[12.725s] -- Symlinking: /mnt/f/NITS/ANAV/main/install/my_robot_launcher/share/my_robot_launcher/environment/path.sh
[12.912s] -- Symlinking: /mnt/f/NITS/ANAV/main/install/my_robot_launcher/share/my_robot_launcher/environment/path.dsv
[12.942s] -- Symlinking: /mnt/f/NITS/ANAV/main/install/my_robot_launcher/share/my_robot_launcher/local_setup.bash
[12.967s] -- Symlinking: /mnt/f/NITS/ANAV/main/install/my_robot_launcher/share/my_robot_launcher/local_setup.sh
[12.996s] -- Symlinking: /mnt/f/NITS/ANAV/main/install/my_robot_launcher/share/my_robot_launcher/local_setup.zsh
[13.023s] -- Symlinking: /mnt/f/NITS/ANAV/main/install/my_robot_launcher/share/my_robot_launcher/local_setup.dsv
[13.052s] -- Symlinking: /mnt/f/NITS/ANAV/main/install/my_robot_launcher/share/my_robot_launcher/package.dsv
[13.097s] -- Symlinking: /mnt/f/NITS/ANAV/main/install/my_robot_launcher/share/ament_index/resource_index/packages/my_robot_launcher
[13.153s] -- Symlinking: /mnt/f/NITS/ANAV/main/install/my_robot_launcher/share/my_robot_launcher/cmake/my_robot_launcherConfig.cmake
[13.184s] -- Symlinking: /mnt/f/NITS/ANAV/main/install/my_robot_launcher/share/my_robot_launcher/cmake/my_robot_launcherConfig-version.cmake
[13.214s] -- Symlinking: /mnt/f/NITS/ANAV/main/install/my_robot_launcher/share/my_robot_launcher/package.xml
[13.243s] Invoked command in '/mnt/f/NITS/ANAV/main/build/my_robot_launcher' returned '0': AMENT_PREFIX_PATH=/mnt/f/NITS/ANAV/main/install/my_robot_controller:${AMENT_PREFIX_PATH} CMAKE_PREFIX_PATH=${CMAKE_PREFIX_PATH}:/mnt/f/NITS/ANAV/main/ros2_Ws/install/my_robot_controller:/opt/ros/humble PYTHONPATH=/mnt/f/NITS/ANAV/main/build/my_robot_controller:/mnt/f/NITS/ANAV/main/install/my_robot_controller/lib/python3.10/site-packages:${PYTHONPATH} /usr/bin/cmake --install /mnt/f/NITS/ANAV/main/build/my_robot_launcher
