[2.650s] Invoking command in '/home/nits/master_controller/nits-yantrarnav/ros2_Ws/build/my_robot_controller': PYTHONPATH=/home/nits/master_controller/nits-yantrarnav/ros2_Ws/build/my_robot_controller/prefix_override:/usr/lib/python3/dist-packages/colcon_core/task/python/colcon_distutils_commands:/home/nits/master_controller/nits-yantrarnav/ros2_Ws/install/my_robot_controller/lib/python3.10/site-packages:${PYTHONPATH} /usr/bin/python3 -W ignore:setup.py install is deprecated -W ignore:easy_install command is deprecated setup.py develop --editable --build-directory /home/nits/master_controller/nits-yantrarnav/ros2_Ws/build/my_robot_controller/build --no-deps symlink_data
[3.068s] /home/nits/.local/lib/python3.10/site-packages/setuptools/_distutils/dist.py:289: UserWarning: Unknown distribution option: 'tests_require'
[3.070s]   warnings.warn(msg)
[3.517s] running develop
[4.085s] running egg_info
[4.126s] creating my_robot_controller.egg-info
[4.126s] writing my_robot_controller.egg-info/PKG-INFO
[4.127s] writing dependency_links to my_robot_controller.egg-info/dependency_links.txt
[4.128s] writing entry points to my_robot_controller.egg-info/entry_points.txt
[4.129s] writing requirements to my_robot_controller.egg-info/requires.txt
[4.129s] writing top-level names to my_robot_controller.egg-info/top_level.txt
[4.129s] writing manifest file 'my_robot_controller.egg-info/SOURCES.txt'
[4.215s] reading manifest file 'my_robot_controller.egg-info/SOURCES.txt'
[4.218s] writing manifest file 'my_robot_controller.egg-info/SOURCES.txt'
[4.387s] running build_ext
[4.387s] Creating /home/nits/master_controller/nits-yantrarnav/ros2_Ws/install/my_robot_controller/lib/python3.10/site-packages/my-robot-controller.egg-link (link to .)
[4.390s] Installing boundary_mapper script to /home/nits/master_controller/nits-yantrarnav/ros2_Ws/install/my_robot_controller/lib/my_robot_controller
[4.390s] Installing bridge_server script to /home/nits/master_controller/nits-yantrarnav/ros2_Ws/install/my_robot_controller/lib/my_robot_controller
[4.391s] Installing bridge_server_combined script to /home/nits/master_controller/nits-yantrarnav/ros2_Ws/install/my_robot_controller/lib/my_robot_controller
[4.391s] Installing coordinate script to /home/nits/master_controller/nits-yantrarnav/ros2_Ws/install/my_robot_controller/lib/my_robot_controller
[4.391s] Installing flat_area script to /home/nits/master_controller/nits-yantrarnav/ros2_Ws/install/my_robot_controller/lib/my_robot_controller
[4.392s] Installing height_publisher script to /home/nits/master_controller/nits-yantrarnav/ros2_Ws/install/my_robot_controller/lib/my_robot_controller
[4.392s] Installing hover script to /home/nits/master_controller/nits-yantrarnav/ros2_Ws/install/my_robot_controller/lib/my_robot_controller
[4.392s] Installing launch_checker script to /home/nits/master_controller/nits-yantrarnav/ros2_Ws/install/my_robot_controller/lib/my_robot_controller
[4.393s] Installing mode_controller script to /home/nits/master_controller/nits-yantrarnav/ros2_Ws/install/my_robot_controller/lib/my_robot_controller
[4.393s] Installing odom script to /home/nits/master_controller/nits-yantrarnav/ros2_Ws/install/my_robot_controller/lib/my_robot_controller
[4.402s] Installing path_manual script to /home/nits/master_controller/nits-yantrarnav/ros2_Ws/install/my_robot_controller/lib/my_robot_controller
[4.403s] Installing path_planner script to /home/nits/master_controller/nits-yantrarnav/ros2_Ws/install/my_robot_controller/lib/my_robot_controller
[4.403s] Installing perpendicular_webcam script to /home/nits/master_controller/nits-yantrarnav/ros2_Ws/install/my_robot_controller/lib/my_robot_controller
[4.403s] 
[4.403s] Installed /home/nits/master_controller/nits-yantrarnav/ros2_Ws/build/my_robot_controller
[4.403s] running symlink_data
[4.403s] creating /home/nits/master_controller/nits-yantrarnav/ros2_Ws/install/my_robot_controller/share/ament_index/resource_index/packages
[4.404s] symbolically linking /home/nits/master_controller/nits-yantrarnav/ros2_Ws/build/my_robot_controller/resource/my_robot_controller -> /home/nits/master_controller/nits-yantrarnav/ros2_Ws/install/my_robot_controller/share/ament_index/resource_index/packages
[4.404s] symbolically linking /home/nits/master_controller/nits-yantrarnav/ros2_Ws/build/my_robot_controller/package.xml -> /home/nits/master_controller/nits-yantrarnav/ros2_Ws/install/my_robot_controller/share/my_robot_controller
[4.548s] Invoked command in '/home/nits/master_controller/nits-yantrarnav/ros2_Ws/build/my_robot_controller' returned '0': PYTHONPATH=/home/nits/master_controller/nits-yantrarnav/ros2_Ws/build/my_robot_controller/prefix_override:/usr/lib/python3/dist-packages/colcon_core/task/python/colcon_distutils_commands:/home/nits/master_controller/nits-yantrarnav/ros2_Ws/install/my_robot_controller/lib/python3.10/site-packages:${PYTHONPATH} /usr/bin/python3 -W ignore:setup.py install is deprecated -W ignore:easy_install command is deprecated setup.py develop --editable --build-directory /home/nits/master_controller/nits-yantrarnav/ros2_Ws/build/my_robot_controller/build --no-deps symlink_data
