[2.316s] Invoking command in '/mnt/f/NITS/ANAV/main/ros2_Ws/build/my_robot_controller': PYTHONPATH=/mnt/f/NITS/ANAV/main/ros2_Ws/build/my_robot_controller/prefix_override:/usr/lib/python3/dist-packages/colcon_core/task/python/colcon_distutils_commands:/mnt/f/NITS/ANAV/main/ros2_Ws/install/my_robot_controller/lib/python3.10/site-packages:${PYTHONPATH} /usr/bin/python3 -W ignore:setup.py install is deprecated -W ignore:easy_install command is deprecated setup.py develop --editable --build-directory /mnt/f/NITS/ANAV/main/ros2_Ws/build/my_robot_controller/build --no-deps symlink_data
[3.053s] running develop
[3.354s] running egg_info
[3.356s] writing my_robot_controller.egg-info/PKG-INFO
[3.361s] writing dependency_links to my_robot_controller.egg-info/dependency_links.txt
[3.366s] writing entry points to my_robot_controller.egg-info/entry_points.txt
[3.369s] writing requirements to my_robot_controller.egg-info/requires.txt
[3.372s] writing top-level names to my_robot_controller.egg-info/top_level.txt
[3.430s] reading manifest file 'my_robot_controller.egg-info/SOURCES.txt'
[3.532s] writing manifest file 'my_robot_controller.egg-info/SOURCES.txt'
[3.544s] running build_ext
[3.545s] Creating /mnt/f/NITS/ANAV/main/ros2_Ws/install/my_robot_controller/lib/python3.10/site-packages/my-robot-controller.egg-link (link to .)
[3.566s] Installing boundary_mapper script to /mnt/f/NITS/ANAV/main/ros2_Ws/install/my_robot_controller/lib/my_robot_controller
[3.583s] Installing bridge_server script to /mnt/f/NITS/ANAV/main/ros2_Ws/install/my_robot_controller/lib/my_robot_controller
[3.600s] Installing coordinate script to /mnt/f/NITS/ANAV/main/ros2_Ws/install/my_robot_controller/lib/my_robot_controller
[3.638s] Installing flat_area script to /mnt/f/NITS/ANAV/main/ros2_Ws/install/my_robot_controller/lib/my_robot_controller
[3.660s] Installing hover script to /mnt/f/NITS/ANAV/main/ros2_Ws/install/my_robot_controller/lib/my_robot_controller
[3.674s] Installing launch_checker script to /mnt/f/NITS/ANAV/main/ros2_Ws/install/my_robot_controller/lib/my_robot_controller
[3.687s] Installing mode_controller script to /mnt/f/NITS/ANAV/main/ros2_Ws/install/my_robot_controller/lib/my_robot_controller
[3.701s] Installing odom script to /mnt/f/NITS/ANAV/main/ros2_Ws/install/my_robot_controller/lib/my_robot_controller
[3.714s] Installing path_manual script to /mnt/f/NITS/ANAV/main/ros2_Ws/install/my_robot_controller/lib/my_robot_controller
[3.730s] Installing path_mover script to /mnt/f/NITS/ANAV/main/ros2_Ws/install/my_robot_controller/lib/my_robot_controller
[3.745s] Installing path_planner script to /mnt/f/NITS/ANAV/main/ros2_Ws/install/my_robot_controller/lib/my_robot_controller
[3.762s] Installing perpendicular_webcam script to /mnt/f/NITS/ANAV/main/ros2_Ws/install/my_robot_controller/lib/my_robot_controller
[3.781s] 
[3.781s] Installed /mnt/f/NITS/ANAV/main/ros2_Ws/build/my_robot_controller
[3.784s] running symlink_data
[3.851s] Invoked command in '/mnt/f/NITS/ANAV/main/ros2_Ws/build/my_robot_controller' returned '0': PYTHONPATH=/mnt/f/NITS/ANAV/main/ros2_Ws/build/my_robot_controller/prefix_override:/usr/lib/python3/dist-packages/colcon_core/task/python/colcon_distutils_commands:/mnt/f/NITS/ANAV/main/ros2_Ws/install/my_robot_controller/lib/python3.10/site-packages:${PYTHONPATH} /usr/bin/python3 -W ignore:setup.py install is deprecated -W ignore:easy_install command is deprecated setup.py develop --editable --build-directory /mnt/f/NITS/ANAV/main/ros2_Ws/build/my_robot_controller/build --no-deps symlink_data
