[1.879s] Invoking command in '/mnt/f/NITS/ANAV/main/ros2_Ws/build/my_robot_controller': PYTHONPATH=/mnt/f/NITS/ANAV/main/ros2_Ws/build/my_robot_controller/prefix_override:/usr/lib/python3/dist-packages/colcon_core/task/python/colcon_distutils_commands:/mnt/f/NITS/ANAV/main/ros2_Ws/install/my_robot_controller/lib/python3.10/site-packages:${PYTHONPATH} /usr/bin/python3 -W ignore:setup.py install is deprecated -W ignore:easy_install command is deprecated setup.py develop --editable --build-directory /mnt/f/NITS/ANAV/main/ros2_Ws/build/my_robot_controller/build --no-deps symlink_data --force
[2.654s] running develop
[2.938s] running egg_info
[2.939s] writing my_robot_controller.egg-info/PKG-INFO
[2.943s] writing dependency_links to my_robot_controller.egg-info/dependency_links.txt
[2.950s] writing entry points to my_robot_controller.egg-info/entry_points.txt
[2.951s] writing requirements to my_robot_controller.egg-info/requires.txt
[2.952s] writing top-level names to my_robot_controller.egg-info/top_level.txt
[3.000s] reading manifest file 'my_robot_controller.egg-info/SOURCES.txt'
[3.067s] writing manifest file 'my_robot_controller.egg-info/SOURCES.txt'
[3.077s] running build_ext
[3.078s] Creating /mnt/f/NITS/ANAV/main/ros2_Ws/install/my_robot_controller/lib/python3.10/site-packages/my-robot-controller.egg-link (link to .)
[3.097s] Installing draw_circle script to /mnt/f/NITS/ANAV/main/ros2_Ws/install/my_robot_controller/lib/my_robot_controller
[3.108s] Installing test_node script to /mnt/f/NITS/ANAV/main/ros2_Ws/install/my_robot_controller/lib/my_robot_controller
[3.130s] 
[3.131s] Installed /mnt/f/NITS/ANAV/main/ros2_Ws/build/my_robot_controller
[3.134s] running symlink_data
[3.155s] symbolically linking /mnt/f/NITS/ANAV/main/ros2_Ws/build/my_robot_controller/resource/my_robot_controller -> /mnt/f/NITS/ANAV/main/ros2_Ws/install/my_robot_controller/share/ament_index/resource_index/packages
[3.175s] symbolically linking /mnt/f/NITS/ANAV/main/ros2_Ws/build/my_robot_controller/package.xml -> /mnt/f/NITS/ANAV/main/ros2_Ws/install/my_robot_controller/share/my_robot_controller
[3.222s] Invoked command in '/mnt/f/NITS/ANAV/main/ros2_Ws/build/my_robot_controller' returned '0': PYTHONPATH=/mnt/f/NITS/ANAV/main/ros2_Ws/build/my_robot_controller/prefix_override:/usr/lib/python3/dist-packages/colcon_core/task/python/colcon_distutils_commands:/mnt/f/NITS/ANAV/main/ros2_Ws/install/my_robot_controller/lib/python3.10/site-packages:${PYTHONPATH} /usr/bin/python3 -W ignore:setup.py install is deprecated -W ignore:easy_install command is deprecated setup.py develop --editable --build-directory /mnt/f/NITS/ANAV/main/ros2_Ws/build/my_robot_controller/build --no-deps symlink_data --force
