[0.259s] Invoking command in '/mnt/f/NITS/ANAV/main/ros2_Ws/build/my_robot_launcher': AMENT_PREFIX_PATH=/mnt/f/NITS/ANAV/main/ros2_Ws/install/my_robot_controller:/mnt/f/NITS/ANAV/main/ros2_Ws/install/my_robot_launcher:/opt/ros/humble CMAKE_PREFIX_PATH=${CMAKE_PREFIX_PATH}:/mnt/f/NITS/ANAV/main/ros2_Ws/install/my_robot_controller:/opt/ros/humble PYTHONPATH=/mnt/f/NITS/ANAV/main/ros2_Ws/build/my_robot_controller:/mnt/f/NITS/ANAV/main/ros2_Ws/install/my_robot_controller/lib/python3.10/site-packages:/home/nits/master_controller/nits-yantrarnav/ros2_Ws/build/my_robot_controller:/opt/ros/humble/lib/python3.10/site-packages:/opt/ros/humble/local/lib/python3.10/dist-packages /usr/bin/cmake --build /mnt/f/NITS/ANAV/main/ros2_Ws/build/my_robot_launcher -- -j8 -l8
[0.382s] Invoked command in '/mnt/f/NITS/ANAV/main/ros2_Ws/build/my_robot_launcher' returned '0': AMENT_PREFIX_PATH=/mnt/f/NITS/ANAV/main/ros2_Ws/install/my_robot_controller:/mnt/f/NITS/ANAV/main/ros2_Ws/install/my_robot_launcher:/opt/ros/humble CMAKE_PREFIX_PATH=${CMAKE_PREFIX_PATH}:/mnt/f/NITS/ANAV/main/ros2_Ws/install/my_robot_controller:/opt/ros/humble PYTHONPATH=/mnt/f/NITS/ANAV/main/ros2_Ws/build/my_robot_controller:/mnt/f/NITS/ANAV/main/ros2_Ws/install/my_robot_controller/lib/python3.10/site-packages:/home/nits/master_controller/nits-yantrarnav/ros2_Ws/build/my_robot_controller:/opt/ros/humble/lib/python3.10/site-packages:/opt/ros/humble/local/lib/python3.10/dist-packages /usr/bin/cmake --build /mnt/f/NITS/ANAV/main/ros2_Ws/build/my_robot_launcher -- -j8 -l8
[0.408s] Invoking command in '/mnt/f/NITS/ANAV/main/ros2_Ws/build/my_robot_launcher': AMENT_PREFIX_PATH=/mnt/f/NITS/ANAV/main/ros2_Ws/install/my_robot_controller:/mnt/f/NITS/ANAV/main/ros2_Ws/install/my_robot_launcher:/opt/ros/humble CMAKE_PREFIX_PATH=${CMAKE_PREFIX_PATH}:/mnt/f/NITS/ANAV/main/ros2_Ws/install/my_robot_controller:/opt/ros/humble PYTHONPATH=/mnt/f/NITS/ANAV/main/ros2_Ws/build/my_robot_controller:/mnt/f/NITS/ANAV/main/ros2_Ws/install/my_robot_controller/lib/python3.10/site-packages:/home/nits/master_controller/nits-yantrarnav/ros2_Ws/build/my_robot_controller:/opt/ros/humble/lib/python3.10/site-packages:/opt/ros/humble/local/lib/python3.10/dist-packages /usr/bin/cmake --install /mnt/f/NITS/ANAV/main/ros2_Ws/build/my_robot_launcher
[0.418s] -- Install configuration: ""
[0.425s] -- Execute custom install script
[0.456s] -- Up-to-date symlink: /mnt/f/NITS/ANAV/main/ros2_Ws/install/my_robot_launcher/share/my_robot_launcher/launch/robot.launch.py
[0.493s] -- Up-to-date symlink: /mnt/f/NITS/ANAV/main/ros2_Ws/install/my_robot_launcher/share/ament_index/resource_index/package_run_dependencies/my_robot_launcher
[0.532s] -- Up-to-date symlink: /mnt/f/NITS/ANAV/main/ros2_Ws/install/my_robot_launcher/share/ament_index/resource_index/parent_prefix_path/my_robot_launcher
[0.549s] -- Up-to-date symlink: /mnt/f/NITS/ANAV/main/ros2_Ws/install/my_robot_launcher/share/my_robot_launcher/environment/ament_prefix_path.sh
[0.576s] -- Up-to-date symlink: /mnt/f/NITS/ANAV/main/ros2_Ws/install/my_robot_launcher/share/my_robot_launcher/environment/ament_prefix_path.dsv
[0.585s] -- Up-to-date symlink: /mnt/f/NITS/ANAV/main/ros2_Ws/install/my_robot_launcher/share/my_robot_launcher/environment/path.sh
[0.603s] -- Up-to-date symlink: /mnt/f/NITS/ANAV/main/ros2_Ws/install/my_robot_launcher/share/my_robot_launcher/environment/path.dsv
[0.618s] -- Up-to-date symlink: /mnt/f/NITS/ANAV/main/ros2_Ws/install/my_robot_launcher/share/my_robot_launcher/local_setup.bash
[0.634s] -- Up-to-date symlink: /mnt/f/NITS/ANAV/main/ros2_Ws/install/my_robot_launcher/share/my_robot_launcher/local_setup.sh
[0.650s] -- Up-to-date symlink: /mnt/f/NITS/ANAV/main/ros2_Ws/install/my_robot_launcher/share/my_robot_launcher/local_setup.zsh
[0.665s] -- Up-to-date symlink: /mnt/f/NITS/ANAV/main/ros2_Ws/install/my_robot_launcher/share/my_robot_launcher/local_setup.dsv
[0.672s] -- Symlinking: /mnt/f/NITS/ANAV/main/ros2_Ws/install/my_robot_launcher/share/my_robot_launcher/package.dsv
[0.734s] -- Up-to-date symlink: /mnt/f/NITS/ANAV/main/ros2_Ws/install/my_robot_launcher/share/ament_index/resource_index/packages/my_robot_launcher
[0.751s] -- Up-to-date symlink: /mnt/f/NITS/ANAV/main/ros2_Ws/install/my_robot_launcher/share/my_robot_launcher/cmake/my_robot_launcherConfig.cmake
[0.766s] -- Up-to-date symlink: /mnt/f/NITS/ANAV/main/ros2_Ws/install/my_robot_launcher/share/my_robot_launcher/cmake/my_robot_launcherConfig-version.cmake
[0.785s] -- Up-to-date symlink: /mnt/f/NITS/ANAV/main/ros2_Ws/install/my_robot_launcher/share/my_robot_launcher/package.xml
[0.789s] Invoked command in '/mnt/f/NITS/ANAV/main/ros2_Ws/build/my_robot_launcher' returned '0': AMENT_PREFIX_PATH=/mnt/f/NITS/ANAV/main/ros2_Ws/install/my_robot_controller:/mnt/f/NITS/ANAV/main/ros2_Ws/install/my_robot_launcher:/opt/ros/humble CMAKE_PREFIX_PATH=${CMAKE_PREFIX_PATH}:/mnt/f/NITS/ANAV/main/ros2_Ws/install/my_robot_controller:/opt/ros/humble PYTHONPATH=/mnt/f/NITS/ANAV/main/ros2_Ws/build/my_robot_controller:/mnt/f/NITS/ANAV/main/ros2_Ws/install/my_robot_controller/lib/python3.10/site-packages:/home/nits/master_controller/nits-yantrarnav/ros2_Ws/build/my_robot_controller:/opt/ros/humble/lib/python3.10/site-packages:/opt/ros/humble/local/lib/python3.10/dist-packages /usr/bin/cmake --install /mnt/f/NITS/ANAV/main/ros2_Ws/build/my_robot_launcher
