[0.315s] DEBUG:colcon:Command line arguments: ['/usr/bin/colcon', 'build', '--symlink-install', '--packages-select', 'my_robot_controller', 'my_robot_launcher']
[0.316s] DEBUG:colcon:Parsed command line arguments: Namespace(log_base=None, log_level=None, verb_name='build', build_base='build', install_base='install', merge_install=False, symlink_install=True, test_result_base=None, continue_on_error=False, executor='parallel', parallel_workers=6, event_handlers=None, ignore_user_meta=False, metas=['./colcon.meta'], base_paths=['.'], packages_ignore=None, packages_ignore_regex=None, paths=None, packages_up_to=None, packages_up_to_regex=None, packages_above=None, packages_above_and_dependencies=None, packages_above_depth=None, packages_select_by_dep=None, packages_skip_by_dep=None, packages_skip_up_to=None, packages_select_build_failed=False, packages_skip_build_finished=False, packages_select_test_failures=False, packages_skip_test_passed=False, packages_select=['my_robot_controller', 'my_robot_launcher'], packages_skip=None, packages_select_regex=None, packages_skip_regex=None, packages_start=None, packages_end=None, allow_overriding=[], cmake_args=None, cmake_target=None, cmake_target_skip_unavailable=False, cmake_clean_cache=False, cmake_clean_first=False, cmake_force_configure=False, ament_cmake_args=None, catkin_cmake_args=None, catkin_skip_building_tests=False, mixin_files=None, mixin=None, verb_parser=<colcon_mixin.mixin.mixin_argument.MixinArgumentDecorator object at 0xffffb67ed720>, verb_extension=<colcon_core.verb.build.BuildVerb object at 0xffffb69c2d10>, main=<bound method BuildVerb.main of <colcon_core.verb.build.BuildVerb object at 0xffffb69c2d10>>, mixin_verb=('build',))
[0.435s] Level 1:colcon.colcon_core.package_discovery:discover_packages(colcon_meta) check parameters
[0.435s] Level 1:colcon.colcon_core.package_discovery:discover_packages(recursive) check parameters
[0.436s] Level 1:colcon.colcon_core.package_discovery:discover_packages(ignore) check parameters
[0.436s] Level 1:colcon.colcon_core.package_discovery:discover_packages(path) check parameters
[0.436s] Level 1:colcon.colcon_core.package_discovery:discover_packages(colcon_meta) discover
[0.436s] Level 1:colcon.colcon_core.package_discovery:discover_packages(recursive) discover
[0.436s] INFO:colcon.colcon_core.package_discovery:Crawling recursively for packages in '/home/nits/master_controller/nits-yantrarnav/ros2_Ws'
[0.437s] Level 1:colcon.colcon_core.package_identification:_identify(.) by extensions ['ignore', 'ignore_ament_install']
[0.437s] Level 1:colcon.colcon_core.package_identification:_identify(.) by extension 'ignore'
[0.437s] Level 1:colcon.colcon_core.package_identification:_identify(.) by extension 'ignore_ament_install'
[0.437s] Level 1:colcon.colcon_core.package_identification:_identify(.) by extensions ['colcon_pkg']
[0.437s] Level 1:colcon.colcon_core.package_identification:_identify(.) by extension 'colcon_pkg'
[0.437s] Level 1:colcon.colcon_core.package_identification:_identify(.) by extensions ['colcon_meta']
[0.437s] Level 1:colcon.colcon_core.package_identification:_identify(.) by extension 'colcon_meta'
[0.438s] Level 1:colcon.colcon_core.package_identification:_identify(.) by extensions ['ros']
[0.438s] Level 1:colcon.colcon_core.package_identification:_identify(.) by extension 'ros'
[0.476s] Level 1:colcon.colcon_core.package_identification:_identify(.) by extensions ['cmake', 'python']
[0.477s] Level 1:colcon.colcon_core.package_identification:_identify(.) by extension 'cmake'
[0.477s] Level 1:colcon.colcon_core.package_identification:_identify(.) by extension 'python'
[0.477s] Level 1:colcon.colcon_core.package_identification:_identify(.) by extensions ['python_setup_py']
[0.477s] Level 1:colcon.colcon_core.package_identification:_identify(.) by extension 'python_setup_py'
[0.478s] Level 1:colcon.colcon_core.package_identification:_identify(build) by extensions ['ignore', 'ignore_ament_install']
[0.478s] Level 1:colcon.colcon_core.package_identification:_identify(build) by extension 'ignore'
[0.478s] Level 1:colcon.colcon_core.package_identification:_identify(build) ignored
[0.479s] Level 1:colcon.colcon_core.package_identification:_identify(install) by extensions ['ignore', 'ignore_ament_install']
[0.479s] Level 1:colcon.colcon_core.package_identification:_identify(install) by extension 'ignore'
[0.479s] Level 1:colcon.colcon_core.package_identification:_identify(install) ignored
[0.479s] Level 1:colcon.colcon_core.package_identification:_identify(log) by extensions ['ignore', 'ignore_ament_install']
[0.479s] Level 1:colcon.colcon_core.package_identification:_identify(log) by extension 'ignore'
[0.479s] Level 1:colcon.colcon_core.package_identification:_identify(log) ignored
[0.480s] Level 1:colcon.colcon_core.package_identification:_identify(src) by extensions ['ignore', 'ignore_ament_install']
[0.480s] Level 1:colcon.colcon_core.package_identification:_identify(src) by extension 'ignore'
[0.480s] Level 1:colcon.colcon_core.package_identification:_identify(src) by extension 'ignore_ament_install'
[0.480s] Level 1:colcon.colcon_core.package_identification:_identify(src) by extensions ['colcon_pkg']
[0.480s] Level 1:colcon.colcon_core.package_identification:_identify(src) by extension 'colcon_pkg'
[0.480s] Level 1:colcon.colcon_core.package_identification:_identify(src) by extensions ['colcon_meta']
[0.480s] Level 1:colcon.colcon_core.package_identification:_identify(src) by extension 'colcon_meta'
[0.481s] Level 1:colcon.colcon_core.package_identification:_identify(src) by extensions ['ros']
[0.481s] Level 1:colcon.colcon_core.package_identification:_identify(src) by extension 'ros'
[0.481s] Level 1:colcon.colcon_core.package_identification:_identify(src) by extensions ['cmake', 'python']
[0.481s] Level 1:colcon.colcon_core.package_identification:_identify(src) by extension 'cmake'
[0.481s] Level 1:colcon.colcon_core.package_identification:_identify(src) by extension 'python'
[0.481s] Level 1:colcon.colcon_core.package_identification:_identify(src) by extensions ['python_setup_py']
[0.481s] Level 1:colcon.colcon_core.package_identification:_identify(src) by extension 'python_setup_py'
[0.481s] Level 1:colcon.colcon_core.package_identification:_identify(src/my_robot_controller) by extensions ['ignore', 'ignore_ament_install']
[0.482s] Level 1:colcon.colcon_core.package_identification:_identify(src/my_robot_controller) by extension 'ignore'
[0.482s] Level 1:colcon.colcon_core.package_identification:_identify(src/my_robot_controller) by extension 'ignore_ament_install'
[0.482s] Level 1:colcon.colcon_core.package_identification:_identify(src/my_robot_controller) by extensions ['colcon_pkg']
[0.482s] Level 1:colcon.colcon_core.package_identification:_identify(src/my_robot_controller) by extension 'colcon_pkg'
[0.482s] Level 1:colcon.colcon_core.package_identification:_identify(src/my_robot_controller) by extensions ['colcon_meta']
[0.482s] Level 1:colcon.colcon_core.package_identification:_identify(src/my_robot_controller) by extension 'colcon_meta'
[0.482s] Level 1:colcon.colcon_core.package_identification:_identify(src/my_robot_controller) by extensions ['ros']
[0.482s] Level 1:colcon.colcon_core.package_identification:_identify(src/my_robot_controller) by extension 'ros'
[0.491s] DEBUG:colcon.colcon_core.package_identification:Package 'src/my_robot_controller' with type 'ros.ament_python' and name 'my_robot_controller'
[0.491s] Level 1:colcon.colcon_core.package_identification:_identify(src/my_robot_launcher) by extensions ['ignore', 'ignore_ament_install']
[0.491s] Level 1:colcon.colcon_core.package_identification:_identify(src/my_robot_launcher) by extension 'ignore'
[0.492s] Level 1:colcon.colcon_core.package_identification:_identify(src/my_robot_launcher) by extension 'ignore_ament_install'
[0.492s] Level 1:colcon.colcon_core.package_identification:_identify(src/my_robot_launcher) by extensions ['colcon_pkg']
[0.492s] Level 1:colcon.colcon_core.package_identification:_identify(src/my_robot_launcher) by extension 'colcon_pkg'
[0.492s] Level 1:colcon.colcon_core.package_identification:_identify(src/my_robot_launcher) by extensions ['colcon_meta']
[0.492s] Level 1:colcon.colcon_core.package_identification:_identify(src/my_robot_launcher) by extension 'colcon_meta'
[0.492s] Level 1:colcon.colcon_core.package_identification:_identify(src/my_robot_launcher) by extensions ['ros']
[0.492s] Level 1:colcon.colcon_core.package_identification:_identify(src/my_robot_launcher) by extension 'ros'
[0.494s] DEBUG:colcon.colcon_core.package_identification:Package 'src/my_robot_launcher' with type 'ros.ament_cmake' and name 'my_robot_launcher'
[0.494s] Level 1:colcon.colcon_core.package_discovery:discover_packages(recursive) using defaults
[0.494s] Level 1:colcon.colcon_core.package_discovery:discover_packages(ignore) discover
[0.494s] Level 1:colcon.colcon_core.package_discovery:discover_packages(ignore) using defaults
[0.494s] Level 1:colcon.colcon_core.package_discovery:discover_packages(path) discover
[0.494s] Level 1:colcon.colcon_core.package_discovery:discover_packages(path) using defaults
[0.551s] Level 1:colcon.colcon_core.package_discovery:discover_packages(prefix_path) check parameters
[0.551s] Level 1:colcon.colcon_core.package_discovery:discover_packages(prefix_path) discover
[0.559s] DEBUG:colcon.colcon_installed_package_information.package_discovery:Found 2 installed packages in /home/nits/master_controller/nits-yantrarnav/ros2_Ws/install
[0.561s] DEBUG:colcon.colcon_installed_package_information.package_discovery:Found 16 installed packages in /home/nits/ros2_ws/install
[0.565s] DEBUG:colcon.colcon_installed_package_information.package_discovery:Found 357 installed packages in /opt/ros/humble
[0.569s] Level 1:colcon.colcon_core.package_discovery:discover_packages(prefix_path) using defaults
[0.686s] Level 5:colcon.colcon_core.verb:set package 'my_robot_controller' build argument 'cmake_args' from command line to 'None'
[0.686s] Level 5:colcon.colcon_core.verb:set package 'my_robot_controller' build argument 'cmake_target' from command line to 'None'
[0.686s] Level 5:colcon.colcon_core.verb:set package 'my_robot_controller' build argument 'cmake_target_skip_unavailable' from command line to 'False'
[0.686s] Level 5:colcon.colcon_core.verb:set package 'my_robot_controller' build argument 'cmake_clean_cache' from command line to 'False'
[0.686s] Level 5:colcon.colcon_core.verb:set package 'my_robot_controller' build argument 'cmake_clean_first' from command line to 'False'
[0.686s] Level 5:colcon.colcon_core.verb:set package 'my_robot_controller' build argument 'cmake_force_configure' from command line to 'False'
[0.686s] Level 5:colcon.colcon_core.verb:set package 'my_robot_controller' build argument 'ament_cmake_args' from command line to 'None'
[0.686s] Level 5:colcon.colcon_core.verb:set package 'my_robot_controller' build argument 'catkin_cmake_args' from command line to 'None'
[0.686s] Level 5:colcon.colcon_core.verb:set package 'my_robot_controller' build argument 'catkin_skip_building_tests' from command line to 'False'
[0.687s] DEBUG:colcon.colcon_core.verb:Building package 'my_robot_controller' with the following arguments: {'ament_cmake_args': None, 'build_base': '/home/nits/master_controller/nits-yantrarnav/ros2_Ws/build/my_robot_controller', 'catkin_cmake_args': None, 'catkin_skip_building_tests': False, 'cmake_args': None, 'cmake_clean_cache': False, 'cmake_clean_first': False, 'cmake_force_configure': False, 'cmake_target': None, 'cmake_target_skip_unavailable': False, 'install_base': '/home/nits/master_controller/nits-yantrarnav/ros2_Ws/install/my_robot_controller', 'merge_install': False, 'path': '/home/nits/master_controller/nits-yantrarnav/ros2_Ws/src/my_robot_controller', 'symlink_install': True, 'test_result_base': None}
[0.687s] Level 5:colcon.colcon_core.verb:set package 'my_robot_launcher' build argument 'cmake_args' from command line to 'None'
[0.687s] Level 5:colcon.colcon_core.verb:set package 'my_robot_launcher' build argument 'cmake_target' from command line to 'None'
[0.687s] Level 5:colcon.colcon_core.verb:set package 'my_robot_launcher' build argument 'cmake_target_skip_unavailable' from command line to 'False'
[0.688s] Level 5:colcon.colcon_core.verb:set package 'my_robot_launcher' build argument 'cmake_clean_cache' from command line to 'False'
[0.688s] Level 5:colcon.colcon_core.verb:set package 'my_robot_launcher' build argument 'cmake_clean_first' from command line to 'False'
[0.688s] Level 5:colcon.colcon_core.verb:set package 'my_robot_launcher' build argument 'cmake_force_configure' from command line to 'False'
[0.688s] Level 5:colcon.colcon_core.verb:set package 'my_robot_launcher' build argument 'ament_cmake_args' from command line to 'None'
[0.688s] Level 5:colcon.colcon_core.verb:set package 'my_robot_launcher' build argument 'catkin_cmake_args' from command line to 'None'
[0.688s] Level 5:colcon.colcon_core.verb:set package 'my_robot_launcher' build argument 'catkin_skip_building_tests' from command line to 'False'
[0.688s] DEBUG:colcon.colcon_core.verb:Building package 'my_robot_launcher' with the following arguments: {'ament_cmake_args': None, 'build_base': '/home/nits/master_controller/nits-yantrarnav/ros2_Ws/build/my_robot_launcher', 'catkin_cmake_args': None, 'catkin_skip_building_tests': False, 'cmake_args': None, 'cmake_clean_cache': False, 'cmake_clean_first': False, 'cmake_force_configure': False, 'cmake_target': None, 'cmake_target_skip_unavailable': False, 'install_base': '/home/nits/master_controller/nits-yantrarnav/ros2_Ws/install/my_robot_launcher', 'merge_install': False, 'path': '/home/nits/master_controller/nits-yantrarnav/ros2_Ws/src/my_robot_launcher', 'symlink_install': True, 'test_result_base': None}
[0.688s] INFO:colcon.colcon_core.executor:Executing jobs using 'parallel' executor
[0.691s] DEBUG:colcon.colcon_parallel_executor.executor.parallel:run_until_complete
[0.691s] INFO:colcon.colcon_ros.task.ament_python.build:Building ROS package in '/home/nits/master_controller/nits-yantrarnav/ros2_Ws/src/my_robot_controller' with build type 'ament_python'
[0.691s] Level 1:colcon.colcon_core.shell:create_environment_hook('my_robot_controller', 'ament_prefix_path')
[0.699s] INFO:colcon.colcon_core.plugin_system:Skipping extension 'colcon_core.shell.bat': Not used on non-Windows systems
[0.700s] INFO:colcon.colcon_core.shell:Creating environment hook '/home/nits/master_controller/nits-yantrarnav/ros2_Ws/install/my_robot_controller/share/my_robot_controller/hook/ament_prefix_path.ps1'
[0.702s] INFO:colcon.colcon_core.shell:Creating environment descriptor '/home/nits/master_controller/nits-yantrarnav/ros2_Ws/install/my_robot_controller/share/my_robot_controller/hook/ament_prefix_path.dsv'
[0.708s] INFO:colcon.colcon_core.shell:Creating environment hook '/home/nits/master_controller/nits-yantrarnav/ros2_Ws/install/my_robot_controller/share/my_robot_controller/hook/ament_prefix_path.sh'
[0.713s] INFO:colcon.colcon_core.shell:Skip shell extension 'powershell' for command environment: Not usable outside of PowerShell
[0.713s] DEBUG:colcon.colcon_core.shell:Skip shell extension 'dsv' for command environment
[1.354s] INFO:colcon.colcon_core.task.python.build:Building Python package in '/home/nits/master_controller/nits-yantrarnav/ros2_Ws/src/my_robot_controller'
[1.355s] INFO:colcon.colcon_core.shell:Skip shell extension 'powershell' for command environment: Not usable outside of PowerShell
[1.355s] DEBUG:colcon.colcon_core.shell:Skip shell extension 'dsv' for command environment
[3.074s] DEBUG:colcon.colcon_core.event_handler.log_command:Invoking command in '/home/nits/master_controller/nits-yantrarnav/ros2_Ws/build/my_robot_controller': PYTHONPATH=/home/nits/master_controller/nits-yantrarnav/ros2_Ws/build/my_robot_controller/prefix_override:/usr/lib/python3/dist-packages/colcon_core/task/python/colcon_distutils_commands:/home/nits/master_controller/nits-yantrarnav/ros2_Ws/install/my_robot_controller/lib/python3.10/site-packages:${PYTHONPATH} /usr/bin/python3 -W ignore:setup.py install is deprecated -W ignore:easy_install command is deprecated setup.py develop --editable --build-directory /home/nits/master_controller/nits-yantrarnav/ros2_Ws/build/my_robot_controller/build --no-deps symlink_data
[5.041s] Level 1:colcon.colcon_core.shell:create_environment_hook('my_robot_controller', 'pythonpath_develop')
[5.042s] INFO:colcon.colcon_core.shell:Creating environment hook '/home/nits/master_controller/nits-yantrarnav/ros2_Ws/build/my_robot_controller/share/my_robot_controller/hook/pythonpath_develop.ps1'
[5.044s] DEBUG:colcon.colcon_core.event_handler.log_command:Invoked command in '/home/nits/master_controller/nits-yantrarnav/ros2_Ws/build/my_robot_controller' returned '0': PYTHONPATH=/home/nits/master_controller/nits-yantrarnav/ros2_Ws/build/my_robot_controller/prefix_override:/usr/lib/python3/dist-packages/colcon_core/task/python/colcon_distutils_commands:/home/nits/master_controller/nits-yantrarnav/ros2_Ws/install/my_robot_controller/lib/python3.10/site-packages:${PYTHONPATH} /usr/bin/python3 -W ignore:setup.py install is deprecated -W ignore:easy_install command is deprecated setup.py develop --editable --build-directory /home/nits/master_controller/nits-yantrarnav/ros2_Ws/build/my_robot_controller/build --no-deps symlink_data
[5.045s] INFO:colcon.colcon_core.shell:Creating environment descriptor '/home/nits/master_controller/nits-yantrarnav/ros2_Ws/build/my_robot_controller/share/my_robot_controller/hook/pythonpath_develop.dsv'
[5.050s] INFO:colcon.colcon_core.shell:Creating environment hook '/home/nits/master_controller/nits-yantrarnav/ros2_Ws/build/my_robot_controller/share/my_robot_controller/hook/pythonpath_develop.sh'
[5.069s] Level 1:colcon.colcon_core.environment:checking '/home/nits/master_controller/nits-yantrarnav/ros2_Ws/install/my_robot_controller' for CMake module files
[5.070s] Level 1:colcon.colcon_core.environment:checking '/home/nits/master_controller/nits-yantrarnav/ros2_Ws/install/my_robot_controller' for CMake config files
[5.072s] Level 1:colcon.colcon_core.environment:checking '/home/nits/master_controller/nits-yantrarnav/ros2_Ws/install/my_robot_controller/lib'
[5.073s] Level 1:colcon.colcon_core.environment:checking '/home/nits/master_controller/nits-yantrarnav/ros2_Ws/install/my_robot_controller/bin'
[5.073s] Level 1:colcon.colcon_core.environment:checking '/home/nits/master_controller/nits-yantrarnav/ros2_Ws/install/my_robot_controller/lib/pkgconfig/my_robot_controller.pc'
[5.074s] Level 1:colcon.colcon_core.environment:checking '/home/nits/master_controller/nits-yantrarnav/ros2_Ws/install/my_robot_controller/lib/python3.10/site-packages'
[5.074s] Level 1:colcon.colcon_core.shell:create_environment_hook('my_robot_controller', 'pythonpath')
[5.078s] INFO:colcon.colcon_core.shell:Creating environment hook '/home/nits/master_controller/nits-yantrarnav/ros2_Ws/install/my_robot_controller/share/my_robot_controller/hook/pythonpath.ps1'
[5.081s] INFO:colcon.colcon_core.shell:Creating environment descriptor '/home/nits/master_controller/nits-yantrarnav/ros2_Ws/install/my_robot_controller/share/my_robot_controller/hook/pythonpath.dsv'
[5.083s] INFO:colcon.colcon_core.shell:Creating environment hook '/home/nits/master_controller/nits-yantrarnav/ros2_Ws/install/my_robot_controller/share/my_robot_controller/hook/pythonpath.sh'
[5.084s] Level 1:colcon.colcon_core.environment:checking '/home/nits/master_controller/nits-yantrarnav/ros2_Ws/install/my_robot_controller/bin'
[5.085s] Level 1:colcon.colcon_core.environment:create_environment_scripts_only(my_robot_controller)
[5.086s] INFO:colcon.colcon_core.shell:Creating package script '/home/nits/master_controller/nits-yantrarnav/ros2_Ws/install/my_robot_controller/share/my_robot_controller/package.ps1'
[5.091s] INFO:colcon.colcon_core.shell:Creating package descriptor '/home/nits/master_controller/nits-yantrarnav/ros2_Ws/install/my_robot_controller/share/my_robot_controller/package.dsv'
[5.107s] INFO:colcon.colcon_core.shell:Creating package script '/home/nits/master_controller/nits-yantrarnav/ros2_Ws/install/my_robot_controller/share/my_robot_controller/package.sh'
[5.110s] INFO:colcon.colcon_core.shell:Creating package script '/home/nits/master_controller/nits-yantrarnav/ros2_Ws/install/my_robot_controller/share/my_robot_controller/package.bash'
[5.113s] INFO:colcon.colcon_core.shell:Creating package script '/home/nits/master_controller/nits-yantrarnav/ros2_Ws/install/my_robot_controller/share/my_robot_controller/package.zsh'
[5.115s] Level 1:colcon.colcon_core.environment:create_file_with_runtime_dependencies(/home/nits/master_controller/nits-yantrarnav/ros2_Ws/install/my_robot_controller/share/colcon-core/packages/my_robot_controller)
[5.119s] INFO:colcon.colcon_ros.task.ament_cmake.build:Building ROS package in '/home/nits/master_controller/nits-yantrarnav/ros2_Ws/src/my_robot_launcher' with build type 'ament_cmake'
[5.121s] INFO:colcon.colcon_cmake.task.cmake.build:Building CMake package in '/home/nits/master_controller/nits-yantrarnav/ros2_Ws/src/my_robot_launcher'
[5.122s] INFO:colcon.colcon_core.shell:Skip shell extension 'powershell' for command environment: Not usable outside of PowerShell
[5.123s] DEBUG:colcon.colcon_core.shell:Skip shell extension 'dsv' for command environment
[5.161s] DEBUG:colcon.colcon_core.event_handler.log_command:Invoking command in '/home/nits/master_controller/nits-yantrarnav/ros2_Ws/build/my_robot_launcher': AMENT_PREFIX_PATH=/home/nits/master_controller/nits-yantrarnav/ros2_Ws/install/my_robot_controller:/home/nits/master_controller/nits-yantrarnav/ros2_Ws/install/my_robot_launcher:/home/nits/ros2_ws/install/vision_to_local_pose:/home/nits/ros2_ws/install/realsense2_description:/home/nits/ros2_ws/install/realsense2_camera:/home/nits/ros2_ws/install/realsense2_camera_msgs:/home/nits/ros2_ws/install/pose_relay:/home/nits/ros2_ws/install/new_takeoff_node:/home/nits/ros2_ws/install/my_package:/home/nits/ros2_ws/install/mavros_takeoff:/home/nits/ros2_ws/install/local_zeroing_pkg:/home/nits/ros2_ws/install/landing_area_detector:/home/nits/ros2_ws/install/drone_vio_py:/home/nits/ros2_ws/install/drone_vio_cpp:/home/nits/ros2_ws/install/drone_takeoff:/home/nits/ros2_ws/install/boundary_mapper:/home/nits/ros2_ws/install/altitude_package:/opt/ros/humble CMAKE_PREFIX_PATH=/home/nits/master_controller/nits-yantrarnav/ros2_Ws/install/my_robot_launcher:/home/nits/ros2_ws/install/realsense2_description:/home/nits/ros2_ws/install/realsense2_camera:/home/nits/ros2_ws/install/realsense2_camera_msgs:/home/nits/master_controller/nits-yantrarnav/ros2_Ws/install/my_robot_controller:/home/nits/ros2_ws/install/vision_to_local_pose:/home/nits/ros2_ws/install/pose_relay:/home/nits/ros2_ws/install/new_takeoff_node:/home/nits/ros2_ws/install/my_package:/home/nits/ros2_ws/install/mavros_takeoff:/home/nits/ros2_ws/install/drone_vio_py:/home/nits/ros2_ws/install/drone_takeoff:/home/nits/ros2_ws/install/altitude_package:/opt/ros/humble:/home/nits/ros2_ws/install/local_zeroing_pkg:/home/nits/ros2_ws/install/landing_area_detector:/home/nits/ros2_ws/install/flat_area_detector:/home/nits/ros2_ws/install/drone_vio_cpp:/home/nits/ros2_ws/install/boundary_mapper PYTHONPATH=/home/nits/master_controller/nits-yantrarnav/ros2_Ws/build/my_robot_controller:/home/nits/master_controller/nits-yantrarnav/ros2_Ws/install/my_robot_controller/lib/python3.10/site-packages:/mnt/f/NITS/ANAV/main/ros2_Ws/build/my_robot_controller:/home/nits/ros2_ws/install/vision_to_local_pose/lib/python3.10/site-packages:/home/nits/ros2_ws/install/realsense2_camera_msgs/local/lib/python3.10/dist-packages:/home/nits/ros2_ws/install/pose_relay/lib/python3.10/site-packages:/home/nits/ros2_ws/install/new_takeoff_node/lib/python3.10/site-packages:/home/nits/ros2_ws/install/my_package/lib/python3.10/site-packages:/home/nits/ros2_ws/install/mavros_takeoff/lib/python3.10/site-packages:/home/nits/ros2_ws/install/drone_vio_py/lib/python3.10/site-packages:/home/nits/ros2_ws/install/drone_takeoff/lib/python3.10/site-packages:/home/nits/ros2_ws/install/altitude_package/lib/python3.10/site-packages:/opt/ros/humble/lib/python3.10/site-packages:/opt/ros/humble/local/lib/python3.10/dist-packages /usr/bin/cmake --build /home/nits/master_controller/nits-yantrarnav/ros2_Ws/build/my_robot_launcher -- -j6 -l6
[5.318s] DEBUG:colcon.colcon_core.event_handler.log_command:Invoked command in '/home/nits/master_controller/nits-yantrarnav/ros2_Ws/build/my_robot_launcher' returned '0': AMENT_PREFIX_PATH=/home/nits/master_controller/nits-yantrarnav/ros2_Ws/install/my_robot_controller:/home/nits/master_controller/nits-yantrarnav/ros2_Ws/install/my_robot_launcher:/home/nits/ros2_ws/install/vision_to_local_pose:/home/nits/ros2_ws/install/realsense2_description:/home/nits/ros2_ws/install/realsense2_camera:/home/nits/ros2_ws/install/realsense2_camera_msgs:/home/nits/ros2_ws/install/pose_relay:/home/nits/ros2_ws/install/new_takeoff_node:/home/nits/ros2_ws/install/my_package:/home/nits/ros2_ws/install/mavros_takeoff:/home/nits/ros2_ws/install/local_zeroing_pkg:/home/nits/ros2_ws/install/landing_area_detector:/home/nits/ros2_ws/install/drone_vio_py:/home/nits/ros2_ws/install/drone_vio_cpp:/home/nits/ros2_ws/install/drone_takeoff:/home/nits/ros2_ws/install/boundary_mapper:/home/nits/ros2_ws/install/altitude_package:/opt/ros/humble CMAKE_PREFIX_PATH=/home/nits/master_controller/nits-yantrarnav/ros2_Ws/install/my_robot_launcher:/home/nits/ros2_ws/install/realsense2_description:/home/nits/ros2_ws/install/realsense2_camera:/home/nits/ros2_ws/install/realsense2_camera_msgs:/home/nits/master_controller/nits-yantrarnav/ros2_Ws/install/my_robot_controller:/home/nits/ros2_ws/install/vision_to_local_pose:/home/nits/ros2_ws/install/pose_relay:/home/nits/ros2_ws/install/new_takeoff_node:/home/nits/ros2_ws/install/my_package:/home/nits/ros2_ws/install/mavros_takeoff:/home/nits/ros2_ws/install/drone_vio_py:/home/nits/ros2_ws/install/drone_takeoff:/home/nits/ros2_ws/install/altitude_package:/opt/ros/humble:/home/nits/ros2_ws/install/local_zeroing_pkg:/home/nits/ros2_ws/install/landing_area_detector:/home/nits/ros2_ws/install/flat_area_detector:/home/nits/ros2_ws/install/drone_vio_cpp:/home/nits/ros2_ws/install/boundary_mapper PYTHONPATH=/home/nits/master_controller/nits-yantrarnav/ros2_Ws/build/my_robot_controller:/home/nits/master_controller/nits-yantrarnav/ros2_Ws/install/my_robot_controller/lib/python3.10/site-packages:/mnt/f/NITS/ANAV/main/ros2_Ws/build/my_robot_controller:/home/nits/ros2_ws/install/vision_to_local_pose/lib/python3.10/site-packages:/home/nits/ros2_ws/install/realsense2_camera_msgs/local/lib/python3.10/dist-packages:/home/nits/ros2_ws/install/pose_relay/lib/python3.10/site-packages:/home/nits/ros2_ws/install/new_takeoff_node/lib/python3.10/site-packages:/home/nits/ros2_ws/install/my_package/lib/python3.10/site-packages:/home/nits/ros2_ws/install/mavros_takeoff/lib/python3.10/site-packages:/home/nits/ros2_ws/install/drone_vio_py/lib/python3.10/site-packages:/home/nits/ros2_ws/install/drone_takeoff/lib/python3.10/site-packages:/home/nits/ros2_ws/install/altitude_package/lib/python3.10/site-packages:/opt/ros/humble/lib/python3.10/site-packages:/opt/ros/humble/local/lib/python3.10/dist-packages /usr/bin/cmake --build /home/nits/master_controller/nits-yantrarnav/ros2_Ws/build/my_robot_launcher -- -j6 -l6
[5.339s] DEBUG:colcon.colcon_core.event_handler.log_command:Invoking command in '/home/nits/master_controller/nits-yantrarnav/ros2_Ws/build/my_robot_launcher': AMENT_PREFIX_PATH=/home/nits/master_controller/nits-yantrarnav/ros2_Ws/install/my_robot_controller:/home/nits/master_controller/nits-yantrarnav/ros2_Ws/install/my_robot_launcher:/home/nits/ros2_ws/install/vision_to_local_pose:/home/nits/ros2_ws/install/realsense2_description:/home/nits/ros2_ws/install/realsense2_camera:/home/nits/ros2_ws/install/realsense2_camera_msgs:/home/nits/ros2_ws/install/pose_relay:/home/nits/ros2_ws/install/new_takeoff_node:/home/nits/ros2_ws/install/my_package:/home/nits/ros2_ws/install/mavros_takeoff:/home/nits/ros2_ws/install/local_zeroing_pkg:/home/nits/ros2_ws/install/landing_area_detector:/home/nits/ros2_ws/install/drone_vio_py:/home/nits/ros2_ws/install/drone_vio_cpp:/home/nits/ros2_ws/install/drone_takeoff:/home/nits/ros2_ws/install/boundary_mapper:/home/nits/ros2_ws/install/altitude_package:/opt/ros/humble CMAKE_PREFIX_PATH=/home/nits/master_controller/nits-yantrarnav/ros2_Ws/install/my_robot_launcher:/home/nits/ros2_ws/install/realsense2_description:/home/nits/ros2_ws/install/realsense2_camera:/home/nits/ros2_ws/install/realsense2_camera_msgs:/home/nits/master_controller/nits-yantrarnav/ros2_Ws/install/my_robot_controller:/home/nits/ros2_ws/install/vision_to_local_pose:/home/nits/ros2_ws/install/pose_relay:/home/nits/ros2_ws/install/new_takeoff_node:/home/nits/ros2_ws/install/my_package:/home/nits/ros2_ws/install/mavros_takeoff:/home/nits/ros2_ws/install/drone_vio_py:/home/nits/ros2_ws/install/drone_takeoff:/home/nits/ros2_ws/install/altitude_package:/opt/ros/humble:/home/nits/ros2_ws/install/local_zeroing_pkg:/home/nits/ros2_ws/install/landing_area_detector:/home/nits/ros2_ws/install/flat_area_detector:/home/nits/ros2_ws/install/drone_vio_cpp:/home/nits/ros2_ws/install/boundary_mapper PYTHONPATH=/home/nits/master_controller/nits-yantrarnav/ros2_Ws/build/my_robot_controller:/home/nits/master_controller/nits-yantrarnav/ros2_Ws/install/my_robot_controller/lib/python3.10/site-packages:/mnt/f/NITS/ANAV/main/ros2_Ws/build/my_robot_controller:/home/nits/ros2_ws/install/vision_to_local_pose/lib/python3.10/site-packages:/home/nits/ros2_ws/install/realsense2_camera_msgs/local/lib/python3.10/dist-packages:/home/nits/ros2_ws/install/pose_relay/lib/python3.10/site-packages:/home/nits/ros2_ws/install/new_takeoff_node/lib/python3.10/site-packages:/home/nits/ros2_ws/install/my_package/lib/python3.10/site-packages:/home/nits/ros2_ws/install/mavros_takeoff/lib/python3.10/site-packages:/home/nits/ros2_ws/install/drone_vio_py/lib/python3.10/site-packages:/home/nits/ros2_ws/install/drone_takeoff/lib/python3.10/site-packages:/home/nits/ros2_ws/install/altitude_package/lib/python3.10/site-packages:/opt/ros/humble/lib/python3.10/site-packages:/opt/ros/humble/local/lib/python3.10/dist-packages /usr/bin/cmake --install /home/nits/master_controller/nits-yantrarnav/ros2_Ws/build/my_robot_launcher
[5.397s] Level 1:colcon.colcon_core.environment:create_environment_scripts_only(my_robot_launcher)
[5.397s] Level 1:colcon.colcon_core.environment:checking '/home/nits/master_controller/nits-yantrarnav/ros2_Ws/install/my_robot_launcher' for CMake module files
[5.399s] DEBUG:colcon.colcon_core.event_handler.log_command:Invoked command in '/home/nits/master_controller/nits-yantrarnav/ros2_Ws/build/my_robot_launcher' returned '0': AMENT_PREFIX_PATH=/home/nits/master_controller/nits-yantrarnav/ros2_Ws/install/my_robot_controller:/home/nits/master_controller/nits-yantrarnav/ros2_Ws/install/my_robot_launcher:/home/nits/ros2_ws/install/vision_to_local_pose:/home/nits/ros2_ws/install/realsense2_description:/home/nits/ros2_ws/install/realsense2_camera:/home/nits/ros2_ws/install/realsense2_camera_msgs:/home/nits/ros2_ws/install/pose_relay:/home/nits/ros2_ws/install/new_takeoff_node:/home/nits/ros2_ws/install/my_package:/home/nits/ros2_ws/install/mavros_takeoff:/home/nits/ros2_ws/install/local_zeroing_pkg:/home/nits/ros2_ws/install/landing_area_detector:/home/nits/ros2_ws/install/drone_vio_py:/home/nits/ros2_ws/install/drone_vio_cpp:/home/nits/ros2_ws/install/drone_takeoff:/home/nits/ros2_ws/install/boundary_mapper:/home/nits/ros2_ws/install/altitude_package:/opt/ros/humble CMAKE_PREFIX_PATH=/home/nits/master_controller/nits-yantrarnav/ros2_Ws/install/my_robot_launcher:/home/nits/ros2_ws/install/realsense2_description:/home/nits/ros2_ws/install/realsense2_camera:/home/nits/ros2_ws/install/realsense2_camera_msgs:/home/nits/master_controller/nits-yantrarnav/ros2_Ws/install/my_robot_controller:/home/nits/ros2_ws/install/vision_to_local_pose:/home/nits/ros2_ws/install/pose_relay:/home/nits/ros2_ws/install/new_takeoff_node:/home/nits/ros2_ws/install/my_package:/home/nits/ros2_ws/install/mavros_takeoff:/home/nits/ros2_ws/install/drone_vio_py:/home/nits/ros2_ws/install/drone_takeoff:/home/nits/ros2_ws/install/altitude_package:/opt/ros/humble:/home/nits/ros2_ws/install/local_zeroing_pkg:/home/nits/ros2_ws/install/landing_area_detector:/home/nits/ros2_ws/install/flat_area_detector:/home/nits/ros2_ws/install/drone_vio_cpp:/home/nits/ros2_ws/install/boundary_mapper PYTHONPATH=/home/nits/master_controller/nits-yantrarnav/ros2_Ws/build/my_robot_controller:/home/nits/master_controller/nits-yantrarnav/ros2_Ws/install/my_robot_controller/lib/python3.10/site-packages:/mnt/f/NITS/ANAV/main/ros2_Ws/build/my_robot_controller:/home/nits/ros2_ws/install/vision_to_local_pose/lib/python3.10/site-packages:/home/nits/ros2_ws/install/realsense2_camera_msgs/local/lib/python3.10/dist-packages:/home/nits/ros2_ws/install/pose_relay/lib/python3.10/site-packages:/home/nits/ros2_ws/install/new_takeoff_node/lib/python3.10/site-packages:/home/nits/ros2_ws/install/my_package/lib/python3.10/site-packages:/home/nits/ros2_ws/install/mavros_takeoff/lib/python3.10/site-packages:/home/nits/ros2_ws/install/drone_vio_py/lib/python3.10/site-packages:/home/nits/ros2_ws/install/drone_takeoff/lib/python3.10/site-packages:/home/nits/ros2_ws/install/altitude_package/lib/python3.10/site-packages:/opt/ros/humble/lib/python3.10/site-packages:/opt/ros/humble/local/lib/python3.10/dist-packages /usr/bin/cmake --install /home/nits/master_controller/nits-yantrarnav/ros2_Ws/build/my_robot_launcher
[5.400s] Level 1:colcon.colcon_core.environment:checking '/home/nits/master_controller/nits-yantrarnav/ros2_Ws/install/my_robot_launcher' for CMake config files
[5.400s] Level 1:colcon.colcon_core.shell:create_environment_hook('my_robot_launcher', 'cmake_prefix_path')
[5.401s] INFO:colcon.colcon_core.shell:Creating environment hook '/home/nits/master_controller/nits-yantrarnav/ros2_Ws/install/my_robot_launcher/share/my_robot_launcher/hook/cmake_prefix_path.ps1'
[5.402s] INFO:colcon.colcon_core.shell:Creating environment descriptor '/home/nits/master_controller/nits-yantrarnav/ros2_Ws/install/my_robot_launcher/share/my_robot_launcher/hook/cmake_prefix_path.dsv'
[5.403s] INFO:colcon.colcon_core.shell:Creating environment hook '/home/nits/master_controller/nits-yantrarnav/ros2_Ws/install/my_robot_launcher/share/my_robot_launcher/hook/cmake_prefix_path.sh'
[5.405s] Level 1:colcon.colcon_core.environment:checking '/home/nits/master_controller/nits-yantrarnav/ros2_Ws/install/my_robot_launcher/bin'
[5.406s] Level 1:colcon.colcon_core.environment:checking '/home/nits/master_controller/nits-yantrarnav/ros2_Ws/install/my_robot_launcher/lib/pkgconfig/my_robot_launcher.pc'
[5.406s] Level 1:colcon.colcon_core.environment:checking '/home/nits/master_controller/nits-yantrarnav/ros2_Ws/install/my_robot_launcher/lib/python3.10/site-packages'
[5.407s] Level 1:colcon.colcon_core.environment:checking '/home/nits/master_controller/nits-yantrarnav/ros2_Ws/install/my_robot_launcher/bin'
[5.407s] INFO:colcon.colcon_core.shell:Creating package script '/home/nits/master_controller/nits-yantrarnav/ros2_Ws/install/my_robot_launcher/share/my_robot_launcher/package.ps1'
[5.409s] INFO:colcon.colcon_core.shell:Creating package descriptor '/home/nits/master_controller/nits-yantrarnav/ros2_Ws/install/my_robot_launcher/share/my_robot_launcher/package.dsv'
[5.410s] INFO:colcon.colcon_core.shell:Creating package script '/home/nits/master_controller/nits-yantrarnav/ros2_Ws/install/my_robot_launcher/share/my_robot_launcher/package.sh'
[5.411s] INFO:colcon.colcon_core.shell:Creating package script '/home/nits/master_controller/nits-yantrarnav/ros2_Ws/install/my_robot_launcher/share/my_robot_launcher/package.bash'
[5.412s] INFO:colcon.colcon_core.shell:Creating package script '/home/nits/master_controller/nits-yantrarnav/ros2_Ws/install/my_robot_launcher/share/my_robot_launcher/package.zsh'
[5.414s] Level 1:colcon.colcon_core.environment:create_file_with_runtime_dependencies(/home/nits/master_controller/nits-yantrarnav/ros2_Ws/install/my_robot_launcher/share/colcon-core/packages/my_robot_launcher)
[5.416s] Level 1:colcon.colcon_core.environment:create_environment_scripts_only(my_robot_launcher)
[5.416s] Level 1:colcon.colcon_core.environment:checking '/home/nits/master_controller/nits-yantrarnav/ros2_Ws/install/my_robot_launcher' for CMake module files
[5.417s] Level 1:colcon.colcon_core.environment:checking '/home/nits/master_controller/nits-yantrarnav/ros2_Ws/install/my_robot_launcher' for CMake config files
[5.418s] Level 1:colcon.colcon_core.shell:create_environment_hook('my_robot_launcher', 'cmake_prefix_path')
[5.418s] INFO:colcon.colcon_core.shell:Creating environment hook '/home/nits/master_controller/nits-yantrarnav/ros2_Ws/install/my_robot_launcher/share/my_robot_launcher/hook/cmake_prefix_path.ps1'
[5.419s] INFO:colcon.colcon_core.shell:Creating environment descriptor '/home/nits/master_controller/nits-yantrarnav/ros2_Ws/install/my_robot_launcher/share/my_robot_launcher/hook/cmake_prefix_path.dsv'
[5.420s] INFO:colcon.colcon_core.shell:Creating environment hook '/home/nits/master_controller/nits-yantrarnav/ros2_Ws/install/my_robot_launcher/share/my_robot_launcher/hook/cmake_prefix_path.sh'
[5.422s] Level 1:colcon.colcon_core.environment:checking '/home/nits/master_controller/nits-yantrarnav/ros2_Ws/install/my_robot_launcher/bin'
[5.422s] Level 1:colcon.colcon_core.environment:checking '/home/nits/master_controller/nits-yantrarnav/ros2_Ws/install/my_robot_launcher/lib/pkgconfig/my_robot_launcher.pc'
[5.423s] Level 1:colcon.colcon_core.environment:checking '/home/nits/master_controller/nits-yantrarnav/ros2_Ws/install/my_robot_launcher/lib/python3.10/site-packages'
[5.423s] Level 1:colcon.colcon_core.environment:checking '/home/nits/master_controller/nits-yantrarnav/ros2_Ws/install/my_robot_launcher/bin'
[5.424s] INFO:colcon.colcon_core.shell:Creating package script '/home/nits/master_controller/nits-yantrarnav/ros2_Ws/install/my_robot_launcher/share/my_robot_launcher/package.ps1'
[5.425s] INFO:colcon.colcon_core.shell:Creating package descriptor '/home/nits/master_controller/nits-yantrarnav/ros2_Ws/install/my_robot_launcher/share/my_robot_launcher/package.dsv'
[5.426s] INFO:colcon.colcon_core.shell:Creating package script '/home/nits/master_controller/nits-yantrarnav/ros2_Ws/install/my_robot_launcher/share/my_robot_launcher/package.sh'
[5.427s] INFO:colcon.colcon_core.shell:Creating package script '/home/nits/master_controller/nits-yantrarnav/ros2_Ws/install/my_robot_launcher/share/my_robot_launcher/package.bash'
[5.428s] INFO:colcon.colcon_core.shell:Creating package script '/home/nits/master_controller/nits-yantrarnav/ros2_Ws/install/my_robot_launcher/share/my_robot_launcher/package.zsh'
[5.430s] Level 1:colcon.colcon_core.environment:create_file_with_runtime_dependencies(/home/nits/master_controller/nits-yantrarnav/ros2_Ws/install/my_robot_launcher/share/colcon-core/packages/my_robot_launcher)
[5.431s] DEBUG:colcon.colcon_parallel_executor.executor.parallel:closing loop
[5.433s] DEBUG:colcon.colcon_parallel_executor.executor.parallel:loop closed
[5.434s] DEBUG:colcon.colcon_parallel_executor.executor.parallel:run_until_complete finished with '0'
[5.434s] DEBUG:colcon.colcon_core.event_reactor:joining thread
[5.460s] INFO:colcon.colcon_core.plugin_system:Skipping extension 'colcon_notification.desktop_notification.terminal_notifier': Not used on non-Darwin systems
[5.461s] INFO:colcon.colcon_core.plugin_system:Skipping extension 'colcon_notification.desktop_notification.win32': Not used on non-Windows systems
[5.461s] INFO:colcon.colcon_notification.desktop_notification:Sending desktop notification using 'notify2'
[5.553s] DEBUG:colcon.colcon_core.event_reactor:joined thread
[5.555s] INFO:colcon.colcon_core.shell:Creating prefix script '/home/nits/master_controller/nits-yantrarnav/ros2_Ws/install/local_setup.ps1'
[5.557s] INFO:colcon.colcon_core.shell:Creating prefix util module '/home/nits/master_controller/nits-yantrarnav/ros2_Ws/install/_local_setup_util_ps1.py'
[5.562s] INFO:colcon.colcon_core.shell:Creating prefix chain script '/home/nits/master_controller/nits-yantrarnav/ros2_Ws/install/setup.ps1'
[5.568s] INFO:colcon.colcon_core.shell:Creating prefix script '/home/nits/master_controller/nits-yantrarnav/ros2_Ws/install/local_setup.sh'
[5.571s] INFO:colcon.colcon_core.shell:Creating prefix util module '/home/nits/master_controller/nits-yantrarnav/ros2_Ws/install/_local_setup_util_sh.py'
[5.576s] INFO:colcon.colcon_core.shell:Creating prefix chain script '/home/nits/master_controller/nits-yantrarnav/ros2_Ws/install/setup.sh'
[5.582s] INFO:colcon.colcon_core.shell:Creating prefix script '/home/nits/master_controller/nits-yantrarnav/ros2_Ws/install/local_setup.bash'
[5.589s] INFO:colcon.colcon_core.shell:Creating prefix chain script '/home/nits/master_controller/nits-yantrarnav/ros2_Ws/install/setup.bash'
[5.609s] INFO:colcon.colcon_core.shell:Creating prefix script '/home/nits/master_controller/nits-yantrarnav/ros2_Ws/install/local_setup.zsh'
[5.611s] INFO:colcon.colcon_core.shell:Creating prefix chain script '/home/nits/master_controller/nits-yantrarnav/ros2_Ws/install/setup.zsh'
