[0.022s] Invoking command in '/home/nits/master_controller/nits-yantrarnav/ros2_Ws/build/my_robot_launcher': AMENT_PREFIX_PATH=/home/nits/master_controller/nits-yantrarnav/ros2_Ws/install/my_robot_controller:${AMENT_PREFIX_PATH} CMAKE_PREFIX_PATH=/home/nits/ros2_ws/install/realsense2_description:/home/nits/ros2_ws/install/realsense2_camera:/home/nits/ros2_ws/install/realsense2_camera_msgs:/home/nits/ros2_ws/install/vision_to_local_pose:/home/nits/ros2_ws/install/new_takeoff_node:/home/nits/ros2_ws/install/my_package:/home/nits/ros2_ws/install/mavros_takeoff:/home/nits/ros2_ws/install/drone_vio_py:/home/nits/ros2_ws/install/drone_takeoff:/opt/ros/humble:/home/nits/ros2_ws/install/local_zeroing_pkg:/home/nits/ros2_ws/install/landing_area_detector:/home/nits/ros2_ws/install/flat_area_detector:/home/nits/ros2_ws/install/drone_vio_cpp:/home/nits/ros2_ws/install/boundary_mapper PYTHONPATH=/home/nits/master_controller/nits-yantrarnav/ros2_Ws/build/my_robot_controller:/home/nits/master_controller/nits-yantrarnav/ros2_Ws/install/my_robot_controller/lib/python3.10/site-packages:${PYTHONPATH} /usr/bin/cmake /home/nits/master_controller/nits-yantrarnav/ros2_Ws/src/my_robot_launcher -DAMENT_CMAKE_SYMLINK_INSTALL=1 -DCMAKE_INSTALL_PREFIX=/home/nits/master_controller/nits-yantrarnav/ros2_Ws/install/my_robot_launcher
[0.200s] -- The C compiler identification is GNU 11.4.0
[0.368s] -- The CXX compiler identification is GNU 11.4.0
[0.394s] -- Detecting C compiler ABI info
[0.562s] -- Detecting C compiler ABI info - done
[0.587s] -- Check for working C compiler: /usr/bin/cc - skipped
[0.588s] -- Detecting C compile features
[0.590s] -- Detecting C compile features - done
[0.602s] -- Detecting CXX compiler ABI info
[0.783s] -- Detecting CXX compiler ABI info - done
[0.804s] -- Check for working CXX compiler: /usr/bin/c++ - skipped
[0.805s] -- Detecting CXX compile features
[0.807s] -- Detecting CXX compile features - done
[0.823s] -- Found ament_cmake: 1.3.11 (/opt/ros/humble/share/ament_cmake/cmake)
[1.720s] -- Found Python3: /usr/bin/python3 (found version "3.10.12") found components: Interpreter 
[1.890s] -- Override CMake install command with custom implementation using symlinks instead of copying resources
[2.175s] -- Configuring done
[2.183s] -- Generating done
[2.189s] -- Build files have been written to: /home/nits/master_controller/nits-yantrarnav/ros2_Ws/build/my_robot_launcher
[2.202s] Invoked command in '/home/nits/master_controller/nits-yantrarnav/ros2_Ws/build/my_robot_launcher' returned '0': AMENT_PREFIX_PATH=/home/nits/master_controller/nits-yantrarnav/ros2_Ws/install/my_robot_controller:${AMENT_PREFIX_PATH} CMAKE_PREFIX_PATH=/home/nits/ros2_ws/install/realsense2_description:/home/nits/ros2_ws/install/realsense2_camera:/home/nits/ros2_ws/install/realsense2_camera_msgs:/home/nits/ros2_ws/install/vision_to_local_pose:/home/nits/ros2_ws/install/new_takeoff_node:/home/nits/ros2_ws/install/my_package:/home/nits/ros2_ws/install/mavros_takeoff:/home/nits/ros2_ws/install/drone_vio_py:/home/nits/ros2_ws/install/drone_takeoff:/opt/ros/humble:/home/nits/ros2_ws/install/local_zeroing_pkg:/home/nits/ros2_ws/install/landing_area_detector:/home/nits/ros2_ws/install/flat_area_detector:/home/nits/ros2_ws/install/drone_vio_cpp:/home/nits/ros2_ws/install/boundary_mapper PYTHONPATH=/home/nits/master_controller/nits-yantrarnav/ros2_Ws/build/my_robot_controller:/home/nits/master_controller/nits-yantrarnav/ros2_Ws/install/my_robot_controller/lib/python3.10/site-packages:${PYTHONPATH} /usr/bin/cmake /home/nits/master_controller/nits-yantrarnav/ros2_Ws/src/my_robot_launcher -DAMENT_CMAKE_SYMLINK_INSTALL=1 -DCMAKE_INSTALL_PREFIX=/home/nits/master_controller/nits-yantrarnav/ros2_Ws/install/my_robot_launcher
[2.208s] Invoking command in '/home/nits/master_controller/nits-yantrarnav/ros2_Ws/build/my_robot_launcher': AMENT_PREFIX_PATH=/home/nits/master_controller/nits-yantrarnav/ros2_Ws/install/my_robot_controller:${AMENT_PREFIX_PATH} CMAKE_PREFIX_PATH=/home/nits/ros2_ws/install/realsense2_description:/home/nits/ros2_ws/install/realsense2_camera:/home/nits/ros2_ws/install/realsense2_camera_msgs:/home/nits/ros2_ws/install/vision_to_local_pose:/home/nits/ros2_ws/install/new_takeoff_node:/home/nits/ros2_ws/install/my_package:/home/nits/ros2_ws/install/mavros_takeoff:/home/nits/ros2_ws/install/drone_vio_py:/home/nits/ros2_ws/install/drone_takeoff:/opt/ros/humble:/home/nits/ros2_ws/install/local_zeroing_pkg:/home/nits/ros2_ws/install/landing_area_detector:/home/nits/ros2_ws/install/flat_area_detector:/home/nits/ros2_ws/install/drone_vio_cpp:/home/nits/ros2_ws/install/boundary_mapper PYTHONPATH=/home/nits/master_controller/nits-yantrarnav/ros2_Ws/build/my_robot_controller:/home/nits/master_controller/nits-yantrarnav/ros2_Ws/install/my_robot_controller/lib/python3.10/site-packages:${PYTHONPATH} /usr/bin/cmake --build /home/nits/master_controller/nits-yantrarnav/ros2_Ws/build/my_robot_launcher -- -j6 -l6
[2.295s] Invoked command in '/home/nits/master_controller/nits-yantrarnav/ros2_Ws/build/my_robot_launcher' returned '0': AMENT_PREFIX_PATH=/home/nits/master_controller/nits-yantrarnav/ros2_Ws/install/my_robot_controller:${AMENT_PREFIX_PATH} CMAKE_PREFIX_PATH=/home/nits/ros2_ws/install/realsense2_description:/home/nits/ros2_ws/install/realsense2_camera:/home/nits/ros2_ws/install/realsense2_camera_msgs:/home/nits/ros2_ws/install/vision_to_local_pose:/home/nits/ros2_ws/install/new_takeoff_node:/home/nits/ros2_ws/install/my_package:/home/nits/ros2_ws/install/mavros_takeoff:/home/nits/ros2_ws/install/drone_vio_py:/home/nits/ros2_ws/install/drone_takeoff:/opt/ros/humble:/home/nits/ros2_ws/install/local_zeroing_pkg:/home/nits/ros2_ws/install/landing_area_detector:/home/nits/ros2_ws/install/flat_area_detector:/home/nits/ros2_ws/install/drone_vio_cpp:/home/nits/ros2_ws/install/boundary_mapper PYTHONPATH=/home/nits/master_controller/nits-yantrarnav/ros2_Ws/build/my_robot_controller:/home/nits/master_controller/nits-yantrarnav/ros2_Ws/install/my_robot_controller/lib/python3.10/site-packages:${PYTHONPATH} /usr/bin/cmake --build /home/nits/master_controller/nits-yantrarnav/ros2_Ws/build/my_robot_launcher -- -j6 -l6
[2.321s] Invoking command in '/home/nits/master_controller/nits-yantrarnav/ros2_Ws/build/my_robot_launcher': AMENT_PREFIX_PATH=/home/nits/master_controller/nits-yantrarnav/ros2_Ws/install/my_robot_controller:${AMENT_PREFIX_PATH} CMAKE_PREFIX_PATH=/home/nits/ros2_ws/install/realsense2_description:/home/nits/ros2_ws/install/realsense2_camera:/home/nits/ros2_ws/install/realsense2_camera_msgs:/home/nits/ros2_ws/install/vision_to_local_pose:/home/nits/ros2_ws/install/new_takeoff_node:/home/nits/ros2_ws/install/my_package:/home/nits/ros2_ws/install/mavros_takeoff:/home/nits/ros2_ws/install/drone_vio_py:/home/nits/ros2_ws/install/drone_takeoff:/opt/ros/humble:/home/nits/ros2_ws/install/local_zeroing_pkg:/home/nits/ros2_ws/install/landing_area_detector:/home/nits/ros2_ws/install/flat_area_detector:/home/nits/ros2_ws/install/drone_vio_cpp:/home/nits/ros2_ws/install/boundary_mapper PYTHONPATH=/home/nits/master_controller/nits-yantrarnav/ros2_Ws/build/my_robot_controller:/home/nits/master_controller/nits-yantrarnav/ros2_Ws/install/my_robot_controller/lib/python3.10/site-packages:${PYTHONPATH} /usr/bin/cmake --install /home/nits/master_controller/nits-yantrarnav/ros2_Ws/build/my_robot_launcher
[2.340s] -- Install configuration: ""
[2.341s] -- Execute custom install script
[2.342s] -- Symlinking: /home/nits/master_controller/nits-yantrarnav/ros2_Ws/install/my_robot_launcher/share/my_robot_launcher/launch/robot.launch.py
[2.364s] -- Symlinking: /home/nits/master_controller/nits-yantrarnav/ros2_Ws/install/my_robot_launcher/share/ament_index/resource_index/package_run_dependencies/my_robot_launcher
[2.385s] -- Symlinking: /home/nits/master_controller/nits-yantrarnav/ros2_Ws/install/my_robot_launcher/share/ament_index/resource_index/parent_prefix_path/my_robot_launcher
[2.407s] -- Symlinking: /home/nits/master_controller/nits-yantrarnav/ros2_Ws/install/my_robot_launcher/share/my_robot_launcher/environment/ament_prefix_path.sh
[2.429s] -- Symlinking: /home/nits/master_controller/nits-yantrarnav/ros2_Ws/install/my_robot_launcher/share/my_robot_launcher/environment/ament_prefix_path.dsv
[2.450s] -- Symlinking: /home/nits/master_controller/nits-yantrarnav/ros2_Ws/install/my_robot_launcher/share/my_robot_launcher/environment/path.sh
[2.470s] -- Symlinking: /home/nits/master_controller/nits-yantrarnav/ros2_Ws/install/my_robot_launcher/share/my_robot_launcher/environment/path.dsv
[2.490s] -- Symlinking: /home/nits/master_controller/nits-yantrarnav/ros2_Ws/install/my_robot_launcher/share/my_robot_launcher/local_setup.bash
[2.511s] -- Symlinking: /home/nits/master_controller/nits-yantrarnav/ros2_Ws/install/my_robot_launcher/share/my_robot_launcher/local_setup.sh
[2.534s] -- Symlinking: /home/nits/master_controller/nits-yantrarnav/ros2_Ws/install/my_robot_launcher/share/my_robot_launcher/local_setup.zsh
[2.555s] -- Symlinking: /home/nits/master_controller/nits-yantrarnav/ros2_Ws/install/my_robot_launcher/share/my_robot_launcher/local_setup.dsv
[2.575s] -- Symlinking: /home/nits/master_controller/nits-yantrarnav/ros2_Ws/install/my_robot_launcher/share/my_robot_launcher/package.dsv
[2.597s] -- Symlinking: /home/nits/master_controller/nits-yantrarnav/ros2_Ws/install/my_robot_launcher/share/ament_index/resource_index/packages/my_robot_launcher
[2.622s] -- Symlinking: /home/nits/master_controller/nits-yantrarnav/ros2_Ws/install/my_robot_launcher/share/my_robot_launcher/cmake/my_robot_launcherConfig.cmake
[2.646s] -- Symlinking: /home/nits/master_controller/nits-yantrarnav/ros2_Ws/install/my_robot_launcher/share/my_robot_launcher/cmake/my_robot_launcherConfig-version.cmake
[2.667s] -- Symlinking: /home/nits/master_controller/nits-yantrarnav/ros2_Ws/install/my_robot_launcher/share/my_robot_launcher/package.xml
[2.697s] Invoked command in '/home/nits/master_controller/nits-yantrarnav/ros2_Ws/build/my_robot_launcher' returned '0': AMENT_PREFIX_PATH=/home/nits/master_controller/nits-yantrarnav/ros2_Ws/install/my_robot_controller:${AMENT_PREFIX_PATH} CMAKE_PREFIX_PATH=/home/nits/ros2_ws/install/realsense2_description:/home/nits/ros2_ws/install/realsense2_camera:/home/nits/ros2_ws/install/realsense2_camera_msgs:/home/nits/ros2_ws/install/vision_to_local_pose:/home/nits/ros2_ws/install/new_takeoff_node:/home/nits/ros2_ws/install/my_package:/home/nits/ros2_ws/install/mavros_takeoff:/home/nits/ros2_ws/install/drone_vio_py:/home/nits/ros2_ws/install/drone_takeoff:/opt/ros/humble:/home/nits/ros2_ws/install/local_zeroing_pkg:/home/nits/ros2_ws/install/landing_area_detector:/home/nits/ros2_ws/install/flat_area_detector:/home/nits/ros2_ws/install/drone_vio_cpp:/home/nits/ros2_ws/install/boundary_mapper PYTHONPATH=/home/nits/master_controller/nits-yantrarnav/ros2_Ws/build/my_robot_controller:/home/nits/master_controller/nits-yantrarnav/ros2_Ws/install/my_robot_controller/lib/python3.10/site-packages:${PYTHONPATH} /usr/bin/cmake --install /home/nits/master_controller/nits-yantrarnav/ros2_Ws/build/my_robot_launcher
