[0.233s] Invoking command in '/mnt/f/NITS/ANAV/main/ros2_Ws/build/my_robot_launcher': AMENT_PREFIX_PATH=/mnt/f/NITS/ANAV/main/ros2_Ws/install/my_robot_controller:/mnt/f/NITS/ANAV/main/ros2_Ws/install/my_robot_launcher:/opt/ros/humble CMAKE_PREFIX_PATH=${CMAKE_PREFIX_PATH}:/mnt/f/NITS/ANAV/main/ros2_Ws/install/my_robot_controller:/opt/ros/humble /usr/bin/cmake --build /mnt/f/NITS/ANAV/main/ros2_Ws/build/my_robot_launcher -- -j8 -l8
[0.303s] Invoked command in '/mnt/f/NITS/ANAV/main/ros2_Ws/build/my_robot_launcher' returned '0': AMENT_PREFIX_PATH=/mnt/f/NITS/ANAV/main/ros2_Ws/install/my_robot_controller:/mnt/f/NITS/ANAV/main/ros2_Ws/install/my_robot_launcher:/opt/ros/humble CMAKE_PREFIX_PATH=${CMAKE_PREFIX_PATH}:/mnt/f/NITS/ANAV/main/ros2_Ws/install/my_robot_controller:/opt/ros/humble /usr/bin/cmake --build /mnt/f/NITS/ANAV/main/ros2_Ws/build/my_robot_launcher -- -j8 -l8
[0.328s] Invoking command in '/mnt/f/NITS/ANAV/main/ros2_Ws/build/my_robot_launcher': AMENT_PREFIX_PATH=/mnt/f/NITS/ANAV/main/ros2_Ws/install/my_robot_controller:/mnt/f/NITS/ANAV/main/ros2_Ws/install/my_robot_launcher:/opt/ros/humble CMAKE_PREFIX_PATH=${CMAKE_PREFIX_PATH}:/mnt/f/NITS/ANAV/main/ros2_Ws/install/my_robot_controller:/opt/ros/humble /usr/bin/cmake --install /mnt/f/NITS/ANAV/main/ros2_Ws/build/my_robot_launcher
[0.339s] -- Install configuration: ""
[0.346s] -- Execute custom install script
[0.382s] -- Up-to-date symlink: /mnt/f/NITS/ANAV/main/ros2_Ws/install/my_robot_launcher/share/my_robot_launcher/launch/robot.launch.py
[0.419s] -- Up-to-date symlink: /mnt/f/NITS/ANAV/main/ros2_Ws/install/my_robot_launcher/share/ament_index/resource_index/package_run_dependencies/my_robot_launcher
[0.519s] -- Up-to-date symlink: /mnt/f/NITS/ANAV/main/ros2_Ws/install/my_robot_launcher/share/ament_index/resource_index/parent_prefix_path/my_robot_launcher
[0.554s] -- Up-to-date symlink: /mnt/f/NITS/ANAV/main/ros2_Ws/install/my_robot_launcher/share/my_robot_launcher/environment/ament_prefix_path.sh
[0.611s] -- Up-to-date symlink: /mnt/f/NITS/ANAV/main/ros2_Ws/install/my_robot_launcher/share/my_robot_launcher/environment/ament_prefix_path.dsv
[0.612s] -- Up-to-date symlink: /mnt/f/NITS/ANAV/main/ros2_Ws/install/my_robot_launcher/share/my_robot_launcher/environment/path.sh
[0.618s] -- Up-to-date symlink: /mnt/f/NITS/ANAV/main/ros2_Ws/install/my_robot_launcher/share/my_robot_launcher/environment/path.dsv
[0.636s] -- Up-to-date symlink: /mnt/f/NITS/ANAV/main/ros2_Ws/install/my_robot_launcher/share/my_robot_launcher/local_setup.bash
[0.653s] -- Up-to-date symlink: /mnt/f/NITS/ANAV/main/ros2_Ws/install/my_robot_launcher/share/my_robot_launcher/local_setup.sh
[0.672s] -- Up-to-date symlink: /mnt/f/NITS/ANAV/main/ros2_Ws/install/my_robot_launcher/share/my_robot_launcher/local_setup.zsh
[0.692s] -- Up-to-date symlink: /mnt/f/NITS/ANAV/main/ros2_Ws/install/my_robot_launcher/share/my_robot_launcher/local_setup.dsv
[0.703s] -- Symlinking: /mnt/f/NITS/ANAV/main/ros2_Ws/install/my_robot_launcher/share/my_robot_launcher/package.dsv
[0.771s] -- Up-to-date symlink: /mnt/f/NITS/ANAV/main/ros2_Ws/install/my_robot_launcher/share/ament_index/resource_index/packages/my_robot_launcher
[0.787s] -- Up-to-date symlink: /mnt/f/NITS/ANAV/main/ros2_Ws/install/my_robot_launcher/share/my_robot_launcher/cmake/my_robot_launcherConfig.cmake
[0.805s] -- Up-to-date symlink: /mnt/f/NITS/ANAV/main/ros2_Ws/install/my_robot_launcher/share/my_robot_launcher/cmake/my_robot_launcherConfig-version.cmake
[0.823s] -- Up-to-date symlink: /mnt/f/NITS/ANAV/main/ros2_Ws/install/my_robot_launcher/share/my_robot_launcher/package.xml
[0.827s] Invoked command in '/mnt/f/NITS/ANAV/main/ros2_Ws/build/my_robot_launcher' returned '0': AMENT_PREFIX_PATH=/mnt/f/NITS/ANAV/main/ros2_Ws/install/my_robot_controller:/mnt/f/NITS/ANAV/main/ros2_Ws/install/my_robot_launcher:/opt/ros/humble CMAKE_PREFIX_PATH=${CMAKE_PREFIX_PATH}:/mnt/f/NITS/ANAV/main/ros2_Ws/install/my_robot_controller:/opt/ros/humble /usr/bin/cmake --install /mnt/f/NITS/ANAV/main/ros2_Ws/build/my_robot_launcher
