[1.885s] Invoking command in '/mnt/f/NITS/ANAV/main/ros2_Ws/src/my_robot_controller': PYTHONPATH=/mnt/f/NITS/ANAV/main/ros2_Ws/build/my_robot_controller/prefix_override:/usr/lib/python3/dist-packages/colcon_core/task/python/colcon_distutils_commands:/mnt/f/NITS/ANAV/main/ros2_Ws/install/my_robot_controller/lib/python3.10/site-packages:${PYTHONPATH} /usr/bin/python3 -W ignore:setup.py install is deprecated -W ignore:easy_install command is deprecated setup.py egg_info --egg-base ../../build/my_robot_controller build --build-base /mnt/f/NITS/ANAV/main/ros2_Ws/build/my_robot_controller/build install --record /mnt/f/NITS/ANAV/main/ros2_Ws/build/my_robot_controller/install.log --single-version-externally-managed install_data
[2.673s] running egg_info
[2.678s] writing ../../build/my_robot_controller/my_robot_controller.egg-info/PKG-INFO
[2.683s] writing dependency_links to ../../build/my_robot_controller/my_robot_controller.egg-info/dependency_links.txt
[2.688s] writing entry points to ../../build/my_robot_controller/my_robot_controller.egg-info/entry_points.txt
[2.692s] writing requirements to ../../build/my_robot_controller/my_robot_controller.egg-info/requires.txt
[2.694s] writing top-level names to ../../build/my_robot_controller/my_robot_controller.egg-info/top_level.txt
[2.723s] reading manifest file '../../build/my_robot_controller/my_robot_controller.egg-info/SOURCES.txt'
[2.771s] writing manifest file '../../build/my_robot_controller/my_robot_controller.egg-info/SOURCES.txt'
[2.774s] running build
[2.777s] running build_py
[2.794s] copying my_robot_controller/path_planner_server.py -> /mnt/f/NITS/ANAV/main/ros2_Ws/build/my_robot_controller/build/lib/my_robot_controller
[2.905s] running install
[2.906s] running install_lib
[2.968s] copying /mnt/f/NITS/ANAV/main/ros2_Ws/build/my_robot_controller/build/lib/my_robot_controller/path_planner_server.py -> /mnt/f/NITS/ANAV/main/ros2_Ws/install/my_robot_controller/lib/python3.10/site-packages/my_robot_controller
[3.063s] byte-compiling /mnt/f/NITS/ANAV/main/ros2_Ws/install/my_robot_controller/lib/python3.10/site-packages/my_robot_controller/path_planner_server.py to path_planner_server.cpython-310.pyc
[3.114s] running install_data
[3.135s] running install_egg_info
[3.146s] removing '/mnt/f/NITS/ANAV/main/ros2_Ws/install/my_robot_controller/lib/python3.10/site-packages/my_robot_controller-0.0.0-py3.10.egg-info' (and everything under it)
[3.187s] Copying ../../build/my_robot_controller/my_robot_controller.egg-info to /mnt/f/NITS/ANAV/main/ros2_Ws/install/my_robot_controller/lib/python3.10/site-packages/my_robot_controller-0.0.0-py3.10.egg-info
[3.355s] running install_scripts
[3.418s] Installing path_planner_node script to /mnt/f/NITS/ANAV/main/ros2_Ws/install/my_robot_controller/lib/my_robot_controller
[3.427s] Installing path_planner_server_node script to /mnt/f/NITS/ANAV/main/ros2_Ws/install/my_robot_controller/lib/my_robot_controller
[3.436s] Installing position_node script to /mnt/f/NITS/ANAV/main/ros2_Ws/install/my_robot_controller/lib/my_robot_controller
[3.448s] writing list of installed files to '/mnt/f/NITS/ANAV/main/ros2_Ws/build/my_robot_controller/install.log'
[3.476s] Invoked command in '/mnt/f/NITS/ANAV/main/ros2_Ws/src/my_robot_controller' returned '0': PYTHONPATH=/mnt/f/NITS/ANAV/main/ros2_Ws/build/my_robot_controller/prefix_override:/usr/lib/python3/dist-packages/colcon_core/task/python/colcon_distutils_commands:/mnt/f/NITS/ANAV/main/ros2_Ws/install/my_robot_controller/lib/python3.10/site-packages:${PYTHONPATH} /usr/bin/python3 -W ignore:setup.py install is deprecated -W ignore:easy_install command is deprecated setup.py egg_info --egg-base ../../build/my_robot_controller build --build-base /mnt/f/NITS/ANAV/main/ros2_Ws/build/my_robot_controller/build install --record /mnt/f/NITS/ANAV/main/ros2_Ws/build/my_robot_controller/install.log --single-version-externally-managed install_data
