[1.878s] Invoking command in '/mnt/f/NITS/ANAV/main/ros2_Ws/build/my_robot_controller': PYTHONPATH=/mnt/f/NITS/ANAV/main/ros2_Ws/build/my_robot_controller/prefix_override:/usr/lib/python3/dist-packages/colcon_core/task/python/colcon_distutils_commands:/mnt/f/NITS/ANAV/main/ros2_Ws/install/my_robot_controller/lib/python3.10/site-packages:${PYTHONPATH} /usr/bin/python3 -W ignore:setup.py install is deprecated -W ignore:easy_install command is deprecated setup.py develop --editable --build-directory /mnt/f/NITS/ANAV/main/ros2_Ws/build/my_robot_controller/build --no-deps symlink_data
[2.688s] running develop
[3.013s] running egg_info
[3.015s] writing my_robot_controller.egg-info/PKG-INFO
[3.020s] writing dependency_links to my_robot_controller.egg-info/dependency_links.txt
[3.024s] writing entry points to my_robot_controller.egg-info/entry_points.txt
[3.027s] writing requirements to my_robot_controller.egg-info/requires.txt
[3.029s] writing top-level names to my_robot_controller.egg-info/top_level.txt
[3.065s] reading manifest file 'my_robot_controller.egg-info/SOURCES.txt'
[3.127s] writing manifest file 'my_robot_controller.egg-info/SOURCES.txt'
[3.137s] running build_ext
[3.137s] Creating /mnt/f/NITS/ANAV/main/ros2_Ws/install/my_robot_controller/lib/python3.10/site-packages/my-robot-controller.egg-link (link to .)
[3.154s] Installing controller_node script to /mnt/f/NITS/ANAV/main/ros2_Ws/install/my_robot_controller/lib/my_robot_controller
[3.169s] Installing path_planner_node script to /mnt/f/NITS/ANAV/main/ros2_Ws/install/my_robot_controller/lib/my_robot_controller
[3.184s] Installing postion_node script to /mnt/f/NITS/ANAV/main/ros2_Ws/install/my_robot_controller/lib/my_robot_controller
[3.197s] Installing publish_node script to /mnt/f/NITS/ANAV/main/ros2_Ws/install/my_robot_controller/lib/my_robot_controller
[3.213s] Installing subscribe_node script to /mnt/f/NITS/ANAV/main/ros2_Ws/install/my_robot_controller/lib/my_robot_controller
[3.233s] Installing test_node script to /mnt/f/NITS/ANAV/main/ros2_Ws/install/my_robot_controller/lib/my_robot_controller
[3.253s] 
[3.254s] Installed /mnt/f/NITS/ANAV/main/ros2_Ws/build/my_robot_controller
[3.257s] running symlink_data
[3.327s] Invoked command in '/mnt/f/NITS/ANAV/main/ros2_Ws/build/my_robot_controller' returned '0': PYTHONPATH=/mnt/f/NITS/ANAV/main/ros2_Ws/build/my_robot_controller/prefix_override:/usr/lib/python3/dist-packages/colcon_core/task/python/colcon_distutils_commands:/mnt/f/NITS/ANAV/main/ros2_Ws/install/my_robot_controller/lib/python3.10/site-packages:${PYTHONPATH} /usr/bin/python3 -W ignore:setup.py install is deprecated -W ignore:easy_install command is deprecated setup.py develop --editable --build-directory /mnt/f/NITS/ANAV/main/ros2_Ws/build/my_robot_controller/build --no-deps symlink_data
