[1.858s] Invoking command in '/mnt/f/NITS/ANAV/main/ros2_Ws/build/my_robot_controller': PYTHONPATH=/mnt/f/NITS/ANAV/main/ros2_Ws/build/my_robot_controller/prefix_override:/usr/lib/python3/dist-packages/colcon_core/task/python/colcon_distutils_commands:/mnt/f/NITS/ANAV/main/ros2_Ws/install/my_robot_controller/lib/python3.10/site-packages:${PYTHONPATH} /usr/bin/python3 -W ignore:setup.py install is deprecated -W ignore:easy_install command is deprecated setup.py develop --editable --build-directory /mnt/f/NITS/ANAV/main/ros2_Ws/build/my_robot_controller/build --no-deps symlink_data
[2.536s] running develop
[2.864s] running egg_info
[2.866s] writing my_robot_controller.egg-info/PKG-INFO
[2.870s] writing dependency_links to my_robot_controller.egg-info/dependency_links.txt
[2.873s] writing entry points to my_robot_controller.egg-info/entry_points.txt
[2.875s] writing requirements to my_robot_controller.egg-info/requires.txt
[2.877s] writing top-level names to my_robot_controller.egg-info/top_level.txt
[2.923s] reading manifest file 'my_robot_controller.egg-info/SOURCES.txt'
[2.994s] writing manifest file 'my_robot_controller.egg-info/SOURCES.txt'
[3.003s] running build_ext
[3.004s] Creating /mnt/f/NITS/ANAV/main/ros2_Ws/install/my_robot_controller/lib/python3.10/site-packages/my-robot-controller.egg-link (link to .)
[3.029s] Installing bridge_server script to /mnt/f/NITS/ANAV/main/ros2_Ws/install/my_robot_controller/lib/my_robot_controller
[3.041s] Installing flat_area script to /mnt/f/NITS/ANAV/main/ros2_Ws/install/my_robot_controller/lib/my_robot_controller
[3.054s] Installing mode_controller script to /mnt/f/NITS/ANAV/main/ros2_Ws/install/my_robot_controller/lib/my_robot_controller
[3.068s] Installing path_manual script to /mnt/f/NITS/ANAV/main/ros2_Ws/install/my_robot_controller/lib/my_robot_controller
[3.081s] Installing path_mover script to /mnt/f/NITS/ANAV/main/ros2_Ws/install/my_robot_controller/lib/my_robot_controller
[3.093s] Installing path_planner script to /mnt/f/NITS/ANAV/main/ros2_Ws/install/my_robot_controller/lib/my_robot_controller
[3.108s] 
[3.109s] Installed /mnt/f/NITS/ANAV/main/ros2_Ws/build/my_robot_controller
[3.111s] running symlink_data
[3.174s] Invoked command in '/mnt/f/NITS/ANAV/main/ros2_Ws/build/my_robot_controller' returned '0': PYTHONPATH=/mnt/f/NITS/ANAV/main/ros2_Ws/build/my_robot_controller/prefix_override:/usr/lib/python3/dist-packages/colcon_core/task/python/colcon_distutils_commands:/mnt/f/NITS/ANAV/main/ros2_Ws/install/my_robot_controller/lib/python3.10/site-packages:${PYTHONPATH} /usr/bin/python3 -W ignore:setup.py install is deprecated -W ignore:easy_install command is deprecated setup.py develop --editable --build-directory /mnt/f/NITS/ANAV/main/ros2_Ws/build/my_robot_controller/build --no-deps symlink_data
