[0.321s] Invoking command in '/mnt/f/NITS/ANAV/main/ros2_Ws/build/my_robot_launcher': CMAKE_PREFIX_PATH=${CMAKE_PREFIX_PATH}:/mnt/f/NITS/ANAV/main/ros2_Ws/install/my_robot_controller:/opt/ros/humble PYTHONPATH=/mnt/f/NITS/ANAV/main/ros2_Ws/build/my_robot_controller:/mnt/f/NITS/ANAV/main/ros2_Ws/install/my_robot_controller/lib/python3.10/site-packages:/home/nits/master_controller/nits-yantrarnav/ros2_Ws/build/my_robot_controller:/opt/ros/humble/lib/python3.10/site-packages:/opt/ros/humble/local/lib/python3.10/dist-packages /usr/bin/cmake /mnt/f/NITS/ANAV/main/ros2_Ws/src/my_robot_launcher -DAMENT_CMAKE_SYMLINK_INSTALL=1 -DCMAKE_INSTALL_PREFIX=/mnt/f/NITS/ANAV/main/ros2_Ws/install/my_robot_launcher
[2.497s] -- The C compiler identification is GNU 11.4.0
[3.971s] -- The CXX compiler identification is GNU 11.4.0
[4.899s] -- Detecting C compiler ABI info
[5.892s] -- Detecting C compiler ABI info - done
[5.916s] -- Check for working C compiler: /usr/bin/cc - skipped
[5.917s] -- Detecting C compile features
[5.918s] -- Detecting C compile features - done
[5.977s] -- Detecting CXX compiler ABI info
[6.636s] -- Detecting CXX compiler ABI info - done
[6.665s] -- Check for working CXX compiler: /usr/bin/c++ - skipped
[6.666s] -- Detecting CXX compile features
[6.667s] -- Detecting CXX compile features - done
[6.806s] -- Found ament_cmake: 1.3.11 (/opt/ros/humble/share/ament_cmake/cmake)
[7.695s] -- Found Python3: /usr/bin/python3 (found version "3.10.12") found components: Interpreter 
[8.161s] -- Override CMake install command with custom implementation using symlinks instead of copying resources
[9.932s] -- Configuring done
[10.197s] -- Generating done
[10.383s] -- Build files have been written to: /mnt/f/NITS/ANAV/main/ros2_Ws/build/my_robot_launcher
[10.387s] Invoked command in '/mnt/f/NITS/ANAV/main/ros2_Ws/build/my_robot_launcher' returned '0': CMAKE_PREFIX_PATH=${CMAKE_PREFIX_PATH}:/mnt/f/NITS/ANAV/main/ros2_Ws/install/my_robot_controller:/opt/ros/humble PYTHONPATH=/mnt/f/NITS/ANAV/main/ros2_Ws/build/my_robot_controller:/mnt/f/NITS/ANAV/main/ros2_Ws/install/my_robot_controller/lib/python3.10/site-packages:/home/nits/master_controller/nits-yantrarnav/ros2_Ws/build/my_robot_controller:/opt/ros/humble/lib/python3.10/site-packages:/opt/ros/humble/local/lib/python3.10/dist-packages /usr/bin/cmake /mnt/f/NITS/ANAV/main/ros2_Ws/src/my_robot_launcher -DAMENT_CMAKE_SYMLINK_INSTALL=1 -DCMAKE_INSTALL_PREFIX=/mnt/f/NITS/ANAV/main/ros2_Ws/install/my_robot_launcher
[10.396s] Invoking command in '/mnt/f/NITS/ANAV/main/ros2_Ws/build/my_robot_launcher': CMAKE_PREFIX_PATH=${CMAKE_PREFIX_PATH}:/mnt/f/NITS/ANAV/main/ros2_Ws/install/my_robot_controller:/opt/ros/humble PYTHONPATH=/mnt/f/NITS/ANAV/main/ros2_Ws/build/my_robot_controller:/mnt/f/NITS/ANAV/main/ros2_Ws/install/my_robot_controller/lib/python3.10/site-packages:/home/nits/master_controller/nits-yantrarnav/ros2_Ws/build/my_robot_controller:/opt/ros/humble/lib/python3.10/site-packages:/opt/ros/humble/local/lib/python3.10/dist-packages /usr/bin/cmake --build /mnt/f/NITS/ANAV/main/ros2_Ws/build/my_robot_launcher -- -j8 -l8
[10.486s] Invoked command in '/mnt/f/NITS/ANAV/main/ros2_Ws/build/my_robot_launcher' returned '0': CMAKE_PREFIX_PATH=${CMAKE_PREFIX_PATH}:/mnt/f/NITS/ANAV/main/ros2_Ws/install/my_robot_controller:/opt/ros/humble PYTHONPATH=/mnt/f/NITS/ANAV/main/ros2_Ws/build/my_robot_controller:/mnt/f/NITS/ANAV/main/ros2_Ws/install/my_robot_controller/lib/python3.10/site-packages:/home/nits/master_controller/nits-yantrarnav/ros2_Ws/build/my_robot_controller:/opt/ros/humble/lib/python3.10/site-packages:/opt/ros/humble/local/lib/python3.10/dist-packages /usr/bin/cmake --build /mnt/f/NITS/ANAV/main/ros2_Ws/build/my_robot_launcher -- -j8 -l8
[10.512s] Invoking command in '/mnt/f/NITS/ANAV/main/ros2_Ws/build/my_robot_launcher': CMAKE_PREFIX_PATH=${CMAKE_PREFIX_PATH}:/mnt/f/NITS/ANAV/main/ros2_Ws/install/my_robot_controller:/opt/ros/humble PYTHONPATH=/mnt/f/NITS/ANAV/main/ros2_Ws/build/my_robot_controller:/mnt/f/NITS/ANAV/main/ros2_Ws/install/my_robot_controller/lib/python3.10/site-packages:/home/nits/master_controller/nits-yantrarnav/ros2_Ws/build/my_robot_controller:/opt/ros/humble/lib/python3.10/site-packages:/opt/ros/humble/local/lib/python3.10/dist-packages /usr/bin/cmake --install /mnt/f/NITS/ANAV/main/ros2_Ws/build/my_robot_launcher
[10.522s] -- Install configuration: ""
[10.530s] -- Execute custom install script
[10.560s] -- Symlinking: /mnt/f/NITS/ANAV/main/ros2_Ws/install/my_robot_launcher/share/my_robot_launcher/launch/robot.launch.py
[10.608s] -- Symlinking: /mnt/f/NITS/ANAV/main/ros2_Ws/install/my_robot_launcher/share/ament_index/resource_index/package_run_dependencies/my_robot_launcher
[10.658s] -- Symlinking: /mnt/f/NITS/ANAV/main/ros2_Ws/install/my_robot_launcher/share/ament_index/resource_index/parent_prefix_path/my_robot_launcher
[10.708s] -- Symlinking: /mnt/f/NITS/ANAV/main/ros2_Ws/install/my_robot_launcher/share/my_robot_launcher/environment/ament_prefix_path.sh
[10.746s] -- Symlinking: /mnt/f/NITS/ANAV/main/ros2_Ws/install/my_robot_launcher/share/my_robot_launcher/environment/ament_prefix_path.dsv
[10.783s] -- Symlinking: /mnt/f/NITS/ANAV/main/ros2_Ws/install/my_robot_launcher/share/my_robot_launcher/environment/path.sh
[10.853s] -- Symlinking: /mnt/f/NITS/ANAV/main/ros2_Ws/install/my_robot_launcher/share/my_robot_launcher/environment/path.dsv
[10.887s] -- Symlinking: /mnt/f/NITS/ANAV/main/ros2_Ws/install/my_robot_launcher/share/my_robot_launcher/local_setup.bash
[10.919s] -- Symlinking: /mnt/f/NITS/ANAV/main/ros2_Ws/install/my_robot_launcher/share/my_robot_launcher/local_setup.sh
[10.952s] -- Symlinking: /mnt/f/NITS/ANAV/main/ros2_Ws/install/my_robot_launcher/share/my_robot_launcher/local_setup.zsh
[10.988s] -- Symlinking: /mnt/f/NITS/ANAV/main/ros2_Ws/install/my_robot_launcher/share/my_robot_launcher/local_setup.dsv
[11.027s] -- Symlinking: /mnt/f/NITS/ANAV/main/ros2_Ws/install/my_robot_launcher/share/my_robot_launcher/package.dsv
[11.099s] -- Symlinking: /mnt/f/NITS/ANAV/main/ros2_Ws/install/my_robot_launcher/share/ament_index/resource_index/packages/my_robot_launcher
[11.147s] -- Symlinking: /mnt/f/NITS/ANAV/main/ros2_Ws/install/my_robot_launcher/share/my_robot_launcher/cmake/my_robot_launcherConfig.cmake
[11.186s] -- Symlinking: /mnt/f/NITS/ANAV/main/ros2_Ws/install/my_robot_launcher/share/my_robot_launcher/cmake/my_robot_launcherConfig-version.cmake
[11.223s] -- Symlinking: /mnt/f/NITS/ANAV/main/ros2_Ws/install/my_robot_launcher/share/my_robot_launcher/package.xml
[11.257s] Invoked command in '/mnt/f/NITS/ANAV/main/ros2_Ws/build/my_robot_launcher' returned '0': CMAKE_PREFIX_PATH=${CMAKE_PREFIX_PATH}:/mnt/f/NITS/ANAV/main/ros2_Ws/install/my_robot_controller:/opt/ros/humble PYTHONPATH=/mnt/f/NITS/ANAV/main/ros2_Ws/build/my_robot_controller:/mnt/f/NITS/ANAV/main/ros2_Ws/install/my_robot_controller/lib/python3.10/site-packages:/home/nits/master_controller/nits-yantrarnav/ros2_Ws/build/my_robot_controller:/opt/ros/humble/lib/python3.10/site-packages:/opt/ros/humble/local/lib/python3.10/dist-packages /usr/bin/cmake --install /mnt/f/NITS/ANAV/main/ros2_Ws/build/my_robot_launcher
