[2.438s] Invoking command in '/home/nits/master_controller/nits-yantrarnav/ros2_Ws/build/my_robot_controller': PYTHONPATH=/home/nits/master_controller/nits-yantrarnav/ros2_Ws/build/my_robot_controller/prefix_override:/usr/lib/python3/dist-packages/colcon_core/task/python/colcon_distutils_commands:/home/nits/master_controller/nits-yantrarnav/ros2_Ws/install/my_robot_controller/lib/python3.10/site-packages:${PYTHONPATH} /usr/bin/python3 -W ignore:setup.py install is deprecated -W ignore:easy_install command is deprecated setup.py develop --editable --build-directory /home/nits/master_controller/nits-yantrarnav/ros2_Ws/build/my_robot_controller/build --no-deps symlink_data
[2.846s] /home/nits/.local/lib/python3.10/site-packages/setuptools/_distutils/dist.py:289: UserWarning: Unknown distribution option: 'tests_require'
[2.846s]   warnings.warn(msg)
[3.284s] running develop
[3.845s] running egg_info
[3.886s] writing my_robot_controller.egg-info/PKG-INFO
[3.887s] writing dependency_links to my_robot_controller.egg-info/dependency_links.txt
[3.889s] writing entry points to my_robot_controller.egg-info/entry_points.txt
[3.889s] writing requirements to my_robot_controller.egg-info/requires.txt
[3.890s] writing top-level names to my_robot_controller.egg-info/top_level.txt
[3.976s] reading manifest file 'my_robot_controller.egg-info/SOURCES.txt'
[3.979s] writing manifest file 'my_robot_controller.egg-info/SOURCES.txt'
[4.143s] running build_ext
[4.144s] Creating /home/nits/master_controller/nits-yantrarnav/ros2_Ws/install/my_robot_controller/lib/python3.10/site-packages/my-robot-controller.egg-link (link to .)
[4.146s] Installing boundary_mapper script to /home/nits/master_controller/nits-yantrarnav/ros2_Ws/install/my_robot_controller/lib/my_robot_controller
[4.147s] Installing bridge_server script to /home/nits/master_controller/nits-yantrarnav/ros2_Ws/install/my_robot_controller/lib/my_robot_controller
[4.147s] Installing coordinate script to /home/nits/master_controller/nits-yantrarnav/ros2_Ws/install/my_robot_controller/lib/my_robot_controller
[4.147s] Installing flat_area script to /home/nits/master_controller/nits-yantrarnav/ros2_Ws/install/my_robot_controller/lib/my_robot_controller
[4.148s] Installing height_publisher script to /home/nits/master_controller/nits-yantrarnav/ros2_Ws/install/my_robot_controller/lib/my_robot_controller
[4.148s] Installing hover script to /home/nits/master_controller/nits-yantrarnav/ros2_Ws/install/my_robot_controller/lib/my_robot_controller
[4.149s] Installing launch_checker script to /home/nits/master_controller/nits-yantrarnav/ros2_Ws/install/my_robot_controller/lib/my_robot_controller
[4.150s] Installing mode_controller script to /home/nits/master_controller/nits-yantrarnav/ros2_Ws/install/my_robot_controller/lib/my_robot_controller
[4.150s] Installing odom script to /home/nits/master_controller/nits-yantrarnav/ros2_Ws/install/my_robot_controller/lib/my_robot_controller
[4.150s] Installing path_manual script to /home/nits/master_controller/nits-yantrarnav/ros2_Ws/install/my_robot_controller/lib/my_robot_controller
[4.150s] Installing path_planner script to /home/nits/master_controller/nits-yantrarnav/ros2_Ws/install/my_robot_controller/lib/my_robot_controller
[4.151s] Installing perpendicular_webcam script to /home/nits/master_controller/nits-yantrarnav/ros2_Ws/install/my_robot_controller/lib/my_robot_controller
[4.151s] 
[4.151s] Installed /home/nits/master_controller/nits-yantrarnav/ros2_Ws/build/my_robot_controller
[4.151s] running symlink_data
[4.285s] Invoked command in '/home/nits/master_controller/nits-yantrarnav/ros2_Ws/build/my_robot_controller' returned '0': PYTHONPATH=/home/nits/master_controller/nits-yantrarnav/ros2_Ws/build/my_robot_controller/prefix_override:/usr/lib/python3/dist-packages/colcon_core/task/python/colcon_distutils_commands:/home/nits/master_controller/nits-yantrarnav/ros2_Ws/install/my_robot_controller/lib/python3.10/site-packages:${PYTHONPATH} /usr/bin/python3 -W ignore:setup.py install is deprecated -W ignore:easy_install command is deprecated setup.py develop --editable --build-directory /home/nits/master_controller/nits-yantrarnav/ros2_Ws/build/my_robot_controller/build --no-deps symlink_data
