[2.412s] Invoking command in '/home/nits/master_controller/nits-yantrarnav/build/my_robot_controller': PYTHONPATH=/home/nits/master_controller/nits-yantrarnav/build/my_robot_controller/prefix_override:/usr/lib/python3/dist-packages/colcon_core/task/python/colcon_distutils_commands:/home/nits/master_controller/nits-yantrarnav/install/my_robot_controller/lib/python3.10/site-packages:${PYTHONPATH} /usr/bin/python3 -W ignore:setup.py install is deprecated -W ignore:easy_install command is deprecated setup.py develop --editable --build-directory /home/nits/master_controller/nits-yantrarnav/build/my_robot_controller/build --no-deps symlink_data
[2.854s] /home/nits/.local/lib/python3.10/site-packages/setuptools/_distutils/dist.py:289: UserWarning: Unknown distribution option: 'tests_require'
[2.855s]   warnings.warn(msg)
[3.314s] running develop
[3.996s] running egg_info
[4.054s] creating my_robot_controller.egg-info
[4.058s] writing my_robot_controller.egg-info/PKG-INFO
[4.060s] writing dependency_links to my_robot_controller.egg-info/dependency_links.txt
[4.062s] writing entry points to my_robot_controller.egg-info/entry_points.txt
[4.063s] writing requirements to my_robot_controller.egg-info/requires.txt
[4.063s] writing top-level names to my_robot_controller.egg-info/top_level.txt
[4.064s] writing manifest file 'my_robot_controller.egg-info/SOURCES.txt'
[4.164s] reading manifest file 'my_robot_controller.egg-info/SOURCES.txt'
[4.169s] writing manifest file 'my_robot_controller.egg-info/SOURCES.txt'
[4.346s] running build_ext
[4.346s] Creating /home/nits/master_controller/nits-yantrarnav/install/my_robot_controller/lib/python3.10/site-packages/my-robot-controller.egg-link (link to .)
[4.351s] Installing boundary_mapper script to /home/nits/master_controller/nits-yantrarnav/install/my_robot_controller/lib/my_robot_controller
[4.352s] Installing bridge_server script to /home/nits/master_controller/nits-yantrarnav/install/my_robot_controller/lib/my_robot_controller
[4.356s] Installing coordinate script to /home/nits/master_controller/nits-yantrarnav/install/my_robot_controller/lib/my_robot_controller
[4.356s] Installing flat_area script to /home/nits/master_controller/nits-yantrarnav/install/my_robot_controller/lib/my_robot_controller
[4.356s] Installing height_publisher script to /home/nits/master_controller/nits-yantrarnav/install/my_robot_controller/lib/my_robot_controller
[4.356s] Installing hover script to /home/nits/master_controller/nits-yantrarnav/install/my_robot_controller/lib/my_robot_controller
[4.357s] Installing launch_checker script to /home/nits/master_controller/nits-yantrarnav/install/my_robot_controller/lib/my_robot_controller
[4.358s] Installing mode_controller script to /home/nits/master_controller/nits-yantrarnav/install/my_robot_controller/lib/my_robot_controller
[4.359s] Installing odom script to /home/nits/master_controller/nits-yantrarnav/install/my_robot_controller/lib/my_robot_controller
[4.360s] Installing path_manual script to /home/nits/master_controller/nits-yantrarnav/install/my_robot_controller/lib/my_robot_controller
[4.362s] Installing path_planner script to /home/nits/master_controller/nits-yantrarnav/install/my_robot_controller/lib/my_robot_controller
[4.363s] Installing perpendicular_webcam script to /home/nits/master_controller/nits-yantrarnav/install/my_robot_controller/lib/my_robot_controller
[4.365s] 
[4.365s] Installed /home/nits/master_controller/nits-yantrarnav/build/my_robot_controller
[4.366s] running symlink_data
[4.367s] creating /home/nits/master_controller/nits-yantrarnav/install/my_robot_controller/share/ament_index/resource_index/packages
[4.369s] symbolically linking /home/nits/master_controller/nits-yantrarnav/build/my_robot_controller/resource/my_robot_controller -> /home/nits/master_controller/nits-yantrarnav/install/my_robot_controller/share/ament_index/resource_index/packages
[4.371s] symbolically linking /home/nits/master_controller/nits-yantrarnav/build/my_robot_controller/package.xml -> /home/nits/master_controller/nits-yantrarnav/install/my_robot_controller/share/my_robot_controller
[4.540s] Invoked command in '/home/nits/master_controller/nits-yantrarnav/build/my_robot_controller' returned '0': PYTHONPATH=/home/nits/master_controller/nits-yantrarnav/build/my_robot_controller/prefix_override:/usr/lib/python3/dist-packages/colcon_core/task/python/colcon_distutils_commands:/home/nits/master_controller/nits-yantrarnav/install/my_robot_controller/lib/python3.10/site-packages:${PYTHONPATH} /usr/bin/python3 -W ignore:setup.py install is deprecated -W ignore:easy_install command is deprecated setup.py develop --editable --build-directory /home/nits/master_controller/nits-yantrarnav/build/my_robot_controller/build --no-deps symlink_data
