Traceback (most recent call last):
  File "/mnt/f/NITS/ANAV/main/ros2_Ws/build/my_robot_controller/setup.py", line 1, in <module>
    from setuptools import find_packages, setup
  File "/usr/lib/python3/dist-packages/setuptools/__init__.py", line 16, in <module>
    import setuptools.version
  File "/usr/lib/python3/dist-packages/setuptools/version.py", line 1, in <module>
    import pkg_resources
  File "/usr/lib/python3/dist-packages/pkg_resources/__init__.py", line 3267, in <module>
    def _initialize_master_working_set():
  File "/usr/lib/python3/dist-packages/pkg_resources/__init__.py", line 3241, in _call_aside
    f(*args, **kwargs)
  File "/usr/lib/python3/dist-packages/pkg_resources/__init__.py", line 3302, in _initialize_master_working_set
    list(map(working_set.add_entry, sys.path))
  File "/usr/lib/python3/dist-packages/pkg_resources/__init__.py", line 613, in add_entry
    for dist in find_distributions(entry, True):
  File "/usr/lib/python3/dist-packages/pkg_resources/__init__.py", line 2060, in find_on_path
    for child in safe_listdir(path_item)
  File "/usr/lib/python3/dist-packages/pkg_resources/__init__.py", line 2121, in safe_listdir
    return os.listdir(path)
KeyboardInterrupt
