[0.697s] DEBUG:colcon:Command line arguments: ['/usr/bin/colcon', 'build', '--symlink-install']
[0.697s] DEBUG:colcon:Parsed command line arguments: Namespace(log_base=None, log_level=None, verb_name='build', build_base='build', install_base='install', merge_install=False, symlink_install=True, test_result_base=None, continue_on_error=False, executor='parallel', parallel_workers=8, event_handlers=None, ignore_user_meta=False, metas=['./colcon.meta'], base_paths=['.'], packages_ignore=None, packages_ignore_regex=None, paths=None, packages_up_to=None, packages_up_to_regex=None, packages_above=None, packages_above_and_dependencies=None, packages_above_depth=None, packages_select_by_dep=None, packages_skip_by_dep=None, packages_skip_up_to=None, packages_select_build_failed=False, packages_skip_build_finished=False, packages_select_test_failures=False, packages_skip_test_passed=False, packages_select=None, packages_skip=None, packages_select_regex=None, packages_skip_regex=None, packages_start=None, packages_end=None, allow_overriding=[], cmake_args=None, cmake_target=None, cmake_target_skip_unavailable=False, cmake_clean_cache=False, cmake_clean_first=False, cmake_force_configure=False, ament_cmake_args=None, catkin_cmake_args=None, catkin_skip_building_tests=False, verb_parser=<colcon_defaults.argument_parser.defaults.DefaultArgumentsDecorator object at 0x7f33aa22aa70>, verb_extension=<colcon_core.verb.build.BuildVerb object at 0x7f33aa22a590>, main=<bound method BuildVerb.main of <colcon_core.verb.build.BuildVerb object at 0x7f33aa22a590>>)
[1.097s] Level 1:colcon.colcon_core.package_discovery:discover_packages(colcon_meta) check parameters
[1.097s] Level 1:colcon.colcon_core.package_discovery:discover_packages(recursive) check parameters
[1.098s] Level 1:colcon.colcon_core.package_discovery:discover_packages(ignore) check parameters
[1.098s] Level 1:colcon.colcon_core.package_discovery:discover_packages(path) check parameters
[1.098s] Level 1:colcon.colcon_core.package_discovery:discover_packages(colcon_meta) discover
[1.098s] Level 1:colcon.colcon_core.package_discovery:discover_packages(recursive) discover
[1.099s] INFO:colcon.colcon_core.package_discovery:Crawling recursively for packages in '/mnt/f/NITS/ANAV/main/ros2_Ws'
[1.101s] Level 1:colcon.colcon_core.package_identification:_identify(.) by extensions ['ignore', 'ignore_ament_install']
[1.101s] Level 1:colcon.colcon_core.package_identification:_identify(.) by extension 'ignore'
[1.102s] Level 1:colcon.colcon_core.package_identification:_identify(.) by extension 'ignore_ament_install'
[1.102s] Level 1:colcon.colcon_core.package_identification:_identify(.) by extensions ['colcon_pkg']
[1.102s] Level 1:colcon.colcon_core.package_identification:_identify(.) by extension 'colcon_pkg'
[1.103s] Level 1:colcon.colcon_core.package_identification:_identify(.) by extensions ['colcon_meta']
[1.103s] Level 1:colcon.colcon_core.package_identification:_identify(.) by extension 'colcon_meta'
[1.103s] Level 1:colcon.colcon_core.package_identification:_identify(.) by extensions ['ros']
[1.104s] Level 1:colcon.colcon_core.package_identification:_identify(.) by extension 'ros'
[1.126s] Level 1:colcon.colcon_core.package_identification:_identify(.) by extensions ['cmake', 'python']
[1.126s] Level 1:colcon.colcon_core.package_identification:_identify(.) by extension 'cmake'
[1.127s] Level 1:colcon.colcon_core.package_identification:_identify(.) by extension 'python'
[1.127s] Level 1:colcon.colcon_core.package_identification:_identify(.) by extensions ['python_setup_py']
[1.127s] Level 1:colcon.colcon_core.package_identification:_identify(.) by extension 'python_setup_py'
[1.131s] Level 1:colcon.colcon_core.package_identification:_identify(build) by extensions ['ignore', 'ignore_ament_install']
[1.131s] Level 1:colcon.colcon_core.package_identification:_identify(build) by extension 'ignore'
[1.132s] Level 1:colcon.colcon_core.package_identification:_identify(build) ignored
[1.135s] Level 1:colcon.colcon_core.package_identification:_identify(install) by extensions ['ignore', 'ignore_ament_install']
[1.136s] Level 1:colcon.colcon_core.package_identification:_identify(install) by extension 'ignore'
[1.137s] Level 1:colcon.colcon_core.package_identification:_identify(install) ignored
[1.142s] Level 1:colcon.colcon_core.package_identification:_identify(log) by extensions ['ignore', 'ignore_ament_install']
[1.142s] Level 1:colcon.colcon_core.package_identification:_identify(log) by extension 'ignore'
[1.143s] Level 1:colcon.colcon_core.package_identification:_identify(log) ignored
[1.145s] Level 1:colcon.colcon_core.package_identification:_identify(src) by extensions ['ignore', 'ignore_ament_install']
[1.146s] Level 1:colcon.colcon_core.package_identification:_identify(src) by extension 'ignore'
[1.146s] Level 1:colcon.colcon_core.package_identification:_identify(src) by extension 'ignore_ament_install'
[1.148s] Level 1:colcon.colcon_core.package_identification:_identify(src) by extensions ['colcon_pkg']
[1.148s] Level 1:colcon.colcon_core.package_identification:_identify(src) by extension 'colcon_pkg'
[1.149s] Level 1:colcon.colcon_core.package_identification:_identify(src) by extensions ['colcon_meta']
[1.149s] Level 1:colcon.colcon_core.package_identification:_identify(src) by extension 'colcon_meta'
[1.150s] Level 1:colcon.colcon_core.package_identification:_identify(src) by extensions ['ros']
[1.150s] Level 1:colcon.colcon_core.package_identification:_identify(src) by extension 'ros'
[1.153s] Level 1:colcon.colcon_core.package_identification:_identify(src) by extensions ['cmake', 'python']
[1.153s] Level 1:colcon.colcon_core.package_identification:_identify(src) by extension 'cmake'
[1.153s] Level 1:colcon.colcon_core.package_identification:_identify(src) by extension 'python'
[1.154s] Level 1:colcon.colcon_core.package_identification:_identify(src) by extensions ['python_setup_py']
[1.154s] Level 1:colcon.colcon_core.package_identification:_identify(src) by extension 'python_setup_py'
[1.159s] Level 1:colcon.colcon_core.package_identification:_identify(src/my_robot_controller) by extensions ['ignore', 'ignore_ament_install']
[1.159s] Level 1:colcon.colcon_core.package_identification:_identify(src/my_robot_controller) by extension 'ignore'
[1.161s] Level 1:colcon.colcon_core.package_identification:_identify(src/my_robot_controller) by extension 'ignore_ament_install'
[1.163s] Level 1:colcon.colcon_core.package_identification:_identify(src/my_robot_controller) by extensions ['colcon_pkg']
[1.163s] Level 1:colcon.colcon_core.package_identification:_identify(src/my_robot_controller) by extension 'colcon_pkg'
[1.164s] Level 1:colcon.colcon_core.package_identification:_identify(src/my_robot_controller) by extensions ['colcon_meta']
[1.165s] Level 1:colcon.colcon_core.package_identification:_identify(src/my_robot_controller) by extension 'colcon_meta'
[1.166s] Level 1:colcon.colcon_core.package_identification:_identify(src/my_robot_controller) by extensions ['ros']
[1.166s] Level 1:colcon.colcon_core.package_identification:_identify(src/my_robot_controller) by extension 'ros'
[1.190s] DEBUG:colcon.colcon_core.package_identification:Package 'src/my_robot_controller' with type 'ros.ament_python' and name 'my_robot_controller'
[1.195s] Level 1:colcon.colcon_core.package_identification:_identify(src/my_robot_launcher) by extensions ['ignore', 'ignore_ament_install']
[1.195s] Level 1:colcon.colcon_core.package_identification:_identify(src/my_robot_launcher) by extension 'ignore'
[1.197s] Level 1:colcon.colcon_core.package_identification:_identify(src/my_robot_launcher) by extension 'ignore_ament_install'
[1.199s] Level 1:colcon.colcon_core.package_identification:_identify(src/my_robot_launcher) by extensions ['colcon_pkg']
[1.199s] Level 1:colcon.colcon_core.package_identification:_identify(src/my_robot_launcher) by extension 'colcon_pkg'
[1.200s] Level 1:colcon.colcon_core.package_identification:_identify(src/my_robot_launcher) by extensions ['colcon_meta']
[1.200s] Level 1:colcon.colcon_core.package_identification:_identify(src/my_robot_launcher) by extension 'colcon_meta'
[1.201s] Level 1:colcon.colcon_core.package_identification:_identify(src/my_robot_launcher) by extensions ['ros']
[1.202s] Level 1:colcon.colcon_core.package_identification:_identify(src/my_robot_launcher) by extension 'ros'
[1.222s] DEBUG:colcon.colcon_core.package_identification:Package 'src/my_robot_launcher' with type 'ros.ament_cmake' and name 'my_robot_launcher'
[1.222s] Level 1:colcon.colcon_core.package_discovery:discover_packages(recursive) using defaults
[1.223s] Level 1:colcon.colcon_core.package_discovery:discover_packages(ignore) discover
[1.223s] Level 1:colcon.colcon_core.package_discovery:discover_packages(ignore) using defaults
[1.223s] Level 1:colcon.colcon_core.package_discovery:discover_packages(path) discover
[1.224s] Level 1:colcon.colcon_core.package_discovery:discover_packages(path) using defaults
[1.308s] Level 1:colcon.colcon_core.package_discovery:discover_packages(prefix_path) check parameters
[1.308s] Level 1:colcon.colcon_core.package_discovery:discover_packages(prefix_path) discover
[1.348s] DEBUG:colcon.colcon_installed_package_information.package_discovery:Found 2 installed packages in /mnt/f/NITS/ANAV/main/ros2_Ws/install
[1.349s] DEBUG:colcon.colcon_installed_package_information.package_discovery:Found 226 installed packages in /opt/ros/humble
[1.360s] Level 1:colcon.colcon_core.package_discovery:discover_packages(prefix_path) using defaults
[1.471s] Level 5:colcon.colcon_core.verb:set package 'my_robot_controller' build argument 'cmake_args' from command line to 'None'
[1.471s] Level 5:colcon.colcon_core.verb:set package 'my_robot_controller' build argument 'cmake_target' from command line to 'None'
[1.472s] Level 5:colcon.colcon_core.verb:set package 'my_robot_controller' build argument 'cmake_target_skip_unavailable' from command line to 'False'
[1.472s] Level 5:colcon.colcon_core.verb:set package 'my_robot_controller' build argument 'cmake_clean_cache' from command line to 'False'
[1.472s] Level 5:colcon.colcon_core.verb:set package 'my_robot_controller' build argument 'cmake_clean_first' from command line to 'False'
[1.473s] Level 5:colcon.colcon_core.verb:set package 'my_robot_controller' build argument 'cmake_force_configure' from command line to 'False'
[1.473s] Level 5:colcon.colcon_core.verb:set package 'my_robot_controller' build argument 'ament_cmake_args' from command line to 'None'
[1.473s] Level 5:colcon.colcon_core.verb:set package 'my_robot_controller' build argument 'catkin_cmake_args' from command line to 'None'
[1.474s] Level 5:colcon.colcon_core.verb:set package 'my_robot_controller' build argument 'catkin_skip_building_tests' from command line to 'False'
[1.474s] DEBUG:colcon.colcon_core.verb:Building package 'my_robot_controller' with the following arguments: {'ament_cmake_args': None, 'build_base': '/mnt/f/NITS/ANAV/main/ros2_Ws/build/my_robot_controller', 'catkin_cmake_args': None, 'catkin_skip_building_tests': False, 'cmake_args': None, 'cmake_clean_cache': False, 'cmake_clean_first': False, 'cmake_force_configure': False, 'cmake_target': None, 'cmake_target_skip_unavailable': False, 'install_base': '/mnt/f/NITS/ANAV/main/ros2_Ws/install/my_robot_controller', 'merge_install': False, 'path': '/mnt/f/NITS/ANAV/main/ros2_Ws/src/my_robot_controller', 'symlink_install': True, 'test_result_base': None}
[1.475s] Level 5:colcon.colcon_core.verb:set package 'my_robot_launcher' build argument 'cmake_args' from command line to 'None'
[1.475s] Level 5:colcon.colcon_core.verb:set package 'my_robot_launcher' build argument 'cmake_target' from command line to 'None'
[1.475s] Level 5:colcon.colcon_core.verb:set package 'my_robot_launcher' build argument 'cmake_target_skip_unavailable' from command line to 'False'
[1.476s] Level 5:colcon.colcon_core.verb:set package 'my_robot_launcher' build argument 'cmake_clean_cache' from command line to 'False'
[1.476s] Level 5:colcon.colcon_core.verb:set package 'my_robot_launcher' build argument 'cmake_clean_first' from command line to 'False'
[1.476s] Level 5:colcon.colcon_core.verb:set package 'my_robot_launcher' build argument 'cmake_force_configure' from command line to 'False'
[1.476s] Level 5:colcon.colcon_core.verb:set package 'my_robot_launcher' build argument 'ament_cmake_args' from command line to 'None'
[1.477s] Level 5:colcon.colcon_core.verb:set package 'my_robot_launcher' build argument 'catkin_cmake_args' from command line to 'None'
[1.477s] Level 5:colcon.colcon_core.verb:set package 'my_robot_launcher' build argument 'catkin_skip_building_tests' from command line to 'False'
[1.477s] DEBUG:colcon.colcon_core.verb:Building package 'my_robot_launcher' with the following arguments: {'ament_cmake_args': None, 'build_base': '/mnt/f/NITS/ANAV/main/ros2_Ws/build/my_robot_launcher', 'catkin_cmake_args': None, 'catkin_skip_building_tests': False, 'cmake_args': None, 'cmake_clean_cache': False, 'cmake_clean_first': False, 'cmake_force_configure': False, 'cmake_target': None, 'cmake_target_skip_unavailable': False, 'install_base': '/mnt/f/NITS/ANAV/main/ros2_Ws/install/my_robot_launcher', 'merge_install': False, 'path': '/mnt/f/NITS/ANAV/main/ros2_Ws/src/my_robot_launcher', 'symlink_install': True, 'test_result_base': None}
[1.478s] INFO:colcon.colcon_core.executor:Executing jobs using 'parallel' executor
[1.479s] DEBUG:colcon.colcon_parallel_executor.executor.parallel:run_until_complete
[1.479s] INFO:colcon.colcon_ros.task.ament_python.build:Building ROS package in '/mnt/f/NITS/ANAV/main/ros2_Ws/src/my_robot_controller' with build type 'ament_python'
[1.480s] Level 1:colcon.colcon_core.shell:create_environment_hook('my_robot_controller', 'ament_prefix_path')
[1.494s] INFO:colcon.colcon_core.plugin_system:Skipping extension 'colcon_core.shell.bat': Not used on non-Windows systems
[1.494s] INFO:colcon.colcon_core.shell:Creating environment hook '/mnt/f/NITS/ANAV/main/ros2_Ws/install/my_robot_controller/share/my_robot_controller/hook/ament_prefix_path.ps1'
[1.507s] INFO:colcon.colcon_core.shell:Creating environment descriptor '/mnt/f/NITS/ANAV/main/ros2_Ws/install/my_robot_controller/share/my_robot_controller/hook/ament_prefix_path.dsv'
[1.526s] INFO:colcon.colcon_core.shell:Creating environment hook '/mnt/f/NITS/ANAV/main/ros2_Ws/install/my_robot_controller/share/my_robot_controller/hook/ament_prefix_path.sh'
[1.544s] INFO:colcon.colcon_core.shell:Skip shell extension 'powershell' for command environment: Not usable outside of PowerShell
[1.544s] DEBUG:colcon.colcon_core.shell:Skip shell extension 'dsv' for command environment
[2.222s] INFO:colcon.colcon_core.task.python.build:Building Python package in '/mnt/f/NITS/ANAV/main/ros2_Ws/src/my_robot_controller'
[2.223s] INFO:colcon.colcon_core.shell:Skip shell extension 'powershell' for command environment: Not usable outside of PowerShell
[2.223s] DEBUG:colcon.colcon_core.shell:Skip shell extension 'dsv' for command environment
[3.600s] DEBUG:colcon.colcon_core.event_handler.log_command:Invoking command in '/mnt/f/NITS/ANAV/main/ros2_Ws/build/my_robot_controller': PYTHONPATH=/mnt/f/NITS/ANAV/main/ros2_Ws/build/my_robot_controller/prefix_override:/usr/lib/python3/dist-packages/colcon_core/task/python/colcon_distutils_commands:/mnt/f/NITS/ANAV/main/ros2_Ws/install/my_robot_controller/lib/python3.10/site-packages:${PYTHONPATH} /usr/bin/python3 -W ignore:setup.py install is deprecated -W ignore:easy_install command is deprecated setup.py develop --editable --build-directory /mnt/f/NITS/ANAV/main/ros2_Ws/build/my_robot_controller/build --no-deps symlink_data
[4.960s] Level 1:colcon.colcon_core.shell:create_environment_hook('my_robot_controller', 'pythonpath_develop')
[4.960s] INFO:colcon.colcon_core.shell:Creating environment hook '/mnt/f/NITS/ANAV/main/ros2_Ws/build/my_robot_controller/share/my_robot_controller/hook/pythonpath_develop.ps1'
[4.962s] DEBUG:colcon.colcon_core.event_handler.log_command:Invoked command in '/mnt/f/NITS/ANAV/main/ros2_Ws/build/my_robot_controller' returned '0': PYTHONPATH=/mnt/f/NITS/ANAV/main/ros2_Ws/build/my_robot_controller/prefix_override:/usr/lib/python3/dist-packages/colcon_core/task/python/colcon_distutils_commands:/mnt/f/NITS/ANAV/main/ros2_Ws/install/my_robot_controller/lib/python3.10/site-packages:${PYTHONPATH} /usr/bin/python3 -W ignore:setup.py install is deprecated -W ignore:easy_install command is deprecated setup.py develop --editable --build-directory /mnt/f/NITS/ANAV/main/ros2_Ws/build/my_robot_controller/build --no-deps symlink_data
[4.972s] INFO:colcon.colcon_core.shell:Creating environment descriptor '/mnt/f/NITS/ANAV/main/ros2_Ws/build/my_robot_controller/share/my_robot_controller/hook/pythonpath_develop.dsv'
[4.983s] INFO:colcon.colcon_core.shell:Creating environment hook '/mnt/f/NITS/ANAV/main/ros2_Ws/build/my_robot_controller/share/my_robot_controller/hook/pythonpath_develop.sh'
[5.023s] Level 1:colcon.colcon_core.environment:checking '/mnt/f/NITS/ANAV/main/ros2_Ws/install/my_robot_controller' for CMake module files
[5.095s] Level 1:colcon.colcon_core.environment:checking '/mnt/f/NITS/ANAV/main/ros2_Ws/install/my_robot_controller' for CMake config files
[5.158s] Level 1:colcon.colcon_core.environment:checking '/mnt/f/NITS/ANAV/main/ros2_Ws/install/my_robot_controller/lib'
[5.161s] Level 1:colcon.colcon_core.environment:checking '/mnt/f/NITS/ANAV/main/ros2_Ws/install/my_robot_controller/bin'
[5.162s] Level 1:colcon.colcon_core.environment:checking '/mnt/f/NITS/ANAV/main/ros2_Ws/install/my_robot_controller/lib/pkgconfig/my_robot_controller.pc'
[5.164s] Level 1:colcon.colcon_core.environment:checking '/mnt/f/NITS/ANAV/main/ros2_Ws/install/my_robot_controller/lib/python3.10/site-packages'
[5.165s] Level 1:colcon.colcon_core.shell:create_environment_hook('my_robot_controller', 'pythonpath')
[5.166s] INFO:colcon.colcon_core.shell:Creating environment hook '/mnt/f/NITS/ANAV/main/ros2_Ws/install/my_robot_controller/share/my_robot_controller/hook/pythonpath.ps1'
[5.175s] INFO:colcon.colcon_core.shell:Creating environment descriptor '/mnt/f/NITS/ANAV/main/ros2_Ws/install/my_robot_controller/share/my_robot_controller/hook/pythonpath.dsv'
[5.186s] INFO:colcon.colcon_core.shell:Creating environment hook '/mnt/f/NITS/ANAV/main/ros2_Ws/install/my_robot_controller/share/my_robot_controller/hook/pythonpath.sh'
[5.199s] Level 1:colcon.colcon_core.environment:checking '/mnt/f/NITS/ANAV/main/ros2_Ws/install/my_robot_controller/bin'
[5.200s] Level 1:colcon.colcon_core.environment:create_environment_scripts_only(my_robot_controller)
[5.200s] INFO:colcon.colcon_core.shell:Creating package script '/mnt/f/NITS/ANAV/main/ros2_Ws/install/my_robot_controller/share/my_robot_controller/package.ps1'
[5.210s] INFO:colcon.colcon_core.shell:Creating package descriptor '/mnt/f/NITS/ANAV/main/ros2_Ws/install/my_robot_controller/share/my_robot_controller/package.dsv'
[5.221s] INFO:colcon.colcon_core.shell:Creating package script '/mnt/f/NITS/ANAV/main/ros2_Ws/install/my_robot_controller/share/my_robot_controller/package.sh'
[5.233s] INFO:colcon.colcon_core.shell:Creating package script '/mnt/f/NITS/ANAV/main/ros2_Ws/install/my_robot_controller/share/my_robot_controller/package.bash'
[5.244s] INFO:colcon.colcon_core.shell:Creating package script '/mnt/f/NITS/ANAV/main/ros2_Ws/install/my_robot_controller/share/my_robot_controller/package.zsh'
[5.256s] Level 1:colcon.colcon_core.environment:create_file_with_runtime_dependencies(/mnt/f/NITS/ANAV/main/ros2_Ws/install/my_robot_controller/share/colcon-core/packages/my_robot_controller)
[5.263s] INFO:colcon.colcon_ros.task.ament_cmake.build:Building ROS package in '/mnt/f/NITS/ANAV/main/ros2_Ws/src/my_robot_launcher' with build type 'ament_cmake'
[5.264s] INFO:colcon.colcon_cmake.task.cmake.build:Building CMake package in '/mnt/f/NITS/ANAV/main/ros2_Ws/src/my_robot_launcher'
[5.264s] INFO:colcon.colcon_core.shell:Skip shell extension 'powershell' for command environment: Not usable outside of PowerShell
[5.265s] DEBUG:colcon.colcon_core.shell:Skip shell extension 'dsv' for command environment
[5.605s] DEBUG:colcon.colcon_core.event_handler.log_command:Invoking command in '/mnt/f/NITS/ANAV/main/ros2_Ws/build/my_robot_launcher': AMENT_PREFIX_PATH=/mnt/f/NITS/ANAV/main/ros2_Ws/install/my_robot_controller:/mnt/f/NITS/ANAV/main/ros2_Ws/install/my_robot_launcher:/opt/ros/humble CMAKE_PREFIX_PATH=${CMAKE_PREFIX_PATH}:/mnt/f/NITS/ANAV/main/ros2_Ws/install/my_robot_controller:/opt/ros/humble /usr/bin/cmake --build /mnt/f/NITS/ANAV/main/ros2_Ws/build/my_robot_launcher -- -j8 -l8
[5.909s] DEBUG:colcon.colcon_core.event_handler.log_command:Invoked command in '/mnt/f/NITS/ANAV/main/ros2_Ws/build/my_robot_launcher' returned '0': AMENT_PREFIX_PATH=/mnt/f/NITS/ANAV/main/ros2_Ws/install/my_robot_controller:/mnt/f/NITS/ANAV/main/ros2_Ws/install/my_robot_launcher:/opt/ros/humble CMAKE_PREFIX_PATH=${CMAKE_PREFIX_PATH}:/mnt/f/NITS/ANAV/main/ros2_Ws/install/my_robot_controller:/opt/ros/humble /usr/bin/cmake --build /mnt/f/NITS/ANAV/main/ros2_Ws/build/my_robot_launcher -- -j8 -l8
[5.986s] DEBUG:colcon.colcon_core.event_handler.log_command:Invoking command in '/mnt/f/NITS/ANAV/main/ros2_Ws/build/my_robot_launcher': AMENT_PREFIX_PATH=/mnt/f/NITS/ANAV/main/ros2_Ws/install/my_robot_controller:/mnt/f/NITS/ANAV/main/ros2_Ws/install/my_robot_launcher:/opt/ros/humble CMAKE_PREFIX_PATH=${CMAKE_PREFIX_PATH}:/mnt/f/NITS/ANAV/main/ros2_Ws/install/my_robot_controller:/opt/ros/humble /usr/bin/cmake --install /mnt/f/NITS/ANAV/main/ros2_Ws/build/my_robot_launcher
[6.390s] Level 1:colcon.colcon_core.environment:create_environment_scripts_only(my_robot_launcher)
[6.390s] Level 1:colcon.colcon_core.environment:checking '/mnt/f/NITS/ANAV/main/ros2_Ws/install/my_robot_launcher' for CMake module files
[6.391s] DEBUG:colcon.colcon_core.event_handler.log_command:Invoked command in '/mnt/f/NITS/ANAV/main/ros2_Ws/build/my_robot_launcher' returned '0': AMENT_PREFIX_PATH=/mnt/f/NITS/ANAV/main/ros2_Ws/install/my_robot_controller:/mnt/f/NITS/ANAV/main/ros2_Ws/install/my_robot_launcher:/opt/ros/humble CMAKE_PREFIX_PATH=${CMAKE_PREFIX_PATH}:/mnt/f/NITS/ANAV/main/ros2_Ws/install/my_robot_controller:/opt/ros/humble /usr/bin/cmake --install /mnt/f/NITS/ANAV/main/ros2_Ws/build/my_robot_launcher
[6.475s] Level 1:colcon.colcon_core.environment:checking '/mnt/f/NITS/ANAV/main/ros2_Ws/install/my_robot_launcher' for CMake config files
[6.555s] Level 1:colcon.colcon_core.shell:create_environment_hook('my_robot_launcher', 'cmake_prefix_path')
[6.555s] INFO:colcon.colcon_core.shell:Creating environment hook '/mnt/f/NITS/ANAV/main/ros2_Ws/install/my_robot_launcher/share/my_robot_launcher/hook/cmake_prefix_path.ps1'
[6.568s] INFO:colcon.colcon_core.shell:Creating environment descriptor '/mnt/f/NITS/ANAV/main/ros2_Ws/install/my_robot_launcher/share/my_robot_launcher/hook/cmake_prefix_path.dsv'
[6.581s] INFO:colcon.colcon_core.shell:Creating environment hook '/mnt/f/NITS/ANAV/main/ros2_Ws/install/my_robot_launcher/share/my_robot_launcher/hook/cmake_prefix_path.sh'
[6.597s] Level 1:colcon.colcon_core.environment:checking '/mnt/f/NITS/ANAV/main/ros2_Ws/install/my_robot_launcher/bin'
[6.598s] Level 1:colcon.colcon_core.environment:checking '/mnt/f/NITS/ANAV/main/ros2_Ws/install/my_robot_launcher/lib/pkgconfig/my_robot_launcher.pc'
[6.599s] Level 1:colcon.colcon_core.environment:checking '/mnt/f/NITS/ANAV/main/ros2_Ws/install/my_robot_launcher/lib/python3.10/site-packages'
[6.601s] Level 1:colcon.colcon_core.environment:checking '/mnt/f/NITS/ANAV/main/ros2_Ws/install/my_robot_launcher/bin'
[6.603s] INFO:colcon.colcon_core.shell:Creating package script '/mnt/f/NITS/ANAV/main/ros2_Ws/install/my_robot_launcher/share/my_robot_launcher/package.ps1'
[6.614s] INFO:colcon.colcon_core.shell:Creating package descriptor '/mnt/f/NITS/ANAV/main/ros2_Ws/install/my_robot_launcher/share/my_robot_launcher/package.dsv'
[6.630s] INFO:colcon.colcon_core.shell:Creating package script '/mnt/f/NITS/ANAV/main/ros2_Ws/install/my_robot_launcher/share/my_robot_launcher/package.sh'
[6.641s] INFO:colcon.colcon_core.shell:Creating package script '/mnt/f/NITS/ANAV/main/ros2_Ws/install/my_robot_launcher/share/my_robot_launcher/package.bash'
[6.651s] INFO:colcon.colcon_core.shell:Creating package script '/mnt/f/NITS/ANAV/main/ros2_Ws/install/my_robot_launcher/share/my_robot_launcher/package.zsh'
[6.662s] Level 1:colcon.colcon_core.environment:create_file_with_runtime_dependencies(/mnt/f/NITS/ANAV/main/ros2_Ws/install/my_robot_launcher/share/colcon-core/packages/my_robot_launcher)
[6.684s] Level 1:colcon.colcon_core.environment:create_environment_scripts_only(my_robot_launcher)
[6.684s] Level 1:colcon.colcon_core.environment:checking '/mnt/f/NITS/ANAV/main/ros2_Ws/install/my_robot_launcher' for CMake module files
[6.762s] Level 1:colcon.colcon_core.environment:checking '/mnt/f/NITS/ANAV/main/ros2_Ws/install/my_robot_launcher' for CMake config files
[6.826s] Level 1:colcon.colcon_core.shell:create_environment_hook('my_robot_launcher', 'cmake_prefix_path')
[6.826s] INFO:colcon.colcon_core.shell:Creating environment hook '/mnt/f/NITS/ANAV/main/ros2_Ws/install/my_robot_launcher/share/my_robot_launcher/hook/cmake_prefix_path.ps1'
[6.837s] INFO:colcon.colcon_core.shell:Creating environment descriptor '/mnt/f/NITS/ANAV/main/ros2_Ws/install/my_robot_launcher/share/my_robot_launcher/hook/cmake_prefix_path.dsv'
[6.848s] INFO:colcon.colcon_core.shell:Creating environment hook '/mnt/f/NITS/ANAV/main/ros2_Ws/install/my_robot_launcher/share/my_robot_launcher/hook/cmake_prefix_path.sh'
[6.864s] Level 1:colcon.colcon_core.environment:checking '/mnt/f/NITS/ANAV/main/ros2_Ws/install/my_robot_launcher/bin'
[6.865s] Level 1:colcon.colcon_core.environment:checking '/mnt/f/NITS/ANAV/main/ros2_Ws/install/my_robot_launcher/lib/pkgconfig/my_robot_launcher.pc'
[6.866s] Level 1:colcon.colcon_core.environment:checking '/mnt/f/NITS/ANAV/main/ros2_Ws/install/my_robot_launcher/lib/python3.10/site-packages'
[6.868s] Level 1:colcon.colcon_core.environment:checking '/mnt/f/NITS/ANAV/main/ros2_Ws/install/my_robot_launcher/bin'
[6.869s] INFO:colcon.colcon_core.shell:Creating package script '/mnt/f/NITS/ANAV/main/ros2_Ws/install/my_robot_launcher/share/my_robot_launcher/package.ps1'
[6.878s] INFO:colcon.colcon_core.shell:Creating package descriptor '/mnt/f/NITS/ANAV/main/ros2_Ws/install/my_robot_launcher/share/my_robot_launcher/package.dsv'
[6.889s] INFO:colcon.colcon_core.shell:Creating package script '/mnt/f/NITS/ANAV/main/ros2_Ws/install/my_robot_launcher/share/my_robot_launcher/package.sh'
[6.900s] INFO:colcon.colcon_core.shell:Creating package script '/mnt/f/NITS/ANAV/main/ros2_Ws/install/my_robot_launcher/share/my_robot_launcher/package.bash'
[6.911s] INFO:colcon.colcon_core.shell:Creating package script '/mnt/f/NITS/ANAV/main/ros2_Ws/install/my_robot_launcher/share/my_robot_launcher/package.zsh'
[6.922s] Level 1:colcon.colcon_core.environment:create_file_with_runtime_dependencies(/mnt/f/NITS/ANAV/main/ros2_Ws/install/my_robot_launcher/share/colcon-core/packages/my_robot_launcher)
[6.931s] DEBUG:colcon.colcon_parallel_executor.executor.parallel:closing loop
[6.932s] DEBUG:colcon.colcon_parallel_executor.executor.parallel:loop closed
[6.932s] DEBUG:colcon.colcon_parallel_executor.executor.parallel:run_until_complete finished with '0'
[6.932s] DEBUG:colcon.colcon_core.event_reactor:joining thread
[7.029s] INFO:colcon.colcon_core.plugin_system:Skipping extension 'colcon_notification.desktop_notification.notify_send': Could not find 'notify-send'
[7.030s] INFO:colcon.colcon_core.plugin_system:Skipping extension 'colcon_notification.desktop_notification.terminal_notifier': Not used on non-Darwin systems
[7.030s] INFO:colcon.colcon_core.plugin_system:Skipping extension 'colcon_notification.desktop_notification.win32': Not used on non-Windows systems
[7.030s] INFO:colcon.colcon_notification.desktop_notification:Sending desktop notification using 'notify2'
[7.030s] DEBUG:colcon.colcon_notification.desktop_notification.notify2:Failed to initialize notify2: org.freedesktop.DBus.Error.FileNotFound: Failed to connect to socket /run/user/1000/bus: No such file or directory
[7.030s] DEBUG:colcon.colcon_core.event_reactor:joined thread
[7.031s] INFO:colcon.colcon_core.shell:Creating prefix script '/mnt/f/NITS/ANAV/main/ros2_Ws/install/local_setup.ps1'
[7.036s] INFO:colcon.colcon_core.shell:Creating prefix util module '/mnt/f/NITS/ANAV/main/ros2_Ws/install/_local_setup_util_ps1.py'
[7.042s] INFO:colcon.colcon_core.shell:Creating prefix chain script '/mnt/f/NITS/ANAV/main/ros2_Ws/install/setup.ps1'
[7.062s] INFO:colcon.colcon_core.shell:Creating prefix script '/mnt/f/NITS/ANAV/main/ros2_Ws/install/local_setup.sh'
[7.067s] INFO:colcon.colcon_core.shell:Creating prefix util module '/mnt/f/NITS/ANAV/main/ros2_Ws/install/_local_setup_util_sh.py'
[7.073s] INFO:colcon.colcon_core.shell:Creating prefix chain script '/mnt/f/NITS/ANAV/main/ros2_Ws/install/setup.sh'
[7.095s] INFO:colcon.colcon_core.shell:Creating prefix script '/mnt/f/NITS/ANAV/main/ros2_Ws/install/local_setup.bash'
[7.101s] INFO:colcon.colcon_core.shell:Creating prefix chain script '/mnt/f/NITS/ANAV/main/ros2_Ws/install/setup.bash'
[7.120s] INFO:colcon.colcon_core.shell:Creating prefix script '/mnt/f/NITS/ANAV/main/ros2_Ws/install/local_setup.zsh'
[7.126s] INFO:colcon.colcon_core.shell:Creating prefix chain script '/mnt/f/NITS/ANAV/main/ros2_Ws/install/setup.zsh'
