[0.499s] DEBUG:colcon:Command line arguments: ['/usr/bin/colcon', 'build']
[0.499s] DEBUG:colcon:Parsed command line arguments: Namespace(log_base=None, log_level=None, verb_name='build', build_base='build', install_base='install', merge_install=False, symlink_install=False, test_result_base=None, continue_on_error=False, executor='parallel', parallel_workers=8, event_handlers=None, ignore_user_meta=False, metas=['./colcon.meta'], base_paths=['.'], packages_ignore=None, packages_ignore_regex=None, paths=None, packages_up_to=None, packages_up_to_regex=None, packages_above=None, packages_above_and_dependencies=None, packages_above_depth=None, packages_select_by_dep=None, packages_skip_by_dep=None, packages_skip_up_to=None, packages_select_build_failed=False, packages_skip_build_finished=False, packages_select_test_failures=False, packages_skip_test_passed=False, packages_select=None, packages_skip=None, packages_select_regex=None, packages_skip_regex=None, packages_start=None, packages_end=None, allow_overriding=[], cmake_args=None, cmake_target=None, cmake_target_skip_unavailable=False, cmake_clean_cache=False, cmake_clean_first=False, cmake_force_configure=False, ament_cmake_args=None, catkin_cmake_args=None, catkin_skip_building_tests=False, verb_parser=<colcon_defaults.argument_parser.defaults.DefaultArgumentsDecorator object at 0x7f88a1c7a680>, verb_extension=<colcon_core.verb.build.BuildVerb object at 0x7f88a1c7a1a0>, main=<bound method BuildVerb.main of <colcon_core.verb.build.BuildVerb object at 0x7f88a1c7a1a0>>)
[0.912s] Level 1:colcon.colcon_core.package_discovery:discover_packages(colcon_meta) check parameters
[0.913s] Level 1:colcon.colcon_core.package_discovery:discover_packages(recursive) check parameters
[0.913s] Level 1:colcon.colcon_core.package_discovery:discover_packages(ignore) check parameters
[0.913s] Level 1:colcon.colcon_core.package_discovery:discover_packages(path) check parameters
[0.913s] Level 1:colcon.colcon_core.package_discovery:discover_packages(colcon_meta) discover
[0.914s] Level 1:colcon.colcon_core.package_discovery:discover_packages(recursive) discover
[0.914s] INFO:colcon.colcon_core.package_discovery:Crawling recursively for packages in '/mnt/f/NITS/ANAV/main/ros2_Ws'
[0.915s] Level 1:colcon.colcon_core.package_identification:_identify(.) by extensions ['ignore', 'ignore_ament_install']
[0.915s] Level 1:colcon.colcon_core.package_identification:_identify(.) by extension 'ignore'
[0.916s] Level 1:colcon.colcon_core.package_identification:_identify(.) by extension 'ignore_ament_install'
[0.916s] Level 1:colcon.colcon_core.package_identification:_identify(.) by extensions ['colcon_pkg']
[0.917s] Level 1:colcon.colcon_core.package_identification:_identify(.) by extension 'colcon_pkg'
[0.917s] Level 1:colcon.colcon_core.package_identification:_identify(.) by extensions ['colcon_meta']
[0.917s] Level 1:colcon.colcon_core.package_identification:_identify(.) by extension 'colcon_meta'
[0.917s] Level 1:colcon.colcon_core.package_identification:_identify(.) by extensions ['ros']
[0.918s] Level 1:colcon.colcon_core.package_identification:_identify(.) by extension 'ros'
[0.937s] Level 1:colcon.colcon_core.package_identification:_identify(.) by extensions ['cmake', 'python']
[0.938s] Level 1:colcon.colcon_core.package_identification:_identify(.) by extension 'cmake'
[0.939s] Level 1:colcon.colcon_core.package_identification:_identify(.) by extension 'python'
[0.939s] Level 1:colcon.colcon_core.package_identification:_identify(.) by extensions ['python_setup_py']
[0.940s] Level 1:colcon.colcon_core.package_identification:_identify(.) by extension 'python_setup_py'
[0.944s] Level 1:colcon.colcon_core.package_identification:_identify(build) by extensions ['ignore', 'ignore_ament_install']
[0.944s] Level 1:colcon.colcon_core.package_identification:_identify(build) by extension 'ignore'
[0.945s] Level 1:colcon.colcon_core.package_identification:_identify(build) ignored
[0.947s] Level 1:colcon.colcon_core.package_identification:_identify(install) by extensions ['ignore', 'ignore_ament_install']
[0.947s] Level 1:colcon.colcon_core.package_identification:_identify(install) by extension 'ignore'
[0.948s] Level 1:colcon.colcon_core.package_identification:_identify(install) ignored
[0.951s] Level 1:colcon.colcon_core.package_identification:_identify(log) by extensions ['ignore', 'ignore_ament_install']
[0.951s] Level 1:colcon.colcon_core.package_identification:_identify(log) by extension 'ignore'
[0.952s] Level 1:colcon.colcon_core.package_identification:_identify(log) ignored
[0.954s] Level 1:colcon.colcon_core.package_identification:_identify(src) by extensions ['ignore', 'ignore_ament_install']
[0.954s] Level 1:colcon.colcon_core.package_identification:_identify(src) by extension 'ignore'
[0.955s] Level 1:colcon.colcon_core.package_identification:_identify(src) by extension 'ignore_ament_install'
[0.956s] Level 1:colcon.colcon_core.package_identification:_identify(src) by extensions ['colcon_pkg']
[0.956s] Level 1:colcon.colcon_core.package_identification:_identify(src) by extension 'colcon_pkg'
[0.957s] Level 1:colcon.colcon_core.package_identification:_identify(src) by extensions ['colcon_meta']
[0.957s] Level 1:colcon.colcon_core.package_identification:_identify(src) by extension 'colcon_meta'
[0.958s] Level 1:colcon.colcon_core.package_identification:_identify(src) by extensions ['ros']
[0.958s] Level 1:colcon.colcon_core.package_identification:_identify(src) by extension 'ros'
[0.960s] Level 1:colcon.colcon_core.package_identification:_identify(src) by extensions ['cmake', 'python']
[0.960s] Level 1:colcon.colcon_core.package_identification:_identify(src) by extension 'cmake'
[0.961s] Level 1:colcon.colcon_core.package_identification:_identify(src) by extension 'python'
[0.962s] Level 1:colcon.colcon_core.package_identification:_identify(src) by extensions ['python_setup_py']
[0.962s] Level 1:colcon.colcon_core.package_identification:_identify(src) by extension 'python_setup_py'
[0.965s] Level 1:colcon.colcon_core.package_identification:_identify(src/my_robot_controller) by extensions ['ignore', 'ignore_ament_install']
[0.965s] Level 1:colcon.colcon_core.package_identification:_identify(src/my_robot_controller) by extension 'ignore'
[0.966s] Level 1:colcon.colcon_core.package_identification:_identify(src/my_robot_controller) by extension 'ignore_ament_install'
[0.969s] Level 1:colcon.colcon_core.package_identification:_identify(src/my_robot_controller) by extensions ['colcon_pkg']
[0.969s] Level 1:colcon.colcon_core.package_identification:_identify(src/my_robot_controller) by extension 'colcon_pkg'
[0.970s] Level 1:colcon.colcon_core.package_identification:_identify(src/my_robot_controller) by extensions ['colcon_meta']
[0.970s] Level 1:colcon.colcon_core.package_identification:_identify(src/my_robot_controller) by extension 'colcon_meta'
[0.972s] Level 1:colcon.colcon_core.package_identification:_identify(src/my_robot_controller) by extensions ['ros']
[0.972s] Level 1:colcon.colcon_core.package_identification:_identify(src/my_robot_controller) by extension 'ros'
[0.985s] DEBUG:colcon.colcon_core.package_identification:Package 'src/my_robot_controller' with type 'ros.ament_python' and name 'my_robot_controller'
[0.985s] Level 1:colcon.colcon_core.package_discovery:discover_packages(recursive) using defaults
[0.985s] Level 1:colcon.colcon_core.package_discovery:discover_packages(ignore) discover
[0.985s] Level 1:colcon.colcon_core.package_discovery:discover_packages(ignore) using defaults
[0.986s] Level 1:colcon.colcon_core.package_discovery:discover_packages(path) discover
[0.986s] Level 1:colcon.colcon_core.package_discovery:discover_packages(path) using defaults
[1.053s] Level 1:colcon.colcon_core.package_discovery:discover_packages(prefix_path) check parameters
[1.054s] Level 1:colcon.colcon_core.package_discovery:discover_packages(prefix_path) discover
[1.082s] DEBUG:colcon.colcon_installed_package_information.package_discovery:Found 1 installed packages in /mnt/f/NITS/ANAV/main/ros2_Ws/install
[1.084s] DEBUG:colcon.colcon_installed_package_information.package_discovery:Found 226 installed packages in /opt/ros/humble
[1.095s] Level 1:colcon.colcon_core.package_discovery:discover_packages(prefix_path) using defaults
[1.187s] Level 5:colcon.colcon_core.verb:set package 'my_robot_controller' build argument 'cmake_args' from command line to 'None'
[1.187s] Level 5:colcon.colcon_core.verb:set package 'my_robot_controller' build argument 'cmake_target' from command line to 'None'
[1.188s] Level 5:colcon.colcon_core.verb:set package 'my_robot_controller' build argument 'cmake_target_skip_unavailable' from command line to 'False'
[1.188s] Level 5:colcon.colcon_core.verb:set package 'my_robot_controller' build argument 'cmake_clean_cache' from command line to 'False'
[1.188s] Level 5:colcon.colcon_core.verb:set package 'my_robot_controller' build argument 'cmake_clean_first' from command line to 'False'
[1.189s] Level 5:colcon.colcon_core.verb:set package 'my_robot_controller' build argument 'cmake_force_configure' from command line to 'False'
[1.189s] Level 5:colcon.colcon_core.verb:set package 'my_robot_controller' build argument 'ament_cmake_args' from command line to 'None'
[1.189s] Level 5:colcon.colcon_core.verb:set package 'my_robot_controller' build argument 'catkin_cmake_args' from command line to 'None'
[1.190s] Level 5:colcon.colcon_core.verb:set package 'my_robot_controller' build argument 'catkin_skip_building_tests' from command line to 'False'
[1.190s] DEBUG:colcon.colcon_core.verb:Building package 'my_robot_controller' with the following arguments: {'ament_cmake_args': None, 'build_base': '/mnt/f/NITS/ANAV/main/ros2_Ws/build/my_robot_controller', 'catkin_cmake_args': None, 'catkin_skip_building_tests': False, 'cmake_args': None, 'cmake_clean_cache': False, 'cmake_clean_first': False, 'cmake_force_configure': False, 'cmake_target': None, 'cmake_target_skip_unavailable': False, 'install_base': '/mnt/f/NITS/ANAV/main/ros2_Ws/install/my_robot_controller', 'merge_install': False, 'path': '/mnt/f/NITS/ANAV/main/ros2_Ws/src/my_robot_controller', 'symlink_install': False, 'test_result_base': None}
[1.190s] INFO:colcon.colcon_core.executor:Executing jobs using 'parallel' executor
[1.192s] DEBUG:colcon.colcon_parallel_executor.executor.parallel:run_until_complete
[1.192s] INFO:colcon.colcon_ros.task.ament_python.build:Building ROS package in '/mnt/f/NITS/ANAV/main/ros2_Ws/src/my_robot_controller' with build type 'ament_python'
[1.193s] Level 1:colcon.colcon_core.shell:create_environment_hook('my_robot_controller', 'ament_prefix_path')
[1.203s] INFO:colcon.colcon_core.plugin_system:Skipping extension 'colcon_core.shell.bat': Not used on non-Windows systems
[1.203s] INFO:colcon.colcon_core.shell:Creating environment hook '/mnt/f/NITS/ANAV/main/ros2_Ws/install/my_robot_controller/share/my_robot_controller/hook/ament_prefix_path.ps1'
[1.217s] INFO:colcon.colcon_core.shell:Creating environment descriptor '/mnt/f/NITS/ANAV/main/ros2_Ws/install/my_robot_controller/share/my_robot_controller/hook/ament_prefix_path.dsv'
[1.231s] INFO:colcon.colcon_core.shell:Creating environment hook '/mnt/f/NITS/ANAV/main/ros2_Ws/install/my_robot_controller/share/my_robot_controller/hook/ament_prefix_path.sh'
[1.244s] INFO:colcon.colcon_core.shell:Skip shell extension 'powershell' for command environment: Not usable outside of PowerShell
[1.245s] DEBUG:colcon.colcon_core.shell:Skip shell extension 'dsv' for command environment
[1.856s] INFO:colcon.colcon_core.task.python.build:Building Python package in '/mnt/f/NITS/ANAV/main/ros2_Ws/src/my_robot_controller'
[1.857s] INFO:colcon.colcon_core.shell:Skip shell extension 'powershell' for command environment: Not usable outside of PowerShell
[1.858s] DEBUG:colcon.colcon_core.shell:Skip shell extension 'dsv' for command environment
[2.962s] DEBUG:colcon.colcon_core.event_handler.log_command:Invoking command in '/mnt/f/NITS/ANAV/main/ros2_Ws/build/my_robot_controller': PYTHONPATH=/mnt/f/NITS/ANAV/main/ros2_Ws/build/my_robot_controller/prefix_override:/usr/lib/python3/dist-packages/colcon_core/task/python/colcon_distutils_commands:/mnt/f/NITS/ANAV/main/ros2_Ws/install/my_robot_controller/lib/python3.10/site-packages:${PYTHONPATH} /usr/bin/python3 -W ignore:setup.py install is deprecated -W ignore:easy_install command is deprecated setup.py develop --uninstall --editable --build-directory /mnt/f/NITS/ANAV/main/ros2_Ws/build/my_robot_controller/build
[4.173s] DEBUG:colcon.colcon_core.event_handler.log_command:Invoked command in '/mnt/f/NITS/ANAV/main/ros2_Ws/build/my_robot_controller' returned '0': PYTHONPATH=/mnt/f/NITS/ANAV/main/ros2_Ws/build/my_robot_controller/prefix_override:/usr/lib/python3/dist-packages/colcon_core/task/python/colcon_distutils_commands:/mnt/f/NITS/ANAV/main/ros2_Ws/install/my_robot_controller/lib/python3.10/site-packages:${PYTHONPATH} /usr/bin/python3 -W ignore:setup.py install is deprecated -W ignore:easy_install command is deprecated setup.py develop --uninstall --editable --build-directory /mnt/f/NITS/ANAV/main/ros2_Ws/build/my_robot_controller/build
[4.186s] DEBUG:colcon.colcon_core.event_handler.log_command:Invoking command in '/mnt/f/NITS/ANAV/main/ros2_Ws/src/my_robot_controller': PYTHONPATH=/mnt/f/NITS/ANAV/main/ros2_Ws/build/my_robot_controller/prefix_override:/usr/lib/python3/dist-packages/colcon_core/task/python/colcon_distutils_commands:/mnt/f/NITS/ANAV/main/ros2_Ws/install/my_robot_controller/lib/python3.10/site-packages:${PYTHONPATH} /usr/bin/python3 -W ignore:setup.py install is deprecated -W ignore:easy_install command is deprecated setup.py egg_info --egg-base ../../build/my_robot_controller build --build-base /mnt/f/NITS/ANAV/main/ros2_Ws/build/my_robot_controller/build install --record /mnt/f/NITS/ANAV/main/ros2_Ws/build/my_robot_controller/install.log --single-version-externally-managed install_data --force
[5.789s] DEBUG:colcon.colcon_core.event_handler.log_command:Invoked command in '/mnt/f/NITS/ANAV/main/ros2_Ws/src/my_robot_controller' returned '0': PYTHONPATH=/mnt/f/NITS/ANAV/main/ros2_Ws/build/my_robot_controller/prefix_override:/usr/lib/python3/dist-packages/colcon_core/task/python/colcon_distutils_commands:/mnt/f/NITS/ANAV/main/ros2_Ws/install/my_robot_controller/lib/python3.10/site-packages:${PYTHONPATH} /usr/bin/python3 -W ignore:setup.py install is deprecated -W ignore:easy_install command is deprecated setup.py egg_info --egg-base ../../build/my_robot_controller build --build-base /mnt/f/NITS/ANAV/main/ros2_Ws/build/my_robot_controller/build install --record /mnt/f/NITS/ANAV/main/ros2_Ws/build/my_robot_controller/install.log --single-version-externally-managed install_data --force
[5.824s] Level 1:colcon.colcon_core.environment:checking '/mnt/f/NITS/ANAV/main/ros2_Ws/install/my_robot_controller' for CMake module files
[5.909s] Level 1:colcon.colcon_core.environment:checking '/mnt/f/NITS/ANAV/main/ros2_Ws/install/my_robot_controller' for CMake config files
[5.987s] Level 1:colcon.colcon_core.environment:checking '/mnt/f/NITS/ANAV/main/ros2_Ws/install/my_robot_controller/lib'
[5.992s] Level 1:colcon.colcon_core.environment:checking '/mnt/f/NITS/ANAV/main/ros2_Ws/install/my_robot_controller/bin'
[5.994s] Level 1:colcon.colcon_core.environment:checking '/mnt/f/NITS/ANAV/main/ros2_Ws/install/my_robot_controller/lib/pkgconfig/my_robot_controller.pc'
[5.996s] Level 1:colcon.colcon_core.environment:checking '/mnt/f/NITS/ANAV/main/ros2_Ws/install/my_robot_controller/lib/python3.10/site-packages'
[6.000s] Level 1:colcon.colcon_core.shell:create_environment_hook('my_robot_controller', 'pythonpath')
[6.001s] INFO:colcon.colcon_core.shell:Creating environment hook '/mnt/f/NITS/ANAV/main/ros2_Ws/install/my_robot_controller/share/my_robot_controller/hook/pythonpath.ps1'
[6.019s] INFO:colcon.colcon_core.shell:Creating environment descriptor '/mnt/f/NITS/ANAV/main/ros2_Ws/install/my_robot_controller/share/my_robot_controller/hook/pythonpath.dsv'
[6.033s] INFO:colcon.colcon_core.shell:Creating environment hook '/mnt/f/NITS/ANAV/main/ros2_Ws/install/my_robot_controller/share/my_robot_controller/hook/pythonpath.sh'
[6.048s] Level 1:colcon.colcon_core.environment:checking '/mnt/f/NITS/ANAV/main/ros2_Ws/install/my_robot_controller/bin'
[6.049s] Level 1:colcon.colcon_core.environment:create_environment_scripts_only(my_robot_controller)
[6.049s] INFO:colcon.colcon_core.shell:Creating package script '/mnt/f/NITS/ANAV/main/ros2_Ws/install/my_robot_controller/share/my_robot_controller/package.ps1'
[6.075s] INFO:colcon.colcon_core.shell:Creating package descriptor '/mnt/f/NITS/ANAV/main/ros2_Ws/install/my_robot_controller/share/my_robot_controller/package.dsv'
[6.088s] INFO:colcon.colcon_core.shell:Creating package script '/mnt/f/NITS/ANAV/main/ros2_Ws/install/my_robot_controller/share/my_robot_controller/package.sh'
[6.099s] INFO:colcon.colcon_core.shell:Creating package script '/mnt/f/NITS/ANAV/main/ros2_Ws/install/my_robot_controller/share/my_robot_controller/package.bash'
[6.112s] INFO:colcon.colcon_core.shell:Creating package script '/mnt/f/NITS/ANAV/main/ros2_Ws/install/my_robot_controller/share/my_robot_controller/package.zsh'
[6.126s] Level 1:colcon.colcon_core.environment:create_file_with_runtime_dependencies(/mnt/f/NITS/ANAV/main/ros2_Ws/install/my_robot_controller/share/colcon-core/packages/my_robot_controller)
[6.136s] DEBUG:colcon.colcon_parallel_executor.executor.parallel:closing loop
[6.137s] DEBUG:colcon.colcon_parallel_executor.executor.parallel:loop closed
[6.137s] DEBUG:colcon.colcon_parallel_executor.executor.parallel:run_until_complete finished with '0'
[6.137s] DEBUG:colcon.colcon_core.event_reactor:joining thread
[6.247s] INFO:colcon.colcon_core.plugin_system:Skipping extension 'colcon_notification.desktop_notification.notify_send': Could not find 'notify-send'
[6.247s] INFO:colcon.colcon_core.plugin_system:Skipping extension 'colcon_notification.desktop_notification.terminal_notifier': Not used on non-Darwin systems
[6.247s] INFO:colcon.colcon_core.plugin_system:Skipping extension 'colcon_notification.desktop_notification.win32': Not used on non-Windows systems
[6.248s] INFO:colcon.colcon_notification.desktop_notification:Sending desktop notification using 'notify2'
[6.248s] DEBUG:colcon.colcon_notification.desktop_notification.notify2:Failed to initialize notify2: org.freedesktop.DBus.Error.FileNotFound: Failed to connect to socket /run/user/1000/bus: No such file or directory
[6.248s] DEBUG:colcon.colcon_core.event_reactor:joined thread
[6.248s] INFO:colcon.colcon_core.shell:Creating prefix script '/mnt/f/NITS/ANAV/main/ros2_Ws/install/local_setup.ps1'
[6.255s] INFO:colcon.colcon_core.shell:Creating prefix util module '/mnt/f/NITS/ANAV/main/ros2_Ws/install/_local_setup_util_ps1.py'
[6.263s] INFO:colcon.colcon_core.shell:Creating prefix chain script '/mnt/f/NITS/ANAV/main/ros2_Ws/install/setup.ps1'
[6.275s] INFO:colcon.colcon_core.shell:Creating prefix script '/mnt/f/NITS/ANAV/main/ros2_Ws/install/local_setup.sh'
[6.281s] INFO:colcon.colcon_core.shell:Creating prefix util module '/mnt/f/NITS/ANAV/main/ros2_Ws/install/_local_setup_util_sh.py'
[6.286s] INFO:colcon.colcon_core.shell:Creating prefix chain script '/mnt/f/NITS/ANAV/main/ros2_Ws/install/setup.sh'
[6.301s] INFO:colcon.colcon_core.shell:Creating prefix script '/mnt/f/NITS/ANAV/main/ros2_Ws/install/local_setup.bash'
[6.308s] INFO:colcon.colcon_core.shell:Creating prefix chain script '/mnt/f/NITS/ANAV/main/ros2_Ws/install/setup.bash'
[6.320s] INFO:colcon.colcon_core.shell:Creating prefix script '/mnt/f/NITS/ANAV/main/ros2_Ws/install/local_setup.zsh'
[6.326s] INFO:colcon.colcon_core.shell:Creating prefix chain script '/mnt/f/NITS/ANAV/main/ros2_Ws/install/setup.zsh'
