[2.731s] Invoking command in '/mnt/f/NITS/ANAV/main/build/my_robot_controller': PYTHONPATH=/mnt/f/NITS/ANAV/main/build/my_robot_controller/prefix_override:/usr/lib/python3/dist-packages/colcon_core/task/python/colcon_distutils_commands:/mnt/f/NITS/ANAV/main/install/my_robot_controller/lib/python3.10/site-packages:${PYTHONPATH} /usr/bin/python3 -W ignore:setup.py install is deprecated -W ignore:easy_install command is deprecated setup.py develop --editable --build-directory /mnt/f/NITS/ANAV/main/build/my_robot_controller/build --no-deps symlink_data
[4.057s] running develop
[4.354s] running egg_info
[4.355s] creating my_robot_controller.egg-info
[4.356s] writing my_robot_controller.egg-info/PKG-INFO
[4.361s] writing dependency_links to my_robot_controller.egg-info/dependency_links.txt
[4.364s] writing entry points to my_robot_controller.egg-info/entry_points.txt
[4.367s] writing requirements to my_robot_controller.egg-info/requires.txt
[4.368s] writing top-level names to my_robot_controller.egg-info/top_level.txt
[4.372s] writing manifest file 'my_robot_controller.egg-info/SOURCES.txt'
[4.431s] reading manifest file 'my_robot_controller.egg-info/SOURCES.txt'
[4.489s] writing manifest file 'my_robot_controller.egg-info/SOURCES.txt'
[4.507s] running build_ext
[4.508s] Creating /mnt/f/NITS/ANAV/main/install/my_robot_controller/lib/python3.10/site-packages/my-robot-controller.egg-link (link to .)
[4.529s] Installing boundary_mapper_dummy script to /mnt/f/NITS/ANAV/main/install/my_robot_controller/lib/my_robot_controller
[4.540s] Installing bridge_server script to /mnt/f/NITS/ANAV/main/install/my_robot_controller/lib/my_robot_controller
[4.555s] Installing coordinate script to /mnt/f/NITS/ANAV/main/install/my_robot_controller/lib/my_robot_controller
[4.570s] Installing hover script to /mnt/f/NITS/ANAV/main/install/my_robot_controller/lib/my_robot_controller
[4.583s] Installing launch_checker script to /mnt/f/NITS/ANAV/main/install/my_robot_controller/lib/my_robot_controller
[4.597s] Installing mode_controller script to /mnt/f/NITS/ANAV/main/install/my_robot_controller/lib/my_robot_controller
[4.610s] Installing odom_dummy script to /mnt/f/NITS/ANAV/main/install/my_robot_controller/lib/my_robot_controller
[4.624s] Installing path_manual script to /mnt/f/NITS/ANAV/main/install/my_robot_controller/lib/my_robot_controller
[4.639s] Installing path_mover script to /mnt/f/NITS/ANAV/main/install/my_robot_controller/lib/my_robot_controller
[4.651s] Installing path_planner script to /mnt/f/NITS/ANAV/main/install/my_robot_controller/lib/my_robot_controller
[4.665s] Installing perpendicular_webcam = my_robot_controller.perpendicular_webcam:mainflat_area_dummy script to /mnt/f/NITS/ANAV/main/install/my_robot_controller/lib/my_robot_controller
[4.695s] 
[4.695s] Installed /mnt/f/NITS/ANAV/main/build/my_robot_controller
[4.698s] running symlink_data
[4.705s] creating /mnt/f/NITS/ANAV/main/install/my_robot_controller/share/ament_index
[4.707s] creating /mnt/f/NITS/ANAV/main/install/my_robot_controller/share/ament_index/resource_index
[4.709s] creating /mnt/f/NITS/ANAV/main/install/my_robot_controller/share/ament_index/resource_index/packages
[4.724s] symbolically linking /mnt/f/NITS/ANAV/main/build/my_robot_controller/resource/my_robot_controller -> /mnt/f/NITS/ANAV/main/install/my_robot_controller/share/ament_index/resource_index/packages
[4.738s] symbolically linking /mnt/f/NITS/ANAV/main/build/my_robot_controller/package.xml -> /mnt/f/NITS/ANAV/main/install/my_robot_controller/share/my_robot_controller
[4.773s] Invoked command in '/mnt/f/NITS/ANAV/main/build/my_robot_controller' returned '0': PYTHONPATH=/mnt/f/NITS/ANAV/main/build/my_robot_controller/prefix_override:/usr/lib/python3/dist-packages/colcon_core/task/python/colcon_distutils_commands:/mnt/f/NITS/ANAV/main/install/my_robot_controller/lib/python3.10/site-packages:${PYTHONPATH} /usr/bin/python3 -W ignore:setup.py install is deprecated -W ignore:easy_install command is deprecated setup.py develop --editable --build-directory /mnt/f/NITS/ANAV/main/build/my_robot_controller/build --no-deps symlink_data
