[1.957s] Invoking command in '/mnt/f/NITS/ANAV/main/ros2_Ws/src/my_robot_controller': PYTHONPATH=/mnt/f/NITS/ANAV/main/ros2_Ws/build/my_robot_controller/prefix_override:/usr/lib/python3/dist-packages/colcon_core/task/python/colcon_distutils_commands:/mnt/f/NITS/ANAV/main/ros2_Ws/install/my_robot_controller/lib/python3.10/site-packages:${PYTHONPATH} /usr/bin/python3 -W ignore:setup.py install is deprecated -W ignore:easy_install command is deprecated setup.py egg_info --egg-base ../../build/my_robot_controller build --build-base /mnt/f/NITS/ANAV/main/ros2_Ws/build/my_robot_controller/build install --record /mnt/f/NITS/ANAV/main/ros2_Ws/build/my_robot_controller/install.log --single-version-externally-managed install_data
[2.720s] running egg_info
[2.727s] writing ../../build/my_robot_controller/my_robot_controller.egg-info/PKG-INFO
[2.735s] writing dependency_links to ../../build/my_robot_controller/my_robot_controller.egg-info/dependency_links.txt
[2.741s] writing entry points to ../../build/my_robot_controller/my_robot_controller.egg-info/entry_points.txt
[2.746s] writing requirements to ../../build/my_robot_controller/my_robot_controller.egg-info/requires.txt
[2.749s] writing top-level names to ../../build/my_robot_controller/my_robot_controller.egg-info/top_level.txt
[2.778s] reading manifest file '../../build/my_robot_controller/my_robot_controller.egg-info/SOURCES.txt'
[2.834s] writing manifest file '../../build/my_robot_controller/my_robot_controller.egg-info/SOURCES.txt'
[2.837s] running build
[2.838s] running build_py
[2.875s] copying my_robot_controller/path_planner_simulation_server.py -> /mnt/f/NITS/ANAV/main/ros2_Ws/build/my_robot_controller/build/lib/my_robot_controller
[2.925s] running install
[2.926s] running install_lib
[3.021s] copying /mnt/f/NITS/ANAV/main/ros2_Ws/build/my_robot_controller/build/lib/my_robot_controller/path_planner_simulation_server.py -> /mnt/f/NITS/ANAV/main/ros2_Ws/install/my_robot_controller/lib/python3.10/site-packages/my_robot_controller
[3.157s] byte-compiling /mnt/f/NITS/ANAV/main/ros2_Ws/install/my_robot_controller/lib/python3.10/site-packages/my_robot_controller/path_planner_simulation_server.py to path_planner_simulation_server.cpython-310.pyc
[3.221s] running install_data
[3.246s] running install_egg_info
[3.257s] removing '/mnt/f/NITS/ANAV/main/ros2_Ws/install/my_robot_controller/lib/python3.10/site-packages/my_robot_controller-0.0.0-py3.10.egg-info' (and everything under it)
[3.337s] Copying ../../build/my_robot_controller/my_robot_controller.egg-info to /mnt/f/NITS/ANAV/main/ros2_Ws/install/my_robot_controller/lib/python3.10/site-packages/my_robot_controller-0.0.0-py3.10.egg-info
[3.574s] running install_scripts
[3.644s] Installing path_planner_node script to /mnt/f/NITS/ANAV/main/ros2_Ws/install/my_robot_controller/lib/my_robot_controller
[3.655s] Installing path_planner_server_node script to /mnt/f/NITS/ANAV/main/ros2_Ws/install/my_robot_controller/lib/my_robot_controller
[3.664s] Installing path_planner_simulation_node script to /mnt/f/NITS/ANAV/main/ros2_Ws/install/my_robot_controller/lib/my_robot_controller
[3.676s] Installing path_planner_simulation_server_node script to /mnt/f/NITS/ANAV/main/ros2_Ws/install/my_robot_controller/lib/my_robot_controller
[3.687s] Installing position_node script to /mnt/f/NITS/ANAV/main/ros2_Ws/install/my_robot_controller/lib/my_robot_controller
[3.700s] writing list of installed files to '/mnt/f/NITS/ANAV/main/ros2_Ws/build/my_robot_controller/install.log'
[3.749s] Invoked command in '/mnt/f/NITS/ANAV/main/ros2_Ws/src/my_robot_controller' returned '0': PYTHONPATH=/mnt/f/NITS/ANAV/main/ros2_Ws/build/my_robot_controller/prefix_override:/usr/lib/python3/dist-packages/colcon_core/task/python/colcon_distutils_commands:/mnt/f/NITS/ANAV/main/ros2_Ws/install/my_robot_controller/lib/python3.10/site-packages:${PYTHONPATH} /usr/bin/python3 -W ignore:setup.py install is deprecated -W ignore:easy_install command is deprecated setup.py egg_info --egg-base ../../build/my_robot_controller build --build-base /mnt/f/NITS/ANAV/main/ros2_Ws/build/my_robot_controller/build install --record /mnt/f/NITS/ANAV/main/ros2_Ws/build/my_robot_controller/install.log --single-version-externally-managed install_data
