[1.985s] Invoking command in '/mnt/f/NITS/ANAV/main/ros2_Ws/build/my_robot_controller': PYTHONPATH=/mnt/f/NITS/ANAV/main/ros2_Ws/build/my_robot_controller/prefix_override:/usr/lib/python3/dist-packages/colcon_core/task/python/colcon_distutils_commands:/mnt/f/NITS/ANAV/main/ros2_Ws/install/my_robot_controller/lib/python3.10/site-packages:${PYTHONPATH} /usr/bin/python3 -W ignore:setup.py install is deprecated -W ignore:easy_install command is deprecated setup.py develop --editable --build-directory /mnt/f/NITS/ANAV/main/ros2_Ws/build/my_robot_controller/build --no-deps symlink_data --force
[2.787s] running develop
[3.049s] running egg_info
[3.050s] writing my_robot_controller.egg-info/PKG-INFO
[3.053s] writing dependency_links to my_robot_controller.egg-info/dependency_links.txt
[3.057s] writing entry points to my_robot_controller.egg-info/entry_points.txt
[3.060s] writing requirements to my_robot_controller.egg-info/requires.txt
[3.062s] writing top-level names to my_robot_controller.egg-info/top_level.txt
[3.101s] reading manifest file 'my_robot_controller.egg-info/SOURCES.txt'
[3.157s] writing manifest file 'my_robot_controller.egg-info/SOURCES.txt'
[3.167s] running build_ext
[3.168s] Creating /mnt/f/NITS/ANAV/main/ros2_Ws/install/my_robot_controller/lib/python3.10/site-packages/my-robot-controller.egg-link (link to .)
[3.271s] Installing controller_node script to /mnt/f/NITS/ANAV/main/ros2_Ws/install/my_robot_controller/lib/my_robot_controller
[3.303s] Installing postion_node script to /mnt/f/NITS/ANAV/main/ros2_Ws/install/my_robot_controller/lib/my_robot_controller
[3.322s] Installing publish_node script to /mnt/f/NITS/ANAV/main/ros2_Ws/install/my_robot_controller/lib/my_robot_controller
[3.338s] Installing subscribe_node script to /mnt/f/NITS/ANAV/main/ros2_Ws/install/my_robot_controller/lib/my_robot_controller
[3.353s] Installing test_node script to /mnt/f/NITS/ANAV/main/ros2_Ws/install/my_robot_controller/lib/my_robot_controller
[3.371s] 
[3.372s] Installed /mnt/f/NITS/ANAV/main/ros2_Ws/build/my_robot_controller
[3.374s] running symlink_data
[3.390s] symbolically linking /mnt/f/NITS/ANAV/main/ros2_Ws/build/my_robot_controller/resource/my_robot_controller -> /mnt/f/NITS/ANAV/main/ros2_Ws/install/my_robot_controller/share/ament_index/resource_index/packages
[3.406s] symbolically linking /mnt/f/NITS/ANAV/main/ros2_Ws/build/my_robot_controller/package.xml -> /mnt/f/NITS/ANAV/main/ros2_Ws/install/my_robot_controller/share/my_robot_controller
[3.446s] Invoked command in '/mnt/f/NITS/ANAV/main/ros2_Ws/build/my_robot_controller' returned '0': PYTHONPATH=/mnt/f/NITS/ANAV/main/ros2_Ws/build/my_robot_controller/prefix_override:/usr/lib/python3/dist-packages/colcon_core/task/python/colcon_distutils_commands:/mnt/f/NITS/ANAV/main/ros2_Ws/install/my_robot_controller/lib/python3.10/site-packages:${PYTHONPATH} /usr/bin/python3 -W ignore:setup.py install is deprecated -W ignore:easy_install command is deprecated setup.py develop --editable --build-directory /mnt/f/NITS/ANAV/main/ros2_Ws/build/my_robot_controller/build --no-deps symlink_data --force
