[1.623s] Invoking command in '/mnt/f/NITS/ANAV/main/ros2_Ws/src/my_robot_controller': PYTHONPATH=/mnt/f/NITS/ANAV/main/ros2_Ws/build/my_robot_controller/prefix_override:/usr/lib/python3/dist-packages/colcon_core/task/python/colcon_distutils_commands:/mnt/f/NITS/ANAV/main/ros2_Ws/install/my_robot_controller/lib/python3.10/site-packages:${PYTHONPATH} /usr/bin/python3 -W ignore:setup.py install is deprecated -W ignore:easy_install command is deprecated setup.py egg_info --egg-base ../../build/my_robot_controller build --build-base /mnt/f/NITS/ANAV/main/ros2_Ws/build/my_robot_controller/build install --record /mnt/f/NITS/ANAV/main/ros2_Ws/build/my_robot_controller/install.log --single-version-externally-managed install_data
[2.268s] running egg_info
[2.272s] writing ../../build/my_robot_controller/my_robot_controller.egg-info/PKG-INFO
[2.278s] writing dependency_links to ../../build/my_robot_controller/my_robot_controller.egg-info/dependency_links.txt
[2.283s] writing entry points to ../../build/my_robot_controller/my_robot_controller.egg-info/entry_points.txt
[2.287s] writing requirements to ../../build/my_robot_controller/my_robot_controller.egg-info/requires.txt
[2.290s] writing top-level names to ../../build/my_robot_controller/my_robot_controller.egg-info/top_level.txt
[2.317s] reading manifest file '../../build/my_robot_controller/my_robot_controller.egg-info/SOURCES.txt'
[2.371s] writing manifest file '../../build/my_robot_controller/my_robot_controller.egg-info/SOURCES.txt'
[2.374s] running build
[2.378s] running build_py
[2.434s] running install
[2.434s] running install_lib
[2.642s] running install_data
[2.662s] running install_egg_info
[2.671s] removing '/mnt/f/NITS/ANAV/main/ros2_Ws/install/my_robot_controller/lib/python3.10/site-packages/my_robot_controller-0.0.0-py3.10.egg-info' (and everything under it)
[2.710s] Copying ../../build/my_robot_controller/my_robot_controller.egg-info to /mnt/f/NITS/ANAV/main/ros2_Ws/install/my_robot_controller/lib/python3.10/site-packages/my_robot_controller-0.0.0-py3.10.egg-info
[2.880s] running install_scripts
[2.938s] Installing path_planner_node script to /mnt/f/NITS/ANAV/main/ros2_Ws/install/my_robot_controller/lib/my_robot_controller
[2.947s] Installing path_planner_server_node script to /mnt/f/NITS/ANAV/main/ros2_Ws/install/my_robot_controller/lib/my_robot_controller
[2.955s] Installing path_planner_simulation_node script to /mnt/f/NITS/ANAV/main/ros2_Ws/install/my_robot_controller/lib/my_robot_controller
[2.963s] Installing path_planner_simulation_server_node script to /mnt/f/NITS/ANAV/main/ros2_Ws/install/my_robot_controller/lib/my_robot_controller
[2.972s] Installing position_node script to /mnt/f/NITS/ANAV/main/ros2_Ws/install/my_robot_controller/lib/my_robot_controller
[2.983s] writing list of installed files to '/mnt/f/NITS/ANAV/main/ros2_Ws/build/my_robot_controller/install.log'
[3.006s] Invoked command in '/mnt/f/NITS/ANAV/main/ros2_Ws/src/my_robot_controller' returned '0': PYTHONPATH=/mnt/f/NITS/ANAV/main/ros2_Ws/build/my_robot_controller/prefix_override:/usr/lib/python3/dist-packages/colcon_core/task/python/colcon_distutils_commands:/mnt/f/NITS/ANAV/main/ros2_Ws/install/my_robot_controller/lib/python3.10/site-packages:${PYTHONPATH} /usr/bin/python3 -W ignore:setup.py install is deprecated -W ignore:easy_install command is deprecated setup.py egg_info --egg-base ../../build/my_robot_controller build --build-base /mnt/f/NITS/ANAV/main/ros2_Ws/build/my_robot_controller/build install --record /mnt/f/NITS/ANAV/main/ros2_Ws/build/my_robot_controller/install.log --single-version-externally-managed install_data
