[0.403s] DEBUG:colcon:Command line arguments: ['/usr/bin/colcon', 'build', '--symlink-install', '--packages-select', 'my_robot_controller', 'my_robot_launcher']
[0.403s] DEBUG:colcon:Parsed command line arguments: Namespace(log_base=None, log_level=None, verb_name='build', build_base='build', install_base='install', merge_install=False, symlink_install=True, test_result_base=None, continue_on_error=False, executor='parallel', parallel_workers=6, event_handlers=None, ignore_user_meta=False, metas=['./colcon.meta'], base_paths=['.'], packages_ignore=None, packages_ignore_regex=None, paths=None, packages_up_to=None, packages_up_to_regex=None, packages_above=None, packages_above_and_dependencies=None, packages_above_depth=None, packages_select_by_dep=None, packages_skip_by_dep=None, packages_skip_up_to=None, packages_select_build_failed=False, packages_skip_build_finished=False, packages_select_test_failures=False, packages_skip_test_passed=False, packages_select=['my_robot_controller', 'my_robot_launcher'], packages_skip=None, packages_select_regex=None, packages_skip_regex=None, packages_start=None, packages_end=None, allow_overriding=[], cmake_args=None, cmake_target=None, cmake_target_skip_unavailable=False, cmake_clean_cache=False, cmake_clean_first=False, cmake_force_configure=False, ament_cmake_args=None, catkin_cmake_args=None, catkin_skip_building_tests=False, mixin_files=None, mixin=None, verb_parser=<colcon_mixin.mixin.mixin_argument.MixinArgumentDecorator object at 0xffff8f4b1450>, verb_extension=<colcon_core.verb.build.BuildVerb object at 0xffff8f68aa40>, main=<bound method BuildVerb.main of <colcon_core.verb.build.BuildVerb object at 0xffff8f68aa40>>, mixin_verb=('build',))
[0.619s] Level 1:colcon.colcon_core.package_discovery:discover_packages(colcon_meta) check parameters
[0.620s] Level 1:colcon.colcon_core.package_discovery:discover_packages(recursive) check parameters
[0.620s] Level 1:colcon.colcon_core.package_discovery:discover_packages(ignore) check parameters
[0.620s] Level 1:colcon.colcon_core.package_discovery:discover_packages(path) check parameters
[0.620s] Level 1:colcon.colcon_core.package_discovery:discover_packages(colcon_meta) discover
[0.620s] Level 1:colcon.colcon_core.package_discovery:discover_packages(recursive) discover
[0.621s] INFO:colcon.colcon_core.package_discovery:Crawling recursively for packages in '/home/nits/master_controller/nits-yantrarnav/ros2_Ws'
[0.621s] Level 1:colcon.colcon_core.package_identification:_identify(.) by extensions ['ignore', 'ignore_ament_install']
[0.621s] Level 1:colcon.colcon_core.package_identification:_identify(.) by extension 'ignore'
[0.621s] Level 1:colcon.colcon_core.package_identification:_identify(.) by extension 'ignore_ament_install'
[0.622s] Level 1:colcon.colcon_core.package_identification:_identify(.) by extensions ['colcon_pkg']
[0.622s] Level 1:colcon.colcon_core.package_identification:_identify(.) by extension 'colcon_pkg'
[0.622s] Level 1:colcon.colcon_core.package_identification:_identify(.) by extensions ['colcon_meta']
[0.622s] Level 1:colcon.colcon_core.package_identification:_identify(.) by extension 'colcon_meta'
[0.622s] Level 1:colcon.colcon_core.package_identification:_identify(.) by extensions ['ros']
[0.622s] Level 1:colcon.colcon_core.package_identification:_identify(.) by extension 'ros'
[0.667s] Level 1:colcon.colcon_core.package_identification:_identify(.) by extensions ['cmake', 'python']
[0.667s] Level 1:colcon.colcon_core.package_identification:_identify(.) by extension 'cmake'
[0.667s] Level 1:colcon.colcon_core.package_identification:_identify(.) by extension 'python'
[0.667s] Level 1:colcon.colcon_core.package_identification:_identify(.) by extensions ['python_setup_py']
[0.667s] Level 1:colcon.colcon_core.package_identification:_identify(.) by extension 'python_setup_py'
[0.668s] Level 1:colcon.colcon_core.package_identification:_identify(build) by extensions ['ignore', 'ignore_ament_install']
[0.668s] Level 1:colcon.colcon_core.package_identification:_identify(build) by extension 'ignore'
[0.668s] Level 1:colcon.colcon_core.package_identification:_identify(build) ignored
[0.669s] Level 1:colcon.colcon_core.package_identification:_identify(install) by extensions ['ignore', 'ignore_ament_install']
[0.669s] Level 1:colcon.colcon_core.package_identification:_identify(install) by extension 'ignore'
[0.669s] Level 1:colcon.colcon_core.package_identification:_identify(install) ignored
[0.669s] Level 1:colcon.colcon_core.package_identification:_identify(log) by extensions ['ignore', 'ignore_ament_install']
[0.670s] Level 1:colcon.colcon_core.package_identification:_identify(log) by extension 'ignore'
[0.670s] Level 1:colcon.colcon_core.package_identification:_identify(log) ignored
[0.670s] Level 1:colcon.colcon_core.package_identification:_identify(src) by extensions ['ignore', 'ignore_ament_install']
[0.670s] Level 1:colcon.colcon_core.package_identification:_identify(src) by extension 'ignore'
[0.670s] Level 1:colcon.colcon_core.package_identification:_identify(src) by extension 'ignore_ament_install'
[0.670s] Level 1:colcon.colcon_core.package_identification:_identify(src) by extensions ['colcon_pkg']
[0.670s] Level 1:colcon.colcon_core.package_identification:_identify(src) by extension 'colcon_pkg'
[0.671s] Level 1:colcon.colcon_core.package_identification:_identify(src) by extensions ['colcon_meta']
[0.671s] Level 1:colcon.colcon_core.package_identification:_identify(src) by extension 'colcon_meta'
[0.671s] Level 1:colcon.colcon_core.package_identification:_identify(src) by extensions ['ros']
[0.671s] Level 1:colcon.colcon_core.package_identification:_identify(src) by extension 'ros'
[0.671s] Level 1:colcon.colcon_core.package_identification:_identify(src) by extensions ['cmake', 'python']
[0.671s] Level 1:colcon.colcon_core.package_identification:_identify(src) by extension 'cmake'
[0.671s] Level 1:colcon.colcon_core.package_identification:_identify(src) by extension 'python'
[0.671s] Level 1:colcon.colcon_core.package_identification:_identify(src) by extensions ['python_setup_py']
[0.671s] Level 1:colcon.colcon_core.package_identification:_identify(src) by extension 'python_setup_py'
[0.672s] Level 1:colcon.colcon_core.package_identification:_identify(src/my_robot_controller) by extensions ['ignore', 'ignore_ament_install']
[0.672s] Level 1:colcon.colcon_core.package_identification:_identify(src/my_robot_controller) by extension 'ignore'
[0.672s] Level 1:colcon.colcon_core.package_identification:_identify(src/my_robot_controller) by extension 'ignore_ament_install'
[0.672s] Level 1:colcon.colcon_core.package_identification:_identify(src/my_robot_controller) by extensions ['colcon_pkg']
[0.672s] Level 1:colcon.colcon_core.package_identification:_identify(src/my_robot_controller) by extension 'colcon_pkg'
[0.672s] Level 1:colcon.colcon_core.package_identification:_identify(src/my_robot_controller) by extensions ['colcon_meta']
[0.672s] Level 1:colcon.colcon_core.package_identification:_identify(src/my_robot_controller) by extension 'colcon_meta'
[0.672s] Level 1:colcon.colcon_core.package_identification:_identify(src/my_robot_controller) by extensions ['ros']
[0.672s] Level 1:colcon.colcon_core.package_identification:_identify(src/my_robot_controller) by extension 'ros'
[0.682s] DEBUG:colcon.colcon_core.package_identification:Package 'src/my_robot_controller' with type 'ros.ament_python' and name 'my_robot_controller'
[0.682s] Level 1:colcon.colcon_core.package_identification:_identify(src/my_robot_launcher) by extensions ['ignore', 'ignore_ament_install']
[0.683s] Level 1:colcon.colcon_core.package_identification:_identify(src/my_robot_launcher) by extension 'ignore'
[0.683s] Level 1:colcon.colcon_core.package_identification:_identify(src/my_robot_launcher) by extension 'ignore_ament_install'
[0.683s] Level 1:colcon.colcon_core.package_identification:_identify(src/my_robot_launcher) by extensions ['colcon_pkg']
[0.683s] Level 1:colcon.colcon_core.package_identification:_identify(src/my_robot_launcher) by extension 'colcon_pkg'
[0.683s] Level 1:colcon.colcon_core.package_identification:_identify(src/my_robot_launcher) by extensions ['colcon_meta']
[0.683s] Level 1:colcon.colcon_core.package_identification:_identify(src/my_robot_launcher) by extension 'colcon_meta'
[0.683s] Level 1:colcon.colcon_core.package_identification:_identify(src/my_robot_launcher) by extensions ['ros']
[0.684s] Level 1:colcon.colcon_core.package_identification:_identify(src/my_robot_launcher) by extension 'ros'
[0.689s] DEBUG:colcon.colcon_core.package_identification:Package 'src/my_robot_launcher' with type 'ros.ament_cmake' and name 'my_robot_launcher'
[0.690s] Level 1:colcon.colcon_core.package_discovery:discover_packages(recursive) using defaults
[0.690s] Level 1:colcon.colcon_core.package_discovery:discover_packages(ignore) discover
[0.690s] Level 1:colcon.colcon_core.package_discovery:discover_packages(ignore) using defaults
[0.690s] Level 1:colcon.colcon_core.package_discovery:discover_packages(path) discover
[0.690s] Level 1:colcon.colcon_core.package_discovery:discover_packages(path) using defaults
[0.749s] Level 1:colcon.colcon_core.package_discovery:discover_packages(prefix_path) check parameters
[0.749s] Level 1:colcon.colcon_core.package_discovery:discover_packages(prefix_path) discover
[0.763s] DEBUG:colcon.colcon_installed_package_information.package_discovery:Found 2 installed packages in /home/nits/master_controller/nits-yantrarnav/ros2_Ws/install
[0.766s] DEBUG:colcon.colcon_installed_package_information.package_discovery:Found 17 installed packages in /home/nits/ros2_ws/install
[0.770s] DEBUG:colcon.colcon_installed_package_information.package_discovery:Found 357 installed packages in /opt/ros/humble
[0.774s] Level 1:colcon.colcon_core.package_discovery:discover_packages(prefix_path) using defaults
[0.956s] Level 5:colcon.colcon_core.verb:set package 'my_robot_controller' build argument 'cmake_args' from command line to 'None'
[0.956s] Level 5:colcon.colcon_core.verb:set package 'my_robot_controller' build argument 'cmake_target' from command line to 'None'
[0.956s] Level 5:colcon.colcon_core.verb:set package 'my_robot_controller' build argument 'cmake_target_skip_unavailable' from command line to 'False'
[0.956s] Level 5:colcon.colcon_core.verb:set package 'my_robot_controller' build argument 'cmake_clean_cache' from command line to 'False'
[0.956s] Level 5:colcon.colcon_core.verb:set package 'my_robot_controller' build argument 'cmake_clean_first' from command line to 'False'
[0.956s] Level 5:colcon.colcon_core.verb:set package 'my_robot_controller' build argument 'cmake_force_configure' from command line to 'False'
[0.956s] Level 5:colcon.colcon_core.verb:set package 'my_robot_controller' build argument 'ament_cmake_args' from command line to 'None'
[0.956s] Level 5:colcon.colcon_core.verb:set package 'my_robot_controller' build argument 'catkin_cmake_args' from command line to 'None'
[0.956s] Level 5:colcon.colcon_core.verb:set package 'my_robot_controller' build argument 'catkin_skip_building_tests' from command line to 'False'
[0.957s] DEBUG:colcon.colcon_core.verb:Building package 'my_robot_controller' with the following arguments: {'ament_cmake_args': None, 'build_base': '/home/nits/master_controller/nits-yantrarnav/ros2_Ws/build/my_robot_controller', 'catkin_cmake_args': None, 'catkin_skip_building_tests': False, 'cmake_args': None, 'cmake_clean_cache': False, 'cmake_clean_first': False, 'cmake_force_configure': False, 'cmake_target': None, 'cmake_target_skip_unavailable': False, 'install_base': '/home/nits/master_controller/nits-yantrarnav/ros2_Ws/install/my_robot_controller', 'merge_install': False, 'path': '/home/nits/master_controller/nits-yantrarnav/ros2_Ws/src/my_robot_controller', 'symlink_install': True, 'test_result_base': None}
[0.957s] Level 5:colcon.colcon_core.verb:set package 'my_robot_launcher' build argument 'cmake_args' from command line to 'None'
[0.958s] Level 5:colcon.colcon_core.verb:set package 'my_robot_launcher' build argument 'cmake_target' from command line to 'None'
[0.958s] Level 5:colcon.colcon_core.verb:set package 'my_robot_launcher' build argument 'cmake_target_skip_unavailable' from command line to 'False'
[0.958s] Level 5:colcon.colcon_core.verb:set package 'my_robot_launcher' build argument 'cmake_clean_cache' from command line to 'False'
[0.959s] Level 5:colcon.colcon_core.verb:set package 'my_robot_launcher' build argument 'cmake_clean_first' from command line to 'False'
[0.959s] Level 5:colcon.colcon_core.verb:set package 'my_robot_launcher' build argument 'cmake_force_configure' from command line to 'False'
[0.960s] Level 5:colcon.colcon_core.verb:set package 'my_robot_launcher' build argument 'ament_cmake_args' from command line to 'None'
[0.960s] Level 5:colcon.colcon_core.verb:set package 'my_robot_launcher' build argument 'catkin_cmake_args' from command line to 'None'
[0.960s] Level 5:colcon.colcon_core.verb:set package 'my_robot_launcher' build argument 'catkin_skip_building_tests' from command line to 'False'
[0.960s] DEBUG:colcon.colcon_core.verb:Building package 'my_robot_launcher' with the following arguments: {'ament_cmake_args': None, 'build_base': '/home/nits/master_controller/nits-yantrarnav/ros2_Ws/build/my_robot_launcher', 'catkin_cmake_args': None, 'catkin_skip_building_tests': False, 'cmake_args': None, 'cmake_clean_cache': False, 'cmake_clean_first': False, 'cmake_force_configure': False, 'cmake_target': None, 'cmake_target_skip_unavailable': False, 'install_base': '/home/nits/master_controller/nits-yantrarnav/ros2_Ws/install/my_robot_launcher', 'merge_install': False, 'path': '/home/nits/master_controller/nits-yantrarnav/ros2_Ws/src/my_robot_launcher', 'symlink_install': True, 'test_result_base': None}
[0.960s] INFO:colcon.colcon_core.executor:Executing jobs using 'parallel' executor
[0.967s] DEBUG:colcon.colcon_parallel_executor.executor.parallel:run_until_complete
[0.968s] INFO:colcon.colcon_ros.task.ament_python.build:Building ROS package in '/home/nits/master_controller/nits-yantrarnav/ros2_Ws/src/my_robot_controller' with build type 'ament_python'
[0.969s] Level 1:colcon.colcon_core.shell:create_environment_hook('my_robot_controller', 'ament_prefix_path')
[0.980s] INFO:colcon.colcon_core.plugin_system:Skipping extension 'colcon_core.shell.bat': Not used on non-Windows systems
[0.981s] INFO:colcon.colcon_core.shell:Creating environment hook '/home/nits/master_controller/nits-yantrarnav/ros2_Ws/install/my_robot_controller/share/my_robot_controller/hook/ament_prefix_path.ps1'
[0.984s] INFO:colcon.colcon_core.shell:Creating environment descriptor '/home/nits/master_controller/nits-yantrarnav/ros2_Ws/install/my_robot_controller/share/my_robot_controller/hook/ament_prefix_path.dsv'
[0.986s] INFO:colcon.colcon_core.shell:Creating environment hook '/home/nits/master_controller/nits-yantrarnav/ros2_Ws/install/my_robot_controller/share/my_robot_controller/hook/ament_prefix_path.sh'
[0.991s] INFO:colcon.colcon_core.shell:Skip shell extension 'powershell' for command environment: Not usable outside of PowerShell
[0.992s] DEBUG:colcon.colcon_core.shell:Skip shell extension 'dsv' for command environment
[1.756s] INFO:colcon.colcon_core.task.python.build:Building Python package in '/home/nits/master_controller/nits-yantrarnav/ros2_Ws/src/my_robot_controller'
[1.757s] INFO:colcon.colcon_core.shell:Skip shell extension 'powershell' for command environment: Not usable outside of PowerShell
[1.757s] DEBUG:colcon.colcon_core.shell:Skip shell extension 'dsv' for command environment
[3.876s] DEBUG:colcon.colcon_core.event_handler.log_command:Invoking command in '/home/nits/master_controller/nits-yantrarnav/ros2_Ws/build/my_robot_controller': PYTHONPATH=/home/nits/master_controller/nits-yantrarnav/ros2_Ws/build/my_robot_controller/prefix_override:/usr/lib/python3/dist-packages/colcon_core/task/python/colcon_distutils_commands:/home/nits/master_controller/nits-yantrarnav/ros2_Ws/install/my_robot_controller/lib/python3.10/site-packages:${PYTHONPATH} /usr/bin/python3 -W ignore:setup.py install is deprecated -W ignore:easy_install command is deprecated setup.py develop --editable --build-directory /home/nits/master_controller/nits-yantrarnav/ros2_Ws/build/my_robot_controller/build --no-deps symlink_data
[5.971s] Level 1:colcon.colcon_core.shell:create_environment_hook('my_robot_controller', 'pythonpath_develop')
[5.974s] INFO:colcon.colcon_core.shell:Creating environment hook '/home/nits/master_controller/nits-yantrarnav/ros2_Ws/build/my_robot_controller/share/my_robot_controller/hook/pythonpath_develop.ps1'
[5.976s] INFO:colcon.colcon_core.shell:Creating environment descriptor '/home/nits/master_controller/nits-yantrarnav/ros2_Ws/build/my_robot_controller/share/my_robot_controller/hook/pythonpath_develop.dsv'
[5.977s] INFO:colcon.colcon_core.shell:Creating environment hook '/home/nits/master_controller/nits-yantrarnav/ros2_Ws/build/my_robot_controller/share/my_robot_controller/hook/pythonpath_develop.sh'
[5.973s] DEBUG:colcon.colcon_core.event_handler.log_command:Invoked command in '/home/nits/master_controller/nits-yantrarnav/ros2_Ws/build/my_robot_controller' returned '0': PYTHONPATH=/home/nits/master_controller/nits-yantrarnav/ros2_Ws/build/my_robot_controller/prefix_override:/usr/lib/python3/dist-packages/colcon_core/task/python/colcon_distutils_commands:/home/nits/master_controller/nits-yantrarnav/ros2_Ws/install/my_robot_controller/lib/python3.10/site-packages:${PYTHONPATH} /usr/bin/python3 -W ignore:setup.py install is deprecated -W ignore:easy_install command is deprecated setup.py develop --editable --build-directory /home/nits/master_controller/nits-yantrarnav/ros2_Ws/build/my_robot_controller/build --no-deps symlink_data
[5.997s] Level 1:colcon.colcon_core.environment:checking '/home/nits/master_controller/nits-yantrarnav/ros2_Ws/install/my_robot_controller' for CMake module files
[5.999s] Level 1:colcon.colcon_core.environment:checking '/home/nits/master_controller/nits-yantrarnav/ros2_Ws/install/my_robot_controller' for CMake config files
[6.002s] Level 1:colcon.colcon_core.environment:checking '/home/nits/master_controller/nits-yantrarnav/ros2_Ws/install/my_robot_controller/lib'
[6.002s] Level 1:colcon.colcon_core.environment:checking '/home/nits/master_controller/nits-yantrarnav/ros2_Ws/install/my_robot_controller/bin'
[6.003s] Level 1:colcon.colcon_core.environment:checking '/home/nits/master_controller/nits-yantrarnav/ros2_Ws/install/my_robot_controller/lib/pkgconfig/my_robot_controller.pc'
[6.003s] Level 1:colcon.colcon_core.environment:checking '/home/nits/master_controller/nits-yantrarnav/ros2_Ws/install/my_robot_controller/lib/python3.10/site-packages'
[6.003s] Level 1:colcon.colcon_core.shell:create_environment_hook('my_robot_controller', 'pythonpath')
[6.004s] INFO:colcon.colcon_core.shell:Creating environment hook '/home/nits/master_controller/nits-yantrarnav/ros2_Ws/install/my_robot_controller/share/my_robot_controller/hook/pythonpath.ps1'
[6.006s] INFO:colcon.colcon_core.shell:Creating environment descriptor '/home/nits/master_controller/nits-yantrarnav/ros2_Ws/install/my_robot_controller/share/my_robot_controller/hook/pythonpath.dsv'
[6.006s] INFO:colcon.colcon_core.shell:Creating environment hook '/home/nits/master_controller/nits-yantrarnav/ros2_Ws/install/my_robot_controller/share/my_robot_controller/hook/pythonpath.sh'
[6.009s] Level 1:colcon.colcon_core.environment:checking '/home/nits/master_controller/nits-yantrarnav/ros2_Ws/install/my_robot_controller/bin'
[6.009s] Level 1:colcon.colcon_core.environment:create_environment_scripts_only(my_robot_controller)
[6.010s] INFO:colcon.colcon_core.shell:Creating package script '/home/nits/master_controller/nits-yantrarnav/ros2_Ws/install/my_robot_controller/share/my_robot_controller/package.ps1'
[6.014s] INFO:colcon.colcon_core.shell:Creating package descriptor '/home/nits/master_controller/nits-yantrarnav/ros2_Ws/install/my_robot_controller/share/my_robot_controller/package.dsv'
[6.017s] INFO:colcon.colcon_core.shell:Creating package script '/home/nits/master_controller/nits-yantrarnav/ros2_Ws/install/my_robot_controller/share/my_robot_controller/package.sh'
[6.019s] INFO:colcon.colcon_core.shell:Creating package script '/home/nits/master_controller/nits-yantrarnav/ros2_Ws/install/my_robot_controller/share/my_robot_controller/package.bash'
[6.021s] INFO:colcon.colcon_core.shell:Creating package script '/home/nits/master_controller/nits-yantrarnav/ros2_Ws/install/my_robot_controller/share/my_robot_controller/package.zsh'
[6.025s] Level 1:colcon.colcon_core.environment:create_file_with_runtime_dependencies(/home/nits/master_controller/nits-yantrarnav/ros2_Ws/install/my_robot_controller/share/colcon-core/packages/my_robot_controller)
[6.027s] INFO:colcon.colcon_ros.task.ament_cmake.build:Building ROS package in '/home/nits/master_controller/nits-yantrarnav/ros2_Ws/src/my_robot_launcher' with build type 'ament_cmake'
[6.029s] INFO:colcon.colcon_cmake.task.cmake.build:Building CMake package in '/home/nits/master_controller/nits-yantrarnav/ros2_Ws/src/my_robot_launcher'
[6.031s] INFO:colcon.colcon_core.shell:Skip shell extension 'powershell' for command environment: Not usable outside of PowerShell
[6.031s] DEBUG:colcon.colcon_core.shell:Skip shell extension 'dsv' for command environment
[6.060s] DEBUG:colcon.colcon_core.event_handler.log_command:Invoking command in '/home/nits/master_controller/nits-yantrarnav/ros2_Ws/build/my_robot_launcher': AMENT_PREFIX_PATH=/home/nits/master_controller/nits-yantrarnav/ros2_Ws/install/my_robot_controller:/home/nits/master_controller/nits-yantrarnav/ros2_Ws/install/my_robot_launcher:/home/nits/ros2_ws/install/vision_to_local_pose:/home/nits/ros2_ws/install/realsense2_description:/home/nits/ros2_ws/install/realsense2_camera:/home/nits/ros2_ws/install/realsense2_camera_msgs:/home/nits/ros2_ws/install/pose_relay:/home/nits/ros2_ws/install/pose_filter:/home/nits/ros2_ws/install/new_takeoff_node:/home/nits/ros2_ws/install/my_package:/home/nits/ros2_ws/install/mavros_takeoff:/home/nits/ros2_ws/install/local_zeroing_pkg:/home/nits/ros2_ws/install/landing_area_detector:/home/nits/ros2_ws/install/drone_vio_py:/home/nits/ros2_ws/install/drone_vio_cpp:/home/nits/ros2_ws/install/drone_takeoff:/home/nits/ros2_ws/install/boundary_mapper:/home/nits/ros2_ws/install/altitude_package:/opt/ros/humble CMAKE_PREFIX_PATH=/home/nits/master_controller/nits-yantrarnav/ros2_Ws/install/my_robot_launcher:/home/nits/ros2_ws/install/realsense2_description:/home/nits/ros2_ws/install/realsense2_camera:/home/nits/ros2_ws/install/realsense2_camera_msgs:/home/nits/master_controller/nits-yantrarnav/ros2_Ws/install/my_robot_controller:/home/nits/ros2_ws/install/vision_to_local_pose:/home/nits/ros2_ws/install/pose_relay:/home/nits/ros2_ws/install/pose_filter:/home/nits/ros2_ws/install/new_takeoff_node:/home/nits/ros2_ws/install/my_package:/home/nits/ros2_ws/install/mavros_takeoff:/home/nits/ros2_ws/install/drone_vio_py:/home/nits/ros2_ws/install/drone_takeoff:/home/nits/ros2_ws/install/altitude_package:/opt/ros/humble:/home/nits/ros2_ws/install/local_zeroing_pkg:/home/nits/ros2_ws/install/landing_area_detector:/home/nits/ros2_ws/install/flat_area_detector:/home/nits/ros2_ws/install/drone_vio_cpp:/home/nits/ros2_ws/install/boundary_mapper /usr/bin/cmake --build /home/nits/master_controller/nits-yantrarnav/ros2_Ws/build/my_robot_launcher -- -j6 -l6
[6.200s] DEBUG:colcon.colcon_core.event_handler.log_command:Invoked command in '/home/nits/master_controller/nits-yantrarnav/ros2_Ws/build/my_robot_launcher' returned '0': AMENT_PREFIX_PATH=/home/nits/master_controller/nits-yantrarnav/ros2_Ws/install/my_robot_controller:/home/nits/master_controller/nits-yantrarnav/ros2_Ws/install/my_robot_launcher:/home/nits/ros2_ws/install/vision_to_local_pose:/home/nits/ros2_ws/install/realsense2_description:/home/nits/ros2_ws/install/realsense2_camera:/home/nits/ros2_ws/install/realsense2_camera_msgs:/home/nits/ros2_ws/install/pose_relay:/home/nits/ros2_ws/install/pose_filter:/home/nits/ros2_ws/install/new_takeoff_node:/home/nits/ros2_ws/install/my_package:/home/nits/ros2_ws/install/mavros_takeoff:/home/nits/ros2_ws/install/local_zeroing_pkg:/home/nits/ros2_ws/install/landing_area_detector:/home/nits/ros2_ws/install/drone_vio_py:/home/nits/ros2_ws/install/drone_vio_cpp:/home/nits/ros2_ws/install/drone_takeoff:/home/nits/ros2_ws/install/boundary_mapper:/home/nits/ros2_ws/install/altitude_package:/opt/ros/humble CMAKE_PREFIX_PATH=/home/nits/master_controller/nits-yantrarnav/ros2_Ws/install/my_robot_launcher:/home/nits/ros2_ws/install/realsense2_description:/home/nits/ros2_ws/install/realsense2_camera:/home/nits/ros2_ws/install/realsense2_camera_msgs:/home/nits/master_controller/nits-yantrarnav/ros2_Ws/install/my_robot_controller:/home/nits/ros2_ws/install/vision_to_local_pose:/home/nits/ros2_ws/install/pose_relay:/home/nits/ros2_ws/install/pose_filter:/home/nits/ros2_ws/install/new_takeoff_node:/home/nits/ros2_ws/install/my_package:/home/nits/ros2_ws/install/mavros_takeoff:/home/nits/ros2_ws/install/drone_vio_py:/home/nits/ros2_ws/install/drone_takeoff:/home/nits/ros2_ws/install/altitude_package:/opt/ros/humble:/home/nits/ros2_ws/install/local_zeroing_pkg:/home/nits/ros2_ws/install/landing_area_detector:/home/nits/ros2_ws/install/flat_area_detector:/home/nits/ros2_ws/install/drone_vio_cpp:/home/nits/ros2_ws/install/boundary_mapper /usr/bin/cmake --build /home/nits/master_controller/nits-yantrarnav/ros2_Ws/build/my_robot_launcher -- -j6 -l6
[6.230s] DEBUG:colcon.colcon_core.event_handler.log_command:Invoking command in '/home/nits/master_controller/nits-yantrarnav/ros2_Ws/build/my_robot_launcher': AMENT_PREFIX_PATH=/home/nits/master_controller/nits-yantrarnav/ros2_Ws/install/my_robot_controller:/home/nits/master_controller/nits-yantrarnav/ros2_Ws/install/my_robot_launcher:/home/nits/ros2_ws/install/vision_to_local_pose:/home/nits/ros2_ws/install/realsense2_description:/home/nits/ros2_ws/install/realsense2_camera:/home/nits/ros2_ws/install/realsense2_camera_msgs:/home/nits/ros2_ws/install/pose_relay:/home/nits/ros2_ws/install/pose_filter:/home/nits/ros2_ws/install/new_takeoff_node:/home/nits/ros2_ws/install/my_package:/home/nits/ros2_ws/install/mavros_takeoff:/home/nits/ros2_ws/install/local_zeroing_pkg:/home/nits/ros2_ws/install/landing_area_detector:/home/nits/ros2_ws/install/drone_vio_py:/home/nits/ros2_ws/install/drone_vio_cpp:/home/nits/ros2_ws/install/drone_takeoff:/home/nits/ros2_ws/install/boundary_mapper:/home/nits/ros2_ws/install/altitude_package:/opt/ros/humble CMAKE_PREFIX_PATH=/home/nits/master_controller/nits-yantrarnav/ros2_Ws/install/my_robot_launcher:/home/nits/ros2_ws/install/realsense2_description:/home/nits/ros2_ws/install/realsense2_camera:/home/nits/ros2_ws/install/realsense2_camera_msgs:/home/nits/master_controller/nits-yantrarnav/ros2_Ws/install/my_robot_controller:/home/nits/ros2_ws/install/vision_to_local_pose:/home/nits/ros2_ws/install/pose_relay:/home/nits/ros2_ws/install/pose_filter:/home/nits/ros2_ws/install/new_takeoff_node:/home/nits/ros2_ws/install/my_package:/home/nits/ros2_ws/install/mavros_takeoff:/home/nits/ros2_ws/install/drone_vio_py:/home/nits/ros2_ws/install/drone_takeoff:/home/nits/ros2_ws/install/altitude_package:/opt/ros/humble:/home/nits/ros2_ws/install/local_zeroing_pkg:/home/nits/ros2_ws/install/landing_area_detector:/home/nits/ros2_ws/install/flat_area_detector:/home/nits/ros2_ws/install/drone_vio_cpp:/home/nits/ros2_ws/install/boundary_mapper /usr/bin/cmake --install /home/nits/master_controller/nits-yantrarnav/ros2_Ws/build/my_robot_launcher
[6.311s] Level 1:colcon.colcon_core.environment:create_environment_scripts_only(my_robot_launcher)
[6.311s] Level 1:colcon.colcon_core.environment:checking '/home/nits/master_controller/nits-yantrarnav/ros2_Ws/install/my_robot_launcher' for CMake module files
[6.313s] Level 1:colcon.colcon_core.environment:checking '/home/nits/master_controller/nits-yantrarnav/ros2_Ws/install/my_robot_launcher' for CMake config files
[6.314s] Level 1:colcon.colcon_core.shell:create_environment_hook('my_robot_launcher', 'cmake_prefix_path')
[6.316s] INFO:colcon.colcon_core.shell:Creating environment hook '/home/nits/master_controller/nits-yantrarnav/ros2_Ws/install/my_robot_launcher/share/my_robot_launcher/hook/cmake_prefix_path.ps1'
[6.318s] DEBUG:colcon.colcon_core.event_handler.log_command:Invoked command in '/home/nits/master_controller/nits-yantrarnav/ros2_Ws/build/my_robot_launcher' returned '0': AMENT_PREFIX_PATH=/home/nits/master_controller/nits-yantrarnav/ros2_Ws/install/my_robot_controller:/home/nits/master_controller/nits-yantrarnav/ros2_Ws/install/my_robot_launcher:/home/nits/ros2_ws/install/vision_to_local_pose:/home/nits/ros2_ws/install/realsense2_description:/home/nits/ros2_ws/install/realsense2_camera:/home/nits/ros2_ws/install/realsense2_camera_msgs:/home/nits/ros2_ws/install/pose_relay:/home/nits/ros2_ws/install/pose_filter:/home/nits/ros2_ws/install/new_takeoff_node:/home/nits/ros2_ws/install/my_package:/home/nits/ros2_ws/install/mavros_takeoff:/home/nits/ros2_ws/install/local_zeroing_pkg:/home/nits/ros2_ws/install/landing_area_detector:/home/nits/ros2_ws/install/drone_vio_py:/home/nits/ros2_ws/install/drone_vio_cpp:/home/nits/ros2_ws/install/drone_takeoff:/home/nits/ros2_ws/install/boundary_mapper:/home/nits/ros2_ws/install/altitude_package:/opt/ros/humble CMAKE_PREFIX_PATH=/home/nits/master_controller/nits-yantrarnav/ros2_Ws/install/my_robot_launcher:/home/nits/ros2_ws/install/realsense2_description:/home/nits/ros2_ws/install/realsense2_camera:/home/nits/ros2_ws/install/realsense2_camera_msgs:/home/nits/master_controller/nits-yantrarnav/ros2_Ws/install/my_robot_controller:/home/nits/ros2_ws/install/vision_to_local_pose:/home/nits/ros2_ws/install/pose_relay:/home/nits/ros2_ws/install/pose_filter:/home/nits/ros2_ws/install/new_takeoff_node:/home/nits/ros2_ws/install/my_package:/home/nits/ros2_ws/install/mavros_takeoff:/home/nits/ros2_ws/install/drone_vio_py:/home/nits/ros2_ws/install/drone_takeoff:/home/nits/ros2_ws/install/altitude_package:/opt/ros/humble:/home/nits/ros2_ws/install/local_zeroing_pkg:/home/nits/ros2_ws/install/landing_area_detector:/home/nits/ros2_ws/install/flat_area_detector:/home/nits/ros2_ws/install/drone_vio_cpp:/home/nits/ros2_ws/install/boundary_mapper /usr/bin/cmake --install /home/nits/master_controller/nits-yantrarnav/ros2_Ws/build/my_robot_launcher
[6.321s] INFO:colcon.colcon_core.shell:Creating environment descriptor '/home/nits/master_controller/nits-yantrarnav/ros2_Ws/install/my_robot_launcher/share/my_robot_launcher/hook/cmake_prefix_path.dsv'
[6.327s] INFO:colcon.colcon_core.shell:Creating environment hook '/home/nits/master_controller/nits-yantrarnav/ros2_Ws/install/my_robot_launcher/share/my_robot_launcher/hook/cmake_prefix_path.sh'
[6.330s] Level 1:colcon.colcon_core.environment:checking '/home/nits/master_controller/nits-yantrarnav/ros2_Ws/install/my_robot_launcher/bin'
[6.331s] Level 1:colcon.colcon_core.environment:checking '/home/nits/master_controller/nits-yantrarnav/ros2_Ws/install/my_robot_launcher/lib/pkgconfig/my_robot_launcher.pc'
[6.332s] Level 1:colcon.colcon_core.environment:checking '/home/nits/master_controller/nits-yantrarnav/ros2_Ws/install/my_robot_launcher/lib/python3.10/site-packages'
[6.333s] Level 1:colcon.colcon_core.environment:checking '/home/nits/master_controller/nits-yantrarnav/ros2_Ws/install/my_robot_launcher/bin'
[6.334s] INFO:colcon.colcon_core.shell:Creating package script '/home/nits/master_controller/nits-yantrarnav/ros2_Ws/install/my_robot_launcher/share/my_robot_launcher/package.ps1'
[6.336s] INFO:colcon.colcon_core.shell:Creating package descriptor '/home/nits/master_controller/nits-yantrarnav/ros2_Ws/install/my_robot_launcher/share/my_robot_launcher/package.dsv'
[6.338s] INFO:colcon.colcon_core.shell:Creating package script '/home/nits/master_controller/nits-yantrarnav/ros2_Ws/install/my_robot_launcher/share/my_robot_launcher/package.sh'
[6.340s] INFO:colcon.colcon_core.shell:Creating package script '/home/nits/master_controller/nits-yantrarnav/ros2_Ws/install/my_robot_launcher/share/my_robot_launcher/package.bash'
[6.341s] INFO:colcon.colcon_core.shell:Creating package script '/home/nits/master_controller/nits-yantrarnav/ros2_Ws/install/my_robot_launcher/share/my_robot_launcher/package.zsh'
[6.343s] Level 1:colcon.colcon_core.environment:create_file_with_runtime_dependencies(/home/nits/master_controller/nits-yantrarnav/ros2_Ws/install/my_robot_launcher/share/colcon-core/packages/my_robot_launcher)
[6.345s] Level 1:colcon.colcon_core.environment:create_environment_scripts_only(my_robot_launcher)
[6.347s] Level 1:colcon.colcon_core.environment:checking '/home/nits/master_controller/nits-yantrarnav/ros2_Ws/install/my_robot_launcher' for CMake module files
[6.349s] Level 1:colcon.colcon_core.environment:checking '/home/nits/master_controller/nits-yantrarnav/ros2_Ws/install/my_robot_launcher' for CMake config files
[6.351s] Level 1:colcon.colcon_core.shell:create_environment_hook('my_robot_launcher', 'cmake_prefix_path')
[6.352s] INFO:colcon.colcon_core.shell:Creating environment hook '/home/nits/master_controller/nits-yantrarnav/ros2_Ws/install/my_robot_launcher/share/my_robot_launcher/hook/cmake_prefix_path.ps1'
[6.358s] INFO:colcon.colcon_core.shell:Creating environment descriptor '/home/nits/master_controller/nits-yantrarnav/ros2_Ws/install/my_robot_launcher/share/my_robot_launcher/hook/cmake_prefix_path.dsv'
[6.362s] INFO:colcon.colcon_core.shell:Creating environment hook '/home/nits/master_controller/nits-yantrarnav/ros2_Ws/install/my_robot_launcher/share/my_robot_launcher/hook/cmake_prefix_path.sh'
[6.367s] Level 1:colcon.colcon_core.environment:checking '/home/nits/master_controller/nits-yantrarnav/ros2_Ws/install/my_robot_launcher/bin'
[6.368s] Level 1:colcon.colcon_core.environment:checking '/home/nits/master_controller/nits-yantrarnav/ros2_Ws/install/my_robot_launcher/lib/pkgconfig/my_robot_launcher.pc'
[6.369s] Level 1:colcon.colcon_core.environment:checking '/home/nits/master_controller/nits-yantrarnav/ros2_Ws/install/my_robot_launcher/lib/python3.10/site-packages'
[6.370s] Level 1:colcon.colcon_core.environment:checking '/home/nits/master_controller/nits-yantrarnav/ros2_Ws/install/my_robot_launcher/bin'
[6.380s] INFO:colcon.colcon_core.shell:Creating package script '/home/nits/master_controller/nits-yantrarnav/ros2_Ws/install/my_robot_launcher/share/my_robot_launcher/package.ps1'
[6.385s] INFO:colcon.colcon_core.shell:Creating package descriptor '/home/nits/master_controller/nits-yantrarnav/ros2_Ws/install/my_robot_launcher/share/my_robot_launcher/package.dsv'
[6.388s] INFO:colcon.colcon_core.shell:Creating package script '/home/nits/master_controller/nits-yantrarnav/ros2_Ws/install/my_robot_launcher/share/my_robot_launcher/package.sh'
[6.392s] INFO:colcon.colcon_core.shell:Creating package script '/home/nits/master_controller/nits-yantrarnav/ros2_Ws/install/my_robot_launcher/share/my_robot_launcher/package.bash'
[6.395s] INFO:colcon.colcon_core.shell:Creating package script '/home/nits/master_controller/nits-yantrarnav/ros2_Ws/install/my_robot_launcher/share/my_robot_launcher/package.zsh'
[6.399s] Level 1:colcon.colcon_core.environment:create_file_with_runtime_dependencies(/home/nits/master_controller/nits-yantrarnav/ros2_Ws/install/my_robot_launcher/share/colcon-core/packages/my_robot_launcher)
[6.404s] DEBUG:colcon.colcon_parallel_executor.executor.parallel:closing loop
[6.405s] DEBUG:colcon.colcon_parallel_executor.executor.parallel:loop closed
[6.406s] DEBUG:colcon.colcon_parallel_executor.executor.parallel:run_until_complete finished with '0'
[6.406s] DEBUG:colcon.colcon_core.event_reactor:joining thread
[6.441s] INFO:colcon.colcon_core.plugin_system:Skipping extension 'colcon_notification.desktop_notification.terminal_notifier': Not used on non-Darwin systems
[6.442s] INFO:colcon.colcon_core.plugin_system:Skipping extension 'colcon_notification.desktop_notification.win32': Not used on non-Windows systems
[6.442s] INFO:colcon.colcon_notification.desktop_notification:Sending desktop notification using 'notify2'
[6.543s] DEBUG:colcon.colcon_core.event_reactor:joined thread
[6.544s] INFO:colcon.colcon_core.shell:Creating prefix script '/home/nits/master_controller/nits-yantrarnav/ros2_Ws/install/local_setup.ps1'
[6.548s] INFO:colcon.colcon_core.shell:Creating prefix util module '/home/nits/master_controller/nits-yantrarnav/ros2_Ws/install/_local_setup_util_ps1.py'
[6.556s] INFO:colcon.colcon_core.shell:Creating prefix chain script '/home/nits/master_controller/nits-yantrarnav/ros2_Ws/install/setup.ps1'
[6.575s] INFO:colcon.colcon_core.shell:Creating prefix script '/home/nits/master_controller/nits-yantrarnav/ros2_Ws/install/local_setup.sh'
[6.584s] INFO:colcon.colcon_core.shell:Creating prefix util module '/home/nits/master_controller/nits-yantrarnav/ros2_Ws/install/_local_setup_util_sh.py'
[6.586s] INFO:colcon.colcon_core.shell:Creating prefix chain script '/home/nits/master_controller/nits-yantrarnav/ros2_Ws/install/setup.sh'
[6.593s] INFO:colcon.colcon_core.shell:Creating prefix script '/home/nits/master_controller/nits-yantrarnav/ros2_Ws/install/local_setup.bash'
[6.597s] INFO:colcon.colcon_core.shell:Creating prefix chain script '/home/nits/master_controller/nits-yantrarnav/ros2_Ws/install/setup.bash'
[6.605s] INFO:colcon.colcon_core.shell:Creating prefix script '/home/nits/master_controller/nits-yantrarnav/ros2_Ws/install/local_setup.zsh'
[6.609s] INFO:colcon.colcon_core.shell:Creating prefix chain script '/home/nits/master_controller/nits-yantrarnav/ros2_Ws/install/setup.zsh'
