[1.788s] Invoking command in '/mnt/f/NITS/ANAV/main/ros2_Ws/build/my_robot_controller': PYTHONPATH=/mnt/f/NITS/ANAV/main/ros2_Ws/build/my_robot_controller/prefix_override:/usr/lib/python3/dist-packages/colcon_core/task/python/colcon_distutils_commands:/mnt/f/NITS/ANAV/main/ros2_Ws/install/my_robot_controller/lib/python3.10/site-packages:${PYTHONPATH} /usr/bin/python3 -W ignore:setup.py install is deprecated -W ignore:easy_install command is deprecated setup.py develop --uninstall --editable --build-directory /mnt/f/NITS/ANAV/main/ros2_Ws/build/my_robot_controller/build
[2.491s] running develop
[2.793s] Removing /mnt/f/NITS/ANAV/main/ros2_Ws/install/my_robot_controller/lib/python3.10/site-packages/my-robot-controller.egg-link (link to .)
[2.822s] Invoked command in '/mnt/f/NITS/ANAV/main/ros2_Ws/build/my_robot_controller' returned '0': PYTHONPATH=/mnt/f/NITS/ANAV/main/ros2_Ws/build/my_robot_controller/prefix_override:/usr/lib/python3/dist-packages/colcon_core/task/python/colcon_distutils_commands:/mnt/f/NITS/ANAV/main/ros2_Ws/install/my_robot_controller/lib/python3.10/site-packages:${PYTHONPATH} /usr/bin/python3 -W ignore:setup.py install is deprecated -W ignore:easy_install command is deprecated setup.py develop --uninstall --editable --build-directory /mnt/f/NITS/ANAV/main/ros2_Ws/build/my_robot_controller/build
[2.835s] Invoking command in '/mnt/f/NITS/ANAV/main/ros2_Ws/src/my_robot_controller': PYTHONPATH=/mnt/f/NITS/ANAV/main/ros2_Ws/build/my_robot_controller/prefix_override:/usr/lib/python3/dist-packages/colcon_core/task/python/colcon_distutils_commands:/mnt/f/NITS/ANAV/main/ros2_Ws/install/my_robot_controller/lib/python3.10/site-packages:${PYTHONPATH} /usr/bin/python3 -W ignore:setup.py install is deprecated -W ignore:easy_install command is deprecated setup.py egg_info --egg-base ../../build/my_robot_controller build --build-base /mnt/f/NITS/ANAV/main/ros2_Ws/build/my_robot_controller/build install --record /mnt/f/NITS/ANAV/main/ros2_Ws/build/my_robot_controller/install.log --single-version-externally-managed install_data --force
[3.607s] running egg_info
[3.613s] writing ../../build/my_robot_controller/my_robot_controller.egg-info/PKG-INFO
[3.618s] writing dependency_links to ../../build/my_robot_controller/my_robot_controller.egg-info/dependency_links.txt
[3.622s] writing entry points to ../../build/my_robot_controller/my_robot_controller.egg-info/entry_points.txt
[3.626s] writing requirements to ../../build/my_robot_controller/my_robot_controller.egg-info/requires.txt
[3.629s] writing top-level names to ../../build/my_robot_controller/my_robot_controller.egg-info/top_level.txt
[3.661s] reading manifest file '../../build/my_robot_controller/my_robot_controller.egg-info/SOURCES.txt'
[3.704s] writing manifest file '../../build/my_robot_controller/my_robot_controller.egg-info/SOURCES.txt'
[3.706s] running build
[3.707s] running build_py
[3.716s] copying my_robot_controller/path_planner.py -> /mnt/f/NITS/ANAV/main/ros2_Ws/build/my_robot_controller/build/lib/my_robot_controller
[3.733s] copying my_robot_controller/path_planner_server.py -> /mnt/f/NITS/ANAV/main/ros2_Ws/build/my_robot_controller/build/lib/my_robot_controller
[3.755s] copying my_robot_controller/position_publisher.py -> /mnt/f/NITS/ANAV/main/ros2_Ws/build/my_robot_controller/build/lib/my_robot_controller
[3.825s] running install
[3.826s] running install_lib
[3.862s] copying /mnt/f/NITS/ANAV/main/ros2_Ws/build/my_robot_controller/build/lib/my_robot_controller/path_planner.py -> /mnt/f/NITS/ANAV/main/ros2_Ws/install/my_robot_controller/lib/python3.10/site-packages/my_robot_controller
[3.885s] copying /mnt/f/NITS/ANAV/main/ros2_Ws/build/my_robot_controller/build/lib/my_robot_controller/path_planner_server.py -> /mnt/f/NITS/ANAV/main/ros2_Ws/install/my_robot_controller/lib/python3.10/site-packages/my_robot_controller
[3.908s] copying /mnt/f/NITS/ANAV/main/ros2_Ws/build/my_robot_controller/build/lib/my_robot_controller/position_publisher.py -> /mnt/f/NITS/ANAV/main/ros2_Ws/install/my_robot_controller/lib/python3.10/site-packages/my_robot_controller
[3.931s] copying /mnt/f/NITS/ANAV/main/ros2_Ws/build/my_robot_controller/build/lib/my_robot_controller/__init__.py -> /mnt/f/NITS/ANAV/main/ros2_Ws/install/my_robot_controller/lib/python3.10/site-packages/my_robot_controller
[3.962s] byte-compiling /mnt/f/NITS/ANAV/main/ros2_Ws/install/my_robot_controller/lib/python3.10/site-packages/my_robot_controller/path_planner.py to path_planner.cpython-310.pyc
[3.990s] byte-compiling /mnt/f/NITS/ANAV/main/ros2_Ws/install/my_robot_controller/lib/python3.10/site-packages/my_robot_controller/path_planner_server.py to path_planner_server.cpython-310.pyc
[4.016s] byte-compiling /mnt/f/NITS/ANAV/main/ros2_Ws/install/my_robot_controller/lib/python3.10/site-packages/my_robot_controller/position_publisher.py to position_publisher.cpython-310.pyc
[4.051s] byte-compiling /mnt/f/NITS/ANAV/main/ros2_Ws/install/my_robot_controller/lib/python3.10/site-packages/my_robot_controller/__init__.py to __init__.cpython-310.pyc
[4.074s] running install_data
[4.079s] copying resource/my_robot_controller -> /mnt/f/NITS/ANAV/main/ros2_Ws/install/my_robot_controller/share/ament_index/resource_index/packages
[4.099s] copying package.xml -> /mnt/f/NITS/ANAV/main/ros2_Ws/install/my_robot_controller/share/my_robot_controller
[4.112s] running install_egg_info
[4.129s] Copying ../../build/my_robot_controller/my_robot_controller.egg-info to /mnt/f/NITS/ANAV/main/ros2_Ws/install/my_robot_controller/lib/python3.10/site-packages/my_robot_controller-0.0.0-py3.10.egg-info
[4.402s] running install_scripts
[4.480s] Installing path_planner_node script to /mnt/f/NITS/ANAV/main/ros2_Ws/install/my_robot_controller/lib/my_robot_controller
[4.490s] Installing path_planner_server_node script to /mnt/f/NITS/ANAV/main/ros2_Ws/install/my_robot_controller/lib/my_robot_controller
[4.503s] Installing position_node script to /mnt/f/NITS/ANAV/main/ros2_Ws/install/my_robot_controller/lib/my_robot_controller
[4.520s] writing list of installed files to '/mnt/f/NITS/ANAV/main/ros2_Ws/build/my_robot_controller/install.log'
[4.565s] Invoked command in '/mnt/f/NITS/ANAV/main/ros2_Ws/src/my_robot_controller' returned '0': PYTHONPATH=/mnt/f/NITS/ANAV/main/ros2_Ws/build/my_robot_controller/prefix_override:/usr/lib/python3/dist-packages/colcon_core/task/python/colcon_distutils_commands:/mnt/f/NITS/ANAV/main/ros2_Ws/install/my_robot_controller/lib/python3.10/site-packages:${PYTHONPATH} /usr/bin/python3 -W ignore:setup.py install is deprecated -W ignore:easy_install command is deprecated setup.py egg_info --egg-base ../../build/my_robot_controller build --build-base /mnt/f/NITS/ANAV/main/ros2_Ws/build/my_robot_controller/build install --record /mnt/f/NITS/ANAV/main/ros2_Ws/build/my_robot_controller/install.log --single-version-externally-managed install_data --force
