[0.223s] Invoking command in '/mnt/f/NITS/ANAV/main/ros2_Ws/build/my_robot_launcher': AMENT_PREFIX_PATH=/mnt/f/NITS/ANAV/main/ros2_Ws/install/my_robot_controller:/mnt/f/NITS/ANAV/main/ros2_Ws/install/my_robot_launcher:/opt/ros/humble CMAKE_PREFIX_PATH=${CMAKE_PREFIX_PATH}:/mnt/f/NITS/ANAV/main/ros2_Ws/install/my_robot_controller:/opt/ros/humble /usr/bin/cmake --build /mnt/f/NITS/ANAV/main/ros2_Ws/build/my_robot_launcher -- -j8 -l8
[0.301s] Invoked command in '/mnt/f/NITS/ANAV/main/ros2_Ws/build/my_robot_launcher' returned '0': AMENT_PREFIX_PATH=/mnt/f/NITS/ANAV/main/ros2_Ws/install/my_robot_controller:/mnt/f/NITS/ANAV/main/ros2_Ws/install/my_robot_launcher:/opt/ros/humble CMAKE_PREFIX_PATH=${CMAKE_PREFIX_PATH}:/mnt/f/NITS/ANAV/main/ros2_Ws/install/my_robot_controller:/opt/ros/humble /usr/bin/cmake --build /mnt/f/NITS/ANAV/main/ros2_Ws/build/my_robot_launcher -- -j8 -l8
[0.327s] Invoking command in '/mnt/f/NITS/ANAV/main/ros2_Ws/build/my_robot_launcher': AMENT_PREFIX_PATH=/mnt/f/NITS/ANAV/main/ros2_Ws/install/my_robot_controller:/mnt/f/NITS/ANAV/main/ros2_Ws/install/my_robot_launcher:/opt/ros/humble CMAKE_PREFIX_PATH=${CMAKE_PREFIX_PATH}:/mnt/f/NITS/ANAV/main/ros2_Ws/install/my_robot_controller:/opt/ros/humble /usr/bin/cmake --install /mnt/f/NITS/ANAV/main/ros2_Ws/build/my_robot_launcher
[0.336s] -- Install configuration: ""
[0.343s] -- Execute custom install script
[0.374s] -- Up-to-date symlink: /mnt/f/NITS/ANAV/main/ros2_Ws/install/my_robot_launcher/share/my_robot_launcher/launch/robot.launch.py
[0.403s] -- Up-to-date symlink: /mnt/f/NITS/ANAV/main/ros2_Ws/install/my_robot_launcher/share/ament_index/resource_index/package_run_dependencies/my_robot_launcher
[0.433s] -- Up-to-date symlink: /mnt/f/NITS/ANAV/main/ros2_Ws/install/my_robot_launcher/share/ament_index/resource_index/parent_prefix_path/my_robot_launcher
[0.447s] -- Up-to-date symlink: /mnt/f/NITS/ANAV/main/ros2_Ws/install/my_robot_launcher/share/my_robot_launcher/environment/ament_prefix_path.sh
[0.465s] -- Up-to-date symlink: /mnt/f/NITS/ANAV/main/ros2_Ws/install/my_robot_launcher/share/my_robot_launcher/environment/ament_prefix_path.dsv
[0.478s] -- Up-to-date symlink: /mnt/f/NITS/ANAV/main/ros2_Ws/install/my_robot_launcher/share/my_robot_launcher/environment/path.sh
[0.495s] -- Up-to-date symlink: /mnt/f/NITS/ANAV/main/ros2_Ws/install/my_robot_launcher/share/my_robot_launcher/environment/path.dsv
[0.509s] -- Up-to-date symlink: /mnt/f/NITS/ANAV/main/ros2_Ws/install/my_robot_launcher/share/my_robot_launcher/local_setup.bash
[0.522s] -- Up-to-date symlink: /mnt/f/NITS/ANAV/main/ros2_Ws/install/my_robot_launcher/share/my_robot_launcher/local_setup.sh
[0.537s] -- Up-to-date symlink: /mnt/f/NITS/ANAV/main/ros2_Ws/install/my_robot_launcher/share/my_robot_launcher/local_setup.zsh
[0.551s] -- Up-to-date symlink: /mnt/f/NITS/ANAV/main/ros2_Ws/install/my_robot_launcher/share/my_robot_launcher/local_setup.dsv
[0.558s] -- Symlinking: /mnt/f/NITS/ANAV/main/ros2_Ws/install/my_robot_launcher/share/my_robot_launcher/package.dsv
[0.614s] -- Up-to-date symlink: /mnt/f/NITS/ANAV/main/ros2_Ws/install/my_robot_launcher/share/ament_index/resource_index/packages/my_robot_launcher
[0.631s] -- Up-to-date symlink: /mnt/f/NITS/ANAV/main/ros2_Ws/install/my_robot_launcher/share/my_robot_launcher/cmake/my_robot_launcherConfig.cmake
[0.647s] -- Up-to-date symlink: /mnt/f/NITS/ANAV/main/ros2_Ws/install/my_robot_launcher/share/my_robot_launcher/cmake/my_robot_launcherConfig-version.cmake
[0.664s] -- Up-to-date symlink: /mnt/f/NITS/ANAV/main/ros2_Ws/install/my_robot_launcher/share/my_robot_launcher/package.xml
[0.667s] Invoked command in '/mnt/f/NITS/ANAV/main/ros2_Ws/build/my_robot_launcher' returned '0': AMENT_PREFIX_PATH=/mnt/f/NITS/ANAV/main/ros2_Ws/install/my_robot_controller:/mnt/f/NITS/ANAV/main/ros2_Ws/install/my_robot_launcher:/opt/ros/humble CMAKE_PREFIX_PATH=${CMAKE_PREFIX_PATH}:/mnt/f/NITS/ANAV/main/ros2_Ws/install/my_robot_controller:/opt/ros/humble /usr/bin/cmake --install /mnt/f/NITS/ANAV/main/ros2_Ws/build/my_robot_launcher
