[1.839s] Invoking command in '/home/nits/master_controller/nits-yantrarnav/ros2_Ws/src/my_robot_controller': PYTHONPATH=/home/nits/master_controller/nits-yantrarnav/ros2_Ws/build/my_robot_controller/prefix_override:/usr/lib/python3/dist-packages/colcon_core/task/python/colcon_distutils_commands:/home/nits/master_controller/nits-yantrarnav/ros2_Ws/install/my_robot_controller/lib/python3.10/site-packages:${PYTHONPATH} /usr/bin/python3 -W ignore:setup.py install is deprecated -W ignore:easy_install command is deprecated setup.py egg_info --egg-base ../../build/my_robot_controller build --build-base /home/nits/master_controller/nits-yantrarnav/ros2_Ws/build/my_robot_controller/build install --record /home/nits/master_controller/nits-yantrarnav/ros2_Ws/build/my_robot_controller/install.log --single-version-externally-managed install_data
[2.187s] /home/nits/.local/lib/python3.10/site-packages/setuptools/_distutils/dist.py:289: UserWarning: Unknown distribution option: 'tests_require'
[2.187s]   warnings.warn(msg)
[2.426s] running egg_info
[2.465s] writing ../../build/my_robot_controller/my_robot_controller.egg-info/PKG-INFO
[2.466s] writing dependency_links to ../../build/my_robot_controller/my_robot_controller.egg-info/dependency_links.txt
[2.466s] writing entry points to ../../build/my_robot_controller/my_robot_controller.egg-info/entry_points.txt
[2.467s] writing requirements to ../../build/my_robot_controller/my_robot_controller.egg-info/requires.txt
[2.467s] writing top-level names to ../../build/my_robot_controller/my_robot_controller.egg-info/top_level.txt
[2.546s] reading manifest file '../../build/my_robot_controller/my_robot_controller.egg-info/SOURCES.txt'
[2.549s] writing manifest file '../../build/my_robot_controller/my_robot_controller.egg-info/SOURCES.txt'
[2.550s] running build
[2.550s] running build_py
[2.550s] copying my_robot_controller/line_follower.py -> /home/nits/master_controller/nits-yantrarnav/ros2_Ws/build/my_robot_controller/build/lib/my_robot_controller
[2.551s] copying my_robot_controller/launch_checker_topic.py -> /home/nits/master_controller/nits-yantrarnav/ros2_Ws/build/my_robot_controller/build/lib/my_robot_controller
[2.551s] copying my_robot_controller/flat_area.py -> /home/nits/master_controller/nits-yantrarnav/ros2_Ws/build/my_robot_controller/build/lib/my_robot_controller
[2.552s] copying my_robot_controller/mode_controller.py -> /home/nits/master_controller/nits-yantrarnav/ros2_Ws/build/my_robot_controller/build/lib/my_robot_controller
[2.552s] copying my_robot_controller/bridge_server.py -> /home/nits/master_controller/nits-yantrarnav/ros2_Ws/build/my_robot_controller/build/lib/my_robot_controller
[2.552s] copying my_robot_controller/launch_checker.py -> /home/nits/master_controller/nits-yantrarnav/ros2_Ws/build/my_robot_controller/build/lib/my_robot_controller
[2.553s] copying my_robot_controller/path_mover.py -> /home/nits/master_controller/nits-yantrarnav/ros2_Ws/build/my_robot_controller/build/lib/my_robot_controller
[2.553s] copying my_robot_controller/__init__.py -> /home/nits/master_controller/nits-yantrarnav/ros2_Ws/build/my_robot_controller/build/lib/my_robot_controller
[2.553s] copying my_robot_controller/path_planner.py -> /home/nits/master_controller/nits-yantrarnav/ros2_Ws/build/my_robot_controller/build/lib/my_robot_controller
[2.554s] copying my_robot_controller/path_manual.py -> /home/nits/master_controller/nits-yantrarnav/ros2_Ws/build/my_robot_controller/build/lib/my_robot_controller
[2.555s] running install
[2.565s] running install_lib
[2.605s] running install_data
[2.605s] copying resource/my_robot_controller -> /home/nits/master_controller/nits-yantrarnav/ros2_Ws/install/my_robot_controller/share/ament_index/resource_index/packages
[2.606s] copying package.xml -> /home/nits/master_controller/nits-yantrarnav/ros2_Ws/install/my_robot_controller/share/my_robot_controller
[2.606s] running install_egg_info
[2.648s] removing '/home/nits/master_controller/nits-yantrarnav/ros2_Ws/install/my_robot_controller/lib/python3.10/site-packages/my_robot_controller-0.0.0-py3.10.egg-info' (and everything under it)
[2.649s] Copying ../../build/my_robot_controller/my_robot_controller.egg-info to /home/nits/master_controller/nits-yantrarnav/ros2_Ws/install/my_robot_controller/lib/python3.10/site-packages/my_robot_controller-0.0.0-py3.10.egg-info
[2.651s] running install_scripts
[2.967s] Installing bridge_server script to /home/nits/master_controller/nits-yantrarnav/ros2_Ws/install/my_robot_controller/lib/my_robot_controller
[2.967s] Installing flat_area script to /home/nits/master_controller/nits-yantrarnav/ros2_Ws/install/my_robot_controller/lib/my_robot_controller
[2.967s] Installing launch_checker script to /home/nits/master_controller/nits-yantrarnav/ros2_Ws/install/my_robot_controller/lib/my_robot_controller
[2.968s] Installing mode_controller script to /home/nits/master_controller/nits-yantrarnav/ros2_Ws/install/my_robot_controller/lib/my_robot_controller
[2.969s] Installing path_manual script to /home/nits/master_controller/nits-yantrarnav/ros2_Ws/install/my_robot_controller/lib/my_robot_controller
[2.969s] Installing path_mover script to /home/nits/master_controller/nits-yantrarnav/ros2_Ws/install/my_robot_controller/lib/my_robot_controller
[2.969s] Installing path_planner script to /home/nits/master_controller/nits-yantrarnav/ros2_Ws/install/my_robot_controller/lib/my_robot_controller
[2.970s] writing list of installed files to '/home/nits/master_controller/nits-yantrarnav/ros2_Ws/build/my_robot_controller/install.log'
[3.049s] Invoked command in '/home/nits/master_controller/nits-yantrarnav/ros2_Ws/src/my_robot_controller' returned '0': PYTHONPATH=/home/nits/master_controller/nits-yantrarnav/ros2_Ws/build/my_robot_controller/prefix_override:/usr/lib/python3/dist-packages/colcon_core/task/python/colcon_distutils_commands:/home/nits/master_controller/nits-yantrarnav/ros2_Ws/install/my_robot_controller/lib/python3.10/site-packages:${PYTHONPATH} /usr/bin/python3 -W ignore:setup.py install is deprecated -W ignore:easy_install command is deprecated setup.py egg_info --egg-base ../../build/my_robot_controller build --build-base /home/nits/master_controller/nits-yantrarnav/ros2_Ws/build/my_robot_controller/build install --record /home/nits/master_controller/nits-yantrarnav/ros2_Ws/build/my_robot_controller/install.log --single-version-externally-managed install_data
