[0.235s] DEBUG:colcon:Command line arguments: ['/usr/bin/colcon', 'build', '--symlink-install']
[0.235s] DEBUG:colcon:Parsed command line arguments: Namespace(log_base=None, log_level=None, verb_name='build', build_base='build', install_base='install', merge_install=False, symlink_install=True, test_result_base=None, continue_on_error=False, executor='parallel', parallel_workers=6, event_handlers=None, ignore_user_meta=False, metas=['./colcon.meta'], base_paths=['.'], packages_ignore=None, packages_ignore_regex=None, paths=None, packages_up_to=None, packages_up_to_regex=None, packages_above=None, packages_above_and_dependencies=None, packages_above_depth=None, packages_select_by_dep=None, packages_skip_by_dep=None, packages_skip_up_to=None, packages_select_build_failed=False, packages_skip_build_finished=False, packages_select_test_failures=False, packages_skip_test_passed=False, packages_select=None, packages_skip=None, packages_select_regex=None, packages_skip_regex=None, packages_start=None, packages_end=None, allow_overriding=[], cmake_args=None, cmake_target=None, cmake_target_skip_unavailable=False, cmake_clean_cache=False, cmake_clean_first=False, cmake_force_configure=False, ament_cmake_args=None, catkin_cmake_args=None, catkin_skip_building_tests=False, mixin_files=None, mixin=None, verb_parser=<colcon_mixin.mixin.mixin_argument.MixinArgumentDecorator object at 0xffffb75a75e0>, verb_extension=<colcon_core.verb.build.BuildVerb object at 0xffffb779caf0>, main=<bound method BuildVerb.main of <colcon_core.verb.build.BuildVerb object at 0xffffb779caf0>>, mixin_verb=('build',))
[0.319s] Level 1:colcon.colcon_core.package_discovery:discover_packages(colcon_meta) check parameters
[0.319s] Level 1:colcon.colcon_core.package_discovery:discover_packages(recursive) check parameters
[0.320s] Level 1:colcon.colcon_core.package_discovery:discover_packages(ignore) check parameters
[0.320s] Level 1:colcon.colcon_core.package_discovery:discover_packages(path) check parameters
[0.320s] Level 1:colcon.colcon_core.package_discovery:discover_packages(colcon_meta) discover
[0.320s] Level 1:colcon.colcon_core.package_discovery:discover_packages(recursive) discover
[0.320s] INFO:colcon.colcon_core.package_discovery:Crawling recursively for packages in '/home/nits/master_controller/nits-yantrarnav/ros2_Ws'
[0.320s] Level 1:colcon.colcon_core.package_identification:_identify(.) by extensions ['ignore', 'ignore_ament_install']
[0.320s] Level 1:colcon.colcon_core.package_identification:_identify(.) by extension 'ignore'
[0.321s] Level 1:colcon.colcon_core.package_identification:_identify(.) by extension 'ignore_ament_install'
[0.321s] Level 1:colcon.colcon_core.package_identification:_identify(.) by extensions ['colcon_pkg']
[0.321s] Level 1:colcon.colcon_core.package_identification:_identify(.) by extension 'colcon_pkg'
[0.321s] Level 1:colcon.colcon_core.package_identification:_identify(.) by extensions ['colcon_meta']
[0.321s] Level 1:colcon.colcon_core.package_identification:_identify(.) by extension 'colcon_meta'
[0.321s] Level 1:colcon.colcon_core.package_identification:_identify(.) by extensions ['ros']
[0.321s] Level 1:colcon.colcon_core.package_identification:_identify(.) by extension 'ros'
[0.352s] Level 1:colcon.colcon_core.package_identification:_identify(.) by extensions ['cmake', 'python']
[0.352s] Level 1:colcon.colcon_core.package_identification:_identify(.) by extension 'cmake'
[0.352s] Level 1:colcon.colcon_core.package_identification:_identify(.) by extension 'python'
[0.352s] Level 1:colcon.colcon_core.package_identification:_identify(.) by extensions ['python_setup_py']
[0.352s] Level 1:colcon.colcon_core.package_identification:_identify(.) by extension 'python_setup_py'
[0.352s] Level 1:colcon.colcon_core.package_identification:_identify(build) by extensions ['ignore', 'ignore_ament_install']
[0.353s] Level 1:colcon.colcon_core.package_identification:_identify(build) by extension 'ignore'
[0.353s] Level 1:colcon.colcon_core.package_identification:_identify(build) ignored
[0.353s] Level 1:colcon.colcon_core.package_identification:_identify(install) by extensions ['ignore', 'ignore_ament_install']
[0.353s] Level 1:colcon.colcon_core.package_identification:_identify(install) by extension 'ignore'
[0.353s] Level 1:colcon.colcon_core.package_identification:_identify(install) ignored
[0.354s] Level 1:colcon.colcon_core.package_identification:_identify(log) by extensions ['ignore', 'ignore_ament_install']
[0.354s] Level 1:colcon.colcon_core.package_identification:_identify(log) by extension 'ignore'
[0.354s] Level 1:colcon.colcon_core.package_identification:_identify(log) ignored
[0.354s] Level 1:colcon.colcon_core.package_identification:_identify(src) by extensions ['ignore', 'ignore_ament_install']
[0.354s] Level 1:colcon.colcon_core.package_identification:_identify(src) by extension 'ignore'
[0.354s] Level 1:colcon.colcon_core.package_identification:_identify(src) by extension 'ignore_ament_install'
[0.355s] Level 1:colcon.colcon_core.package_identification:_identify(src) by extensions ['colcon_pkg']
[0.355s] Level 1:colcon.colcon_core.package_identification:_identify(src) by extension 'colcon_pkg'
[0.355s] Level 1:colcon.colcon_core.package_identification:_identify(src) by extensions ['colcon_meta']
[0.355s] Level 1:colcon.colcon_core.package_identification:_identify(src) by extension 'colcon_meta'
[0.355s] Level 1:colcon.colcon_core.package_identification:_identify(src) by extensions ['ros']
[0.355s] Level 1:colcon.colcon_core.package_identification:_identify(src) by extension 'ros'
[0.355s] Level 1:colcon.colcon_core.package_identification:_identify(src) by extensions ['cmake', 'python']
[0.355s] Level 1:colcon.colcon_core.package_identification:_identify(src) by extension 'cmake'
[0.355s] Level 1:colcon.colcon_core.package_identification:_identify(src) by extension 'python'
[0.355s] Level 1:colcon.colcon_core.package_identification:_identify(src) by extensions ['python_setup_py']
[0.355s] Level 1:colcon.colcon_core.package_identification:_identify(src) by extension 'python_setup_py'
[0.356s] Level 1:colcon.colcon_core.package_identification:_identify(src/my_robot_controller) by extensions ['ignore', 'ignore_ament_install']
[0.356s] Level 1:colcon.colcon_core.package_identification:_identify(src/my_robot_controller) by extension 'ignore'
[0.356s] Level 1:colcon.colcon_core.package_identification:_identify(src/my_robot_controller) by extension 'ignore_ament_install'
[0.356s] Level 1:colcon.colcon_core.package_identification:_identify(src/my_robot_controller) by extensions ['colcon_pkg']
[0.356s] Level 1:colcon.colcon_core.package_identification:_identify(src/my_robot_controller) by extension 'colcon_pkg'
[0.356s] Level 1:colcon.colcon_core.package_identification:_identify(src/my_robot_controller) by extensions ['colcon_meta']
[0.356s] Level 1:colcon.colcon_core.package_identification:_identify(src/my_robot_controller) by extension 'colcon_meta'
[0.356s] Level 1:colcon.colcon_core.package_identification:_identify(src/my_robot_controller) by extensions ['ros']
[0.356s] Level 1:colcon.colcon_core.package_identification:_identify(src/my_robot_controller) by extension 'ros'
[0.362s] DEBUG:colcon.colcon_core.package_identification:Package 'src/my_robot_controller' with type 'ros.ament_python' and name 'my_robot_controller'
[0.362s] Level 1:colcon.colcon_core.package_identification:_identify(src/my_robot_launcher) by extensions ['ignore', 'ignore_ament_install']
[0.362s] Level 1:colcon.colcon_core.package_identification:_identify(src/my_robot_launcher) by extension 'ignore'
[0.363s] Level 1:colcon.colcon_core.package_identification:_identify(src/my_robot_launcher) by extension 'ignore_ament_install'
[0.363s] Level 1:colcon.colcon_core.package_identification:_identify(src/my_robot_launcher) by extensions ['colcon_pkg']
[0.363s] Level 1:colcon.colcon_core.package_identification:_identify(src/my_robot_launcher) by extension 'colcon_pkg'
[0.363s] Level 1:colcon.colcon_core.package_identification:_identify(src/my_robot_launcher) by extensions ['colcon_meta']
[0.363s] Level 1:colcon.colcon_core.package_identification:_identify(src/my_robot_launcher) by extension 'colcon_meta'
[0.363s] Level 1:colcon.colcon_core.package_identification:_identify(src/my_robot_launcher) by extensions ['ros']
[0.363s] Level 1:colcon.colcon_core.package_identification:_identify(src/my_robot_launcher) by extension 'ros'
[0.365s] DEBUG:colcon.colcon_core.package_identification:Package 'src/my_robot_launcher' with type 'ros.ament_cmake' and name 'my_robot_launcher'
[0.365s] Level 1:colcon.colcon_core.package_discovery:discover_packages(recursive) using defaults
[0.365s] Level 1:colcon.colcon_core.package_discovery:discover_packages(ignore) discover
[0.365s] Level 1:colcon.colcon_core.package_discovery:discover_packages(ignore) using defaults
[0.365s] Level 1:colcon.colcon_core.package_discovery:discover_packages(path) discover
[0.365s] Level 1:colcon.colcon_core.package_discovery:discover_packages(path) using defaults
[0.406s] Level 1:colcon.colcon_core.package_discovery:discover_packages(prefix_path) check parameters
[0.406s] Level 1:colcon.colcon_core.package_discovery:discover_packages(prefix_path) discover
[0.410s] DEBUG:colcon.colcon_installed_package_information.package_discovery:Found 6 installed packages in /home/nits/ros2_ws/install
[0.413s] DEBUG:colcon.colcon_installed_package_information.package_discovery:Found 357 installed packages in /opt/ros/humble
[0.417s] Level 1:colcon.colcon_core.package_discovery:discover_packages(prefix_path) using defaults
[0.509s] Level 5:colcon.colcon_core.verb:set package 'my_robot_controller' build argument 'cmake_args' from command line to 'None'
[0.509s] Level 5:colcon.colcon_core.verb:set package 'my_robot_controller' build argument 'cmake_target' from command line to 'None'
[0.509s] Level 5:colcon.colcon_core.verb:set package 'my_robot_controller' build argument 'cmake_target_skip_unavailable' from command line to 'False'
[0.509s] Level 5:colcon.colcon_core.verb:set package 'my_robot_controller' build argument 'cmake_clean_cache' from command line to 'False'
[0.509s] Level 5:colcon.colcon_core.verb:set package 'my_robot_controller' build argument 'cmake_clean_first' from command line to 'False'
[0.509s] Level 5:colcon.colcon_core.verb:set package 'my_robot_controller' build argument 'cmake_force_configure' from command line to 'False'
[0.509s] Level 5:colcon.colcon_core.verb:set package 'my_robot_controller' build argument 'ament_cmake_args' from command line to 'None'
[0.509s] Level 5:colcon.colcon_core.verb:set package 'my_robot_controller' build argument 'catkin_cmake_args' from command line to 'None'
[0.510s] Level 5:colcon.colcon_core.verb:set package 'my_robot_controller' build argument 'catkin_skip_building_tests' from command line to 'False'
[0.510s] DEBUG:colcon.colcon_core.verb:Building package 'my_robot_controller' with the following arguments: {'ament_cmake_args': None, 'build_base': '/home/nits/master_controller/nits-yantrarnav/ros2_Ws/build/my_robot_controller', 'catkin_cmake_args': None, 'catkin_skip_building_tests': False, 'cmake_args': None, 'cmake_clean_cache': False, 'cmake_clean_first': False, 'cmake_force_configure': False, 'cmake_target': None, 'cmake_target_skip_unavailable': False, 'install_base': '/home/nits/master_controller/nits-yantrarnav/ros2_Ws/install/my_robot_controller', 'merge_install': False, 'path': '/home/nits/master_controller/nits-yantrarnav/ros2_Ws/src/my_robot_controller', 'symlink_install': True, 'test_result_base': None}
[0.510s] Level 5:colcon.colcon_core.verb:set package 'my_robot_launcher' build argument 'cmake_args' from command line to 'None'
[0.510s] Level 5:colcon.colcon_core.verb:set package 'my_robot_launcher' build argument 'cmake_target' from command line to 'None'
[0.510s] Level 5:colcon.colcon_core.verb:set package 'my_robot_launcher' build argument 'cmake_target_skip_unavailable' from command line to 'False'
[0.511s] Level 5:colcon.colcon_core.verb:set package 'my_robot_launcher' build argument 'cmake_clean_cache' from command line to 'False'
[0.511s] Level 5:colcon.colcon_core.verb:set package 'my_robot_launcher' build argument 'cmake_clean_first' from command line to 'False'
[0.511s] Level 5:colcon.colcon_core.verb:set package 'my_robot_launcher' build argument 'cmake_force_configure' from command line to 'False'
[0.511s] Level 5:colcon.colcon_core.verb:set package 'my_robot_launcher' build argument 'ament_cmake_args' from command line to 'None'
[0.511s] Level 5:colcon.colcon_core.verb:set package 'my_robot_launcher' build argument 'catkin_cmake_args' from command line to 'None'
[0.511s] Level 5:colcon.colcon_core.verb:set package 'my_robot_launcher' build argument 'catkin_skip_building_tests' from command line to 'False'
[0.511s] DEBUG:colcon.colcon_core.verb:Building package 'my_robot_launcher' with the following arguments: {'ament_cmake_args': None, 'build_base': '/home/nits/master_controller/nits-yantrarnav/ros2_Ws/build/my_robot_launcher', 'catkin_cmake_args': None, 'catkin_skip_building_tests': False, 'cmake_args': None, 'cmake_clean_cache': False, 'cmake_clean_first': False, 'cmake_force_configure': False, 'cmake_target': None, 'cmake_target_skip_unavailable': False, 'install_base': '/home/nits/master_controller/nits-yantrarnav/ros2_Ws/install/my_robot_launcher', 'merge_install': False, 'path': '/home/nits/master_controller/nits-yantrarnav/ros2_Ws/src/my_robot_launcher', 'symlink_install': True, 'test_result_base': None}
[0.511s] INFO:colcon.colcon_core.executor:Executing jobs using 'parallel' executor
[0.513s] DEBUG:colcon.colcon_parallel_executor.executor.parallel:run_until_complete
[0.514s] INFO:colcon.colcon_ros.task.ament_python.build:Building ROS package in '/home/nits/master_controller/nits-yantrarnav/ros2_Ws/src/my_robot_controller' with build type 'ament_python'
[0.515s] Level 1:colcon.colcon_core.shell:create_environment_hook('my_robot_controller', 'ament_prefix_path')
[0.519s] INFO:colcon.colcon_core.plugin_system:Skipping extension 'colcon_core.shell.bat': Not used on non-Windows systems
[0.519s] INFO:colcon.colcon_core.shell:Creating environment hook '/home/nits/master_controller/nits-yantrarnav/ros2_Ws/install/my_robot_controller/share/my_robot_controller/hook/ament_prefix_path.ps1'
[0.521s] INFO:colcon.colcon_core.shell:Creating environment descriptor '/home/nits/master_controller/nits-yantrarnav/ros2_Ws/install/my_robot_controller/share/my_robot_controller/hook/ament_prefix_path.dsv'
[0.522s] INFO:colcon.colcon_core.shell:Creating environment hook '/home/nits/master_controller/nits-yantrarnav/ros2_Ws/install/my_robot_controller/share/my_robot_controller/hook/ament_prefix_path.sh'
[0.523s] INFO:colcon.colcon_core.shell:Skip shell extension 'powershell' for command environment: Not usable outside of PowerShell
[0.524s] DEBUG:colcon.colcon_core.shell:Skip shell extension 'dsv' for command environment
[0.999s] INFO:colcon.colcon_core.task.python.build:Building Python package in '/home/nits/master_controller/nits-yantrarnav/ros2_Ws/src/my_robot_controller'
[1.000s] INFO:colcon.colcon_core.shell:Skip shell extension 'powershell' for command environment: Not usable outside of PowerShell
[1.000s] DEBUG:colcon.colcon_core.shell:Skip shell extension 'dsv' for command environment
[2.325s] DEBUG:colcon.colcon_core.task.python.build:While undoing a previous installation files outside the Python library path are being ignored: /home/nits/master_controller/nits-yantrarnav/ros2_Ws/install/my_robot_controller/share/ament_index/resource_index/packages/my_robot_controller
[2.326s] DEBUG:colcon.colcon_core.task.python.build:While undoing a previous installation files outside the Python library path are being ignored: /home/nits/master_controller/nits-yantrarnav/ros2_Ws/install/my_robot_controller/share/my_robot_controller/package.xml
[2.327s] DEBUG:colcon.colcon_core.task.python.build:While undoing a previous installation files outside the Python library path are being ignored: /home/nits/master_controller/nits-yantrarnav/ros2_Ws/install/my_robot_controller/lib/my_robot_controller/bridge_server
[2.327s] DEBUG:colcon.colcon_core.task.python.build:While undoing a previous installation files outside the Python library path are being ignored: /home/nits/master_controller/nits-yantrarnav/ros2_Ws/install/my_robot_controller/lib/my_robot_controller/flat_area
[2.327s] DEBUG:colcon.colcon_core.task.python.build:While undoing a previous installation files outside the Python library path are being ignored: /home/nits/master_controller/nits-yantrarnav/ros2_Ws/install/my_robot_controller/lib/my_robot_controller/launch_checker
[2.327s] DEBUG:colcon.colcon_core.task.python.build:While undoing a previous installation files outside the Python library path are being ignored: /home/nits/master_controller/nits-yantrarnav/ros2_Ws/install/my_robot_controller/lib/my_robot_controller/mode_controller
[2.327s] DEBUG:colcon.colcon_core.task.python.build:While undoing a previous installation files outside the Python library path are being ignored: /home/nits/master_controller/nits-yantrarnav/ros2_Ws/install/my_robot_controller/lib/my_robot_controller/path_manual
[2.327s] DEBUG:colcon.colcon_core.task.python.build:While undoing a previous installation files outside the Python library path are being ignored: /home/nits/master_controller/nits-yantrarnav/ros2_Ws/install/my_robot_controller/lib/my_robot_controller/path_mover
[2.328s] DEBUG:colcon.colcon_core.task.python.build:While undoing a previous installation files outside the Python library path are being ignored: /home/nits/master_controller/nits-yantrarnav/ros2_Ws/install/my_robot_controller/lib/my_robot_controller/path_planner
[2.332s] DEBUG:colcon.colcon_core.event_handler.log_command:Invoking command in '/home/nits/master_controller/nits-yantrarnav/ros2_Ws/build/my_robot_controller': PYTHONPATH=/home/nits/master_controller/nits-yantrarnav/ros2_Ws/build/my_robot_controller/prefix_override:/usr/lib/python3/dist-packages/colcon_core/task/python/colcon_distutils_commands:/home/nits/master_controller/nits-yantrarnav/ros2_Ws/install/my_robot_controller/lib/python3.10/site-packages:${PYTHONPATH} /usr/bin/python3 -W ignore:setup.py install is deprecated -W ignore:easy_install command is deprecated setup.py develop --editable --build-directory /home/nits/master_controller/nits-yantrarnav/ros2_Ws/build/my_robot_controller/build --no-deps symlink_data --force
[3.999s] Level 1:colcon.colcon_core.shell:create_environment_hook('my_robot_controller', 'pythonpath_develop')
[4.000s] INFO:colcon.colcon_core.shell:Creating environment hook '/home/nits/master_controller/nits-yantrarnav/ros2_Ws/build/my_robot_controller/share/my_robot_controller/hook/pythonpath_develop.ps1'
[4.001s] DEBUG:colcon.colcon_core.event_handler.log_command:Invoked command in '/home/nits/master_controller/nits-yantrarnav/ros2_Ws/build/my_robot_controller' returned '0': PYTHONPATH=/home/nits/master_controller/nits-yantrarnav/ros2_Ws/build/my_robot_controller/prefix_override:/usr/lib/python3/dist-packages/colcon_core/task/python/colcon_distutils_commands:/home/nits/master_controller/nits-yantrarnav/ros2_Ws/install/my_robot_controller/lib/python3.10/site-packages:${PYTHONPATH} /usr/bin/python3 -W ignore:setup.py install is deprecated -W ignore:easy_install command is deprecated setup.py develop --editable --build-directory /home/nits/master_controller/nits-yantrarnav/ros2_Ws/build/my_robot_controller/build --no-deps symlink_data --force
[4.003s] INFO:colcon.colcon_core.shell:Creating environment descriptor '/home/nits/master_controller/nits-yantrarnav/ros2_Ws/build/my_robot_controller/share/my_robot_controller/hook/pythonpath_develop.dsv'
[4.005s] INFO:colcon.colcon_core.shell:Creating environment hook '/home/nits/master_controller/nits-yantrarnav/ros2_Ws/build/my_robot_controller/share/my_robot_controller/hook/pythonpath_develop.sh'
[4.014s] Level 1:colcon.colcon_core.environment:checking '/home/nits/master_controller/nits-yantrarnav/ros2_Ws/install/my_robot_controller' for CMake module files
[4.016s] Level 1:colcon.colcon_core.environment:checking '/home/nits/master_controller/nits-yantrarnav/ros2_Ws/install/my_robot_controller' for CMake config files
[4.019s] Level 1:colcon.colcon_core.environment:checking '/home/nits/master_controller/nits-yantrarnav/ros2_Ws/install/my_robot_controller/lib'
[4.019s] Level 1:colcon.colcon_core.environment:checking '/home/nits/master_controller/nits-yantrarnav/ros2_Ws/install/my_robot_controller/bin'
[4.019s] Level 1:colcon.colcon_core.environment:checking '/home/nits/master_controller/nits-yantrarnav/ros2_Ws/install/my_robot_controller/lib/pkgconfig/my_robot_controller.pc'
[4.020s] Level 1:colcon.colcon_core.environment:checking '/home/nits/master_controller/nits-yantrarnav/ros2_Ws/install/my_robot_controller/lib/python3.10/site-packages'
[4.021s] Level 1:colcon.colcon_core.shell:create_environment_hook('my_robot_controller', 'pythonpath')
[4.021s] INFO:colcon.colcon_core.shell:Creating environment hook '/home/nits/master_controller/nits-yantrarnav/ros2_Ws/install/my_robot_controller/share/my_robot_controller/hook/pythonpath.ps1'
[4.023s] INFO:colcon.colcon_core.shell:Creating environment descriptor '/home/nits/master_controller/nits-yantrarnav/ros2_Ws/install/my_robot_controller/share/my_robot_controller/hook/pythonpath.dsv'
[4.024s] INFO:colcon.colcon_core.shell:Creating environment hook '/home/nits/master_controller/nits-yantrarnav/ros2_Ws/install/my_robot_controller/share/my_robot_controller/hook/pythonpath.sh'
[4.026s] Level 1:colcon.colcon_core.environment:checking '/home/nits/master_controller/nits-yantrarnav/ros2_Ws/install/my_robot_controller/bin'
[4.027s] Level 1:colcon.colcon_core.environment:create_environment_scripts_only(my_robot_controller)
[4.028s] INFO:colcon.colcon_core.shell:Creating package script '/home/nits/master_controller/nits-yantrarnav/ros2_Ws/install/my_robot_controller/share/my_robot_controller/package.ps1'
[4.031s] INFO:colcon.colcon_core.shell:Creating package descriptor '/home/nits/master_controller/nits-yantrarnav/ros2_Ws/install/my_robot_controller/share/my_robot_controller/package.dsv'
[4.033s] INFO:colcon.colcon_core.shell:Creating package script '/home/nits/master_controller/nits-yantrarnav/ros2_Ws/install/my_robot_controller/share/my_robot_controller/package.sh'
[4.037s] INFO:colcon.colcon_core.shell:Creating package script '/home/nits/master_controller/nits-yantrarnav/ros2_Ws/install/my_robot_controller/share/my_robot_controller/package.bash'
[4.040s] INFO:colcon.colcon_core.shell:Creating package script '/home/nits/master_controller/nits-yantrarnav/ros2_Ws/install/my_robot_controller/share/my_robot_controller/package.zsh'
[4.043s] Level 1:colcon.colcon_core.environment:create_file_with_runtime_dependencies(/home/nits/master_controller/nits-yantrarnav/ros2_Ws/install/my_robot_controller/share/colcon-core/packages/my_robot_controller)
[4.044s] INFO:colcon.colcon_ros.task.ament_cmake.build:Building ROS package in '/home/nits/master_controller/nits-yantrarnav/ros2_Ws/src/my_robot_launcher' with build type 'ament_cmake'
[4.045s] INFO:colcon.colcon_cmake.task.cmake.build:Building CMake package in '/home/nits/master_controller/nits-yantrarnav/ros2_Ws/src/my_robot_launcher'
[4.046s] INFO:colcon.colcon_core.shell:Skip shell extension 'powershell' for command environment: Not usable outside of PowerShell
[4.047s] DEBUG:colcon.colcon_core.shell:Skip shell extension 'dsv' for command environment
[4.079s] DEBUG:colcon.colcon_core.event_handler.log_command:Invoking command in '/home/nits/master_controller/nits-yantrarnav/ros2_Ws/build/my_robot_launcher': AMENT_PREFIX_PATH=/home/nits/master_controller/nits-yantrarnav/ros2_Ws/install/my_robot_controller:${AMENT_PREFIX_PATH} CMAKE_PREFIX_PATH=/home/nits/ros2_ws/install/realsense2_description:/home/nits/ros2_ws/install/realsense2_camera:/home/nits/ros2_ws/install/realsense2_camera_msgs:/home/nits/ros2_ws/install/landing_area_detector:/opt/ros/humble:/home/nits/ros2_ws/install/flat_area_detector:/home/nits/ros2_ws/install/boundary_mapper PYTHONPATH=/home/nits/master_controller/nits-yantrarnav/ros2_Ws/build/my_robot_controller:/home/nits/master_controller/nits-yantrarnav/ros2_Ws/install/my_robot_controller/lib/python3.10/site-packages:${PYTHONPATH} /usr/bin/cmake /home/nits/master_controller/nits-yantrarnav/ros2_Ws/src/my_robot_launcher -DAMENT_CMAKE_SYMLINK_INSTALL=1 -DCMAKE_INSTALL_PREFIX=/home/nits/master_controller/nits-yantrarnav/ros2_Ws/install/my_robot_launcher
[4.602s] DEBUG:colcon.colcon_core.event_handler.log_command:Invoked command in '/home/nits/master_controller/nits-yantrarnav/ros2_Ws/build/my_robot_launcher' returned '0': AMENT_PREFIX_PATH=/home/nits/master_controller/nits-yantrarnav/ros2_Ws/install/my_robot_controller:${AMENT_PREFIX_PATH} CMAKE_PREFIX_PATH=/home/nits/ros2_ws/install/realsense2_description:/home/nits/ros2_ws/install/realsense2_camera:/home/nits/ros2_ws/install/realsense2_camera_msgs:/home/nits/ros2_ws/install/landing_area_detector:/opt/ros/humble:/home/nits/ros2_ws/install/flat_area_detector:/home/nits/ros2_ws/install/boundary_mapper PYTHONPATH=/home/nits/master_controller/nits-yantrarnav/ros2_Ws/build/my_robot_controller:/home/nits/master_controller/nits-yantrarnav/ros2_Ws/install/my_robot_controller/lib/python3.10/site-packages:${PYTHONPATH} /usr/bin/cmake /home/nits/master_controller/nits-yantrarnav/ros2_Ws/src/my_robot_launcher -DAMENT_CMAKE_SYMLINK_INSTALL=1 -DCMAKE_INSTALL_PREFIX=/home/nits/master_controller/nits-yantrarnav/ros2_Ws/install/my_robot_launcher
[4.609s] DEBUG:colcon.colcon_core.event_handler.log_command:Invoking command in '/home/nits/master_controller/nits-yantrarnav/ros2_Ws/build/my_robot_launcher': AMENT_PREFIX_PATH=/home/nits/master_controller/nits-yantrarnav/ros2_Ws/install/my_robot_controller:${AMENT_PREFIX_PATH} CMAKE_PREFIX_PATH=/home/nits/ros2_ws/install/realsense2_description:/home/nits/ros2_ws/install/realsense2_camera:/home/nits/ros2_ws/install/realsense2_camera_msgs:/home/nits/ros2_ws/install/landing_area_detector:/opt/ros/humble:/home/nits/ros2_ws/install/flat_area_detector:/home/nits/ros2_ws/install/boundary_mapper PYTHONPATH=/home/nits/master_controller/nits-yantrarnav/ros2_Ws/build/my_robot_controller:/home/nits/master_controller/nits-yantrarnav/ros2_Ws/install/my_robot_controller/lib/python3.10/site-packages:${PYTHONPATH} /usr/bin/cmake --build /home/nits/master_controller/nits-yantrarnav/ros2_Ws/build/my_robot_launcher -- -j6 -l6
[4.701s] DEBUG:colcon.colcon_core.event_handler.log_command:Invoked command in '/home/nits/master_controller/nits-yantrarnav/ros2_Ws/build/my_robot_launcher' returned '0': AMENT_PREFIX_PATH=/home/nits/master_controller/nits-yantrarnav/ros2_Ws/install/my_robot_controller:${AMENT_PREFIX_PATH} CMAKE_PREFIX_PATH=/home/nits/ros2_ws/install/realsense2_description:/home/nits/ros2_ws/install/realsense2_camera:/home/nits/ros2_ws/install/realsense2_camera_msgs:/home/nits/ros2_ws/install/landing_area_detector:/opt/ros/humble:/home/nits/ros2_ws/install/flat_area_detector:/home/nits/ros2_ws/install/boundary_mapper PYTHONPATH=/home/nits/master_controller/nits-yantrarnav/ros2_Ws/build/my_robot_controller:/home/nits/master_controller/nits-yantrarnav/ros2_Ws/install/my_robot_controller/lib/python3.10/site-packages:${PYTHONPATH} /usr/bin/cmake --build /home/nits/master_controller/nits-yantrarnav/ros2_Ws/build/my_robot_launcher -- -j6 -l6
[4.727s] DEBUG:colcon.colcon_core.event_handler.log_command:Invoking command in '/home/nits/master_controller/nits-yantrarnav/ros2_Ws/build/my_robot_launcher': AMENT_PREFIX_PATH=/home/nits/master_controller/nits-yantrarnav/ros2_Ws/install/my_robot_controller:${AMENT_PREFIX_PATH} CMAKE_PREFIX_PATH=/home/nits/ros2_ws/install/realsense2_description:/home/nits/ros2_ws/install/realsense2_camera:/home/nits/ros2_ws/install/realsense2_camera_msgs:/home/nits/ros2_ws/install/landing_area_detector:/opt/ros/humble:/home/nits/ros2_ws/install/flat_area_detector:/home/nits/ros2_ws/install/boundary_mapper PYTHONPATH=/home/nits/master_controller/nits-yantrarnav/ros2_Ws/build/my_robot_controller:/home/nits/master_controller/nits-yantrarnav/ros2_Ws/install/my_robot_controller/lib/python3.10/site-packages:${PYTHONPATH} /usr/bin/cmake --install /home/nits/master_controller/nits-yantrarnav/ros2_Ws/build/my_robot_launcher
[5.104s] Level 1:colcon.colcon_core.environment:create_environment_scripts_only(my_robot_launcher)
[5.105s] Level 1:colcon.colcon_core.environment:checking '/home/nits/master_controller/nits-yantrarnav/ros2_Ws/install/my_robot_launcher' for CMake module files
[5.107s] DEBUG:colcon.colcon_core.event_handler.log_command:Invoked command in '/home/nits/master_controller/nits-yantrarnav/ros2_Ws/build/my_robot_launcher' returned '0': AMENT_PREFIX_PATH=/home/nits/master_controller/nits-yantrarnav/ros2_Ws/install/my_robot_controller:${AMENT_PREFIX_PATH} CMAKE_PREFIX_PATH=/home/nits/ros2_ws/install/realsense2_description:/home/nits/ros2_ws/install/realsense2_camera:/home/nits/ros2_ws/install/realsense2_camera_msgs:/home/nits/ros2_ws/install/landing_area_detector:/opt/ros/humble:/home/nits/ros2_ws/install/flat_area_detector:/home/nits/ros2_ws/install/boundary_mapper PYTHONPATH=/home/nits/master_controller/nits-yantrarnav/ros2_Ws/build/my_robot_controller:/home/nits/master_controller/nits-yantrarnav/ros2_Ws/install/my_robot_controller/lib/python3.10/site-packages:${PYTHONPATH} /usr/bin/cmake --install /home/nits/master_controller/nits-yantrarnav/ros2_Ws/build/my_robot_launcher
[5.108s] Level 1:colcon.colcon_core.environment:checking '/home/nits/master_controller/nits-yantrarnav/ros2_Ws/install/my_robot_launcher' for CMake config files
[5.110s] Level 1:colcon.colcon_core.shell:create_environment_hook('my_robot_launcher', 'cmake_prefix_path')
[5.111s] INFO:colcon.colcon_core.shell:Creating environment hook '/home/nits/master_controller/nits-yantrarnav/ros2_Ws/install/my_robot_launcher/share/my_robot_launcher/hook/cmake_prefix_path.ps1'
[5.113s] INFO:colcon.colcon_core.shell:Creating environment descriptor '/home/nits/master_controller/nits-yantrarnav/ros2_Ws/install/my_robot_launcher/share/my_robot_launcher/hook/cmake_prefix_path.dsv'
[5.114s] INFO:colcon.colcon_core.shell:Creating environment hook '/home/nits/master_controller/nits-yantrarnav/ros2_Ws/install/my_robot_launcher/share/my_robot_launcher/hook/cmake_prefix_path.sh'
[5.116s] Level 1:colcon.colcon_core.environment:checking '/home/nits/master_controller/nits-yantrarnav/ros2_Ws/install/my_robot_launcher/bin'
[5.116s] Level 1:colcon.colcon_core.environment:checking '/home/nits/master_controller/nits-yantrarnav/ros2_Ws/install/my_robot_launcher/lib/pkgconfig/my_robot_launcher.pc'
[5.117s] Level 1:colcon.colcon_core.environment:checking '/home/nits/master_controller/nits-yantrarnav/ros2_Ws/install/my_robot_launcher/lib/python3.10/site-packages'
[5.118s] Level 1:colcon.colcon_core.environment:checking '/home/nits/master_controller/nits-yantrarnav/ros2_Ws/install/my_robot_launcher/bin'
[5.119s] INFO:colcon.colcon_core.shell:Creating package script '/home/nits/master_controller/nits-yantrarnav/ros2_Ws/install/my_robot_launcher/share/my_robot_launcher/package.ps1'
[5.120s] INFO:colcon.colcon_core.shell:Creating package descriptor '/home/nits/master_controller/nits-yantrarnav/ros2_Ws/install/my_robot_launcher/share/my_robot_launcher/package.dsv'
[5.122s] INFO:colcon.colcon_core.shell:Creating package script '/home/nits/master_controller/nits-yantrarnav/ros2_Ws/install/my_robot_launcher/share/my_robot_launcher/package.sh'
[5.123s] INFO:colcon.colcon_core.shell:Creating package script '/home/nits/master_controller/nits-yantrarnav/ros2_Ws/install/my_robot_launcher/share/my_robot_launcher/package.bash'
[5.125s] INFO:colcon.colcon_core.shell:Creating package script '/home/nits/master_controller/nits-yantrarnav/ros2_Ws/install/my_robot_launcher/share/my_robot_launcher/package.zsh'
[5.126s] Level 1:colcon.colcon_core.environment:create_file_with_runtime_dependencies(/home/nits/master_controller/nits-yantrarnav/ros2_Ws/install/my_robot_launcher/share/colcon-core/packages/my_robot_launcher)
[5.128s] Level 1:colcon.colcon_core.environment:create_environment_scripts_only(my_robot_launcher)
[5.129s] Level 1:colcon.colcon_core.environment:checking '/home/nits/master_controller/nits-yantrarnav/ros2_Ws/install/my_robot_launcher' for CMake module files
[5.130s] Level 1:colcon.colcon_core.environment:checking '/home/nits/master_controller/nits-yantrarnav/ros2_Ws/install/my_robot_launcher' for CMake config files
[5.132s] Level 1:colcon.colcon_core.shell:create_environment_hook('my_robot_launcher', 'cmake_prefix_path')
[5.132s] INFO:colcon.colcon_core.shell:Creating environment hook '/home/nits/master_controller/nits-yantrarnav/ros2_Ws/install/my_robot_launcher/share/my_robot_launcher/hook/cmake_prefix_path.ps1'
[5.134s] INFO:colcon.colcon_core.shell:Creating environment descriptor '/home/nits/master_controller/nits-yantrarnav/ros2_Ws/install/my_robot_launcher/share/my_robot_launcher/hook/cmake_prefix_path.dsv'
[5.135s] INFO:colcon.colcon_core.shell:Creating environment hook '/home/nits/master_controller/nits-yantrarnav/ros2_Ws/install/my_robot_launcher/share/my_robot_launcher/hook/cmake_prefix_path.sh'
[5.138s] Level 1:colcon.colcon_core.environment:checking '/home/nits/master_controller/nits-yantrarnav/ros2_Ws/install/my_robot_launcher/bin'
[5.138s] Level 1:colcon.colcon_core.environment:checking '/home/nits/master_controller/nits-yantrarnav/ros2_Ws/install/my_robot_launcher/lib/pkgconfig/my_robot_launcher.pc'
[5.139s] Level 1:colcon.colcon_core.environment:checking '/home/nits/master_controller/nits-yantrarnav/ros2_Ws/install/my_robot_launcher/lib/python3.10/site-packages'
[5.139s] Level 1:colcon.colcon_core.environment:checking '/home/nits/master_controller/nits-yantrarnav/ros2_Ws/install/my_robot_launcher/bin'
[5.140s] INFO:colcon.colcon_core.shell:Creating package script '/home/nits/master_controller/nits-yantrarnav/ros2_Ws/install/my_robot_launcher/share/my_robot_launcher/package.ps1'
[5.142s] INFO:colcon.colcon_core.shell:Creating package descriptor '/home/nits/master_controller/nits-yantrarnav/ros2_Ws/install/my_robot_launcher/share/my_robot_launcher/package.dsv'
[5.144s] INFO:colcon.colcon_core.shell:Creating package script '/home/nits/master_controller/nits-yantrarnav/ros2_Ws/install/my_robot_launcher/share/my_robot_launcher/package.sh'
[5.146s] INFO:colcon.colcon_core.shell:Creating package script '/home/nits/master_controller/nits-yantrarnav/ros2_Ws/install/my_robot_launcher/share/my_robot_launcher/package.bash'
[5.147s] INFO:colcon.colcon_core.shell:Creating package script '/home/nits/master_controller/nits-yantrarnav/ros2_Ws/install/my_robot_launcher/share/my_robot_launcher/package.zsh'
[5.149s] Level 1:colcon.colcon_core.environment:create_file_with_runtime_dependencies(/home/nits/master_controller/nits-yantrarnav/ros2_Ws/install/my_robot_launcher/share/colcon-core/packages/my_robot_launcher)
[5.150s] DEBUG:colcon.colcon_parallel_executor.executor.parallel:closing loop
[5.151s] DEBUG:colcon.colcon_parallel_executor.executor.parallel:loop closed
[5.152s] DEBUG:colcon.colcon_parallel_executor.executor.parallel:run_until_complete finished with '0'
[5.152s] DEBUG:colcon.colcon_core.event_reactor:joining thread
[5.169s] INFO:colcon.colcon_core.plugin_system:Skipping extension 'colcon_notification.desktop_notification.terminal_notifier': Not used on non-Darwin systems
[5.169s] INFO:colcon.colcon_core.plugin_system:Skipping extension 'colcon_notification.desktop_notification.win32': Not used on non-Windows systems
[5.169s] INFO:colcon.colcon_notification.desktop_notification:Sending desktop notification using 'notify2'
[5.250s] DEBUG:colcon.colcon_core.event_reactor:joined thread
[5.251s] INFO:colcon.colcon_core.shell:Creating prefix script '/home/nits/master_controller/nits-yantrarnav/ros2_Ws/install/local_setup.ps1'
[5.254s] INFO:colcon.colcon_core.shell:Creating prefix util module '/home/nits/master_controller/nits-yantrarnav/ros2_Ws/install/_local_setup_util_ps1.py'
[5.258s] INFO:colcon.colcon_core.shell:Creating prefix chain script '/home/nits/master_controller/nits-yantrarnav/ros2_Ws/install/setup.ps1'
[5.262s] INFO:colcon.colcon_core.shell:Creating prefix script '/home/nits/master_controller/nits-yantrarnav/ros2_Ws/install/local_setup.sh'
[5.264s] INFO:colcon.colcon_core.shell:Creating prefix util module '/home/nits/master_controller/nits-yantrarnav/ros2_Ws/install/_local_setup_util_sh.py'
[5.265s] INFO:colcon.colcon_core.shell:Creating prefix chain script '/home/nits/master_controller/nits-yantrarnav/ros2_Ws/install/setup.sh'
[5.269s] INFO:colcon.colcon_core.shell:Creating prefix script '/home/nits/master_controller/nits-yantrarnav/ros2_Ws/install/local_setup.bash'
[5.270s] INFO:colcon.colcon_core.shell:Creating prefix chain script '/home/nits/master_controller/nits-yantrarnav/ros2_Ws/install/setup.bash'
[5.274s] INFO:colcon.colcon_core.shell:Creating prefix script '/home/nits/master_controller/nits-yantrarnav/ros2_Ws/install/local_setup.zsh'
[5.275s] INFO:colcon.colcon_core.shell:Creating prefix chain script '/home/nits/master_controller/nits-yantrarnav/ros2_Ws/install/setup.zsh'
